[2025-04-28T02:11:02.775+0000] {processor.py:161} INFO - Started process (PID=70) to work on /home/airflow/.local/lib/python3.12/site-packages/airflow/example_dags/example_branch_day_of_week_operator.py
[2025-04-28T02:11:02.776+0000] {processor.py:830} INFO - Processing file /home/airflow/.local/lib/python3.12/site-packages/airflow/example_dags/example_branch_day_of_week_operator.py for tasks to queue
[2025-04-28T02:11:02.777+0000] {logging_mixin.py:188} INFO - [2025-04-28T02:11:02.776+0000] {dagbag.py:540} INFO - Filling up the DagBag from /home/airflow/.local/lib/python3.12/site-packages/airflow/example_dags/example_branch_day_of_week_operator.py
[2025-04-28T02:11:02.782+0000] {processor.py:840} INFO - DAG(s) 'example_weekday_branch_operator' retrieved from /home/airflow/.local/lib/python3.12/site-packages/airflow/example_dags/example_branch_day_of_week_operator.py
[2025-04-28T02:11:02.788+0000] {logging_mixin.py:188} INFO - [2025-04-28T02:11:02.788+0000] {dag.py:3096} INFO - Sync 1 DAGs
[2025-04-28T02:11:02.800+0000] {logging_mixin.py:188} INFO - [2025-04-28T02:11:02.800+0000] {dag.py:3954} INFO - Setting next_dagrun for example_weekday_branch_operator to 2025-04-27 00:00:00+00:00, run_after=2025-04-28 00:00:00+00:00
[2025-04-28T02:11:02.812+0000] {processor.py:183} INFO - Processing /home/airflow/.local/lib/python3.12/site-packages/airflow/example_dags/example_branch_day_of_week_operator.py took 0.039 seconds
[2025-04-28T02:11:33.336+0000] {processor.py:161} INFO - Started process (PID=128) to work on /home/airflow/.local/lib/python3.12/site-packages/airflow/example_dags/example_branch_day_of_week_operator.py
[2025-04-28T02:11:33.336+0000] {processor.py:830} INFO - Processing file /home/airflow/.local/lib/python3.12/site-packages/airflow/example_dags/example_branch_day_of_week_operator.py for tasks to queue
[2025-04-28T02:11:33.337+0000] {logging_mixin.py:188} INFO - [2025-04-28T02:11:33.337+0000] {dagbag.py:540} INFO - Filling up the DagBag from /home/airflow/.local/lib/python3.12/site-packages/airflow/example_dags/example_branch_day_of_week_operator.py
[2025-04-28T02:11:33.340+0000] {processor.py:840} INFO - DAG(s) 'example_weekday_branch_operator' retrieved from /home/airflow/.local/lib/python3.12/site-packages/airflow/example_dags/example_branch_day_of_week_operator.py
[2025-04-28T02:11:33.374+0000] {logging_mixin.py:188} INFO - [2025-04-28T02:11:33.374+0000] {dag.py:3096} INFO - Sync 1 DAGs
[2025-04-28T02:11:33.381+0000] {logging_mixin.py:188} INFO - [2025-04-28T02:11:33.381+0000] {dag.py:3954} INFO - Setting next_dagrun for example_weekday_branch_operator to 2025-04-27 00:00:00+00:00, run_after=2025-04-28 00:00:00+00:00
[2025-04-28T02:11:33.392+0000] {processor.py:183} INFO - Processing /home/airflow/.local/lib/python3.12/site-packages/airflow/example_dags/example_branch_day_of_week_operator.py took 0.058 seconds
[2025-04-28T02:12:04.135+0000] {processor.py:161} INFO - Started process (PID=186) to work on /home/airflow/.local/lib/python3.12/site-packages/airflow/example_dags/example_branch_day_of_week_operator.py
[2025-04-28T02:12:04.136+0000] {processor.py:830} INFO - Processing file /home/airflow/.local/lib/python3.12/site-packages/airflow/example_dags/example_branch_day_of_week_operator.py for tasks to queue
[2025-04-28T02:12:04.136+0000] {logging_mixin.py:188} INFO - [2025-04-28T02:12:04.136+0000] {dagbag.py:540} INFO - Filling up the DagBag from /home/airflow/.local/lib/python3.12/site-packages/airflow/example_dags/example_branch_day_of_week_operator.py
[2025-04-28T02:12:04.139+0000] {processor.py:840} INFO - DAG(s) 'example_weekday_branch_operator' retrieved from /home/airflow/.local/lib/python3.12/site-packages/airflow/example_dags/example_branch_day_of_week_operator.py
[2025-04-28T02:12:04.149+0000] {logging_mixin.py:188} INFO - [2025-04-28T02:12:04.149+0000] {dag.py:3096} INFO - Sync 1 DAGs
[2025-04-28T02:12:04.157+0000] {logging_mixin.py:188} INFO - [2025-04-28T02:12:04.157+0000] {dag.py:3954} INFO - Setting next_dagrun for example_weekday_branch_operator to 2025-04-27 00:00:00+00:00, run_after=2025-04-28 00:00:00+00:00
[2025-04-28T02:12:04.165+0000] {processor.py:183} INFO - Processing /home/airflow/.local/lib/python3.12/site-packages/airflow/example_dags/example_branch_day_of_week_operator.py took 0.032 seconds
[2025-04-28T02:12:34.663+0000] {processor.py:161} INFO - Started process (PID=250) to work on /home/airflow/.local/lib/python3.12/site-packages/airflow/example_dags/example_branch_day_of_week_operator.py
[2025-04-28T02:12:34.664+0000] {processor.py:830} INFO - Processing file /home/airflow/.local/lib/python3.12/site-packages/airflow/example_dags/example_branch_day_of_week_operator.py for tasks to queue
[2025-04-28T02:12:34.664+0000] {logging_mixin.py:188} INFO - [2025-04-28T02:12:34.664+0000] {dagbag.py:540} INFO - Filling up the DagBag from /home/airflow/.local/lib/python3.12/site-packages/airflow/example_dags/example_branch_day_of_week_operator.py
[2025-04-28T02:12:34.667+0000] {processor.py:840} INFO - DAG(s) 'example_weekday_branch_operator' retrieved from /home/airflow/.local/lib/python3.12/site-packages/airflow/example_dags/example_branch_day_of_week_operator.py
[2025-04-28T02:12:34.675+0000] {logging_mixin.py:188} INFO - [2025-04-28T02:12:34.675+0000] {dag.py:3096} INFO - Sync 1 DAGs
[2025-04-28T02:12:34.683+0000] {logging_mixin.py:188} INFO - [2025-04-28T02:12:34.683+0000] {dag.py:3954} INFO - Setting next_dagrun for example_weekday_branch_operator to 2025-04-27 00:00:00+00:00, run_after=2025-04-28 00:00:00+00:00
[2025-04-28T02:12:34.693+0000] {processor.py:183} INFO - Processing /home/airflow/.local/lib/python3.12/site-packages/airflow/example_dags/example_branch_day_of_week_operator.py took 0.032 seconds
[2025-04-28T02:13:05.167+0000] {processor.py:161} INFO - Started process (PID=308) to work on /home/airflow/.local/lib/python3.12/site-packages/airflow/example_dags/example_branch_day_of_week_operator.py
[2025-04-28T02:13:05.168+0000] {processor.py:830} INFO - Processing file /home/airflow/.local/lib/python3.12/site-packages/airflow/example_dags/example_branch_day_of_week_operator.py for tasks to queue
[2025-04-28T02:13:05.168+0000] {logging_mixin.py:188} INFO - [2025-04-28T02:13:05.168+0000] {dagbag.py:540} INFO - Filling up the DagBag from /home/airflow/.local/lib/python3.12/site-packages/airflow/example_dags/example_branch_day_of_week_operator.py
[2025-04-28T02:13:05.172+0000] {processor.py:840} INFO - DAG(s) 'example_weekday_branch_operator' retrieved from /home/airflow/.local/lib/python3.12/site-packages/airflow/example_dags/example_branch_day_of_week_operator.py
[2025-04-28T02:13:05.182+0000] {logging_mixin.py:188} INFO - [2025-04-28T02:13:05.182+0000] {dag.py:3096} INFO - Sync 1 DAGs
[2025-04-28T02:13:05.192+0000] {logging_mixin.py:188} INFO - [2025-04-28T02:13:05.192+0000] {dag.py:3954} INFO - Setting next_dagrun for example_weekday_branch_operator to 2025-04-27 00:00:00+00:00, run_after=2025-04-28 00:00:00+00:00
[2025-04-28T02:13:05.201+0000] {processor.py:183} INFO - Processing /home/airflow/.local/lib/python3.12/site-packages/airflow/example_dags/example_branch_day_of_week_operator.py took 0.036 seconds
[2025-04-28T02:13:35.656+0000] {processor.py:161} INFO - Started process (PID=366) to work on /home/airflow/.local/lib/python3.12/site-packages/airflow/example_dags/example_branch_day_of_week_operator.py
[2025-04-28T02:13:35.657+0000] {processor.py:830} INFO - Processing file /home/airflow/.local/lib/python3.12/site-packages/airflow/example_dags/example_branch_day_of_week_operator.py for tasks to queue
[2025-04-28T02:13:35.657+0000] {logging_mixin.py:188} INFO - [2025-04-28T02:13:35.657+0000] {dagbag.py:540} INFO - Filling up the DagBag from /home/airflow/.local/lib/python3.12/site-packages/airflow/example_dags/example_branch_day_of_week_operator.py
[2025-04-28T02:13:35.661+0000] {processor.py:840} INFO - DAG(s) 'example_weekday_branch_operator' retrieved from /home/airflow/.local/lib/python3.12/site-packages/airflow/example_dags/example_branch_day_of_week_operator.py
[2025-04-28T02:13:35.670+0000] {logging_mixin.py:188} INFO - [2025-04-28T02:13:35.670+0000] {dag.py:3096} INFO - Sync 1 DAGs
[2025-04-28T02:13:35.678+0000] {logging_mixin.py:188} INFO - [2025-04-28T02:13:35.678+0000] {dag.py:3954} INFO - Setting next_dagrun for example_weekday_branch_operator to 2025-04-27 00:00:00+00:00, run_after=2025-04-28 00:00:00+00:00
[2025-04-28T02:13:35.686+0000] {processor.py:183} INFO - Processing /home/airflow/.local/lib/python3.12/site-packages/airflow/example_dags/example_branch_day_of_week_operator.py took 0.033 seconds
[2025-04-28T02:14:06.163+0000] {processor.py:161} INFO - Started process (PID=424) to work on /home/airflow/.local/lib/python3.12/site-packages/airflow/example_dags/example_branch_day_of_week_operator.py
[2025-04-28T02:14:06.164+0000] {processor.py:830} INFO - Processing file /home/airflow/.local/lib/python3.12/site-packages/airflow/example_dags/example_branch_day_of_week_operator.py for tasks to queue
[2025-04-28T02:14:06.165+0000] {logging_mixin.py:188} INFO - [2025-04-28T02:14:06.165+0000] {dagbag.py:540} INFO - Filling up the DagBag from /home/airflow/.local/lib/python3.12/site-packages/airflow/example_dags/example_branch_day_of_week_operator.py
[2025-04-28T02:14:06.168+0000] {processor.py:840} INFO - DAG(s) 'example_weekday_branch_operator' retrieved from /home/airflow/.local/lib/python3.12/site-packages/airflow/example_dags/example_branch_day_of_week_operator.py
[2025-04-28T02:14:06.174+0000] {logging_mixin.py:188} INFO - [2025-04-28T02:14:06.174+0000] {dag.py:3096} INFO - Sync 1 DAGs
[2025-04-28T02:14:06.186+0000] {logging_mixin.py:188} INFO - [2025-04-28T02:14:06.185+0000] {dag.py:3954} INFO - Setting next_dagrun for example_weekday_branch_operator to 2025-04-27 00:00:00+00:00, run_after=2025-04-28 00:00:00+00:00
[2025-04-28T02:14:06.195+0000] {processor.py:183} INFO - Processing /home/airflow/.local/lib/python3.12/site-packages/airflow/example_dags/example_branch_day_of_week_operator.py took 0.035 seconds
[2025-04-28T02:14:36.655+0000] {processor.py:161} INFO - Started process (PID=482) to work on /home/airflow/.local/lib/python3.12/site-packages/airflow/example_dags/example_branch_day_of_week_operator.py
[2025-04-28T02:14:36.656+0000] {processor.py:830} INFO - Processing file /home/airflow/.local/lib/python3.12/site-packages/airflow/example_dags/example_branch_day_of_week_operator.py for tasks to queue
[2025-04-28T02:14:36.656+0000] {logging_mixin.py:188} INFO - [2025-04-28T02:14:36.656+0000] {dagbag.py:540} INFO - Filling up the DagBag from /home/airflow/.local/lib/python3.12/site-packages/airflow/example_dags/example_branch_day_of_week_operator.py
[2025-04-28T02:14:36.659+0000] {processor.py:840} INFO - DAG(s) 'example_weekday_branch_operator' retrieved from /home/airflow/.local/lib/python3.12/site-packages/airflow/example_dags/example_branch_day_of_week_operator.py
[2025-04-28T02:14:36.664+0000] {logging_mixin.py:188} INFO - [2025-04-28T02:14:36.664+0000] {dag.py:3096} INFO - Sync 1 DAGs
[2025-04-28T02:14:36.674+0000] {logging_mixin.py:188} INFO - [2025-04-28T02:14:36.674+0000] {dag.py:3954} INFO - Setting next_dagrun for example_weekday_branch_operator to 2025-04-27 00:00:00+00:00, run_after=2025-04-28 00:00:00+00:00
[2025-04-28T02:14:36.683+0000] {processor.py:183} INFO - Processing /home/airflow/.local/lib/python3.12/site-packages/airflow/example_dags/example_branch_day_of_week_operator.py took 0.030 seconds
[2025-04-28T02:15:08.533+0000] {processor.py:161} INFO - Started process (PID=540) to work on /home/airflow/.local/lib/python3.12/site-packages/airflow/example_dags/example_branch_day_of_week_operator.py
[2025-04-28T02:15:08.534+0000] {processor.py:830} INFO - Processing file /home/airflow/.local/lib/python3.12/site-packages/airflow/example_dags/example_branch_day_of_week_operator.py for tasks to queue
[2025-04-28T02:15:08.534+0000] {logging_mixin.py:188} INFO - [2025-04-28T02:15:08.534+0000] {dagbag.py:540} INFO - Filling up the DagBag from /home/airflow/.local/lib/python3.12/site-packages/airflow/example_dags/example_branch_day_of_week_operator.py
[2025-04-28T02:15:08.538+0000] {processor.py:840} INFO - DAG(s) 'example_weekday_branch_operator' retrieved from /home/airflow/.local/lib/python3.12/site-packages/airflow/example_dags/example_branch_day_of_week_operator.py
[2025-04-28T02:15:08.665+0000] {logging_mixin.py:188} INFO - [2025-04-28T02:15:08.665+0000] {dag.py:3096} INFO - Sync 1 DAGs
[2025-04-28T02:15:08.676+0000] {logging_mixin.py:188} INFO - [2025-04-28T02:15:08.675+0000] {dag.py:3954} INFO - Setting next_dagrun for example_weekday_branch_operator to 2025-04-27 00:00:00+00:00, run_after=2025-04-28 00:00:00+00:00
[2025-04-28T02:15:08.684+0000] {processor.py:183} INFO - Processing /home/airflow/.local/lib/python3.12/site-packages/airflow/example_dags/example_branch_day_of_week_operator.py took 0.154 seconds
[2025-04-28T02:15:39.379+0000] {processor.py:161} INFO - Started process (PID=598) to work on /home/airflow/.local/lib/python3.12/site-packages/airflow/example_dags/example_branch_day_of_week_operator.py
[2025-04-28T02:15:39.381+0000] {processor.py:830} INFO - Processing file /home/airflow/.local/lib/python3.12/site-packages/airflow/example_dags/example_branch_day_of_week_operator.py for tasks to queue
[2025-04-28T02:15:39.382+0000] {logging_mixin.py:188} INFO - [2025-04-28T02:15:39.382+0000] {dagbag.py:540} INFO - Filling up the DagBag from /home/airflow/.local/lib/python3.12/site-packages/airflow/example_dags/example_branch_day_of_week_operator.py
[2025-04-28T02:15:39.385+0000] {processor.py:840} INFO - DAG(s) 'example_weekday_branch_operator' retrieved from /home/airflow/.local/lib/python3.12/site-packages/airflow/example_dags/example_branch_day_of_week_operator.py
[2025-04-28T02:15:39.396+0000] {logging_mixin.py:188} INFO - [2025-04-28T02:15:39.396+0000] {dag.py:3096} INFO - Sync 1 DAGs
[2025-04-28T02:15:39.404+0000] {logging_mixin.py:188} INFO - [2025-04-28T02:15:39.404+0000] {dag.py:3954} INFO - Setting next_dagrun for example_weekday_branch_operator to 2025-04-27 00:00:00+00:00, run_after=2025-04-28 00:00:00+00:00
[2025-04-28T02:15:39.410+0000] {processor.py:183} INFO - Processing /home/airflow/.local/lib/python3.12/site-packages/airflow/example_dags/example_branch_day_of_week_operator.py took 0.033 seconds
[2025-04-28T02:16:09.932+0000] {processor.py:161} INFO - Started process (PID=656) to work on /home/airflow/.local/lib/python3.12/site-packages/airflow/example_dags/example_branch_day_of_week_operator.py
[2025-04-28T02:16:09.932+0000] {processor.py:830} INFO - Processing file /home/airflow/.local/lib/python3.12/site-packages/airflow/example_dags/example_branch_day_of_week_operator.py for tasks to queue
[2025-04-28T02:16:09.934+0000] {logging_mixin.py:188} INFO - [2025-04-28T02:16:09.934+0000] {dagbag.py:540} INFO - Filling up the DagBag from /home/airflow/.local/lib/python3.12/site-packages/airflow/example_dags/example_branch_day_of_week_operator.py
[2025-04-28T02:16:09.938+0000] {processor.py:840} INFO - DAG(s) 'example_weekday_branch_operator' retrieved from /home/airflow/.local/lib/python3.12/site-packages/airflow/example_dags/example_branch_day_of_week_operator.py
[2025-04-28T02:16:09.950+0000] {logging_mixin.py:188} INFO - [2025-04-28T02:16:09.950+0000] {dag.py:3096} INFO - Sync 1 DAGs
[2025-04-28T02:16:09.960+0000] {logging_mixin.py:188} INFO - [2025-04-28T02:16:09.960+0000] {dag.py:3954} INFO - Setting next_dagrun for example_weekday_branch_operator to 2025-04-27 00:00:00+00:00, run_after=2025-04-28 00:00:00+00:00
[2025-04-28T02:16:09.969+0000] {processor.py:183} INFO - Processing /home/airflow/.local/lib/python3.12/site-packages/airflow/example_dags/example_branch_day_of_week_operator.py took 0.040 seconds
[2025-04-28T02:16:40.715+0000] {processor.py:161} INFO - Started process (PID=715) to work on /home/airflow/.local/lib/python3.12/site-packages/airflow/example_dags/example_branch_day_of_week_operator.py
[2025-04-28T02:16:40.716+0000] {processor.py:830} INFO - Processing file /home/airflow/.local/lib/python3.12/site-packages/airflow/example_dags/example_branch_day_of_week_operator.py for tasks to queue
[2025-04-28T02:16:40.717+0000] {logging_mixin.py:188} INFO - [2025-04-28T02:16:40.716+0000] {dagbag.py:540} INFO - Filling up the DagBag from /home/airflow/.local/lib/python3.12/site-packages/airflow/example_dags/example_branch_day_of_week_operator.py
[2025-04-28T02:16:40.720+0000] {processor.py:840} INFO - DAG(s) 'example_weekday_branch_operator' retrieved from /home/airflow/.local/lib/python3.12/site-packages/airflow/example_dags/example_branch_day_of_week_operator.py
[2025-04-28T02:16:40.730+0000] {logging_mixin.py:188} INFO - [2025-04-28T02:16:40.730+0000] {dag.py:3096} INFO - Sync 1 DAGs
[2025-04-28T02:16:40.738+0000] {logging_mixin.py:188} INFO - [2025-04-28T02:16:40.738+0000] {dag.py:3954} INFO - Setting next_dagrun for example_weekday_branch_operator to 2025-04-27 00:00:00+00:00, run_after=2025-04-28 00:00:00+00:00
[2025-04-28T02:16:40.743+0000] {processor.py:183} INFO - Processing /home/airflow/.local/lib/python3.12/site-packages/airflow/example_dags/example_branch_day_of_week_operator.py took 0.031 seconds
[2025-04-28T02:17:11.257+0000] {processor.py:161} INFO - Started process (PID=774) to work on /home/airflow/.local/lib/python3.12/site-packages/airflow/example_dags/example_branch_day_of_week_operator.py
[2025-04-28T02:17:11.260+0000] {processor.py:830} INFO - Processing file /home/airflow/.local/lib/python3.12/site-packages/airflow/example_dags/example_branch_day_of_week_operator.py for tasks to queue
[2025-04-28T02:17:11.261+0000] {logging_mixin.py:188} INFO - [2025-04-28T02:17:11.261+0000] {dagbag.py:540} INFO - Filling up the DagBag from /home/airflow/.local/lib/python3.12/site-packages/airflow/example_dags/example_branch_day_of_week_operator.py
[2025-04-28T02:17:11.264+0000] {processor.py:840} INFO - DAG(s) 'example_weekday_branch_operator' retrieved from /home/airflow/.local/lib/python3.12/site-packages/airflow/example_dags/example_branch_day_of_week_operator.py
[2025-04-28T02:17:11.273+0000] {logging_mixin.py:188} INFO - [2025-04-28T02:17:11.273+0000] {dag.py:3096} INFO - Sync 1 DAGs
[2025-04-28T02:17:11.281+0000] {logging_mixin.py:188} INFO - [2025-04-28T02:17:11.281+0000] {dag.py:3954} INFO - Setting next_dagrun for example_weekday_branch_operator to 2025-04-27 00:00:00+00:00, run_after=2025-04-28 00:00:00+00:00
[2025-04-28T02:17:11.290+0000] {processor.py:183} INFO - Processing /home/airflow/.local/lib/python3.12/site-packages/airflow/example_dags/example_branch_day_of_week_operator.py took 0.036 seconds
[2025-04-28T02:17:41.982+0000] {processor.py:161} INFO - Started process (PID=833) to work on /home/airflow/.local/lib/python3.12/site-packages/airflow/example_dags/example_branch_day_of_week_operator.py
[2025-04-28T02:17:41.985+0000] {processor.py:830} INFO - Processing file /home/airflow/.local/lib/python3.12/site-packages/airflow/example_dags/example_branch_day_of_week_operator.py for tasks to queue
[2025-04-28T02:17:41.986+0000] {logging_mixin.py:188} INFO - [2025-04-28T02:17:41.986+0000] {dagbag.py:540} INFO - Filling up the DagBag from /home/airflow/.local/lib/python3.12/site-packages/airflow/example_dags/example_branch_day_of_week_operator.py
[2025-04-28T02:17:41.990+0000] {processor.py:840} INFO - DAG(s) 'example_weekday_branch_operator' retrieved from /home/airflow/.local/lib/python3.12/site-packages/airflow/example_dags/example_branch_day_of_week_operator.py
[2025-04-28T02:17:41.998+0000] {logging_mixin.py:188} INFO - [2025-04-28T02:17:41.998+0000] {dag.py:3096} INFO - Sync 1 DAGs
[2025-04-28T02:17:42.006+0000] {logging_mixin.py:188} INFO - [2025-04-28T02:17:42.005+0000] {dag.py:3954} INFO - Setting next_dagrun for example_weekday_branch_operator to 2025-04-27 00:00:00+00:00, run_after=2025-04-28 00:00:00+00:00
[2025-04-28T02:17:42.014+0000] {processor.py:183} INFO - Processing /home/airflow/.local/lib/python3.12/site-packages/airflow/example_dags/example_branch_day_of_week_operator.py took 0.034 seconds
[2025-04-28T02:18:12.728+0000] {processor.py:161} INFO - Started process (PID=896) to work on /home/airflow/.local/lib/python3.12/site-packages/airflow/example_dags/example_branch_day_of_week_operator.py
[2025-04-28T02:18:12.729+0000] {processor.py:830} INFO - Processing file /home/airflow/.local/lib/python3.12/site-packages/airflow/example_dags/example_branch_day_of_week_operator.py for tasks to queue
[2025-04-28T02:18:12.730+0000] {logging_mixin.py:188} INFO - [2025-04-28T02:18:12.729+0000] {dagbag.py:540} INFO - Filling up the DagBag from /home/airflow/.local/lib/python3.12/site-packages/airflow/example_dags/example_branch_day_of_week_operator.py
[2025-04-28T02:18:12.733+0000] {processor.py:840} INFO - DAG(s) 'example_weekday_branch_operator' retrieved from /home/airflow/.local/lib/python3.12/site-packages/airflow/example_dags/example_branch_day_of_week_operator.py
[2025-04-28T02:18:12.741+0000] {logging_mixin.py:188} INFO - [2025-04-28T02:18:12.741+0000] {dag.py:3096} INFO - Sync 1 DAGs
[2025-04-28T02:18:12.749+0000] {logging_mixin.py:188} INFO - [2025-04-28T02:18:12.749+0000] {dag.py:3954} INFO - Setting next_dagrun for example_weekday_branch_operator to 2025-04-27 00:00:00+00:00, run_after=2025-04-28 00:00:00+00:00
[2025-04-28T02:18:12.756+0000] {processor.py:183} INFO - Processing /home/airflow/.local/lib/python3.12/site-packages/airflow/example_dags/example_branch_day_of_week_operator.py took 0.030 seconds
[2025-04-28T02:18:43.494+0000] {processor.py:161} INFO - Started process (PID=955) to work on /home/airflow/.local/lib/python3.12/site-packages/airflow/example_dags/example_branch_day_of_week_operator.py
[2025-04-28T02:18:43.495+0000] {processor.py:830} INFO - Processing file /home/airflow/.local/lib/python3.12/site-packages/airflow/example_dags/example_branch_day_of_week_operator.py for tasks to queue
[2025-04-28T02:18:43.496+0000] {logging_mixin.py:188} INFO - [2025-04-28T02:18:43.496+0000] {dagbag.py:540} INFO - Filling up the DagBag from /home/airflow/.local/lib/python3.12/site-packages/airflow/example_dags/example_branch_day_of_week_operator.py
[2025-04-28T02:18:43.499+0000] {processor.py:840} INFO - DAG(s) 'example_weekday_branch_operator' retrieved from /home/airflow/.local/lib/python3.12/site-packages/airflow/example_dags/example_branch_day_of_week_operator.py
[2025-04-28T02:18:43.507+0000] {logging_mixin.py:188} INFO - [2025-04-28T02:18:43.507+0000] {dag.py:3096} INFO - Sync 1 DAGs
[2025-04-28T02:18:43.515+0000] {logging_mixin.py:188} INFO - [2025-04-28T02:18:43.515+0000] {dag.py:3954} INFO - Setting next_dagrun for example_weekday_branch_operator to 2025-04-27 00:00:00+00:00, run_after=2025-04-28 00:00:00+00:00
[2025-04-28T02:18:43.523+0000] {processor.py:183} INFO - Processing /home/airflow/.local/lib/python3.12/site-packages/airflow/example_dags/example_branch_day_of_week_operator.py took 0.031 seconds
[2025-04-28T02:19:13.835+0000] {processor.py:161} INFO - Started process (PID=1014) to work on /home/airflow/.local/lib/python3.12/site-packages/airflow/example_dags/example_branch_day_of_week_operator.py
[2025-04-28T02:19:13.836+0000] {processor.py:830} INFO - Processing file /home/airflow/.local/lib/python3.12/site-packages/airflow/example_dags/example_branch_day_of_week_operator.py for tasks to queue
[2025-04-28T02:19:13.836+0000] {logging_mixin.py:188} INFO - [2025-04-28T02:19:13.836+0000] {dagbag.py:540} INFO - Filling up the DagBag from /home/airflow/.local/lib/python3.12/site-packages/airflow/example_dags/example_branch_day_of_week_operator.py
[2025-04-28T02:19:13.840+0000] {processor.py:840} INFO - DAG(s) 'example_weekday_branch_operator' retrieved from /home/airflow/.local/lib/python3.12/site-packages/airflow/example_dags/example_branch_day_of_week_operator.py
[2025-04-28T02:19:13.848+0000] {logging_mixin.py:188} INFO - [2025-04-28T02:19:13.848+0000] {dag.py:3096} INFO - Sync 1 DAGs
[2025-04-28T02:19:13.857+0000] {logging_mixin.py:188} INFO - [2025-04-28T02:19:13.857+0000] {dag.py:3954} INFO - Setting next_dagrun for example_weekday_branch_operator to 2025-04-27 00:00:00+00:00, run_after=2025-04-28 00:00:00+00:00
[2025-04-28T02:19:13.865+0000] {processor.py:183} INFO - Processing /home/airflow/.local/lib/python3.12/site-packages/airflow/example_dags/example_branch_day_of_week_operator.py took 0.032 seconds
[2025-04-28T02:19:44.102+0000] {processor.py:161} INFO - Started process (PID=1073) to work on /home/airflow/.local/lib/python3.12/site-packages/airflow/example_dags/example_branch_day_of_week_operator.py
[2025-04-28T02:19:44.102+0000] {processor.py:830} INFO - Processing file /home/airflow/.local/lib/python3.12/site-packages/airflow/example_dags/example_branch_day_of_week_operator.py for tasks to queue
[2025-04-28T02:19:44.103+0000] {logging_mixin.py:188} INFO - [2025-04-28T02:19:44.103+0000] {dagbag.py:540} INFO - Filling up the DagBag from /home/airflow/.local/lib/python3.12/site-packages/airflow/example_dags/example_branch_day_of_week_operator.py
[2025-04-28T02:19:44.106+0000] {processor.py:840} INFO - DAG(s) 'example_weekday_branch_operator' retrieved from /home/airflow/.local/lib/python3.12/site-packages/airflow/example_dags/example_branch_day_of_week_operator.py
[2025-04-28T02:19:44.115+0000] {logging_mixin.py:188} INFO - [2025-04-28T02:19:44.115+0000] {dag.py:3096} INFO - Sync 1 DAGs
[2025-04-28T02:19:44.192+0000] {logging_mixin.py:188} INFO - [2025-04-28T02:19:44.192+0000] {dag.py:3954} INFO - Setting next_dagrun for example_weekday_branch_operator to 2025-04-27 00:00:00+00:00, run_after=2025-04-28 00:00:00+00:00
[2025-04-28T02:19:44.203+0000] {processor.py:183} INFO - Processing /home/airflow/.local/lib/python3.12/site-packages/airflow/example_dags/example_branch_day_of_week_operator.py took 0.103 seconds
[2025-04-28T02:20:14.530+0000] {processor.py:161} INFO - Started process (PID=1132) to work on /home/airflow/.local/lib/python3.12/site-packages/airflow/example_dags/example_branch_day_of_week_operator.py
[2025-04-28T02:20:14.530+0000] {processor.py:830} INFO - Processing file /home/airflow/.local/lib/python3.12/site-packages/airflow/example_dags/example_branch_day_of_week_operator.py for tasks to queue
[2025-04-28T02:20:14.531+0000] {logging_mixin.py:188} INFO - [2025-04-28T02:20:14.531+0000] {dagbag.py:540} INFO - Filling up the DagBag from /home/airflow/.local/lib/python3.12/site-packages/airflow/example_dags/example_branch_day_of_week_operator.py
[2025-04-28T02:20:14.534+0000] {processor.py:840} INFO - DAG(s) 'example_weekday_branch_operator' retrieved from /home/airflow/.local/lib/python3.12/site-packages/airflow/example_dags/example_branch_day_of_week_operator.py
[2025-04-28T02:20:14.542+0000] {logging_mixin.py:188} INFO - [2025-04-28T02:20:14.542+0000] {dag.py:3096} INFO - Sync 1 DAGs
[2025-04-28T02:20:14.551+0000] {logging_mixin.py:188} INFO - [2025-04-28T02:20:14.551+0000] {dag.py:3954} INFO - Setting next_dagrun for example_weekday_branch_operator to 2025-04-27 00:00:00+00:00, run_after=2025-04-28 00:00:00+00:00
[2025-04-28T02:20:14.559+0000] {processor.py:183} INFO - Processing /home/airflow/.local/lib/python3.12/site-packages/airflow/example_dags/example_branch_day_of_week_operator.py took 0.032 seconds
[2025-04-28T02:20:45.131+0000] {processor.py:161} INFO - Started process (PID=1191) to work on /home/airflow/.local/lib/python3.12/site-packages/airflow/example_dags/example_branch_day_of_week_operator.py
[2025-04-28T02:20:45.132+0000] {processor.py:830} INFO - Processing file /home/airflow/.local/lib/python3.12/site-packages/airflow/example_dags/example_branch_day_of_week_operator.py for tasks to queue
[2025-04-28T02:20:45.132+0000] {logging_mixin.py:188} INFO - [2025-04-28T02:20:45.132+0000] {dagbag.py:540} INFO - Filling up the DagBag from /home/airflow/.local/lib/python3.12/site-packages/airflow/example_dags/example_branch_day_of_week_operator.py
[2025-04-28T02:20:45.135+0000] {processor.py:840} INFO - DAG(s) 'example_weekday_branch_operator' retrieved from /home/airflow/.local/lib/python3.12/site-packages/airflow/example_dags/example_branch_day_of_week_operator.py
[2025-04-28T02:20:45.146+0000] {logging_mixin.py:188} INFO - [2025-04-28T02:20:45.146+0000] {dag.py:3096} INFO - Sync 1 DAGs
[2025-04-28T02:20:45.154+0000] {logging_mixin.py:188} INFO - [2025-04-28T02:20:45.154+0000] {dag.py:3954} INFO - Setting next_dagrun for example_weekday_branch_operator to 2025-04-27 00:00:00+00:00, run_after=2025-04-28 00:00:00+00:00
[2025-04-28T02:20:45.162+0000] {processor.py:183} INFO - Processing /home/airflow/.local/lib/python3.12/site-packages/airflow/example_dags/example_branch_day_of_week_operator.py took 0.033 seconds
[2025-04-28T02:21:15.793+0000] {processor.py:161} INFO - Started process (PID=1250) to work on /home/airflow/.local/lib/python3.12/site-packages/airflow/example_dags/example_branch_day_of_week_operator.py
[2025-04-28T02:21:15.794+0000] {processor.py:830} INFO - Processing file /home/airflow/.local/lib/python3.12/site-packages/airflow/example_dags/example_branch_day_of_week_operator.py for tasks to queue
[2025-04-28T02:21:15.794+0000] {logging_mixin.py:188} INFO - [2025-04-28T02:21:15.794+0000] {dagbag.py:540} INFO - Filling up the DagBag from /home/airflow/.local/lib/python3.12/site-packages/airflow/example_dags/example_branch_day_of_week_operator.py
[2025-04-28T02:21:15.798+0000] {processor.py:840} INFO - DAG(s) 'example_weekday_branch_operator' retrieved from /home/airflow/.local/lib/python3.12/site-packages/airflow/example_dags/example_branch_day_of_week_operator.py
[2025-04-28T02:21:15.807+0000] {logging_mixin.py:188} INFO - [2025-04-28T02:21:15.807+0000] {dag.py:3096} INFO - Sync 1 DAGs
[2025-04-28T02:21:15.815+0000] {logging_mixin.py:188} INFO - [2025-04-28T02:21:15.815+0000] {dag.py:3954} INFO - Setting next_dagrun for example_weekday_branch_operator to 2025-04-27 00:00:00+00:00, run_after=2025-04-28 00:00:00+00:00
[2025-04-28T02:21:15.821+0000] {processor.py:183} INFO - Processing /home/airflow/.local/lib/python3.12/site-packages/airflow/example_dags/example_branch_day_of_week_operator.py took 0.030 seconds
[2025-04-28T02:21:46.335+0000] {processor.py:161} INFO - Started process (PID=1309) to work on /home/airflow/.local/lib/python3.12/site-packages/airflow/example_dags/example_branch_day_of_week_operator.py
[2025-04-28T02:21:46.335+0000] {processor.py:830} INFO - Processing file /home/airflow/.local/lib/python3.12/site-packages/airflow/example_dags/example_branch_day_of_week_operator.py for tasks to queue
[2025-04-28T02:21:46.336+0000] {logging_mixin.py:188} INFO - [2025-04-28T02:21:46.336+0000] {dagbag.py:540} INFO - Filling up the DagBag from /home/airflow/.local/lib/python3.12/site-packages/airflow/example_dags/example_branch_day_of_week_operator.py
[2025-04-28T02:21:46.339+0000] {processor.py:840} INFO - DAG(s) 'example_weekday_branch_operator' retrieved from /home/airflow/.local/lib/python3.12/site-packages/airflow/example_dags/example_branch_day_of_week_operator.py
[2025-04-28T02:21:46.349+0000] {logging_mixin.py:188} INFO - [2025-04-28T02:21:46.349+0000] {dag.py:3096} INFO - Sync 1 DAGs
[2025-04-28T02:21:46.357+0000] {logging_mixin.py:188} INFO - [2025-04-28T02:21:46.357+0000] {dag.py:3954} INFO - Setting next_dagrun for example_weekday_branch_operator to 2025-04-27 00:00:00+00:00, run_after=2025-04-28 00:00:00+00:00
[2025-04-28T02:21:46.366+0000] {processor.py:183} INFO - Processing /home/airflow/.local/lib/python3.12/site-packages/airflow/example_dags/example_branch_day_of_week_operator.py took 0.034 seconds
[2025-04-28T02:22:16.890+0000] {processor.py:161} INFO - Started process (PID=1368) to work on /home/airflow/.local/lib/python3.12/site-packages/airflow/example_dags/example_branch_day_of_week_operator.py
[2025-04-28T02:22:16.891+0000] {processor.py:830} INFO - Processing file /home/airflow/.local/lib/python3.12/site-packages/airflow/example_dags/example_branch_day_of_week_operator.py for tasks to queue
[2025-04-28T02:22:16.891+0000] {logging_mixin.py:188} INFO - [2025-04-28T02:22:16.891+0000] {dagbag.py:540} INFO - Filling up the DagBag from /home/airflow/.local/lib/python3.12/site-packages/airflow/example_dags/example_branch_day_of_week_operator.py
[2025-04-28T02:22:16.897+0000] {processor.py:840} INFO - DAG(s) 'example_weekday_branch_operator' retrieved from /home/airflow/.local/lib/python3.12/site-packages/airflow/example_dags/example_branch_day_of_week_operator.py
[2025-04-28T02:22:16.906+0000] {logging_mixin.py:188} INFO - [2025-04-28T02:22:16.906+0000] {dag.py:3096} INFO - Sync 1 DAGs
[2025-04-28T02:22:16.915+0000] {logging_mixin.py:188} INFO - [2025-04-28T02:22:16.915+0000] {dag.py:3954} INFO - Setting next_dagrun for example_weekday_branch_operator to 2025-04-27 00:00:00+00:00, run_after=2025-04-28 00:00:00+00:00
[2025-04-28T02:22:16.924+0000] {processor.py:183} INFO - Processing /home/airflow/.local/lib/python3.12/site-packages/airflow/example_dags/example_branch_day_of_week_operator.py took 0.036 seconds
[2025-04-28T02:22:47.387+0000] {processor.py:161} INFO - Started process (PID=1427) to work on /home/airflow/.local/lib/python3.12/site-packages/airflow/example_dags/example_branch_day_of_week_operator.py
[2025-04-28T02:22:47.387+0000] {processor.py:830} INFO - Processing file /home/airflow/.local/lib/python3.12/site-packages/airflow/example_dags/example_branch_day_of_week_operator.py for tasks to queue
[2025-04-28T02:22:47.388+0000] {logging_mixin.py:188} INFO - [2025-04-28T02:22:47.388+0000] {dagbag.py:540} INFO - Filling up the DagBag from /home/airflow/.local/lib/python3.12/site-packages/airflow/example_dags/example_branch_day_of_week_operator.py
[2025-04-28T02:22:47.391+0000] {processor.py:840} INFO - DAG(s) 'example_weekday_branch_operator' retrieved from /home/airflow/.local/lib/python3.12/site-packages/airflow/example_dags/example_branch_day_of_week_operator.py
[2025-04-28T02:22:47.399+0000] {logging_mixin.py:188} INFO - [2025-04-28T02:22:47.399+0000] {dag.py:3096} INFO - Sync 1 DAGs
[2025-04-28T02:22:47.408+0000] {logging_mixin.py:188} INFO - [2025-04-28T02:22:47.408+0000] {dag.py:3954} INFO - Setting next_dagrun for example_weekday_branch_operator to 2025-04-27 00:00:00+00:00, run_after=2025-04-28 00:00:00+00:00
[2025-04-28T02:22:47.419+0000] {processor.py:183} INFO - Processing /home/airflow/.local/lib/python3.12/site-packages/airflow/example_dags/example_branch_day_of_week_operator.py took 0.035 seconds
[2025-04-28T02:23:18.072+0000] {processor.py:161} INFO - Started process (PID=1486) to work on /home/airflow/.local/lib/python3.12/site-packages/airflow/example_dags/example_branch_day_of_week_operator.py
[2025-04-28T02:23:18.073+0000] {processor.py:830} INFO - Processing file /home/airflow/.local/lib/python3.12/site-packages/airflow/example_dags/example_branch_day_of_week_operator.py for tasks to queue
[2025-04-28T02:23:18.073+0000] {logging_mixin.py:188} INFO - [2025-04-28T02:23:18.073+0000] {dagbag.py:540} INFO - Filling up the DagBag from /home/airflow/.local/lib/python3.12/site-packages/airflow/example_dags/example_branch_day_of_week_operator.py
[2025-04-28T02:23:18.076+0000] {processor.py:840} INFO - DAG(s) 'example_weekday_branch_operator' retrieved from /home/airflow/.local/lib/python3.12/site-packages/airflow/example_dags/example_branch_day_of_week_operator.py
[2025-04-28T02:23:18.086+0000] {logging_mixin.py:188} INFO - [2025-04-28T02:23:18.086+0000] {dag.py:3096} INFO - Sync 1 DAGs
[2025-04-28T02:23:18.094+0000] {logging_mixin.py:188} INFO - [2025-04-28T02:23:18.094+0000] {dag.py:3954} INFO - Setting next_dagrun for example_weekday_branch_operator to 2025-04-27 00:00:00+00:00, run_after=2025-04-28 00:00:00+00:00
[2025-04-28T02:23:18.102+0000] {processor.py:183} INFO - Processing /home/airflow/.local/lib/python3.12/site-packages/airflow/example_dags/example_branch_day_of_week_operator.py took 0.031 seconds
