[2025-04-28T02:11:03.159+0000] {processor.py:161} INFO - Started process (PID=84) to work on /home/airflow/.local/lib/python3.12/site-packages/airflow/example_dags/example_task_group.py
[2025-04-28T02:11:03.160+0000] {processor.py:830} INFO - Processing file /home/airflow/.local/lib/python3.12/site-packages/airflow/example_dags/example_task_group.py for tasks to queue
[2025-04-28T02:11:03.161+0000] {logging_mixin.py:188} INFO - [2025-04-28T02:11:03.160+0000] {dagbag.py:540} INFO - Filling up the DagBag from /home/airflow/.local/lib/python3.12/site-packages/airflow/example_dags/example_task_group.py
[2025-04-28T02:11:03.166+0000] {processor.py:840} INFO - DAG(s) 'example_task_group' retrieved from /home/airflow/.local/lib/python3.12/site-packages/airflow/example_dags/example_task_group.py
[2025-04-28T02:11:03.173+0000] {logging_mixin.py:188} INFO - [2025-04-28T02:11:03.173+0000] {dag.py:3096} INFO - Sync 1 DAGs
[2025-04-28T02:11:03.182+0000] {logging_mixin.py:188} INFO - [2025-04-28T02:11:03.182+0000] {dag.py:3954} INFO - Setting next_dagrun for example_task_group to 2025-04-27 00:00:00+00:00, run_after=2025-04-28 00:00:00+00:00
[2025-04-28T02:11:03.190+0000] {processor.py:183} INFO - Processing /home/airflow/.local/lib/python3.12/site-packages/airflow/example_dags/example_task_group.py took 0.033 seconds
[2025-04-28T02:11:33.793+0000] {processor.py:161} INFO - Started process (PID=142) to work on /home/airflow/.local/lib/python3.12/site-packages/airflow/example_dags/example_task_group.py
[2025-04-28T02:11:33.794+0000] {processor.py:830} INFO - Processing file /home/airflow/.local/lib/python3.12/site-packages/airflow/example_dags/example_task_group.py for tasks to queue
[2025-04-28T02:11:33.795+0000] {logging_mixin.py:188} INFO - [2025-04-28T02:11:33.794+0000] {dagbag.py:540} INFO - Filling up the DagBag from /home/airflow/.local/lib/python3.12/site-packages/airflow/example_dags/example_task_group.py
[2025-04-28T02:11:33.798+0000] {processor.py:840} INFO - DAG(s) 'example_task_group' retrieved from /home/airflow/.local/lib/python3.12/site-packages/airflow/example_dags/example_task_group.py
[2025-04-28T02:11:33.846+0000] {logging_mixin.py:188} INFO - [2025-04-28T02:11:33.845+0000] {dag.py:3096} INFO - Sync 1 DAGs
[2025-04-28T02:11:33.855+0000] {logging_mixin.py:188} INFO - [2025-04-28T02:11:33.854+0000] {dag.py:3954} INFO - Setting next_dagrun for example_task_group to 2025-04-27 00:00:00+00:00, run_after=2025-04-28 00:00:00+00:00
[2025-04-28T02:11:33.862+0000] {processor.py:183} INFO - Processing /home/airflow/.local/lib/python3.12/site-packages/airflow/example_dags/example_task_group.py took 0.071 seconds
[2025-04-28T02:12:04.466+0000] {processor.py:161} INFO - Started process (PID=206) to work on /home/airflow/.local/lib/python3.12/site-packages/airflow/example_dags/example_task_group.py
[2025-04-28T02:12:04.466+0000] {processor.py:830} INFO - Processing file /home/airflow/.local/lib/python3.12/site-packages/airflow/example_dags/example_task_group.py for tasks to queue
[2025-04-28T02:12:04.467+0000] {logging_mixin.py:188} INFO - [2025-04-28T02:12:04.467+0000] {dagbag.py:540} INFO - Filling up the DagBag from /home/airflow/.local/lib/python3.12/site-packages/airflow/example_dags/example_task_group.py
[2025-04-28T02:12:04.470+0000] {processor.py:840} INFO - DAG(s) 'example_task_group' retrieved from /home/airflow/.local/lib/python3.12/site-packages/airflow/example_dags/example_task_group.py
[2025-04-28T02:12:04.478+0000] {logging_mixin.py:188} INFO - [2025-04-28T02:12:04.478+0000] {dag.py:3096} INFO - Sync 1 DAGs
[2025-04-28T02:12:04.487+0000] {logging_mixin.py:188} INFO - [2025-04-28T02:12:04.486+0000] {dag.py:3954} INFO - Setting next_dagrun for example_task_group to 2025-04-27 00:00:00+00:00, run_after=2025-04-28 00:00:00+00:00
[2025-04-28T02:12:04.494+0000] {processor.py:183} INFO - Processing /home/airflow/.local/lib/python3.12/site-packages/airflow/example_dags/example_task_group.py took 0.030 seconds
[2025-04-28T02:12:34.949+0000] {processor.py:161} INFO - Started process (PID=264) to work on /home/airflow/.local/lib/python3.12/site-packages/airflow/example_dags/example_task_group.py
[2025-04-28T02:12:34.953+0000] {processor.py:830} INFO - Processing file /home/airflow/.local/lib/python3.12/site-packages/airflow/example_dags/example_task_group.py for tasks to queue
[2025-04-28T02:12:34.954+0000] {logging_mixin.py:188} INFO - [2025-04-28T02:12:34.954+0000] {dagbag.py:540} INFO - Filling up the DagBag from /home/airflow/.local/lib/python3.12/site-packages/airflow/example_dags/example_task_group.py
[2025-04-28T02:12:34.957+0000] {processor.py:840} INFO - DAG(s) 'example_task_group' retrieved from /home/airflow/.local/lib/python3.12/site-packages/airflow/example_dags/example_task_group.py
[2025-04-28T02:12:34.968+0000] {logging_mixin.py:188} INFO - [2025-04-28T02:12:34.967+0000] {dag.py:3096} INFO - Sync 1 DAGs
[2025-04-28T02:12:34.976+0000] {logging_mixin.py:188} INFO - [2025-04-28T02:12:34.976+0000] {dag.py:3954} INFO - Setting next_dagrun for example_task_group to 2025-04-27 00:00:00+00:00, run_after=2025-04-28 00:00:00+00:00
[2025-04-28T02:12:34.985+0000] {processor.py:183} INFO - Processing /home/airflow/.local/lib/python3.12/site-packages/airflow/example_dags/example_task_group.py took 0.039 seconds
[2025-04-28T02:13:05.489+0000] {processor.py:161} INFO - Started process (PID=322) to work on /home/airflow/.local/lib/python3.12/site-packages/airflow/example_dags/example_task_group.py
[2025-04-28T02:13:05.489+0000] {processor.py:830} INFO - Processing file /home/airflow/.local/lib/python3.12/site-packages/airflow/example_dags/example_task_group.py for tasks to queue
[2025-04-28T02:13:05.490+0000] {logging_mixin.py:188} INFO - [2025-04-28T02:13:05.490+0000] {dagbag.py:540} INFO - Filling up the DagBag from /home/airflow/.local/lib/python3.12/site-packages/airflow/example_dags/example_task_group.py
[2025-04-28T02:13:05.493+0000] {processor.py:840} INFO - DAG(s) 'example_task_group' retrieved from /home/airflow/.local/lib/python3.12/site-packages/airflow/example_dags/example_task_group.py
[2025-04-28T02:13:05.501+0000] {logging_mixin.py:188} INFO - [2025-04-28T02:13:05.501+0000] {dag.py:3096} INFO - Sync 1 DAGs
[2025-04-28T02:13:05.507+0000] {logging_mixin.py:188} INFO - [2025-04-28T02:13:05.507+0000] {dag.py:3954} INFO - Setting next_dagrun for example_task_group to 2025-04-27 00:00:00+00:00, run_after=2025-04-28 00:00:00+00:00
[2025-04-28T02:13:05.514+0000] {processor.py:183} INFO - Processing /home/airflow/.local/lib/python3.12/site-packages/airflow/example_dags/example_task_group.py took 0.027 seconds
[2025-04-28T02:13:35.966+0000] {processor.py:161} INFO - Started process (PID=380) to work on /home/airflow/.local/lib/python3.12/site-packages/airflow/example_dags/example_task_group.py
[2025-04-28T02:13:35.966+0000] {processor.py:830} INFO - Processing file /home/airflow/.local/lib/python3.12/site-packages/airflow/example_dags/example_task_group.py for tasks to queue
[2025-04-28T02:13:35.967+0000] {logging_mixin.py:188} INFO - [2025-04-28T02:13:35.967+0000] {dagbag.py:540} INFO - Filling up the DagBag from /home/airflow/.local/lib/python3.12/site-packages/airflow/example_dags/example_task_group.py
[2025-04-28T02:13:35.970+0000] {processor.py:840} INFO - DAG(s) 'example_task_group' retrieved from /home/airflow/.local/lib/python3.12/site-packages/airflow/example_dags/example_task_group.py
[2025-04-28T02:13:35.981+0000] {logging_mixin.py:188} INFO - [2025-04-28T02:13:35.981+0000] {dag.py:3096} INFO - Sync 1 DAGs
[2025-04-28T02:13:35.992+0000] {logging_mixin.py:188} INFO - [2025-04-28T02:13:35.992+0000] {dag.py:3954} INFO - Setting next_dagrun for example_task_group to 2025-04-27 00:00:00+00:00, run_after=2025-04-28 00:00:00+00:00
[2025-04-28T02:13:36.003+0000] {processor.py:183} INFO - Processing /home/airflow/.local/lib/python3.12/site-packages/airflow/example_dags/example_task_group.py took 0.040 seconds
[2025-04-28T02:14:06.471+0000] {processor.py:161} INFO - Started process (PID=438) to work on /home/airflow/.local/lib/python3.12/site-packages/airflow/example_dags/example_task_group.py
[2025-04-28T02:14:06.472+0000] {processor.py:830} INFO - Processing file /home/airflow/.local/lib/python3.12/site-packages/airflow/example_dags/example_task_group.py for tasks to queue
[2025-04-28T02:14:06.474+0000] {logging_mixin.py:188} INFO - [2025-04-28T02:14:06.474+0000] {dagbag.py:540} INFO - Filling up the DagBag from /home/airflow/.local/lib/python3.12/site-packages/airflow/example_dags/example_task_group.py
[2025-04-28T02:14:06.478+0000] {processor.py:840} INFO - DAG(s) 'example_task_group' retrieved from /home/airflow/.local/lib/python3.12/site-packages/airflow/example_dags/example_task_group.py
[2025-04-28T02:14:06.485+0000] {logging_mixin.py:188} INFO - [2025-04-28T02:14:06.485+0000] {dag.py:3096} INFO - Sync 1 DAGs
[2025-04-28T02:14:06.496+0000] {logging_mixin.py:188} INFO - [2025-04-28T02:14:06.496+0000] {dag.py:3954} INFO - Setting next_dagrun for example_task_group to 2025-04-27 00:00:00+00:00, run_after=2025-04-28 00:00:00+00:00
[2025-04-28T02:14:06.507+0000] {processor.py:183} INFO - Processing /home/airflow/.local/lib/python3.12/site-packages/airflow/example_dags/example_task_group.py took 0.038 seconds
[2025-04-28T02:14:36.908+0000] {processor.py:161} INFO - Started process (PID=496) to work on /home/airflow/.local/lib/python3.12/site-packages/airflow/example_dags/example_task_group.py
[2025-04-28T02:14:36.909+0000] {processor.py:830} INFO - Processing file /home/airflow/.local/lib/python3.12/site-packages/airflow/example_dags/example_task_group.py for tasks to queue
[2025-04-28T02:14:36.909+0000] {logging_mixin.py:188} INFO - [2025-04-28T02:14:36.909+0000] {dagbag.py:540} INFO - Filling up the DagBag from /home/airflow/.local/lib/python3.12/site-packages/airflow/example_dags/example_task_group.py
[2025-04-28T02:14:36.912+0000] {processor.py:840} INFO - DAG(s) 'example_task_group' retrieved from /home/airflow/.local/lib/python3.12/site-packages/airflow/example_dags/example_task_group.py
[2025-04-28T02:14:36.918+0000] {logging_mixin.py:188} INFO - [2025-04-28T02:14:36.918+0000] {dag.py:3096} INFO - Sync 1 DAGs
[2025-04-28T02:14:36.927+0000] {logging_mixin.py:188} INFO - [2025-04-28T02:14:36.927+0000] {dag.py:3954} INFO - Setting next_dagrun for example_task_group to 2025-04-27 00:00:00+00:00, run_after=2025-04-28 00:00:00+00:00
[2025-04-28T02:14:36.935+0000] {processor.py:183} INFO - Processing /home/airflow/.local/lib/python3.12/site-packages/airflow/example_dags/example_task_group.py took 0.029 seconds
[2025-04-28T02:15:09.721+0000] {processor.py:161} INFO - Started process (PID=554) to work on /home/airflow/.local/lib/python3.12/site-packages/airflow/example_dags/example_task_group.py
[2025-04-28T02:15:09.722+0000] {processor.py:830} INFO - Processing file /home/airflow/.local/lib/python3.12/site-packages/airflow/example_dags/example_task_group.py for tasks to queue
[2025-04-28T02:15:09.723+0000] {logging_mixin.py:188} INFO - [2025-04-28T02:15:09.723+0000] {dagbag.py:540} INFO - Filling up the DagBag from /home/airflow/.local/lib/python3.12/site-packages/airflow/example_dags/example_task_group.py
[2025-04-28T02:15:09.726+0000] {processor.py:840} INFO - DAG(s) 'example_task_group' retrieved from /home/airflow/.local/lib/python3.12/site-packages/airflow/example_dags/example_task_group.py
[2025-04-28T02:15:09.824+0000] {logging_mixin.py:188} INFO - [2025-04-28T02:15:09.824+0000] {dag.py:3096} INFO - Sync 1 DAGs
[2025-04-28T02:15:09.831+0000] {logging_mixin.py:188} INFO - [2025-04-28T02:15:09.831+0000] {dag.py:3954} INFO - Setting next_dagrun for example_task_group to 2025-04-27 00:00:00+00:00, run_after=2025-04-28 00:00:00+00:00
[2025-04-28T02:15:09.839+0000] {processor.py:183} INFO - Processing /home/airflow/.local/lib/python3.12/site-packages/airflow/example_dags/example_task_group.py took 0.120 seconds
[2025-04-28T02:15:40.673+0000] {processor.py:161} INFO - Started process (PID=612) to work on /home/airflow/.local/lib/python3.12/site-packages/airflow/example_dags/example_task_group.py
[2025-04-28T02:15:40.674+0000] {processor.py:830} INFO - Processing file /home/airflow/.local/lib/python3.12/site-packages/airflow/example_dags/example_task_group.py for tasks to queue
[2025-04-28T02:15:40.674+0000] {logging_mixin.py:188} INFO - [2025-04-28T02:15:40.674+0000] {dagbag.py:540} INFO - Filling up the DagBag from /home/airflow/.local/lib/python3.12/site-packages/airflow/example_dags/example_task_group.py
[2025-04-28T02:15:40.677+0000] {processor.py:840} INFO - DAG(s) 'example_task_group' retrieved from /home/airflow/.local/lib/python3.12/site-packages/airflow/example_dags/example_task_group.py
[2025-04-28T02:15:40.687+0000] {logging_mixin.py:188} INFO - [2025-04-28T02:15:40.687+0000] {dag.py:3096} INFO - Sync 1 DAGs
[2025-04-28T02:15:40.695+0000] {logging_mixin.py:188} INFO - [2025-04-28T02:15:40.695+0000] {dag.py:3954} INFO - Setting next_dagrun for example_task_group to 2025-04-27 00:00:00+00:00, run_after=2025-04-28 00:00:00+00:00
[2025-04-28T02:15:40.706+0000] {processor.py:183} INFO - Processing /home/airflow/.local/lib/python3.12/site-packages/airflow/example_dags/example_task_group.py took 0.035 seconds
[2025-04-28T02:16:11.302+0000] {processor.py:161} INFO - Started process (PID=670) to work on /home/airflow/.local/lib/python3.12/site-packages/airflow/example_dags/example_task_group.py
[2025-04-28T02:16:11.302+0000] {processor.py:830} INFO - Processing file /home/airflow/.local/lib/python3.12/site-packages/airflow/example_dags/example_task_group.py for tasks to queue
[2025-04-28T02:16:11.303+0000] {logging_mixin.py:188} INFO - [2025-04-28T02:16:11.303+0000] {dagbag.py:540} INFO - Filling up the DagBag from /home/airflow/.local/lib/python3.12/site-packages/airflow/example_dags/example_task_group.py
[2025-04-28T02:16:11.306+0000] {processor.py:840} INFO - DAG(s) 'example_task_group' retrieved from /home/airflow/.local/lib/python3.12/site-packages/airflow/example_dags/example_task_group.py
[2025-04-28T02:16:11.314+0000] {logging_mixin.py:188} INFO - [2025-04-28T02:16:11.314+0000] {dag.py:3096} INFO - Sync 1 DAGs
[2025-04-28T02:16:11.322+0000] {logging_mixin.py:188} INFO - [2025-04-28T02:16:11.321+0000] {dag.py:3954} INFO - Setting next_dagrun for example_task_group to 2025-04-27 00:00:00+00:00, run_after=2025-04-28 00:00:00+00:00
[2025-04-28T02:16:11.328+0000] {processor.py:183} INFO - Processing /home/airflow/.local/lib/python3.12/site-packages/airflow/example_dags/example_task_group.py took 0.028 seconds
[2025-04-28T02:16:41.998+0000] {processor.py:161} INFO - Started process (PID=729) to work on /home/airflow/.local/lib/python3.12/site-packages/airflow/example_dags/example_task_group.py
[2025-04-28T02:16:41.998+0000] {processor.py:830} INFO - Processing file /home/airflow/.local/lib/python3.12/site-packages/airflow/example_dags/example_task_group.py for tasks to queue
[2025-04-28T02:16:41.999+0000] {logging_mixin.py:188} INFO - [2025-04-28T02:16:41.999+0000] {dagbag.py:540} INFO - Filling up the DagBag from /home/airflow/.local/lib/python3.12/site-packages/airflow/example_dags/example_task_group.py
[2025-04-28T02:16:42.002+0000] {processor.py:840} INFO - DAG(s) 'example_task_group' retrieved from /home/airflow/.local/lib/python3.12/site-packages/airflow/example_dags/example_task_group.py
[2025-04-28T02:16:42.010+0000] {logging_mixin.py:188} INFO - [2025-04-28T02:16:42.010+0000] {dag.py:3096} INFO - Sync 1 DAGs
[2025-04-28T02:16:42.017+0000] {logging_mixin.py:188} INFO - [2025-04-28T02:16:42.017+0000] {dag.py:3954} INFO - Setting next_dagrun for example_task_group to 2025-04-27 00:00:00+00:00, run_after=2025-04-28 00:00:00+00:00
[2025-04-28T02:16:42.023+0000] {processor.py:183} INFO - Processing /home/airflow/.local/lib/python3.12/site-packages/airflow/example_dags/example_task_group.py took 0.027 seconds
[2025-04-28T02:17:12.753+0000] {processor.py:161} INFO - Started process (PID=788) to work on /home/airflow/.local/lib/python3.12/site-packages/airflow/example_dags/example_task_group.py
[2025-04-28T02:17:12.753+0000] {processor.py:830} INFO - Processing file /home/airflow/.local/lib/python3.12/site-packages/airflow/example_dags/example_task_group.py for tasks to queue
[2025-04-28T02:17:12.754+0000] {logging_mixin.py:188} INFO - [2025-04-28T02:17:12.754+0000] {dagbag.py:540} INFO - Filling up the DagBag from /home/airflow/.local/lib/python3.12/site-packages/airflow/example_dags/example_task_group.py
[2025-04-28T02:17:12.757+0000] {processor.py:840} INFO - DAG(s) 'example_task_group' retrieved from /home/airflow/.local/lib/python3.12/site-packages/airflow/example_dags/example_task_group.py
[2025-04-28T02:17:12.767+0000] {logging_mixin.py:188} INFO - [2025-04-28T02:17:12.766+0000] {dag.py:3096} INFO - Sync 1 DAGs
[2025-04-28T02:17:12.776+0000] {logging_mixin.py:188} INFO - [2025-04-28T02:17:12.776+0000] {dag.py:3954} INFO - Setting next_dagrun for example_task_group to 2025-04-27 00:00:00+00:00, run_after=2025-04-28 00:00:00+00:00
[2025-04-28T02:17:12.788+0000] {processor.py:183} INFO - Processing /home/airflow/.local/lib/python3.12/site-packages/airflow/example_dags/example_task_group.py took 0.038 seconds
[2025-04-28T02:17:43.326+0000] {processor.py:161} INFO - Started process (PID=851) to work on /home/airflow/.local/lib/python3.12/site-packages/airflow/example_dags/example_task_group.py
[2025-04-28T02:17:43.327+0000] {processor.py:830} INFO - Processing file /home/airflow/.local/lib/python3.12/site-packages/airflow/example_dags/example_task_group.py for tasks to queue
[2025-04-28T02:17:43.328+0000] {logging_mixin.py:188} INFO - [2025-04-28T02:17:43.328+0000] {dagbag.py:540} INFO - Filling up the DagBag from /home/airflow/.local/lib/python3.12/site-packages/airflow/example_dags/example_task_group.py
[2025-04-28T02:17:43.331+0000] {processor.py:840} INFO - DAG(s) 'example_task_group' retrieved from /home/airflow/.local/lib/python3.12/site-packages/airflow/example_dags/example_task_group.py
[2025-04-28T02:17:43.342+0000] {logging_mixin.py:188} INFO - [2025-04-28T02:17:43.341+0000] {dag.py:3096} INFO - Sync 1 DAGs
[2025-04-28T02:17:43.352+0000] {logging_mixin.py:188} INFO - [2025-04-28T02:17:43.352+0000] {dag.py:3954} INFO - Setting next_dagrun for example_task_group to 2025-04-27 00:00:00+00:00, run_after=2025-04-28 00:00:00+00:00
[2025-04-28T02:17:43.361+0000] {processor.py:183} INFO - Processing /home/airflow/.local/lib/python3.12/site-packages/airflow/example_dags/example_task_group.py took 0.038 seconds
[2025-04-28T02:18:14.055+0000] {processor.py:161} INFO - Started process (PID=910) to work on /home/airflow/.local/lib/python3.12/site-packages/airflow/example_dags/example_task_group.py
[2025-04-28T02:18:14.056+0000] {processor.py:830} INFO - Processing file /home/airflow/.local/lib/python3.12/site-packages/airflow/example_dags/example_task_group.py for tasks to queue
[2025-04-28T02:18:14.057+0000] {logging_mixin.py:188} INFO - [2025-04-28T02:18:14.056+0000] {dagbag.py:540} INFO - Filling up the DagBag from /home/airflow/.local/lib/python3.12/site-packages/airflow/example_dags/example_task_group.py
[2025-04-28T02:18:14.060+0000] {processor.py:840} INFO - DAG(s) 'example_task_group' retrieved from /home/airflow/.local/lib/python3.12/site-packages/airflow/example_dags/example_task_group.py
[2025-04-28T02:18:14.068+0000] {logging_mixin.py:188} INFO - [2025-04-28T02:18:14.068+0000] {dag.py:3096} INFO - Sync 1 DAGs
[2025-04-28T02:18:14.076+0000] {logging_mixin.py:188} INFO - [2025-04-28T02:18:14.076+0000] {dag.py:3954} INFO - Setting next_dagrun for example_task_group to 2025-04-27 00:00:00+00:00, run_after=2025-04-28 00:00:00+00:00
[2025-04-28T02:18:14.082+0000] {processor.py:183} INFO - Processing /home/airflow/.local/lib/python3.12/site-packages/airflow/example_dags/example_task_group.py took 0.029 seconds
[2025-04-28T02:18:44.817+0000] {processor.py:161} INFO - Started process (PID=969) to work on /home/airflow/.local/lib/python3.12/site-packages/airflow/example_dags/example_task_group.py
[2025-04-28T02:18:44.818+0000] {processor.py:830} INFO - Processing file /home/airflow/.local/lib/python3.12/site-packages/airflow/example_dags/example_task_group.py for tasks to queue
[2025-04-28T02:18:44.819+0000] {logging_mixin.py:188} INFO - [2025-04-28T02:18:44.819+0000] {dagbag.py:540} INFO - Filling up the DagBag from /home/airflow/.local/lib/python3.12/site-packages/airflow/example_dags/example_task_group.py
[2025-04-28T02:18:44.822+0000] {processor.py:840} INFO - DAG(s) 'example_task_group' retrieved from /home/airflow/.local/lib/python3.12/site-packages/airflow/example_dags/example_task_group.py
[2025-04-28T02:18:44.830+0000] {logging_mixin.py:188} INFO - [2025-04-28T02:18:44.830+0000] {dag.py:3096} INFO - Sync 1 DAGs
[2025-04-28T02:18:44.838+0000] {logging_mixin.py:188} INFO - [2025-04-28T02:18:44.838+0000] {dag.py:3954} INFO - Setting next_dagrun for example_task_group to 2025-04-27 00:00:00+00:00, run_after=2025-04-28 00:00:00+00:00
[2025-04-28T02:18:44.844+0000] {processor.py:183} INFO - Processing /home/airflow/.local/lib/python3.12/site-packages/airflow/example_dags/example_task_group.py took 0.029 seconds
[2025-04-28T02:19:15.154+0000] {processor.py:161} INFO - Started process (PID=1028) to work on /home/airflow/.local/lib/python3.12/site-packages/airflow/example_dags/example_task_group.py
[2025-04-28T02:19:15.154+0000] {processor.py:830} INFO - Processing file /home/airflow/.local/lib/python3.12/site-packages/airflow/example_dags/example_task_group.py for tasks to queue
[2025-04-28T02:19:15.155+0000] {logging_mixin.py:188} INFO - [2025-04-28T02:19:15.155+0000] {dagbag.py:540} INFO - Filling up the DagBag from /home/airflow/.local/lib/python3.12/site-packages/airflow/example_dags/example_task_group.py
[2025-04-28T02:19:15.159+0000] {processor.py:840} INFO - DAG(s) 'example_task_group' retrieved from /home/airflow/.local/lib/python3.12/site-packages/airflow/example_dags/example_task_group.py
[2025-04-28T02:19:15.169+0000] {logging_mixin.py:188} INFO - [2025-04-28T02:19:15.169+0000] {dag.py:3096} INFO - Sync 1 DAGs
[2025-04-28T02:19:15.177+0000] {logging_mixin.py:188} INFO - [2025-04-28T02:19:15.177+0000] {dag.py:3954} INFO - Setting next_dagrun for example_task_group to 2025-04-27 00:00:00+00:00, run_after=2025-04-28 00:00:00+00:00
[2025-04-28T02:19:15.184+0000] {processor.py:183} INFO - Processing /home/airflow/.local/lib/python3.12/site-packages/airflow/example_dags/example_task_group.py took 0.033 seconds
[2025-04-28T02:19:45.913+0000] {processor.py:161} INFO - Started process (PID=1087) to work on /home/airflow/.local/lib/python3.12/site-packages/airflow/example_dags/example_task_group.py
[2025-04-28T02:19:45.914+0000] {processor.py:830} INFO - Processing file /home/airflow/.local/lib/python3.12/site-packages/airflow/example_dags/example_task_group.py for tasks to queue
[2025-04-28T02:19:45.914+0000] {logging_mixin.py:188} INFO - [2025-04-28T02:19:45.914+0000] {dagbag.py:540} INFO - Filling up the DagBag from /home/airflow/.local/lib/python3.12/site-packages/airflow/example_dags/example_task_group.py
[2025-04-28T02:19:45.917+0000] {processor.py:840} INFO - DAG(s) 'example_task_group' retrieved from /home/airflow/.local/lib/python3.12/site-packages/airflow/example_dags/example_task_group.py
[2025-04-28T02:19:45.992+0000] {logging_mixin.py:188} INFO - [2025-04-28T02:19:45.992+0000] {dag.py:3096} INFO - Sync 1 DAGs
[2025-04-28T02:19:46.002+0000] {logging_mixin.py:188} INFO - [2025-04-28T02:19:46.002+0000] {dag.py:3954} INFO - Setting next_dagrun for example_task_group to 2025-04-27 00:00:00+00:00, run_after=2025-04-28 00:00:00+00:00
[2025-04-28T02:19:46.010+0000] {processor.py:183} INFO - Processing /home/airflow/.local/lib/python3.12/site-packages/airflow/example_dags/example_task_group.py took 0.099 seconds
[2025-04-28T02:20:16.866+0000] {processor.py:161} INFO - Started process (PID=1146) to work on /home/airflow/.local/lib/python3.12/site-packages/airflow/example_dags/example_task_group.py
[2025-04-28T02:20:16.866+0000] {processor.py:830} INFO - Processing file /home/airflow/.local/lib/python3.12/site-packages/airflow/example_dags/example_task_group.py for tasks to queue
[2025-04-28T02:20:16.867+0000] {logging_mixin.py:188} INFO - [2025-04-28T02:20:16.867+0000] {dagbag.py:540} INFO - Filling up the DagBag from /home/airflow/.local/lib/python3.12/site-packages/airflow/example_dags/example_task_group.py
[2025-04-28T02:20:16.869+0000] {processor.py:840} INFO - DAG(s) 'example_task_group' retrieved from /home/airflow/.local/lib/python3.12/site-packages/airflow/example_dags/example_task_group.py
[2025-04-28T02:20:16.878+0000] {logging_mixin.py:188} INFO - [2025-04-28T02:20:16.878+0000] {dag.py:3096} INFO - Sync 1 DAGs
[2025-04-28T02:20:16.886+0000] {logging_mixin.py:188} INFO - [2025-04-28T02:20:16.886+0000] {dag.py:3954} INFO - Setting next_dagrun for example_task_group to 2025-04-27 00:00:00+00:00, run_after=2025-04-28 00:00:00+00:00
[2025-04-28T02:20:16.893+0000] {processor.py:183} INFO - Processing /home/airflow/.local/lib/python3.12/site-packages/airflow/example_dags/example_task_group.py took 0.030 seconds
[2025-04-28T02:20:47.487+0000] {processor.py:161} INFO - Started process (PID=1205) to work on /home/airflow/.local/lib/python3.12/site-packages/airflow/example_dags/example_task_group.py
[2025-04-28T02:20:47.488+0000] {processor.py:830} INFO - Processing file /home/airflow/.local/lib/python3.12/site-packages/airflow/example_dags/example_task_group.py for tasks to queue
[2025-04-28T02:20:47.488+0000] {logging_mixin.py:188} INFO - [2025-04-28T02:20:47.488+0000] {dagbag.py:540} INFO - Filling up the DagBag from /home/airflow/.local/lib/python3.12/site-packages/airflow/example_dags/example_task_group.py
[2025-04-28T02:20:47.491+0000] {processor.py:840} INFO - DAG(s) 'example_task_group' retrieved from /home/airflow/.local/lib/python3.12/site-packages/airflow/example_dags/example_task_group.py
[2025-04-28T02:20:47.500+0000] {logging_mixin.py:188} INFO - [2025-04-28T02:20:47.500+0000] {dag.py:3096} INFO - Sync 1 DAGs
[2025-04-28T02:20:47.508+0000] {logging_mixin.py:188} INFO - [2025-04-28T02:20:47.508+0000] {dag.py:3954} INFO - Setting next_dagrun for example_task_group to 2025-04-27 00:00:00+00:00, run_after=2025-04-28 00:00:00+00:00
[2025-04-28T02:20:47.514+0000] {processor.py:183} INFO - Processing /home/airflow/.local/lib/python3.12/site-packages/airflow/example_dags/example_task_group.py took 0.029 seconds
[2025-04-28T02:21:18.144+0000] {processor.py:161} INFO - Started process (PID=1264) to work on /home/airflow/.local/lib/python3.12/site-packages/airflow/example_dags/example_task_group.py
[2025-04-28T02:21:18.144+0000] {processor.py:830} INFO - Processing file /home/airflow/.local/lib/python3.12/site-packages/airflow/example_dags/example_task_group.py for tasks to queue
[2025-04-28T02:21:18.145+0000] {logging_mixin.py:188} INFO - [2025-04-28T02:21:18.145+0000] {dagbag.py:540} INFO - Filling up the DagBag from /home/airflow/.local/lib/python3.12/site-packages/airflow/example_dags/example_task_group.py
[2025-04-28T02:21:18.148+0000] {processor.py:840} INFO - DAG(s) 'example_task_group' retrieved from /home/airflow/.local/lib/python3.12/site-packages/airflow/example_dags/example_task_group.py
[2025-04-28T02:21:18.160+0000] {logging_mixin.py:188} INFO - [2025-04-28T02:21:18.160+0000] {dag.py:3096} INFO - Sync 1 DAGs
[2025-04-28T02:21:18.168+0000] {logging_mixin.py:188} INFO - [2025-04-28T02:21:18.168+0000] {dag.py:3954} INFO - Setting next_dagrun for example_task_group to 2025-04-27 00:00:00+00:00, run_after=2025-04-28 00:00:00+00:00
[2025-04-28T02:21:18.175+0000] {processor.py:183} INFO - Processing /home/airflow/.local/lib/python3.12/site-packages/airflow/example_dags/example_task_group.py took 0.035 seconds
[2025-04-28T02:21:48.681+0000] {processor.py:161} INFO - Started process (PID=1323) to work on /home/airflow/.local/lib/python3.12/site-packages/airflow/example_dags/example_task_group.py
[2025-04-28T02:21:48.681+0000] {processor.py:830} INFO - Processing file /home/airflow/.local/lib/python3.12/site-packages/airflow/example_dags/example_task_group.py for tasks to queue
[2025-04-28T02:21:48.682+0000] {logging_mixin.py:188} INFO - [2025-04-28T02:21:48.682+0000] {dagbag.py:540} INFO - Filling up the DagBag from /home/airflow/.local/lib/python3.12/site-packages/airflow/example_dags/example_task_group.py
[2025-04-28T02:21:48.685+0000] {processor.py:840} INFO - DAG(s) 'example_task_group' retrieved from /home/airflow/.local/lib/python3.12/site-packages/airflow/example_dags/example_task_group.py
[2025-04-28T02:21:48.693+0000] {logging_mixin.py:188} INFO - [2025-04-28T02:21:48.693+0000] {dag.py:3096} INFO - Sync 1 DAGs
[2025-04-28T02:21:48.701+0000] {logging_mixin.py:188} INFO - [2025-04-28T02:21:48.701+0000] {dag.py:3954} INFO - Setting next_dagrun for example_task_group to 2025-04-27 00:00:00+00:00, run_after=2025-04-28 00:00:00+00:00
[2025-04-28T02:21:48.707+0000] {processor.py:183} INFO - Processing /home/airflow/.local/lib/python3.12/site-packages/airflow/example_dags/example_task_group.py took 0.029 seconds
[2025-04-28T02:22:19.284+0000] {processor.py:161} INFO - Started process (PID=1382) to work on /home/airflow/.local/lib/python3.12/site-packages/airflow/example_dags/example_task_group.py
[2025-04-28T02:22:19.285+0000] {processor.py:830} INFO - Processing file /home/airflow/.local/lib/python3.12/site-packages/airflow/example_dags/example_task_group.py for tasks to queue
[2025-04-28T02:22:19.286+0000] {logging_mixin.py:188} INFO - [2025-04-28T02:22:19.285+0000] {dagbag.py:540} INFO - Filling up the DagBag from /home/airflow/.local/lib/python3.12/site-packages/airflow/example_dags/example_task_group.py
[2025-04-28T02:22:19.288+0000] {processor.py:840} INFO - DAG(s) 'example_task_group' retrieved from /home/airflow/.local/lib/python3.12/site-packages/airflow/example_dags/example_task_group.py
[2025-04-28T02:22:19.297+0000] {logging_mixin.py:188} INFO - [2025-04-28T02:22:19.297+0000] {dag.py:3096} INFO - Sync 1 DAGs
[2025-04-28T02:22:19.305+0000] {logging_mixin.py:188} INFO - [2025-04-28T02:22:19.305+0000] {dag.py:3954} INFO - Setting next_dagrun for example_task_group to 2025-04-27 00:00:00+00:00, run_after=2025-04-28 00:00:00+00:00
[2025-04-28T02:22:19.312+0000] {processor.py:183} INFO - Processing /home/airflow/.local/lib/python3.12/site-packages/airflow/example_dags/example_task_group.py took 0.030 seconds
[2025-04-28T02:22:49.730+0000] {processor.py:161} INFO - Started process (PID=1441) to work on /home/airflow/.local/lib/python3.12/site-packages/airflow/example_dags/example_task_group.py
[2025-04-28T02:22:49.730+0000] {processor.py:830} INFO - Processing file /home/airflow/.local/lib/python3.12/site-packages/airflow/example_dags/example_task_group.py for tasks to queue
[2025-04-28T02:22:49.731+0000] {logging_mixin.py:188} INFO - [2025-04-28T02:22:49.731+0000] {dagbag.py:540} INFO - Filling up the DagBag from /home/airflow/.local/lib/python3.12/site-packages/airflow/example_dags/example_task_group.py
[2025-04-28T02:22:49.734+0000] {processor.py:840} INFO - DAG(s) 'example_task_group' retrieved from /home/airflow/.local/lib/python3.12/site-packages/airflow/example_dags/example_task_group.py
[2025-04-28T02:22:49.743+0000] {logging_mixin.py:188} INFO - [2025-04-28T02:22:49.743+0000] {dag.py:3096} INFO - Sync 1 DAGs
[2025-04-28T02:22:49.751+0000] {logging_mixin.py:188} INFO - [2025-04-28T02:22:49.750+0000] {dag.py:3954} INFO - Setting next_dagrun for example_task_group to 2025-04-27 00:00:00+00:00, run_after=2025-04-28 00:00:00+00:00
[2025-04-28T02:22:49.760+0000] {processor.py:183} INFO - Processing /home/airflow/.local/lib/python3.12/site-packages/airflow/example_dags/example_task_group.py took 0.032 seconds
[2025-04-28T02:23:20.418+0000] {processor.py:161} INFO - Started process (PID=1500) to work on /home/airflow/.local/lib/python3.12/site-packages/airflow/example_dags/example_task_group.py
[2025-04-28T02:23:20.418+0000] {processor.py:830} INFO - Processing file /home/airflow/.local/lib/python3.12/site-packages/airflow/example_dags/example_task_group.py for tasks to queue
[2025-04-28T02:23:20.419+0000] {logging_mixin.py:188} INFO - [2025-04-28T02:23:20.419+0000] {dagbag.py:540} INFO - Filling up the DagBag from /home/airflow/.local/lib/python3.12/site-packages/airflow/example_dags/example_task_group.py
[2025-04-28T02:23:20.422+0000] {processor.py:840} INFO - DAG(s) 'example_task_group' retrieved from /home/airflow/.local/lib/python3.12/site-packages/airflow/example_dags/example_task_group.py
[2025-04-28T02:23:20.430+0000] {logging_mixin.py:188} INFO - [2025-04-28T02:23:20.430+0000] {dag.py:3096} INFO - Sync 1 DAGs
[2025-04-28T02:23:20.438+0000] {logging_mixin.py:188} INFO - [2025-04-28T02:23:20.438+0000] {dag.py:3954} INFO - Setting next_dagrun for example_task_group to 2025-04-27 00:00:00+00:00, run_after=2025-04-28 00:00:00+00:00
[2025-04-28T02:23:20.444+0000] {processor.py:183} INFO - Processing /home/airflow/.local/lib/python3.12/site-packages/airflow/example_dags/example_task_group.py took 0.029 seconds
