[2025-04-28T02:11:02.678+0000] {processor.py:161} INFO - Started process (PID=67) to work on /home/airflow/.local/lib/python3.12/site-packages/airflow/example_dags/example_bash_operator.py
[2025-04-28T02:11:02.679+0000] {processor.py:830} INFO - Processing file /home/airflow/.local/lib/python3.12/site-packages/airflow/example_dags/example_bash_operator.py for tasks to queue
[2025-04-28T02:11:02.680+0000] {logging_mixin.py:188} INFO - [2025-04-28T02:11:02.680+0000] {dagbag.py:540} INFO - Filling up the DagBag from /home/airflow/.local/lib/python3.12/site-packages/airflow/example_dags/example_bash_operator.py
[2025-04-28T02:11:02.687+0000] {processor.py:840} INFO - DAG(s) 'example_bash_operator' retrieved from /home/airflow/.local/lib/python3.12/site-packages/airflow/example_dags/example_bash_operator.py
[2025-04-28T02:11:02.692+0000] {logging_mixin.py:188} INFO - [2025-04-28T02:11:02.692+0000] {dag.py:3096} INFO - Sync 1 DAGs
[2025-04-28T02:11:02.708+0000] {logging_mixin.py:188} INFO - [2025-04-28T02:11:02.708+0000] {dag.py:3954} INFO - Setting next_dagrun for example_bash_operator to 2025-04-27 00:00:00+00:00, run_after=2025-04-28 00:00:00+00:00
[2025-04-28T02:11:02.719+0000] {processor.py:183} INFO - Processing /home/airflow/.local/lib/python3.12/site-packages/airflow/example_dags/example_bash_operator.py took 0.044 seconds
[2025-04-28T02:11:33.209+0000] {processor.py:161} INFO - Started process (PID=125) to work on /home/airflow/.local/lib/python3.12/site-packages/airflow/example_dags/example_bash_operator.py
[2025-04-28T02:11:33.210+0000] {processor.py:830} INFO - Processing file /home/airflow/.local/lib/python3.12/site-packages/airflow/example_dags/example_bash_operator.py for tasks to queue
[2025-04-28T02:11:33.210+0000] {logging_mixin.py:188} INFO - [2025-04-28T02:11:33.210+0000] {dagbag.py:540} INFO - Filling up the DagBag from /home/airflow/.local/lib/python3.12/site-packages/airflow/example_dags/example_bash_operator.py
[2025-04-28T02:11:33.214+0000] {processor.py:840} INFO - DAG(s) 'example_bash_operator' retrieved from /home/airflow/.local/lib/python3.12/site-packages/airflow/example_dags/example_bash_operator.py
[2025-04-28T02:11:33.248+0000] {logging_mixin.py:188} INFO - [2025-04-28T02:11:33.248+0000] {dag.py:3096} INFO - Sync 1 DAGs
[2025-04-28T02:11:33.255+0000] {logging_mixin.py:188} INFO - [2025-04-28T02:11:33.254+0000] {dag.py:3954} INFO - Setting next_dagrun for example_bash_operator to 2025-04-27 00:00:00+00:00, run_after=2025-04-28 00:00:00+00:00
[2025-04-28T02:11:33.261+0000] {processor.py:183} INFO - Processing /home/airflow/.local/lib/python3.12/site-packages/airflow/example_dags/example_bash_operator.py took 0.054 seconds
[2025-04-28T02:12:04.063+0000] {processor.py:161} INFO - Started process (PID=183) to work on /home/airflow/.local/lib/python3.12/site-packages/airflow/example_dags/example_bash_operator.py
[2025-04-28T02:12:04.063+0000] {processor.py:830} INFO - Processing file /home/airflow/.local/lib/python3.12/site-packages/airflow/example_dags/example_bash_operator.py for tasks to queue
[2025-04-28T02:12:04.064+0000] {logging_mixin.py:188} INFO - [2025-04-28T02:12:04.064+0000] {dagbag.py:540} INFO - Filling up the DagBag from /home/airflow/.local/lib/python3.12/site-packages/airflow/example_dags/example_bash_operator.py
[2025-04-28T02:12:04.068+0000] {processor.py:840} INFO - DAG(s) 'example_bash_operator' retrieved from /home/airflow/.local/lib/python3.12/site-packages/airflow/example_dags/example_bash_operator.py
[2025-04-28T02:12:04.076+0000] {logging_mixin.py:188} INFO - [2025-04-28T02:12:04.076+0000] {dag.py:3096} INFO - Sync 1 DAGs
[2025-04-28T02:12:04.083+0000] {logging_mixin.py:188} INFO - [2025-04-28T02:12:04.083+0000] {dag.py:3954} INFO - Setting next_dagrun for example_bash_operator to 2025-04-27 00:00:00+00:00, run_after=2025-04-28 00:00:00+00:00
[2025-04-28T02:12:04.089+0000] {processor.py:183} INFO - Processing /home/airflow/.local/lib/python3.12/site-packages/airflow/example_dags/example_bash_operator.py took 0.028 seconds
[2025-04-28T02:12:34.588+0000] {processor.py:161} INFO - Started process (PID=247) to work on /home/airflow/.local/lib/python3.12/site-packages/airflow/example_dags/example_bash_operator.py
[2025-04-28T02:12:34.589+0000] {processor.py:830} INFO - Processing file /home/airflow/.local/lib/python3.12/site-packages/airflow/example_dags/example_bash_operator.py for tasks to queue
[2025-04-28T02:12:34.589+0000] {logging_mixin.py:188} INFO - [2025-04-28T02:12:34.589+0000] {dagbag.py:540} INFO - Filling up the DagBag from /home/airflow/.local/lib/python3.12/site-packages/airflow/example_dags/example_bash_operator.py
[2025-04-28T02:12:34.593+0000] {processor.py:840} INFO - DAG(s) 'example_bash_operator' retrieved from /home/airflow/.local/lib/python3.12/site-packages/airflow/example_dags/example_bash_operator.py
[2025-04-28T02:12:34.603+0000] {logging_mixin.py:188} INFO - [2025-04-28T02:12:34.603+0000] {dag.py:3096} INFO - Sync 1 DAGs
[2025-04-28T02:12:34.610+0000] {logging_mixin.py:188} INFO - [2025-04-28T02:12:34.610+0000] {dag.py:3954} INFO - Setting next_dagrun for example_bash_operator to 2025-04-27 00:00:00+00:00, run_after=2025-04-28 00:00:00+00:00
[2025-04-28T02:12:34.616+0000] {processor.py:183} INFO - Processing /home/airflow/.local/lib/python3.12/site-packages/airflow/example_dags/example_bash_operator.py took 0.030 seconds
[2025-04-28T02:13:05.083+0000] {processor.py:161} INFO - Started process (PID=305) to work on /home/airflow/.local/lib/python3.12/site-packages/airflow/example_dags/example_bash_operator.py
[2025-04-28T02:13:05.087+0000] {processor.py:830} INFO - Processing file /home/airflow/.local/lib/python3.12/site-packages/airflow/example_dags/example_bash_operator.py for tasks to queue
[2025-04-28T02:13:05.088+0000] {logging_mixin.py:188} INFO - [2025-04-28T02:13:05.088+0000] {dagbag.py:540} INFO - Filling up the DagBag from /home/airflow/.local/lib/python3.12/site-packages/airflow/example_dags/example_bash_operator.py
[2025-04-28T02:13:05.093+0000] {processor.py:840} INFO - DAG(s) 'example_bash_operator' retrieved from /home/airflow/.local/lib/python3.12/site-packages/airflow/example_dags/example_bash_operator.py
[2025-04-28T02:13:05.104+0000] {logging_mixin.py:188} INFO - [2025-04-28T02:13:05.104+0000] {dag.py:3096} INFO - Sync 1 DAGs
[2025-04-28T02:13:05.114+0000] {logging_mixin.py:188} INFO - [2025-04-28T02:13:05.114+0000] {dag.py:3954} INFO - Setting next_dagrun for example_bash_operator to 2025-04-27 00:00:00+00:00, run_after=2025-04-28 00:00:00+00:00
[2025-04-28T02:13:05.122+0000] {processor.py:183} INFO - Processing /home/airflow/.local/lib/python3.12/site-packages/airflow/example_dags/example_bash_operator.py took 0.041 seconds
[2025-04-28T02:13:35.586+0000] {processor.py:161} INFO - Started process (PID=363) to work on /home/airflow/.local/lib/python3.12/site-packages/airflow/example_dags/example_bash_operator.py
[2025-04-28T02:13:35.587+0000] {processor.py:830} INFO - Processing file /home/airflow/.local/lib/python3.12/site-packages/airflow/example_dags/example_bash_operator.py for tasks to queue
[2025-04-28T02:13:35.588+0000] {logging_mixin.py:188} INFO - [2025-04-28T02:13:35.588+0000] {dagbag.py:540} INFO - Filling up the DagBag from /home/airflow/.local/lib/python3.12/site-packages/airflow/example_dags/example_bash_operator.py
[2025-04-28T02:13:35.593+0000] {processor.py:840} INFO - DAG(s) 'example_bash_operator' retrieved from /home/airflow/.local/lib/python3.12/site-packages/airflow/example_dags/example_bash_operator.py
[2025-04-28T02:13:35.604+0000] {logging_mixin.py:188} INFO - [2025-04-28T02:13:35.604+0000] {dag.py:3096} INFO - Sync 1 DAGs
[2025-04-28T02:13:35.613+0000] {logging_mixin.py:188} INFO - [2025-04-28T02:13:35.613+0000] {dag.py:3954} INFO - Setting next_dagrun for example_bash_operator to 2025-04-27 00:00:00+00:00, run_after=2025-04-28 00:00:00+00:00
[2025-04-28T02:13:35.619+0000] {processor.py:183} INFO - Processing /home/airflow/.local/lib/python3.12/site-packages/airflow/example_dags/example_bash_operator.py took 0.035 seconds
[2025-04-28T02:14:06.092+0000] {processor.py:161} INFO - Started process (PID=421) to work on /home/airflow/.local/lib/python3.12/site-packages/airflow/example_dags/example_bash_operator.py
[2025-04-28T02:14:06.093+0000] {processor.py:830} INFO - Processing file /home/airflow/.local/lib/python3.12/site-packages/airflow/example_dags/example_bash_operator.py for tasks to queue
[2025-04-28T02:14:06.094+0000] {logging_mixin.py:188} INFO - [2025-04-28T02:14:06.094+0000] {dagbag.py:540} INFO - Filling up the DagBag from /home/airflow/.local/lib/python3.12/site-packages/airflow/example_dags/example_bash_operator.py
[2025-04-28T02:14:06.099+0000] {processor.py:840} INFO - DAG(s) 'example_bash_operator' retrieved from /home/airflow/.local/lib/python3.12/site-packages/airflow/example_dags/example_bash_operator.py
[2025-04-28T02:14:06.107+0000] {logging_mixin.py:188} INFO - [2025-04-28T02:14:06.107+0000] {dag.py:3096} INFO - Sync 1 DAGs
[2025-04-28T02:14:06.117+0000] {logging_mixin.py:188} INFO - [2025-04-28T02:14:06.117+0000] {dag.py:3954} INFO - Setting next_dagrun for example_bash_operator to 2025-04-27 00:00:00+00:00, run_after=2025-04-28 00:00:00+00:00
[2025-04-28T02:14:06.125+0000] {processor.py:183} INFO - Processing /home/airflow/.local/lib/python3.12/site-packages/airflow/example_dags/example_bash_operator.py took 0.035 seconds
[2025-04-28T02:14:36.582+0000] {processor.py:161} INFO - Started process (PID=479) to work on /home/airflow/.local/lib/python3.12/site-packages/airflow/example_dags/example_bash_operator.py
[2025-04-28T02:14:36.582+0000] {processor.py:830} INFO - Processing file /home/airflow/.local/lib/python3.12/site-packages/airflow/example_dags/example_bash_operator.py for tasks to queue
[2025-04-28T02:14:36.583+0000] {logging_mixin.py:188} INFO - [2025-04-28T02:14:36.583+0000] {dagbag.py:540} INFO - Filling up the DagBag from /home/airflow/.local/lib/python3.12/site-packages/airflow/example_dags/example_bash_operator.py
[2025-04-28T02:14:36.589+0000] {processor.py:840} INFO - DAG(s) 'example_bash_operator' retrieved from /home/airflow/.local/lib/python3.12/site-packages/airflow/example_dags/example_bash_operator.py
[2025-04-28T02:14:36.595+0000] {logging_mixin.py:188} INFO - [2025-04-28T02:14:36.595+0000] {dag.py:3096} INFO - Sync 1 DAGs
[2025-04-28T02:14:36.605+0000] {logging_mixin.py:188} INFO - [2025-04-28T02:14:36.605+0000] {dag.py:3954} INFO - Setting next_dagrun for example_bash_operator to 2025-04-27 00:00:00+00:00, run_after=2025-04-28 00:00:00+00:00
[2025-04-28T02:14:36.613+0000] {processor.py:183} INFO - Processing /home/airflow/.local/lib/python3.12/site-packages/airflow/example_dags/example_bash_operator.py took 0.033 seconds
[2025-04-28T02:15:08.251+0000] {processor.py:161} INFO - Started process (PID=537) to work on /home/airflow/.local/lib/python3.12/site-packages/airflow/example_dags/example_bash_operator.py
[2025-04-28T02:15:08.251+0000] {processor.py:830} INFO - Processing file /home/airflow/.local/lib/python3.12/site-packages/airflow/example_dags/example_bash_operator.py for tasks to queue
[2025-04-28T02:15:08.252+0000] {logging_mixin.py:188} INFO - [2025-04-28T02:15:08.252+0000] {dagbag.py:540} INFO - Filling up the DagBag from /home/airflow/.local/lib/python3.12/site-packages/airflow/example_dags/example_bash_operator.py
[2025-04-28T02:15:08.258+0000] {processor.py:840} INFO - DAG(s) 'example_bash_operator' retrieved from /home/airflow/.local/lib/python3.12/site-packages/airflow/example_dags/example_bash_operator.py
[2025-04-28T02:15:08.371+0000] {logging_mixin.py:188} INFO - [2025-04-28T02:15:08.371+0000] {dag.py:3096} INFO - Sync 1 DAGs
[2025-04-28T02:15:08.377+0000] {logging_mixin.py:188} INFO - [2025-04-28T02:15:08.377+0000] {dag.py:3954} INFO - Setting next_dagrun for example_bash_operator to 2025-04-27 00:00:00+00:00, run_after=2025-04-28 00:00:00+00:00
[2025-04-28T02:15:08.384+0000] {processor.py:183} INFO - Processing /home/airflow/.local/lib/python3.12/site-packages/airflow/example_dags/example_bash_operator.py took 0.136 seconds
[2025-04-28T02:15:39.299+0000] {processor.py:161} INFO - Started process (PID=595) to work on /home/airflow/.local/lib/python3.12/site-packages/airflow/example_dags/example_bash_operator.py
[2025-04-28T02:15:39.299+0000] {processor.py:830} INFO - Processing file /home/airflow/.local/lib/python3.12/site-packages/airflow/example_dags/example_bash_operator.py for tasks to queue
[2025-04-28T02:15:39.300+0000] {logging_mixin.py:188} INFO - [2025-04-28T02:15:39.300+0000] {dagbag.py:540} INFO - Filling up the DagBag from /home/airflow/.local/lib/python3.12/site-packages/airflow/example_dags/example_bash_operator.py
[2025-04-28T02:15:39.305+0000] {processor.py:840} INFO - DAG(s) 'example_bash_operator' retrieved from /home/airflow/.local/lib/python3.12/site-packages/airflow/example_dags/example_bash_operator.py
[2025-04-28T02:15:39.316+0000] {logging_mixin.py:188} INFO - [2025-04-28T02:15:39.316+0000] {dag.py:3096} INFO - Sync 1 DAGs
[2025-04-28T02:15:39.324+0000] {logging_mixin.py:188} INFO - [2025-04-28T02:15:39.324+0000] {dag.py:3954} INFO - Setting next_dagrun for example_bash_operator to 2025-04-27 00:00:00+00:00, run_after=2025-04-28 00:00:00+00:00
[2025-04-28T02:15:39.331+0000] {processor.py:183} INFO - Processing /home/airflow/.local/lib/python3.12/site-packages/airflow/example_dags/example_bash_operator.py took 0.034 seconds
[2025-04-28T02:16:09.831+0000] {processor.py:161} INFO - Started process (PID=653) to work on /home/airflow/.local/lib/python3.12/site-packages/airflow/example_dags/example_bash_operator.py
[2025-04-28T02:16:09.832+0000] {processor.py:830} INFO - Processing file /home/airflow/.local/lib/python3.12/site-packages/airflow/example_dags/example_bash_operator.py for tasks to queue
[2025-04-28T02:16:09.832+0000] {logging_mixin.py:188} INFO - [2025-04-28T02:16:09.832+0000] {dagbag.py:540} INFO - Filling up the DagBag from /home/airflow/.local/lib/python3.12/site-packages/airflow/example_dags/example_bash_operator.py
[2025-04-28T02:16:09.837+0000] {processor.py:840} INFO - DAG(s) 'example_bash_operator' retrieved from /home/airflow/.local/lib/python3.12/site-packages/airflow/example_dags/example_bash_operator.py
[2025-04-28T02:16:09.850+0000] {logging_mixin.py:188} INFO - [2025-04-28T02:16:09.850+0000] {dag.py:3096} INFO - Sync 1 DAGs
[2025-04-28T02:16:09.859+0000] {logging_mixin.py:188} INFO - [2025-04-28T02:16:09.859+0000] {dag.py:3954} INFO - Setting next_dagrun for example_bash_operator to 2025-04-27 00:00:00+00:00, run_after=2025-04-28 00:00:00+00:00
[2025-04-28T02:16:09.868+0000] {processor.py:183} INFO - Processing /home/airflow/.local/lib/python3.12/site-packages/airflow/example_dags/example_bash_operator.py took 0.040 seconds
[2025-04-28T02:16:40.635+0000] {processor.py:161} INFO - Started process (PID=712) to work on /home/airflow/.local/lib/python3.12/site-packages/airflow/example_dags/example_bash_operator.py
[2025-04-28T02:16:40.635+0000] {processor.py:830} INFO - Processing file /home/airflow/.local/lib/python3.12/site-packages/airflow/example_dags/example_bash_operator.py for tasks to queue
[2025-04-28T02:16:40.636+0000] {logging_mixin.py:188} INFO - [2025-04-28T02:16:40.636+0000] {dagbag.py:540} INFO - Filling up the DagBag from /home/airflow/.local/lib/python3.12/site-packages/airflow/example_dags/example_bash_operator.py
[2025-04-28T02:16:40.641+0000] {processor.py:840} INFO - DAG(s) 'example_bash_operator' retrieved from /home/airflow/.local/lib/python3.12/site-packages/airflow/example_dags/example_bash_operator.py
[2025-04-28T02:16:40.651+0000] {logging_mixin.py:188} INFO - [2025-04-28T02:16:40.651+0000] {dag.py:3096} INFO - Sync 1 DAGs
[2025-04-28T02:16:40.659+0000] {logging_mixin.py:188} INFO - [2025-04-28T02:16:40.659+0000] {dag.py:3954} INFO - Setting next_dagrun for example_bash_operator to 2025-04-27 00:00:00+00:00, run_after=2025-04-28 00:00:00+00:00
[2025-04-28T02:16:40.666+0000] {processor.py:183} INFO - Processing /home/airflow/.local/lib/python3.12/site-packages/airflow/example_dags/example_bash_operator.py took 0.033 seconds
