[2025-04-28T02:11:02.105+0000] {processor.py:161} INFO - Started process (PID=45) to work on /home/airflow/.local/lib/python3.12/site-packages/airflow/example_dags/example_latest_only_with_trigger.py
[2025-04-28T02:11:02.107+0000] {processor.py:830} INFO - Processing file /home/airflow/.local/lib/python3.12/site-packages/airflow/example_dags/example_latest_only_with_trigger.py for tasks to queue
[2025-04-28T02:11:02.108+0000] {logging_mixin.py:188} INFO - [2025-04-28T02:11:02.108+0000] {dagbag.py:540} INFO - Filling up the DagBag from /home/airflow/.local/lib/python3.12/site-packages/airflow/example_dags/example_latest_only_with_trigger.py
[2025-04-28T02:11:02.123+0000] {processor.py:840} INFO - DAG(s) 'latest_only_with_trigger' retrieved from /home/airflow/.local/lib/python3.12/site-packages/airflow/example_dags/example_latest_only_with_trigger.py
[2025-04-28T02:11:02.135+0000] {logging_mixin.py:188} INFO - [2025-04-28T02:11:02.135+0000] {dag.py:3096} INFO - Sync 1 DAGs
[2025-04-28T02:11:02.145+0000] {logging_mixin.py:188} INFO - [2025-04-28T02:11:02.145+0000] {dag.py:3954} INFO - Setting next_dagrun for latest_only_with_trigger to 2025-04-27 20:00:00+00:00, run_after=2025-04-28 00:00:00+00:00
[2025-04-28T02:11:02.153+0000] {processor.py:183} INFO - Processing /home/airflow/.local/lib/python3.12/site-packages/airflow/example_dags/example_latest_only_with_trigger.py took 0.050 seconds
[2025-04-28T02:11:32.311+0000] {processor.py:161} INFO - Started process (PID=103) to work on /home/airflow/.local/lib/python3.12/site-packages/airflow/example_dags/example_latest_only_with_trigger.py
[2025-04-28T02:11:32.311+0000] {processor.py:830} INFO - Processing file /home/airflow/.local/lib/python3.12/site-packages/airflow/example_dags/example_latest_only_with_trigger.py for tasks to queue
[2025-04-28T02:11:32.312+0000] {logging_mixin.py:188} INFO - [2025-04-28T02:11:32.312+0000] {dagbag.py:540} INFO - Filling up the DagBag from /home/airflow/.local/lib/python3.12/site-packages/airflow/example_dags/example_latest_only_with_trigger.py
[2025-04-28T02:11:32.315+0000] {processor.py:840} INFO - DAG(s) 'latest_only_with_trigger' retrieved from /home/airflow/.local/lib/python3.12/site-packages/airflow/example_dags/example_latest_only_with_trigger.py
[2025-04-28T02:11:32.426+0000] {logging_mixin.py:188} INFO - [2025-04-28T02:11:32.426+0000] {dag.py:3096} INFO - Sync 1 DAGs
[2025-04-28T02:11:32.435+0000] {logging_mixin.py:188} INFO - [2025-04-28T02:11:32.435+0000] {dag.py:3954} INFO - Setting next_dagrun for latest_only_with_trigger to 2025-04-27 20:00:00+00:00, run_after=2025-04-28 00:00:00+00:00
[2025-04-28T02:11:32.444+0000] {processor.py:183} INFO - Processing /home/airflow/.local/lib/python3.12/site-packages/airflow/example_dags/example_latest_only_with_trigger.py took 0.138 seconds
[2025-04-28T02:12:02.455+0000] {processor.py:161} INFO - Started process (PID=161) to work on /home/airflow/.local/lib/python3.12/site-packages/airflow/example_dags/example_latest_only_with_trigger.py
[2025-04-28T02:12:02.456+0000] {processor.py:830} INFO - Processing file /home/airflow/.local/lib/python3.12/site-packages/airflow/example_dags/example_latest_only_with_trigger.py for tasks to queue
[2025-04-28T02:12:02.457+0000] {logging_mixin.py:188} INFO - [2025-04-28T02:12:02.456+0000] {dagbag.py:540} INFO - Filling up the DagBag from /home/airflow/.local/lib/python3.12/site-packages/airflow/example_dags/example_latest_only_with_trigger.py
[2025-04-28T02:12:02.459+0000] {processor.py:840} INFO - DAG(s) 'latest_only_with_trigger' retrieved from /home/airflow/.local/lib/python3.12/site-packages/airflow/example_dags/example_latest_only_with_trigger.py
[2025-04-28T02:12:02.471+0000] {logging_mixin.py:188} INFO - [2025-04-28T02:12:02.471+0000] {dag.py:3096} INFO - Sync 1 DAGs
[2025-04-28T02:12:02.479+0000] {logging_mixin.py:188} INFO - [2025-04-28T02:12:02.479+0000] {dag.py:3954} INFO - Setting next_dagrun for latest_only_with_trigger to 2025-04-27 20:00:00+00:00, run_after=2025-04-28 00:00:00+00:00
[2025-04-28T02:12:02.487+0000] {processor.py:183} INFO - Processing /home/airflow/.local/lib/python3.12/site-packages/airflow/example_dags/example_latest_only_with_trigger.py took 0.034 seconds
[2025-04-28T02:12:33.049+0000] {processor.py:161} INFO - Started process (PID=219) to work on /home/airflow/.local/lib/python3.12/site-packages/airflow/example_dags/example_latest_only_with_trigger.py
[2025-04-28T02:12:33.049+0000] {processor.py:830} INFO - Processing file /home/airflow/.local/lib/python3.12/site-packages/airflow/example_dags/example_latest_only_with_trigger.py for tasks to queue
[2025-04-28T02:12:33.050+0000] {logging_mixin.py:188} INFO - [2025-04-28T02:12:33.050+0000] {dagbag.py:540} INFO - Filling up the DagBag from /home/airflow/.local/lib/python3.12/site-packages/airflow/example_dags/example_latest_only_with_trigger.py
[2025-04-28T02:12:33.052+0000] {processor.py:840} INFO - DAG(s) 'latest_only_with_trigger' retrieved from /home/airflow/.local/lib/python3.12/site-packages/airflow/example_dags/example_latest_only_with_trigger.py
[2025-04-28T02:12:33.067+0000] {logging_mixin.py:188} INFO - [2025-04-28T02:12:33.067+0000] {dag.py:3096} INFO - Sync 1 DAGs
[2025-04-28T02:12:33.076+0000] {logging_mixin.py:188} INFO - [2025-04-28T02:12:33.076+0000] {dag.py:3954} INFO - Setting next_dagrun for latest_only_with_trigger to 2025-04-27 20:00:00+00:00, run_after=2025-04-28 00:00:00+00:00
[2025-04-28T02:12:33.086+0000] {processor.py:183} INFO - Processing /home/airflow/.local/lib/python3.12/site-packages/airflow/example_dags/example_latest_only_with_trigger.py took 0.040 seconds
[2025-04-28T02:13:03.488+0000] {processor.py:161} INFO - Started process (PID=277) to work on /home/airflow/.local/lib/python3.12/site-packages/airflow/example_dags/example_latest_only_with_trigger.py
[2025-04-28T02:13:03.489+0000] {processor.py:830} INFO - Processing file /home/airflow/.local/lib/python3.12/site-packages/airflow/example_dags/example_latest_only_with_trigger.py for tasks to queue
[2025-04-28T02:13:03.490+0000] {logging_mixin.py:188} INFO - [2025-04-28T02:13:03.490+0000] {dagbag.py:540} INFO - Filling up the DagBag from /home/airflow/.local/lib/python3.12/site-packages/airflow/example_dags/example_latest_only_with_trigger.py
[2025-04-28T02:13:03.493+0000] {processor.py:840} INFO - DAG(s) 'latest_only_with_trigger' retrieved from /home/airflow/.local/lib/python3.12/site-packages/airflow/example_dags/example_latest_only_with_trigger.py
[2025-04-28T02:13:03.507+0000] {logging_mixin.py:188} INFO - [2025-04-28T02:13:03.506+0000] {dag.py:3096} INFO - Sync 1 DAGs
[2025-04-28T02:13:03.515+0000] {logging_mixin.py:188} INFO - [2025-04-28T02:13:03.515+0000] {dag.py:3954} INFO - Setting next_dagrun for latest_only_with_trigger to 2025-04-27 20:00:00+00:00, run_after=2025-04-28 00:00:00+00:00
[2025-04-28T02:13:03.526+0000] {processor.py:183} INFO - Processing /home/airflow/.local/lib/python3.12/site-packages/airflow/example_dags/example_latest_only_with_trigger.py took 0.042 seconds
[2025-04-28T02:13:33.988+0000] {processor.py:161} INFO - Started process (PID=335) to work on /home/airflow/.local/lib/python3.12/site-packages/airflow/example_dags/example_latest_only_with_trigger.py
[2025-04-28T02:13:33.989+0000] {processor.py:830} INFO - Processing file /home/airflow/.local/lib/python3.12/site-packages/airflow/example_dags/example_latest_only_with_trigger.py for tasks to queue
[2025-04-28T02:13:33.990+0000] {logging_mixin.py:188} INFO - [2025-04-28T02:13:33.989+0000] {dagbag.py:540} INFO - Filling up the DagBag from /home/airflow/.local/lib/python3.12/site-packages/airflow/example_dags/example_latest_only_with_trigger.py
[2025-04-28T02:13:33.992+0000] {processor.py:840} INFO - DAG(s) 'latest_only_with_trigger' retrieved from /home/airflow/.local/lib/python3.12/site-packages/airflow/example_dags/example_latest_only_with_trigger.py
[2025-04-28T02:13:34.003+0000] {logging_mixin.py:188} INFO - [2025-04-28T02:13:34.003+0000] {dag.py:3096} INFO - Sync 1 DAGs
[2025-04-28T02:13:34.010+0000] {logging_mixin.py:188} INFO - [2025-04-28T02:13:34.010+0000] {dag.py:3954} INFO - Setting next_dagrun for latest_only_with_trigger to 2025-04-27 20:00:00+00:00, run_after=2025-04-28 00:00:00+00:00
[2025-04-28T02:13:34.021+0000] {processor.py:183} INFO - Processing /home/airflow/.local/lib/python3.12/site-packages/airflow/example_dags/example_latest_only_with_trigger.py took 0.036 seconds
[2025-04-28T02:14:04.475+0000] {processor.py:161} INFO - Started process (PID=393) to work on /home/airflow/.local/lib/python3.12/site-packages/airflow/example_dags/example_latest_only_with_trigger.py
[2025-04-28T02:14:04.478+0000] {processor.py:830} INFO - Processing file /home/airflow/.local/lib/python3.12/site-packages/airflow/example_dags/example_latest_only_with_trigger.py for tasks to queue
[2025-04-28T02:14:04.480+0000] {logging_mixin.py:188} INFO - [2025-04-28T02:14:04.480+0000] {dagbag.py:540} INFO - Filling up the DagBag from /home/airflow/.local/lib/python3.12/site-packages/airflow/example_dags/example_latest_only_with_trigger.py
[2025-04-28T02:14:04.483+0000] {processor.py:840} INFO - DAG(s) 'latest_only_with_trigger' retrieved from /home/airflow/.local/lib/python3.12/site-packages/airflow/example_dags/example_latest_only_with_trigger.py
[2025-04-28T02:14:04.491+0000] {logging_mixin.py:188} INFO - [2025-04-28T02:14:04.490+0000] {dag.py:3096} INFO - Sync 1 DAGs
[2025-04-28T02:14:04.502+0000] {logging_mixin.py:188} INFO - [2025-04-28T02:14:04.502+0000] {dag.py:3954} INFO - Setting next_dagrun for latest_only_with_trigger to 2025-04-27 20:00:00+00:00, run_after=2025-04-28 00:00:00+00:00
[2025-04-28T02:14:04.515+0000] {processor.py:183} INFO - Processing /home/airflow/.local/lib/python3.12/site-packages/airflow/example_dags/example_latest_only_with_trigger.py took 0.043 seconds
[2025-04-28T02:14:34.977+0000] {processor.py:161} INFO - Started process (PID=457) to work on /home/airflow/.local/lib/python3.12/site-packages/airflow/example_dags/example_latest_only_with_trigger.py
[2025-04-28T02:14:34.977+0000] {processor.py:830} INFO - Processing file /home/airflow/.local/lib/python3.12/site-packages/airflow/example_dags/example_latest_only_with_trigger.py for tasks to queue
[2025-04-28T02:14:34.979+0000] {logging_mixin.py:188} INFO - [2025-04-28T02:14:34.978+0000] {dagbag.py:540} INFO - Filling up the DagBag from /home/airflow/.local/lib/python3.12/site-packages/airflow/example_dags/example_latest_only_with_trigger.py
[2025-04-28T02:14:34.982+0000] {processor.py:840} INFO - DAG(s) 'latest_only_with_trigger' retrieved from /home/airflow/.local/lib/python3.12/site-packages/airflow/example_dags/example_latest_only_with_trigger.py
[2025-04-28T02:14:34.992+0000] {logging_mixin.py:188} INFO - [2025-04-28T02:14:34.992+0000] {dag.py:3096} INFO - Sync 1 DAGs
[2025-04-28T02:14:35.008+0000] {logging_mixin.py:188} INFO - [2025-04-28T02:14:35.008+0000] {dag.py:3954} INFO - Setting next_dagrun for latest_only_with_trigger to 2025-04-27 20:00:00+00:00, run_after=2025-04-28 00:00:00+00:00
[2025-04-28T02:14:35.019+0000] {processor.py:183} INFO - Processing /home/airflow/.local/lib/python3.12/site-packages/airflow/example_dags/example_latest_only_with_trigger.py took 0.048 seconds
[2025-04-28T02:15:05.410+0000] {processor.py:161} INFO - Started process (PID=515) to work on /home/airflow/.local/lib/python3.12/site-packages/airflow/example_dags/example_latest_only_with_trigger.py
[2025-04-28T02:15:05.411+0000] {processor.py:830} INFO - Processing file /home/airflow/.local/lib/python3.12/site-packages/airflow/example_dags/example_latest_only_with_trigger.py for tasks to queue
[2025-04-28T02:15:05.412+0000] {logging_mixin.py:188} INFO - [2025-04-28T02:15:05.411+0000] {dagbag.py:540} INFO - Filling up the DagBag from /home/airflow/.local/lib/python3.12/site-packages/airflow/example_dags/example_latest_only_with_trigger.py
[2025-04-28T02:15:05.415+0000] {processor.py:840} INFO - DAG(s) 'latest_only_with_trigger' retrieved from /home/airflow/.local/lib/python3.12/site-packages/airflow/example_dags/example_latest_only_with_trigger.py
[2025-04-28T02:15:05.465+0000] {logging_mixin.py:188} INFO - [2025-04-28T02:15:05.465+0000] {dag.py:3096} INFO - Sync 1 DAGs
[2025-04-28T02:15:05.472+0000] {logging_mixin.py:188} INFO - [2025-04-28T02:15:05.472+0000] {dag.py:3954} INFO - Setting next_dagrun for latest_only_with_trigger to 2025-04-27 20:00:00+00:00, run_after=2025-04-28 00:00:00+00:00
[2025-04-28T02:15:05.554+0000] {processor.py:183} INFO - Processing /home/airflow/.local/lib/python3.12/site-packages/airflow/example_dags/example_latest_only_with_trigger.py took 0.149 seconds
[2025-04-28T02:15:35.665+0000] {processor.py:161} INFO - Started process (PID=573) to work on /home/airflow/.local/lib/python3.12/site-packages/airflow/example_dags/example_latest_only_with_trigger.py
[2025-04-28T02:15:35.666+0000] {processor.py:830} INFO - Processing file /home/airflow/.local/lib/python3.12/site-packages/airflow/example_dags/example_latest_only_with_trigger.py for tasks to queue
[2025-04-28T02:15:35.668+0000] {logging_mixin.py:188} INFO - [2025-04-28T02:15:35.668+0000] {dagbag.py:540} INFO - Filling up the DagBag from /home/airflow/.local/lib/python3.12/site-packages/airflow/example_dags/example_latest_only_with_trigger.py
[2025-04-28T02:15:35.671+0000] {processor.py:840} INFO - DAG(s) 'latest_only_with_trigger' retrieved from /home/airflow/.local/lib/python3.12/site-packages/airflow/example_dags/example_latest_only_with_trigger.py
[2025-04-28T02:15:35.688+0000] {logging_mixin.py:188} INFO - [2025-04-28T02:15:35.688+0000] {dag.py:3096} INFO - Sync 1 DAGs
[2025-04-28T02:15:35.698+0000] {logging_mixin.py:188} INFO - [2025-04-28T02:15:35.697+0000] {dag.py:3954} INFO - Setting next_dagrun for latest_only_with_trigger to 2025-04-27 20:00:00+00:00, run_after=2025-04-28 00:00:00+00:00
[2025-04-28T02:15:35.707+0000] {processor.py:183} INFO - Processing /home/airflow/.local/lib/python3.12/site-packages/airflow/example_dags/example_latest_only_with_trigger.py took 0.047 seconds
[2025-04-28T02:16:06.194+0000] {processor.py:161} INFO - Started process (PID=631) to work on /home/airflow/.local/lib/python3.12/site-packages/airflow/example_dags/example_latest_only_with_trigger.py
[2025-04-28T02:16:06.194+0000] {processor.py:830} INFO - Processing file /home/airflow/.local/lib/python3.12/site-packages/airflow/example_dags/example_latest_only_with_trigger.py for tasks to queue
[2025-04-28T02:16:06.196+0000] {logging_mixin.py:188} INFO - [2025-04-28T02:16:06.196+0000] {dagbag.py:540} INFO - Filling up the DagBag from /home/airflow/.local/lib/python3.12/site-packages/airflow/example_dags/example_latest_only_with_trigger.py
[2025-04-28T02:16:06.199+0000] {processor.py:840} INFO - DAG(s) 'latest_only_with_trigger' retrieved from /home/airflow/.local/lib/python3.12/site-packages/airflow/example_dags/example_latest_only_with_trigger.py
[2025-04-28T02:16:06.212+0000] {logging_mixin.py:188} INFO - [2025-04-28T02:16:06.212+0000] {dag.py:3096} INFO - Sync 1 DAGs
[2025-04-28T02:16:06.222+0000] {logging_mixin.py:188} INFO - [2025-04-28T02:16:06.222+0000] {dag.py:3954} INFO - Setting next_dagrun for latest_only_with_trigger to 2025-04-27 20:00:00+00:00, run_after=2025-04-28 00:00:00+00:00
[2025-04-28T02:16:06.234+0000] {processor.py:183} INFO - Processing /home/airflow/.local/lib/python3.12/site-packages/airflow/example_dags/example_latest_only_with_trigger.py took 0.044 seconds
[2025-04-28T02:16:36.786+0000] {processor.py:161} INFO - Started process (PID=690) to work on /home/airflow/.local/lib/python3.12/site-packages/airflow/example_dags/example_latest_only_with_trigger.py
[2025-04-28T02:16:36.787+0000] {processor.py:830} INFO - Processing file /home/airflow/.local/lib/python3.12/site-packages/airflow/example_dags/example_latest_only_with_trigger.py for tasks to queue
[2025-04-28T02:16:36.788+0000] {logging_mixin.py:188} INFO - [2025-04-28T02:16:36.788+0000] {dagbag.py:540} INFO - Filling up the DagBag from /home/airflow/.local/lib/python3.12/site-packages/airflow/example_dags/example_latest_only_with_trigger.py
[2025-04-28T02:16:36.792+0000] {processor.py:840} INFO - DAG(s) 'latest_only_with_trigger' retrieved from /home/airflow/.local/lib/python3.12/site-packages/airflow/example_dags/example_latest_only_with_trigger.py
[2025-04-28T02:16:36.804+0000] {logging_mixin.py:188} INFO - [2025-04-28T02:16:36.804+0000] {dag.py:3096} INFO - Sync 1 DAGs
[2025-04-28T02:16:36.816+0000] {logging_mixin.py:188} INFO - [2025-04-28T02:16:36.816+0000] {dag.py:3954} INFO - Setting next_dagrun for latest_only_with_trigger to 2025-04-27 20:00:00+00:00, run_after=2025-04-28 00:00:00+00:00
[2025-04-28T02:16:36.827+0000] {processor.py:183} INFO - Processing /home/airflow/.local/lib/python3.12/site-packages/airflow/example_dags/example_latest_only_with_trigger.py took 0.046 seconds
