[2025-04-28T02:11:03.314+0000] {processor.py:161} INFO - Started process (PID=90) to work on /home/airflow/.local/lib/python3.12/site-packages/airflow/example_dags/example_datasets.py
[2025-04-28T02:11:03.315+0000] {processor.py:830} INFO - Processing file /home/airflow/.local/lib/python3.12/site-packages/airflow/example_dags/example_datasets.py for tasks to queue
[2025-04-28T02:11:03.317+0000] {logging_mixin.py:188} INFO - [2025-04-28T02:11:03.316+0000] {dagbag.py:540} INFO - Filling up the DagBag from /home/airflow/.local/lib/python3.12/site-packages/airflow/example_dags/example_datasets.py
[2025-04-28T02:11:03.326+0000] {processor.py:840} INFO - DAG(s) 'conditional_dataset_and_time_based_timetable', 'consume_1_and_2_with_dataset_expressions', 'dataset_consumes_1_and_2', 'consume_1_or_both_2_and_3_with_dataset_expressions', 'dataset_consumes_1_never_scheduled', 'dataset_consumes_1', 'dataset_produces_1', 'dataset_consumes_unknown_never_scheduled', 'dataset_produces_2', 'consume_1_or_2_with_dataset_expressions' retrieved from /home/airflow/.local/lib/python3.12/site-packages/airflow/example_dags/example_datasets.py
[2025-04-28T02:11:03.332+0000] {logging_mixin.py:188} INFO - [2025-04-28T02:11:03.332+0000] {dag.py:3096} INFO - Sync 10 DAGs
[2025-04-28T02:11:03.341+0000] {logging_mixin.py:188} INFO - [2025-04-28T02:11:03.341+0000] {dag.py:3954} INFO - Setting next_dagrun for conditional_dataset_and_time_based_timetable to 2025-04-23 01:00:00+00:00, run_after=2025-04-23 01:00:00+00:00
[2025-04-28T02:11:03.343+0000] {logging_mixin.py:188} INFO - [2025-04-28T02:11:03.343+0000] {dag.py:3954} INFO - Setting next_dagrun for consume_1_and_2_with_dataset_expressions to None, run_after=None
[2025-04-28T02:11:03.345+0000] {logging_mixin.py:188} INFO - [2025-04-28T02:11:03.345+0000] {dag.py:3954} INFO - Setting next_dagrun for consume_1_or_2_with_dataset_expressions to None, run_after=None
[2025-04-28T02:11:03.346+0000] {logging_mixin.py:188} INFO - [2025-04-28T02:11:03.346+0000] {dag.py:3954} INFO - Setting next_dagrun for consume_1_or_both_2_and_3_with_dataset_expressions to None, run_after=None
[2025-04-28T02:11:03.347+0000] {logging_mixin.py:188} INFO - [2025-04-28T02:11:03.347+0000] {dag.py:3954} INFO - Setting next_dagrun for dataset_consumes_1 to None, run_after=None
[2025-04-28T02:11:03.347+0000] {logging_mixin.py:188} INFO - [2025-04-28T02:11:03.347+0000] {dag.py:3954} INFO - Setting next_dagrun for dataset_consumes_1_and_2 to None, run_after=None
[2025-04-28T02:11:03.347+0000] {logging_mixin.py:188} INFO - [2025-04-28T02:11:03.347+0000] {dag.py:3954} INFO - Setting next_dagrun for dataset_consumes_1_never_scheduled to None, run_after=None
[2025-04-28T02:11:03.348+0000] {logging_mixin.py:188} INFO - [2025-04-28T02:11:03.348+0000] {dag.py:3954} INFO - Setting next_dagrun for dataset_consumes_unknown_never_scheduled to None, run_after=None
[2025-04-28T02:11:03.348+0000] {logging_mixin.py:188} INFO - [2025-04-28T02:11:03.348+0000] {dag.py:3954} INFO - Setting next_dagrun for dataset_produces_1 to 2025-04-27 00:00:00+00:00, run_after=2025-04-28 00:00:00+00:00
[2025-04-28T02:11:03.349+0000] {logging_mixin.py:188} INFO - [2025-04-28T02:11:03.349+0000] {dag.py:3954} INFO - Setting next_dagrun for dataset_produces_2 to None, run_after=None
[2025-04-28T02:11:03.360+0000] {processor.py:183} INFO - Processing /home/airflow/.local/lib/python3.12/site-packages/airflow/example_dags/example_datasets.py took 0.048 seconds
[2025-04-28T02:11:34.044+0000] {processor.py:161} INFO - Started process (PID=148) to work on /home/airflow/.local/lib/python3.12/site-packages/airflow/example_dags/example_datasets.py
[2025-04-28T02:11:34.044+0000] {processor.py:830} INFO - Processing file /home/airflow/.local/lib/python3.12/site-packages/airflow/example_dags/example_datasets.py for tasks to queue
[2025-04-28T02:11:34.045+0000] {logging_mixin.py:188} INFO - [2025-04-28T02:11:34.045+0000] {dagbag.py:540} INFO - Filling up the DagBag from /home/airflow/.local/lib/python3.12/site-packages/airflow/example_dags/example_datasets.py
[2025-04-28T02:11:34.051+0000] {processor.py:840} INFO - DAG(s) 'dataset_consumes_1_and_2', 'consume_1_or_both_2_and_3_with_dataset_expressions', 'conditional_dataset_and_time_based_timetable', 'dataset_produces_2', 'dataset_consumes_1', 'dataset_produces_1', 'dataset_consumes_1_never_scheduled', 'consume_1_and_2_with_dataset_expressions', 'consume_1_or_2_with_dataset_expressions', 'dataset_consumes_unknown_never_scheduled' retrieved from /home/airflow/.local/lib/python3.12/site-packages/airflow/example_dags/example_datasets.py
[2025-04-28T02:11:34.121+0000] {logging_mixin.py:188} INFO - [2025-04-28T02:11:34.120+0000] {dag.py:3096} INFO - Sync 10 DAGs
[2025-04-28T02:11:34.129+0000] {logging_mixin.py:188} INFO - [2025-04-28T02:11:34.129+0000] {dag.py:3954} INFO - Setting next_dagrun for conditional_dataset_and_time_based_timetable to 2025-04-23 01:00:00+00:00, run_after=2025-04-23 01:00:00+00:00
[2025-04-28T02:11:34.130+0000] {logging_mixin.py:188} INFO - [2025-04-28T02:11:34.130+0000] {dag.py:3954} INFO - Setting next_dagrun for consume_1_and_2_with_dataset_expressions to None, run_after=None
[2025-04-28T02:11:34.131+0000] {logging_mixin.py:188} INFO - [2025-04-28T02:11:34.130+0000] {dag.py:3954} INFO - Setting next_dagrun for consume_1_or_2_with_dataset_expressions to None, run_after=None
[2025-04-28T02:11:34.131+0000] {logging_mixin.py:188} INFO - [2025-04-28T02:11:34.131+0000] {dag.py:3954} INFO - Setting next_dagrun for consume_1_or_both_2_and_3_with_dataset_expressions to None, run_after=None
[2025-04-28T02:11:34.132+0000] {logging_mixin.py:188} INFO - [2025-04-28T02:11:34.132+0000] {dag.py:3954} INFO - Setting next_dagrun for dataset_consumes_1 to None, run_after=None
[2025-04-28T02:11:34.133+0000] {logging_mixin.py:188} INFO - [2025-04-28T02:11:34.132+0000] {dag.py:3954} INFO - Setting next_dagrun for dataset_consumes_1_and_2 to None, run_after=None
[2025-04-28T02:11:34.134+0000] {logging_mixin.py:188} INFO - [2025-04-28T02:11:34.134+0000] {dag.py:3954} INFO - Setting next_dagrun for dataset_consumes_1_never_scheduled to None, run_after=None
[2025-04-28T02:11:34.135+0000] {logging_mixin.py:188} INFO - [2025-04-28T02:11:34.135+0000] {dag.py:3954} INFO - Setting next_dagrun for dataset_consumes_unknown_never_scheduled to None, run_after=None
[2025-04-28T02:11:34.135+0000] {logging_mixin.py:188} INFO - [2025-04-28T02:11:34.135+0000] {dag.py:3954} INFO - Setting next_dagrun for dataset_produces_1 to 2025-04-27 00:00:00+00:00, run_after=2025-04-28 00:00:00+00:00
[2025-04-28T02:11:34.137+0000] {logging_mixin.py:188} INFO - [2025-04-28T02:11:34.137+0000] {dag.py:3954} INFO - Setting next_dagrun for dataset_produces_2 to None, run_after=None
[2025-04-28T02:11:34.153+0000] {processor.py:183} INFO - Processing /home/airflow/.local/lib/python3.12/site-packages/airflow/example_dags/example_datasets.py took 0.112 seconds
[2025-04-28T02:12:04.636+0000] {processor.py:161} INFO - Started process (PID=212) to work on /home/airflow/.local/lib/python3.12/site-packages/airflow/example_dags/example_datasets.py
[2025-04-28T02:12:04.637+0000] {processor.py:830} INFO - Processing file /home/airflow/.local/lib/python3.12/site-packages/airflow/example_dags/example_datasets.py for tasks to queue
[2025-04-28T02:12:04.637+0000] {logging_mixin.py:188} INFO - [2025-04-28T02:12:04.637+0000] {dagbag.py:540} INFO - Filling up the DagBag from /home/airflow/.local/lib/python3.12/site-packages/airflow/example_dags/example_datasets.py
[2025-04-28T02:12:04.643+0000] {processor.py:840} INFO - DAG(s) 'consume_1_or_2_with_dataset_expressions', 'dataset_consumes_1_and_2', 'consume_1_or_both_2_and_3_with_dataset_expressions', 'dataset_consumes_1', 'dataset_consumes_unknown_never_scheduled', 'consume_1_and_2_with_dataset_expressions', 'conditional_dataset_and_time_based_timetable', 'dataset_consumes_1_never_scheduled', 'dataset_produces_2', 'dataset_produces_1' retrieved from /home/airflow/.local/lib/python3.12/site-packages/airflow/example_dags/example_datasets.py
[2025-04-28T02:12:04.661+0000] {logging_mixin.py:188} INFO - [2025-04-28T02:12:04.661+0000] {dag.py:3096} INFO - Sync 10 DAGs
[2025-04-28T02:12:04.672+0000] {logging_mixin.py:188} INFO - [2025-04-28T02:12:04.672+0000] {dag.py:3954} INFO - Setting next_dagrun for conditional_dataset_and_time_based_timetable to 2025-04-23 01:00:00+00:00, run_after=2025-04-23 01:00:00+00:00
[2025-04-28T02:12:04.674+0000] {logging_mixin.py:188} INFO - [2025-04-28T02:12:04.674+0000] {dag.py:3954} INFO - Setting next_dagrun for consume_1_and_2_with_dataset_expressions to None, run_after=None
[2025-04-28T02:12:04.674+0000] {logging_mixin.py:188} INFO - [2025-04-28T02:12:04.674+0000] {dag.py:3954} INFO - Setting next_dagrun for consume_1_or_2_with_dataset_expressions to None, run_after=None
[2025-04-28T02:12:04.675+0000] {logging_mixin.py:188} INFO - [2025-04-28T02:12:04.675+0000] {dag.py:3954} INFO - Setting next_dagrun for consume_1_or_both_2_and_3_with_dataset_expressions to None, run_after=None
[2025-04-28T02:12:04.675+0000] {logging_mixin.py:188} INFO - [2025-04-28T02:12:04.675+0000] {dag.py:3954} INFO - Setting next_dagrun for dataset_consumes_1 to None, run_after=None
[2025-04-28T02:12:04.676+0000] {logging_mixin.py:188} INFO - [2025-04-28T02:12:04.676+0000] {dag.py:3954} INFO - Setting next_dagrun for dataset_consumes_1_and_2 to None, run_after=None
[2025-04-28T02:12:04.676+0000] {logging_mixin.py:188} INFO - [2025-04-28T02:12:04.676+0000] {dag.py:3954} INFO - Setting next_dagrun for dataset_consumes_1_never_scheduled to None, run_after=None
[2025-04-28T02:12:04.676+0000] {logging_mixin.py:188} INFO - [2025-04-28T02:12:04.676+0000] {dag.py:3954} INFO - Setting next_dagrun for dataset_consumes_unknown_never_scheduled to None, run_after=None
[2025-04-28T02:12:04.677+0000] {logging_mixin.py:188} INFO - [2025-04-28T02:12:04.677+0000] {dag.py:3954} INFO - Setting next_dagrun for dataset_produces_1 to 2025-04-27 00:00:00+00:00, run_after=2025-04-28 00:00:00+00:00
[2025-04-28T02:12:04.677+0000] {logging_mixin.py:188} INFO - [2025-04-28T02:12:04.677+0000] {dag.py:3954} INFO - Setting next_dagrun for dataset_produces_2 to None, run_after=None
[2025-04-28T02:12:04.689+0000] {processor.py:183} INFO - Processing /home/airflow/.local/lib/python3.12/site-packages/airflow/example_dags/example_datasets.py took 0.056 seconds
[2025-04-28T02:12:35.091+0000] {processor.py:161} INFO - Started process (PID=270) to work on /home/airflow/.local/lib/python3.12/site-packages/airflow/example_dags/example_datasets.py
[2025-04-28T02:12:35.094+0000] {processor.py:830} INFO - Processing file /home/airflow/.local/lib/python3.12/site-packages/airflow/example_dags/example_datasets.py for tasks to queue
[2025-04-28T02:12:35.095+0000] {logging_mixin.py:188} INFO - [2025-04-28T02:12:35.095+0000] {dagbag.py:540} INFO - Filling up the DagBag from /home/airflow/.local/lib/python3.12/site-packages/airflow/example_dags/example_datasets.py
[2025-04-28T02:12:35.101+0000] {processor.py:840} INFO - DAG(s) 'dataset_produces_2', 'consume_1_or_2_with_dataset_expressions', 'dataset_consumes_1', 'consume_1_and_2_with_dataset_expressions', 'conditional_dataset_and_time_based_timetable', 'consume_1_or_both_2_and_3_with_dataset_expressions', 'dataset_consumes_1_never_scheduled', 'dataset_produces_1', 'dataset_consumes_1_and_2', 'dataset_consumes_unknown_never_scheduled' retrieved from /home/airflow/.local/lib/python3.12/site-packages/airflow/example_dags/example_datasets.py
[2025-04-28T02:12:35.120+0000] {logging_mixin.py:188} INFO - [2025-04-28T02:12:35.120+0000] {dag.py:3096} INFO - Sync 10 DAGs
[2025-04-28T02:12:35.129+0000] {logging_mixin.py:188} INFO - [2025-04-28T02:12:35.129+0000] {dag.py:3954} INFO - Setting next_dagrun for conditional_dataset_and_time_based_timetable to 2025-04-23 01:00:00+00:00, run_after=2025-04-23 01:00:00+00:00
[2025-04-28T02:12:35.131+0000] {logging_mixin.py:188} INFO - [2025-04-28T02:12:35.131+0000] {dag.py:3954} INFO - Setting next_dagrun for consume_1_and_2_with_dataset_expressions to None, run_after=None
[2025-04-28T02:12:35.132+0000] {logging_mixin.py:188} INFO - [2025-04-28T02:12:35.132+0000] {dag.py:3954} INFO - Setting next_dagrun for consume_1_or_2_with_dataset_expressions to None, run_after=None
[2025-04-28T02:12:35.133+0000] {logging_mixin.py:188} INFO - [2025-04-28T02:12:35.133+0000] {dag.py:3954} INFO - Setting next_dagrun for consume_1_or_both_2_and_3_with_dataset_expressions to None, run_after=None
[2025-04-28T02:12:35.133+0000] {logging_mixin.py:188} INFO - [2025-04-28T02:12:35.133+0000] {dag.py:3954} INFO - Setting next_dagrun for dataset_consumes_1 to None, run_after=None
[2025-04-28T02:12:35.134+0000] {logging_mixin.py:188} INFO - [2025-04-28T02:12:35.134+0000] {dag.py:3954} INFO - Setting next_dagrun for dataset_consumes_1_and_2 to None, run_after=None
[2025-04-28T02:12:35.134+0000] {logging_mixin.py:188} INFO - [2025-04-28T02:12:35.134+0000] {dag.py:3954} INFO - Setting next_dagrun for dataset_consumes_1_never_scheduled to None, run_after=None
[2025-04-28T02:12:35.135+0000] {logging_mixin.py:188} INFO - [2025-04-28T02:12:35.135+0000] {dag.py:3954} INFO - Setting next_dagrun for dataset_consumes_unknown_never_scheduled to None, run_after=None
[2025-04-28T02:12:35.135+0000] {logging_mixin.py:188} INFO - [2025-04-28T02:12:35.135+0000] {dag.py:3954} INFO - Setting next_dagrun for dataset_produces_1 to 2025-04-27 00:00:00+00:00, run_after=2025-04-28 00:00:00+00:00
[2025-04-28T02:12:35.136+0000] {logging_mixin.py:188} INFO - [2025-04-28T02:12:35.136+0000] {dag.py:3954} INFO - Setting next_dagrun for dataset_produces_2 to None, run_after=None
[2025-04-28T02:12:35.147+0000] {processor.py:183} INFO - Processing /home/airflow/.local/lib/python3.12/site-packages/airflow/example_dags/example_datasets.py took 0.058 seconds
[2025-04-28T02:13:05.621+0000] {processor.py:161} INFO - Started process (PID=328) to work on /home/airflow/.local/lib/python3.12/site-packages/airflow/example_dags/example_datasets.py
[2025-04-28T02:13:05.621+0000] {processor.py:830} INFO - Processing file /home/airflow/.local/lib/python3.12/site-packages/airflow/example_dags/example_datasets.py for tasks to queue
[2025-04-28T02:13:05.624+0000] {logging_mixin.py:188} INFO - [2025-04-28T02:13:05.623+0000] {dagbag.py:540} INFO - Filling up the DagBag from /home/airflow/.local/lib/python3.12/site-packages/airflow/example_dags/example_datasets.py
[2025-04-28T02:13:05.629+0000] {processor.py:840} INFO - DAG(s) 'dataset_consumes_1_and_2', 'dataset_consumes_unknown_never_scheduled', 'consume_1_and_2_with_dataset_expressions', 'dataset_produces_2', 'consume_1_or_2_with_dataset_expressions', 'consume_1_or_both_2_and_3_with_dataset_expressions', 'dataset_consumes_1_never_scheduled', 'dataset_consumes_1', 'conditional_dataset_and_time_based_timetable', 'dataset_produces_1' retrieved from /home/airflow/.local/lib/python3.12/site-packages/airflow/example_dags/example_datasets.py
[2025-04-28T02:13:05.645+0000] {logging_mixin.py:188} INFO - [2025-04-28T02:13:05.645+0000] {dag.py:3096} INFO - Sync 10 DAGs
[2025-04-28T02:13:05.655+0000] {logging_mixin.py:188} INFO - [2025-04-28T02:13:05.655+0000] {dag.py:3954} INFO - Setting next_dagrun for conditional_dataset_and_time_based_timetable to 2025-04-23 01:00:00+00:00, run_after=2025-04-23 01:00:00+00:00
[2025-04-28T02:13:05.656+0000] {logging_mixin.py:188} INFO - [2025-04-28T02:13:05.656+0000] {dag.py:3954} INFO - Setting next_dagrun for consume_1_and_2_with_dataset_expressions to None, run_after=None
[2025-04-28T02:13:05.657+0000] {logging_mixin.py:188} INFO - [2025-04-28T02:13:05.657+0000] {dag.py:3954} INFO - Setting next_dagrun for consume_1_or_2_with_dataset_expressions to None, run_after=None
[2025-04-28T02:13:05.657+0000] {logging_mixin.py:188} INFO - [2025-04-28T02:13:05.657+0000] {dag.py:3954} INFO - Setting next_dagrun for consume_1_or_both_2_and_3_with_dataset_expressions to None, run_after=None
[2025-04-28T02:13:05.658+0000] {logging_mixin.py:188} INFO - [2025-04-28T02:13:05.658+0000] {dag.py:3954} INFO - Setting next_dagrun for dataset_consumes_1 to None, run_after=None
[2025-04-28T02:13:05.658+0000] {logging_mixin.py:188} INFO - [2025-04-28T02:13:05.658+0000] {dag.py:3954} INFO - Setting next_dagrun for dataset_consumes_1_and_2 to None, run_after=None
[2025-04-28T02:13:05.659+0000] {logging_mixin.py:188} INFO - [2025-04-28T02:13:05.659+0000] {dag.py:3954} INFO - Setting next_dagrun for dataset_consumes_1_never_scheduled to None, run_after=None
[2025-04-28T02:13:05.660+0000] {logging_mixin.py:188} INFO - [2025-04-28T02:13:05.660+0000] {dag.py:3954} INFO - Setting next_dagrun for dataset_consumes_unknown_never_scheduled to None, run_after=None
[2025-04-28T02:13:05.661+0000] {logging_mixin.py:188} INFO - [2025-04-28T02:13:05.661+0000] {dag.py:3954} INFO - Setting next_dagrun for dataset_produces_1 to 2025-04-27 00:00:00+00:00, run_after=2025-04-28 00:00:00+00:00
[2025-04-28T02:13:05.661+0000] {logging_mixin.py:188} INFO - [2025-04-28T02:13:05.661+0000] {dag.py:3954} INFO - Setting next_dagrun for dataset_produces_2 to None, run_after=None
[2025-04-28T02:13:05.673+0000] {processor.py:183} INFO - Processing /home/airflow/.local/lib/python3.12/site-packages/airflow/example_dags/example_datasets.py took 0.055 seconds
[2025-04-28T02:13:36.107+0000] {processor.py:161} INFO - Started process (PID=386) to work on /home/airflow/.local/lib/python3.12/site-packages/airflow/example_dags/example_datasets.py
[2025-04-28T02:13:36.108+0000] {processor.py:830} INFO - Processing file /home/airflow/.local/lib/python3.12/site-packages/airflow/example_dags/example_datasets.py for tasks to queue
[2025-04-28T02:13:36.108+0000] {logging_mixin.py:188} INFO - [2025-04-28T02:13:36.108+0000] {dagbag.py:540} INFO - Filling up the DagBag from /home/airflow/.local/lib/python3.12/site-packages/airflow/example_dags/example_datasets.py
[2025-04-28T02:13:36.115+0000] {processor.py:840} INFO - DAG(s) 'consume_1_or_2_with_dataset_expressions', 'dataset_consumes_1', 'dataset_consumes_unknown_never_scheduled', 'conditional_dataset_and_time_based_timetable', 'dataset_produces_2', 'dataset_produces_1', 'consume_1_or_both_2_and_3_with_dataset_expressions', 'consume_1_and_2_with_dataset_expressions', 'dataset_consumes_1_and_2', 'dataset_consumes_1_never_scheduled' retrieved from /home/airflow/.local/lib/python3.12/site-packages/airflow/example_dags/example_datasets.py
[2025-04-28T02:13:36.135+0000] {logging_mixin.py:188} INFO - [2025-04-28T02:13:36.135+0000] {dag.py:3096} INFO - Sync 10 DAGs
[2025-04-28T02:13:36.144+0000] {logging_mixin.py:188} INFO - [2025-04-28T02:13:36.144+0000] {dag.py:3954} INFO - Setting next_dagrun for conditional_dataset_and_time_based_timetable to 2025-04-23 01:00:00+00:00, run_after=2025-04-23 01:00:00+00:00
[2025-04-28T02:13:36.147+0000] {logging_mixin.py:188} INFO - [2025-04-28T02:13:36.147+0000] {dag.py:3954} INFO - Setting next_dagrun for consume_1_and_2_with_dataset_expressions to None, run_after=None
[2025-04-28T02:13:36.148+0000] {logging_mixin.py:188} INFO - [2025-04-28T02:13:36.147+0000] {dag.py:3954} INFO - Setting next_dagrun for consume_1_or_2_with_dataset_expressions to None, run_after=None
[2025-04-28T02:13:36.148+0000] {logging_mixin.py:188} INFO - [2025-04-28T02:13:36.148+0000] {dag.py:3954} INFO - Setting next_dagrun for consume_1_or_both_2_and_3_with_dataset_expressions to None, run_after=None
[2025-04-28T02:13:36.149+0000] {logging_mixin.py:188} INFO - [2025-04-28T02:13:36.148+0000] {dag.py:3954} INFO - Setting next_dagrun for dataset_consumes_1 to None, run_after=None
[2025-04-28T02:13:36.149+0000] {logging_mixin.py:188} INFO - [2025-04-28T02:13:36.149+0000] {dag.py:3954} INFO - Setting next_dagrun for dataset_consumes_1_and_2 to None, run_after=None
[2025-04-28T02:13:36.149+0000] {logging_mixin.py:188} INFO - [2025-04-28T02:13:36.149+0000] {dag.py:3954} INFO - Setting next_dagrun for dataset_consumes_1_never_scheduled to None, run_after=None
[2025-04-28T02:13:36.150+0000] {logging_mixin.py:188} INFO - [2025-04-28T02:13:36.150+0000] {dag.py:3954} INFO - Setting next_dagrun for dataset_consumes_unknown_never_scheduled to None, run_after=None
[2025-04-28T02:13:36.151+0000] {logging_mixin.py:188} INFO - [2025-04-28T02:13:36.151+0000] {dag.py:3954} INFO - Setting next_dagrun for dataset_produces_1 to 2025-04-27 00:00:00+00:00, run_after=2025-04-28 00:00:00+00:00
[2025-04-28T02:13:36.151+0000] {logging_mixin.py:188} INFO - [2025-04-28T02:13:36.151+0000] {dag.py:3954} INFO - Setting next_dagrun for dataset_produces_2 to None, run_after=None
[2025-04-28T02:13:36.161+0000] {processor.py:183} INFO - Processing /home/airflow/.local/lib/python3.12/site-packages/airflow/example_dags/example_datasets.py took 0.057 seconds
[2025-04-28T02:14:06.620+0000] {processor.py:161} INFO - Started process (PID=444) to work on /home/airflow/.local/lib/python3.12/site-packages/airflow/example_dags/example_datasets.py
[2025-04-28T02:14:06.621+0000] {processor.py:830} INFO - Processing file /home/airflow/.local/lib/python3.12/site-packages/airflow/example_dags/example_datasets.py for tasks to queue
[2025-04-28T02:14:06.622+0000] {logging_mixin.py:188} INFO - [2025-04-28T02:14:06.622+0000] {dagbag.py:540} INFO - Filling up the DagBag from /home/airflow/.local/lib/python3.12/site-packages/airflow/example_dags/example_datasets.py
[2025-04-28T02:14:06.628+0000] {processor.py:840} INFO - DAG(s) 'dataset_produces_2', 'consume_1_or_both_2_and_3_with_dataset_expressions', 'conditional_dataset_and_time_based_timetable', 'dataset_produces_1', 'dataset_consumes_1_never_scheduled', 'dataset_consumes_unknown_never_scheduled', 'dataset_consumes_1', 'consume_1_and_2_with_dataset_expressions', 'consume_1_or_2_with_dataset_expressions', 'dataset_consumes_1_and_2' retrieved from /home/airflow/.local/lib/python3.12/site-packages/airflow/example_dags/example_datasets.py
[2025-04-28T02:14:06.636+0000] {logging_mixin.py:188} INFO - [2025-04-28T02:14:06.636+0000] {dag.py:3096} INFO - Sync 10 DAGs
[2025-04-28T02:14:06.649+0000] {logging_mixin.py:188} INFO - [2025-04-28T02:14:06.649+0000] {dag.py:3954} INFO - Setting next_dagrun for conditional_dataset_and_time_based_timetable to 2025-04-23 01:00:00+00:00, run_after=2025-04-23 01:00:00+00:00
[2025-04-28T02:14:06.651+0000] {logging_mixin.py:188} INFO - [2025-04-28T02:14:06.651+0000] {dag.py:3954} INFO - Setting next_dagrun for consume_1_and_2_with_dataset_expressions to None, run_after=None
[2025-04-28T02:14:06.651+0000] {logging_mixin.py:188} INFO - [2025-04-28T02:14:06.651+0000] {dag.py:3954} INFO - Setting next_dagrun for consume_1_or_2_with_dataset_expressions to None, run_after=None
[2025-04-28T02:14:06.652+0000] {logging_mixin.py:188} INFO - [2025-04-28T02:14:06.652+0000] {dag.py:3954} INFO - Setting next_dagrun for consume_1_or_both_2_and_3_with_dataset_expressions to None, run_after=None
[2025-04-28T02:14:06.652+0000] {logging_mixin.py:188} INFO - [2025-04-28T02:14:06.652+0000] {dag.py:3954} INFO - Setting next_dagrun for dataset_consumes_1 to None, run_after=None
[2025-04-28T02:14:06.653+0000] {logging_mixin.py:188} INFO - [2025-04-28T02:14:06.653+0000] {dag.py:3954} INFO - Setting next_dagrun for dataset_consumes_1_and_2 to None, run_after=None
[2025-04-28T02:14:06.653+0000] {logging_mixin.py:188} INFO - [2025-04-28T02:14:06.653+0000] {dag.py:3954} INFO - Setting next_dagrun for dataset_consumes_1_never_scheduled to None, run_after=None
[2025-04-28T02:14:06.654+0000] {logging_mixin.py:188} INFO - [2025-04-28T02:14:06.654+0000] {dag.py:3954} INFO - Setting next_dagrun for dataset_consumes_unknown_never_scheduled to None, run_after=None
[2025-04-28T02:14:06.656+0000] {logging_mixin.py:188} INFO - [2025-04-28T02:14:06.656+0000] {dag.py:3954} INFO - Setting next_dagrun for dataset_produces_1 to 2025-04-27 00:00:00+00:00, run_after=2025-04-28 00:00:00+00:00
[2025-04-28T02:14:06.657+0000] {logging_mixin.py:188} INFO - [2025-04-28T02:14:06.657+0000] {dag.py:3954} INFO - Setting next_dagrun for dataset_produces_2 to None, run_after=None
[2025-04-28T02:14:06.673+0000] {processor.py:183} INFO - Processing /home/airflow/.local/lib/python3.12/site-packages/airflow/example_dags/example_datasets.py took 0.056 seconds
[2025-04-28T02:14:37.025+0000] {processor.py:161} INFO - Started process (PID=502) to work on /home/airflow/.local/lib/python3.12/site-packages/airflow/example_dags/example_datasets.py
[2025-04-28T02:14:37.026+0000] {processor.py:830} INFO - Processing file /home/airflow/.local/lib/python3.12/site-packages/airflow/example_dags/example_datasets.py for tasks to queue
[2025-04-28T02:14:37.028+0000] {logging_mixin.py:188} INFO - [2025-04-28T02:14:37.027+0000] {dagbag.py:540} INFO - Filling up the DagBag from /home/airflow/.local/lib/python3.12/site-packages/airflow/example_dags/example_datasets.py
[2025-04-28T02:14:37.033+0000] {processor.py:840} INFO - DAG(s) 'dataset_consumes_1', 'dataset_produces_2', 'dataset_produces_1', 'dataset_consumes_unknown_never_scheduled', 'conditional_dataset_and_time_based_timetable', 'dataset_consumes_1_never_scheduled', 'consume_1_or_both_2_and_3_with_dataset_expressions', 'consume_1_and_2_with_dataset_expressions', 'consume_1_or_2_with_dataset_expressions', 'dataset_consumes_1_and_2' retrieved from /home/airflow/.local/lib/python3.12/site-packages/airflow/example_dags/example_datasets.py
[2025-04-28T02:14:37.044+0000] {logging_mixin.py:188} INFO - [2025-04-28T02:14:37.044+0000] {dag.py:3096} INFO - Sync 10 DAGs
[2025-04-28T02:14:37.053+0000] {logging_mixin.py:188} INFO - [2025-04-28T02:14:37.053+0000] {dag.py:3954} INFO - Setting next_dagrun for conditional_dataset_and_time_based_timetable to 2025-04-23 01:00:00+00:00, run_after=2025-04-23 01:00:00+00:00
[2025-04-28T02:14:37.055+0000] {logging_mixin.py:188} INFO - [2025-04-28T02:14:37.055+0000] {dag.py:3954} INFO - Setting next_dagrun for consume_1_and_2_with_dataset_expressions to None, run_after=None
[2025-04-28T02:14:37.056+0000] {logging_mixin.py:188} INFO - [2025-04-28T02:14:37.056+0000] {dag.py:3954} INFO - Setting next_dagrun for consume_1_or_2_with_dataset_expressions to None, run_after=None
[2025-04-28T02:14:37.057+0000] {logging_mixin.py:188} INFO - [2025-04-28T02:14:37.057+0000] {dag.py:3954} INFO - Setting next_dagrun for consume_1_or_both_2_and_3_with_dataset_expressions to None, run_after=None
[2025-04-28T02:14:37.057+0000] {logging_mixin.py:188} INFO - [2025-04-28T02:14:37.057+0000] {dag.py:3954} INFO - Setting next_dagrun for dataset_consumes_1 to None, run_after=None
[2025-04-28T02:14:37.058+0000] {logging_mixin.py:188} INFO - [2025-04-28T02:14:37.058+0000] {dag.py:3954} INFO - Setting next_dagrun for dataset_consumes_1_and_2 to None, run_after=None
[2025-04-28T02:14:37.059+0000] {logging_mixin.py:188} INFO - [2025-04-28T02:14:37.059+0000] {dag.py:3954} INFO - Setting next_dagrun for dataset_consumes_1_never_scheduled to None, run_after=None
[2025-04-28T02:14:37.059+0000] {logging_mixin.py:188} INFO - [2025-04-28T02:14:37.059+0000] {dag.py:3954} INFO - Setting next_dagrun for dataset_consumes_unknown_never_scheduled to None, run_after=None
[2025-04-28T02:14:37.061+0000] {logging_mixin.py:188} INFO - [2025-04-28T02:14:37.061+0000] {dag.py:3954} INFO - Setting next_dagrun for dataset_produces_1 to 2025-04-27 00:00:00+00:00, run_after=2025-04-28 00:00:00+00:00
[2025-04-28T02:14:37.062+0000] {logging_mixin.py:188} INFO - [2025-04-28T02:14:37.062+0000] {dag.py:3954} INFO - Setting next_dagrun for dataset_produces_2 to None, run_after=None
[2025-04-28T02:14:37.075+0000] {processor.py:183} INFO - Processing /home/airflow/.local/lib/python3.12/site-packages/airflow/example_dags/example_datasets.py took 0.053 seconds
[2025-04-28T02:15:10.223+0000] {processor.py:161} INFO - Started process (PID=560) to work on /home/airflow/.local/lib/python3.12/site-packages/airflow/example_dags/example_datasets.py
[2025-04-28T02:15:10.224+0000] {processor.py:830} INFO - Processing file /home/airflow/.local/lib/python3.12/site-packages/airflow/example_dags/example_datasets.py for tasks to queue
[2025-04-28T02:15:10.226+0000] {logging_mixin.py:188} INFO - [2025-04-28T02:15:10.226+0000] {dagbag.py:540} INFO - Filling up the DagBag from /home/airflow/.local/lib/python3.12/site-packages/airflow/example_dags/example_datasets.py
[2025-04-28T02:15:10.233+0000] {processor.py:840} INFO - DAG(s) 'dataset_produces_1', 'dataset_consumes_unknown_never_scheduled', 'dataset_consumes_1', 'consume_1_or_2_with_dataset_expressions', 'dataset_produces_2', 'dataset_consumes_1_and_2', 'conditional_dataset_and_time_based_timetable', 'consume_1_or_both_2_and_3_with_dataset_expressions', 'dataset_consumes_1_never_scheduled', 'consume_1_and_2_with_dataset_expressions' retrieved from /home/airflow/.local/lib/python3.12/site-packages/airflow/example_dags/example_datasets.py
[2025-04-28T02:15:10.307+0000] {logging_mixin.py:188} INFO - [2025-04-28T02:15:10.307+0000] {dag.py:3096} INFO - Sync 10 DAGs
[2025-04-28T02:15:10.324+0000] {logging_mixin.py:188} INFO - [2025-04-28T02:15:10.324+0000] {dag.py:3954} INFO - Setting next_dagrun for conditional_dataset_and_time_based_timetable to 2025-04-23 01:00:00+00:00, run_after=2025-04-23 01:00:00+00:00
[2025-04-28T02:15:10.327+0000] {logging_mixin.py:188} INFO - [2025-04-28T02:15:10.327+0000] {dag.py:3954} INFO - Setting next_dagrun for consume_1_and_2_with_dataset_expressions to None, run_after=None
[2025-04-28T02:15:10.398+0000] {logging_mixin.py:188} INFO - [2025-04-28T02:15:10.398+0000] {dag.py:3954} INFO - Setting next_dagrun for consume_1_or_2_with_dataset_expressions to None, run_after=None
[2025-04-28T02:15:10.399+0000] {logging_mixin.py:188} INFO - [2025-04-28T02:15:10.399+0000] {dag.py:3954} INFO - Setting next_dagrun for consume_1_or_both_2_and_3_with_dataset_expressions to None, run_after=None
[2025-04-28T02:15:10.400+0000] {logging_mixin.py:188} INFO - [2025-04-28T02:15:10.400+0000] {dag.py:3954} INFO - Setting next_dagrun for dataset_consumes_1 to None, run_after=None
[2025-04-28T02:15:10.401+0000] {logging_mixin.py:188} INFO - [2025-04-28T02:15:10.401+0000] {dag.py:3954} INFO - Setting next_dagrun for dataset_consumes_1_and_2 to None, run_after=None
[2025-04-28T02:15:10.401+0000] {logging_mixin.py:188} INFO - [2025-04-28T02:15:10.401+0000] {dag.py:3954} INFO - Setting next_dagrun for dataset_consumes_1_never_scheduled to None, run_after=None
[2025-04-28T02:15:10.402+0000] {logging_mixin.py:188} INFO - [2025-04-28T02:15:10.402+0000] {dag.py:3954} INFO - Setting next_dagrun for dataset_consumes_unknown_never_scheduled to None, run_after=None
[2025-04-28T02:15:10.403+0000] {logging_mixin.py:188} INFO - [2025-04-28T02:15:10.403+0000] {dag.py:3954} INFO - Setting next_dagrun for dataset_produces_1 to 2025-04-27 00:00:00+00:00, run_after=2025-04-28 00:00:00+00:00
[2025-04-28T02:15:10.404+0000] {logging_mixin.py:188} INFO - [2025-04-28T02:15:10.404+0000] {dag.py:3954} INFO - Setting next_dagrun for dataset_produces_2 to None, run_after=None
[2025-04-28T02:15:10.418+0000] {processor.py:183} INFO - Processing /home/airflow/.local/lib/python3.12/site-packages/airflow/example_dags/example_datasets.py took 0.198 seconds
[2025-04-28T02:15:40.851+0000] {processor.py:161} INFO - Started process (PID=618) to work on /home/airflow/.local/lib/python3.12/site-packages/airflow/example_dags/example_datasets.py
[2025-04-28T02:15:40.854+0000] {processor.py:830} INFO - Processing file /home/airflow/.local/lib/python3.12/site-packages/airflow/example_dags/example_datasets.py for tasks to queue
[2025-04-28T02:15:40.856+0000] {logging_mixin.py:188} INFO - [2025-04-28T02:15:40.856+0000] {dagbag.py:540} INFO - Filling up the DagBag from /home/airflow/.local/lib/python3.12/site-packages/airflow/example_dags/example_datasets.py
[2025-04-28T02:15:40.862+0000] {processor.py:840} INFO - DAG(s) 'dataset_produces_2', 'dataset_consumes_1', 'dataset_consumes_1_and_2', 'dataset_consumes_unknown_never_scheduled', 'consume_1_or_2_with_dataset_expressions', 'consume_1_and_2_with_dataset_expressions', 'dataset_consumes_1_never_scheduled', 'consume_1_or_both_2_and_3_with_dataset_expressions', 'conditional_dataset_and_time_based_timetable', 'dataset_produces_1' retrieved from /home/airflow/.local/lib/python3.12/site-packages/airflow/example_dags/example_datasets.py
[2025-04-28T02:15:40.882+0000] {logging_mixin.py:188} INFO - [2025-04-28T02:15:40.882+0000] {dag.py:3096} INFO - Sync 10 DAGs
[2025-04-28T02:15:40.891+0000] {logging_mixin.py:188} INFO - [2025-04-28T02:15:40.891+0000] {dag.py:3954} INFO - Setting next_dagrun for conditional_dataset_and_time_based_timetable to 2025-04-23 01:00:00+00:00, run_after=2025-04-23 01:00:00+00:00
[2025-04-28T02:15:40.892+0000] {logging_mixin.py:188} INFO - [2025-04-28T02:15:40.892+0000] {dag.py:3954} INFO - Setting next_dagrun for consume_1_and_2_with_dataset_expressions to None, run_after=None
[2025-04-28T02:15:40.894+0000] {logging_mixin.py:188} INFO - [2025-04-28T02:15:40.894+0000] {dag.py:3954} INFO - Setting next_dagrun for consume_1_or_2_with_dataset_expressions to None, run_after=None
[2025-04-28T02:15:40.895+0000] {logging_mixin.py:188} INFO - [2025-04-28T02:15:40.895+0000] {dag.py:3954} INFO - Setting next_dagrun for consume_1_or_both_2_and_3_with_dataset_expressions to None, run_after=None
[2025-04-28T02:15:40.895+0000] {logging_mixin.py:188} INFO - [2025-04-28T02:15:40.895+0000] {dag.py:3954} INFO - Setting next_dagrun for dataset_consumes_1 to None, run_after=None
[2025-04-28T02:15:40.896+0000] {logging_mixin.py:188} INFO - [2025-04-28T02:15:40.896+0000] {dag.py:3954} INFO - Setting next_dagrun for dataset_consumes_1_and_2 to None, run_after=None
[2025-04-28T02:15:40.896+0000] {logging_mixin.py:188} INFO - [2025-04-28T02:15:40.896+0000] {dag.py:3954} INFO - Setting next_dagrun for dataset_consumes_1_never_scheduled to None, run_after=None
[2025-04-28T02:15:40.897+0000] {logging_mixin.py:188} INFO - [2025-04-28T02:15:40.897+0000] {dag.py:3954} INFO - Setting next_dagrun for dataset_consumes_unknown_never_scheduled to None, run_after=None
[2025-04-28T02:15:40.897+0000] {logging_mixin.py:188} INFO - [2025-04-28T02:15:40.897+0000] {dag.py:3954} INFO - Setting next_dagrun for dataset_produces_1 to 2025-04-27 00:00:00+00:00, run_after=2025-04-28 00:00:00+00:00
[2025-04-28T02:15:40.898+0000] {logging_mixin.py:188} INFO - [2025-04-28T02:15:40.898+0000] {dag.py:3954} INFO - Setting next_dagrun for dataset_produces_2 to None, run_after=None
[2025-04-28T02:15:40.912+0000] {processor.py:183} INFO - Processing /home/airflow/.local/lib/python3.12/site-packages/airflow/example_dags/example_datasets.py took 0.063 seconds
[2025-04-28T02:16:11.436+0000] {processor.py:161} INFO - Started process (PID=676) to work on /home/airflow/.local/lib/python3.12/site-packages/airflow/example_dags/example_datasets.py
[2025-04-28T02:16:11.436+0000] {processor.py:830} INFO - Processing file /home/airflow/.local/lib/python3.12/site-packages/airflow/example_dags/example_datasets.py for tasks to queue
[2025-04-28T02:16:11.437+0000] {logging_mixin.py:188} INFO - [2025-04-28T02:16:11.437+0000] {dagbag.py:540} INFO - Filling up the DagBag from /home/airflow/.local/lib/python3.12/site-packages/airflow/example_dags/example_datasets.py
[2025-04-28T02:16:11.443+0000] {processor.py:840} INFO - DAG(s) 'dataset_produces_1', 'consume_1_or_both_2_and_3_with_dataset_expressions', 'dataset_consumes_unknown_never_scheduled', 'consume_1_or_2_with_dataset_expressions', 'dataset_consumes_1_and_2', 'consume_1_and_2_with_dataset_expressions', 'conditional_dataset_and_time_based_timetable', 'dataset_consumes_1_never_scheduled', 'dataset_produces_2', 'dataset_consumes_1' retrieved from /home/airflow/.local/lib/python3.12/site-packages/airflow/example_dags/example_datasets.py
[2025-04-28T02:16:11.463+0000] {logging_mixin.py:188} INFO - [2025-04-28T02:16:11.463+0000] {dag.py:3096} INFO - Sync 10 DAGs
[2025-04-28T02:16:11.473+0000] {logging_mixin.py:188} INFO - [2025-04-28T02:16:11.472+0000] {dag.py:3954} INFO - Setting next_dagrun for conditional_dataset_and_time_based_timetable to 2025-04-23 01:00:00+00:00, run_after=2025-04-23 01:00:00+00:00
[2025-04-28T02:16:11.474+0000] {logging_mixin.py:188} INFO - [2025-04-28T02:16:11.474+0000] {dag.py:3954} INFO - Setting next_dagrun for consume_1_and_2_with_dataset_expressions to None, run_after=None
[2025-04-28T02:16:11.475+0000] {logging_mixin.py:188} INFO - [2025-04-28T02:16:11.475+0000] {dag.py:3954} INFO - Setting next_dagrun for consume_1_or_2_with_dataset_expressions to None, run_after=None
[2025-04-28T02:16:11.476+0000] {logging_mixin.py:188} INFO - [2025-04-28T02:16:11.476+0000] {dag.py:3954} INFO - Setting next_dagrun for consume_1_or_both_2_and_3_with_dataset_expressions to None, run_after=None
[2025-04-28T02:16:11.477+0000] {logging_mixin.py:188} INFO - [2025-04-28T02:16:11.477+0000] {dag.py:3954} INFO - Setting next_dagrun for dataset_consumes_1 to None, run_after=None
[2025-04-28T02:16:11.478+0000] {logging_mixin.py:188} INFO - [2025-04-28T02:16:11.478+0000] {dag.py:3954} INFO - Setting next_dagrun for dataset_consumes_1_and_2 to None, run_after=None
[2025-04-28T02:16:11.478+0000] {logging_mixin.py:188} INFO - [2025-04-28T02:16:11.478+0000] {dag.py:3954} INFO - Setting next_dagrun for dataset_consumes_1_never_scheduled to None, run_after=None
[2025-04-28T02:16:11.479+0000] {logging_mixin.py:188} INFO - [2025-04-28T02:16:11.479+0000] {dag.py:3954} INFO - Setting next_dagrun for dataset_consumes_unknown_never_scheduled to None, run_after=None
[2025-04-28T02:16:11.479+0000] {logging_mixin.py:188} INFO - [2025-04-28T02:16:11.479+0000] {dag.py:3954} INFO - Setting next_dagrun for dataset_produces_1 to 2025-04-27 00:00:00+00:00, run_after=2025-04-28 00:00:00+00:00
[2025-04-28T02:16:11.480+0000] {logging_mixin.py:188} INFO - [2025-04-28T02:16:11.480+0000] {dag.py:3954} INFO - Setting next_dagrun for dataset_produces_2 to None, run_after=None
[2025-04-28T02:16:11.494+0000] {processor.py:183} INFO - Processing /home/airflow/.local/lib/python3.12/site-packages/airflow/example_dags/example_datasets.py took 0.061 seconds
[2025-04-28T02:16:42.128+0000] {processor.py:161} INFO - Started process (PID=735) to work on /home/airflow/.local/lib/python3.12/site-packages/airflow/example_dags/example_datasets.py
[2025-04-28T02:16:42.129+0000] {processor.py:830} INFO - Processing file /home/airflow/.local/lib/python3.12/site-packages/airflow/example_dags/example_datasets.py for tasks to queue
[2025-04-28T02:16:42.131+0000] {logging_mixin.py:188} INFO - [2025-04-28T02:16:42.131+0000] {dagbag.py:540} INFO - Filling up the DagBag from /home/airflow/.local/lib/python3.12/site-packages/airflow/example_dags/example_datasets.py
[2025-04-28T02:16:42.137+0000] {processor.py:840} INFO - DAG(s) 'consume_1_or_both_2_and_3_with_dataset_expressions', 'dataset_consumes_unknown_never_scheduled', 'dataset_consumes_1', 'consume_1_or_2_with_dataset_expressions', 'conditional_dataset_and_time_based_timetable', 'dataset_produces_1', 'dataset_consumes_1_and_2', 'dataset_produces_2', 'dataset_consumes_1_never_scheduled', 'consume_1_and_2_with_dataset_expressions' retrieved from /home/airflow/.local/lib/python3.12/site-packages/airflow/example_dags/example_datasets.py
[2025-04-28T02:16:42.154+0000] {logging_mixin.py:188} INFO - [2025-04-28T02:16:42.154+0000] {dag.py:3096} INFO - Sync 10 DAGs
[2025-04-28T02:16:42.163+0000] {logging_mixin.py:188} INFO - [2025-04-28T02:16:42.163+0000] {dag.py:3954} INFO - Setting next_dagrun for conditional_dataset_and_time_based_timetable to 2025-04-23 01:00:00+00:00, run_after=2025-04-23 01:00:00+00:00
[2025-04-28T02:16:42.165+0000] {logging_mixin.py:188} INFO - [2025-04-28T02:16:42.165+0000] {dag.py:3954} INFO - Setting next_dagrun for consume_1_and_2_with_dataset_expressions to None, run_after=None
[2025-04-28T02:16:42.166+0000] {logging_mixin.py:188} INFO - [2025-04-28T02:16:42.166+0000] {dag.py:3954} INFO - Setting next_dagrun for consume_1_or_2_with_dataset_expressions to None, run_after=None
[2025-04-28T02:16:42.167+0000] {logging_mixin.py:188} INFO - [2025-04-28T02:16:42.167+0000] {dag.py:3954} INFO - Setting next_dagrun for consume_1_or_both_2_and_3_with_dataset_expressions to None, run_after=None
[2025-04-28T02:16:42.167+0000] {logging_mixin.py:188} INFO - [2025-04-28T02:16:42.167+0000] {dag.py:3954} INFO - Setting next_dagrun for dataset_consumes_1 to None, run_after=None
[2025-04-28T02:16:42.168+0000] {logging_mixin.py:188} INFO - [2025-04-28T02:16:42.168+0000] {dag.py:3954} INFO - Setting next_dagrun for dataset_consumes_1_and_2 to None, run_after=None
[2025-04-28T02:16:42.168+0000] {logging_mixin.py:188} INFO - [2025-04-28T02:16:42.168+0000] {dag.py:3954} INFO - Setting next_dagrun for dataset_consumes_1_never_scheduled to None, run_after=None
[2025-04-28T02:16:42.169+0000] {logging_mixin.py:188} INFO - [2025-04-28T02:16:42.169+0000] {dag.py:3954} INFO - Setting next_dagrun for dataset_consumes_unknown_never_scheduled to None, run_after=None
[2025-04-28T02:16:42.170+0000] {logging_mixin.py:188} INFO - [2025-04-28T02:16:42.169+0000] {dag.py:3954} INFO - Setting next_dagrun for dataset_produces_1 to 2025-04-27 00:00:00+00:00, run_after=2025-04-28 00:00:00+00:00
[2025-04-28T02:16:42.170+0000] {logging_mixin.py:188} INFO - [2025-04-28T02:16:42.170+0000] {dag.py:3954} INFO - Setting next_dagrun for dataset_produces_2 to None, run_after=None
[2025-04-28T02:16:42.181+0000] {processor.py:183} INFO - Processing /home/airflow/.local/lib/python3.12/site-packages/airflow/example_dags/example_datasets.py took 0.055 seconds
