[2025-04-28T02:11:02.220+0000] {processor.py:161} INFO - Started process (PID=49) to work on /home/airflow/.local/lib/python3.12/site-packages/airflow/example_dags/example_external_task_marker_dag.py
[2025-04-28T02:11:02.221+0000] {processor.py:830} INFO - Processing file /home/airflow/.local/lib/python3.12/site-packages/airflow/example_dags/example_external_task_marker_dag.py for tasks to queue
[2025-04-28T02:11:02.222+0000] {logging_mixin.py:188} INFO - [2025-04-28T02:11:02.222+0000] {dagbag.py:540} INFO - Filling up the DagBag from /home/airflow/.local/lib/python3.12/site-packages/airflow/example_dags/example_external_task_marker_dag.py
[2025-04-28T02:11:02.228+0000] {processor.py:840} INFO - DAG(s) 'example_external_task_marker_parent', 'example_external_task_marker_child' retrieved from /home/airflow/.local/lib/python3.12/site-packages/airflow/example_dags/example_external_task_marker_dag.py
[2025-04-28T02:11:02.233+0000] {logging_mixin.py:188} INFO - [2025-04-28T02:11:02.233+0000] {dag.py:3096} INFO - Sync 2 DAGs
[2025-04-28T02:11:02.240+0000] {logging_mixin.py:188} INFO - [2025-04-28T02:11:02.240+0000] {dag.py:3954} INFO - Setting next_dagrun for example_external_task_marker_child to None, run_after=None
[2025-04-28T02:11:02.242+0000] {logging_mixin.py:188} INFO - [2025-04-28T02:11:02.242+0000] {dag.py:3954} INFO - Setting next_dagrun for example_external_task_marker_parent to None, run_after=None
[2025-04-28T02:11:02.249+0000] {processor.py:183} INFO - Processing /home/airflow/.local/lib/python3.12/site-packages/airflow/example_dags/example_external_task_marker_dag.py took 0.032 seconds
[2025-04-28T02:11:32.516+0000] {processor.py:161} INFO - Started process (PID=107) to work on /home/airflow/.local/lib/python3.12/site-packages/airflow/example_dags/example_external_task_marker_dag.py
[2025-04-28T02:11:32.517+0000] {processor.py:830} INFO - Processing file /home/airflow/.local/lib/python3.12/site-packages/airflow/example_dags/example_external_task_marker_dag.py for tasks to queue
[2025-04-28T02:11:32.518+0000] {logging_mixin.py:188} INFO - [2025-04-28T02:11:32.518+0000] {dagbag.py:540} INFO - Filling up the DagBag from /home/airflow/.local/lib/python3.12/site-packages/airflow/example_dags/example_external_task_marker_dag.py
[2025-04-28T02:11:32.520+0000] {processor.py:840} INFO - DAG(s) 'example_external_task_marker_parent', 'example_external_task_marker_child' retrieved from /home/airflow/.local/lib/python3.12/site-packages/airflow/example_dags/example_external_task_marker_dag.py
[2025-04-28T02:11:32.559+0000] {logging_mixin.py:188} INFO - [2025-04-28T02:11:32.559+0000] {dag.py:3096} INFO - Sync 2 DAGs
[2025-04-28T02:11:32.564+0000] {logging_mixin.py:188} INFO - [2025-04-28T02:11:32.563+0000] {dag.py:3954} INFO - Setting next_dagrun for example_external_task_marker_child to None, run_after=None
[2025-04-28T02:11:32.565+0000] {logging_mixin.py:188} INFO - [2025-04-28T02:11:32.565+0000] {dag.py:3954} INFO - Setting next_dagrun for example_external_task_marker_parent to None, run_after=None
[2025-04-28T02:11:32.571+0000] {processor.py:183} INFO - Processing /home/airflow/.local/lib/python3.12/site-packages/airflow/example_dags/example_external_task_marker_dag.py took 0.058 seconds
[2025-04-28T02:12:03.573+0000] {processor.py:161} INFO - Started process (PID=165) to work on /home/airflow/.local/lib/python3.12/site-packages/airflow/example_dags/example_external_task_marker_dag.py
[2025-04-28T02:12:03.573+0000] {processor.py:830} INFO - Processing file /home/airflow/.local/lib/python3.12/site-packages/airflow/example_dags/example_external_task_marker_dag.py for tasks to queue
[2025-04-28T02:12:03.574+0000] {logging_mixin.py:188} INFO - [2025-04-28T02:12:03.574+0000] {dagbag.py:540} INFO - Filling up the DagBag from /home/airflow/.local/lib/python3.12/site-packages/airflow/example_dags/example_external_task_marker_dag.py
[2025-04-28T02:12:03.577+0000] {processor.py:840} INFO - DAG(s) 'example_external_task_marker_child', 'example_external_task_marker_parent' retrieved from /home/airflow/.local/lib/python3.12/site-packages/airflow/example_dags/example_external_task_marker_dag.py
[2025-04-28T02:12:03.585+0000] {logging_mixin.py:188} INFO - [2025-04-28T02:12:03.585+0000] {dag.py:3096} INFO - Sync 2 DAGs
[2025-04-28T02:12:03.590+0000] {logging_mixin.py:188} INFO - [2025-04-28T02:12:03.590+0000] {dag.py:3954} INFO - Setting next_dagrun for example_external_task_marker_child to None, run_after=None
[2025-04-28T02:12:03.591+0000] {logging_mixin.py:188} INFO - [2025-04-28T02:12:03.591+0000] {dag.py:3954} INFO - Setting next_dagrun for example_external_task_marker_parent to None, run_after=None
[2025-04-28T02:12:03.597+0000] {processor.py:183} INFO - Processing /home/airflow/.local/lib/python3.12/site-packages/airflow/example_dags/example_external_task_marker_dag.py took 0.026 seconds
[2025-04-28T02:12:34.122+0000] {processor.py:161} INFO - Started process (PID=223) to work on /home/airflow/.local/lib/python3.12/site-packages/airflow/example_dags/example_external_task_marker_dag.py
[2025-04-28T02:12:34.122+0000] {processor.py:830} INFO - Processing file /home/airflow/.local/lib/python3.12/site-packages/airflow/example_dags/example_external_task_marker_dag.py for tasks to queue
[2025-04-28T02:12:34.123+0000] {logging_mixin.py:188} INFO - [2025-04-28T02:12:34.123+0000] {dagbag.py:540} INFO - Filling up the DagBag from /home/airflow/.local/lib/python3.12/site-packages/airflow/example_dags/example_external_task_marker_dag.py
[2025-04-28T02:12:34.125+0000] {processor.py:840} INFO - DAG(s) 'example_external_task_marker_parent', 'example_external_task_marker_child' retrieved from /home/airflow/.local/lib/python3.12/site-packages/airflow/example_dags/example_external_task_marker_dag.py
[2025-04-28T02:12:34.134+0000] {logging_mixin.py:188} INFO - [2025-04-28T02:12:34.134+0000] {dag.py:3096} INFO - Sync 2 DAGs
[2025-04-28T02:12:34.139+0000] {logging_mixin.py:188} INFO - [2025-04-28T02:12:34.139+0000] {dag.py:3954} INFO - Setting next_dagrun for example_external_task_marker_child to None, run_after=None
[2025-04-28T02:12:34.140+0000] {logging_mixin.py:188} INFO - [2025-04-28T02:12:34.140+0000] {dag.py:3954} INFO - Setting next_dagrun for example_external_task_marker_parent to None, run_after=None
[2025-04-28T02:12:34.146+0000] {processor.py:183} INFO - Processing /home/airflow/.local/lib/python3.12/site-packages/airflow/example_dags/example_external_task_marker_dag.py took 0.027 seconds
[2025-04-28T02:13:04.586+0000] {processor.py:161} INFO - Started process (PID=287) to work on /home/airflow/.local/lib/python3.12/site-packages/airflow/example_dags/example_external_task_marker_dag.py
[2025-04-28T02:13:04.586+0000] {processor.py:830} INFO - Processing file /home/airflow/.local/lib/python3.12/site-packages/airflow/example_dags/example_external_task_marker_dag.py for tasks to queue
[2025-04-28T02:13:04.587+0000] {logging_mixin.py:188} INFO - [2025-04-28T02:13:04.587+0000] {dagbag.py:540} INFO - Filling up the DagBag from /home/airflow/.local/lib/python3.12/site-packages/airflow/example_dags/example_external_task_marker_dag.py
[2025-04-28T02:13:04.590+0000] {processor.py:840} INFO - DAG(s) 'example_external_task_marker_child', 'example_external_task_marker_parent' retrieved from /home/airflow/.local/lib/python3.12/site-packages/airflow/example_dags/example_external_task_marker_dag.py
[2025-04-28T02:13:04.600+0000] {logging_mixin.py:188} INFO - [2025-04-28T02:13:04.600+0000] {dag.py:3096} INFO - Sync 2 DAGs
[2025-04-28T02:13:04.605+0000] {logging_mixin.py:188} INFO - [2025-04-28T02:13:04.605+0000] {dag.py:3954} INFO - Setting next_dagrun for example_external_task_marker_child to None, run_after=None
[2025-04-28T02:13:04.607+0000] {logging_mixin.py:188} INFO - [2025-04-28T02:13:04.607+0000] {dag.py:3954} INFO - Setting next_dagrun for example_external_task_marker_parent to None, run_after=None
[2025-04-28T02:13:04.612+0000] {processor.py:183} INFO - Processing /home/airflow/.local/lib/python3.12/site-packages/airflow/example_dags/example_external_task_marker_dag.py took 0.029 seconds
[2025-04-28T02:13:35.085+0000] {processor.py:161} INFO - Started process (PID=345) to work on /home/airflow/.local/lib/python3.12/site-packages/airflow/example_dags/example_external_task_marker_dag.py
[2025-04-28T02:13:35.086+0000] {processor.py:830} INFO - Processing file /home/airflow/.local/lib/python3.12/site-packages/airflow/example_dags/example_external_task_marker_dag.py for tasks to queue
[2025-04-28T02:13:35.086+0000] {logging_mixin.py:188} INFO - [2025-04-28T02:13:35.086+0000] {dagbag.py:540} INFO - Filling up the DagBag from /home/airflow/.local/lib/python3.12/site-packages/airflow/example_dags/example_external_task_marker_dag.py
[2025-04-28T02:13:35.089+0000] {processor.py:840} INFO - DAG(s) 'example_external_task_marker_parent', 'example_external_task_marker_child' retrieved from /home/airflow/.local/lib/python3.12/site-packages/airflow/example_dags/example_external_task_marker_dag.py
[2025-04-28T02:13:35.098+0000] {logging_mixin.py:188} INFO - [2025-04-28T02:13:35.098+0000] {dag.py:3096} INFO - Sync 2 DAGs
[2025-04-28T02:13:35.103+0000] {logging_mixin.py:188} INFO - [2025-04-28T02:13:35.102+0000] {dag.py:3954} INFO - Setting next_dagrun for example_external_task_marker_child to None, run_after=None
[2025-04-28T02:13:35.104+0000] {logging_mixin.py:188} INFO - [2025-04-28T02:13:35.104+0000] {dag.py:3954} INFO - Setting next_dagrun for example_external_task_marker_parent to None, run_after=None
[2025-04-28T02:13:35.109+0000] {processor.py:183} INFO - Processing /home/airflow/.local/lib/python3.12/site-packages/airflow/example_dags/example_external_task_marker_dag.py took 0.027 seconds
[2025-04-28T02:14:05.593+0000] {processor.py:161} INFO - Started process (PID=403) to work on /home/airflow/.local/lib/python3.12/site-packages/airflow/example_dags/example_external_task_marker_dag.py
[2025-04-28T02:14:05.593+0000] {processor.py:830} INFO - Processing file /home/airflow/.local/lib/python3.12/site-packages/airflow/example_dags/example_external_task_marker_dag.py for tasks to queue
[2025-04-28T02:14:05.594+0000] {logging_mixin.py:188} INFO - [2025-04-28T02:14:05.594+0000] {dagbag.py:540} INFO - Filling up the DagBag from /home/airflow/.local/lib/python3.12/site-packages/airflow/example_dags/example_external_task_marker_dag.py
[2025-04-28T02:14:05.597+0000] {processor.py:840} INFO - DAG(s) 'example_external_task_marker_child', 'example_external_task_marker_parent' retrieved from /home/airflow/.local/lib/python3.12/site-packages/airflow/example_dags/example_external_task_marker_dag.py
[2025-04-28T02:14:05.604+0000] {logging_mixin.py:188} INFO - [2025-04-28T02:14:05.604+0000] {dag.py:3096} INFO - Sync 2 DAGs
[2025-04-28T02:14:05.610+0000] {logging_mixin.py:188} INFO - [2025-04-28T02:14:05.610+0000] {dag.py:3954} INFO - Setting next_dagrun for example_external_task_marker_child to None, run_after=None
[2025-04-28T02:14:05.612+0000] {logging_mixin.py:188} INFO - [2025-04-28T02:14:05.612+0000] {dag.py:3954} INFO - Setting next_dagrun for example_external_task_marker_parent to None, run_after=None
[2025-04-28T02:14:05.619+0000] {processor.py:183} INFO - Processing /home/airflow/.local/lib/python3.12/site-packages/airflow/example_dags/example_external_task_marker_dag.py took 0.030 seconds
[2025-04-28T02:14:36.090+0000] {processor.py:161} INFO - Started process (PID=461) to work on /home/airflow/.local/lib/python3.12/site-packages/airflow/example_dags/example_external_task_marker_dag.py
[2025-04-28T02:14:36.090+0000] {processor.py:830} INFO - Processing file /home/airflow/.local/lib/python3.12/site-packages/airflow/example_dags/example_external_task_marker_dag.py for tasks to queue
[2025-04-28T02:14:36.091+0000] {logging_mixin.py:188} INFO - [2025-04-28T02:14:36.091+0000] {dagbag.py:540} INFO - Filling up the DagBag from /home/airflow/.local/lib/python3.12/site-packages/airflow/example_dags/example_external_task_marker_dag.py
[2025-04-28T02:14:36.094+0000] {processor.py:840} INFO - DAG(s) 'example_external_task_marker_child', 'example_external_task_marker_parent' retrieved from /home/airflow/.local/lib/python3.12/site-packages/airflow/example_dags/example_external_task_marker_dag.py
[2025-04-28T02:14:36.101+0000] {logging_mixin.py:188} INFO - [2025-04-28T02:14:36.101+0000] {dag.py:3096} INFO - Sync 2 DAGs
[2025-04-28T02:14:36.114+0000] {logging_mixin.py:188} INFO - [2025-04-28T02:14:36.113+0000] {dag.py:3954} INFO - Setting next_dagrun for example_external_task_marker_child to None, run_after=None
[2025-04-28T02:14:36.119+0000] {logging_mixin.py:188} INFO - [2025-04-28T02:14:36.119+0000] {dag.py:3954} INFO - Setting next_dagrun for example_external_task_marker_parent to None, run_after=None
[2025-04-28T02:14:36.130+0000] {processor.py:183} INFO - Processing /home/airflow/.local/lib/python3.12/site-packages/airflow/example_dags/example_external_task_marker_dag.py took 0.044 seconds
[2025-04-28T02:15:06.724+0000] {processor.py:161} INFO - Started process (PID=519) to work on /home/airflow/.local/lib/python3.12/site-packages/airflow/example_dags/example_external_task_marker_dag.py
[2025-04-28T02:15:06.724+0000] {processor.py:830} INFO - Processing file /home/airflow/.local/lib/python3.12/site-packages/airflow/example_dags/example_external_task_marker_dag.py for tasks to queue
[2025-04-28T02:15:06.725+0000] {logging_mixin.py:188} INFO - [2025-04-28T02:15:06.725+0000] {dagbag.py:540} INFO - Filling up the DagBag from /home/airflow/.local/lib/python3.12/site-packages/airflow/example_dags/example_external_task_marker_dag.py
[2025-04-28T02:15:06.727+0000] {processor.py:840} INFO - DAG(s) 'example_external_task_marker_child', 'example_external_task_marker_parent' retrieved from /home/airflow/.local/lib/python3.12/site-packages/airflow/example_dags/example_external_task_marker_dag.py
[2025-04-28T02:15:06.764+0000] {logging_mixin.py:188} INFO - [2025-04-28T02:15:06.763+0000] {dag.py:3096} INFO - Sync 2 DAGs
[2025-04-28T02:15:06.824+0000] {logging_mixin.py:188} INFO - [2025-04-28T02:15:06.824+0000] {dag.py:3954} INFO - Setting next_dagrun for example_external_task_marker_child to None, run_after=None
[2025-04-28T02:15:06.826+0000] {logging_mixin.py:188} INFO - [2025-04-28T02:15:06.826+0000] {dag.py:3954} INFO - Setting next_dagrun for example_external_task_marker_parent to None, run_after=None
[2025-04-28T02:15:06.832+0000] {processor.py:183} INFO - Processing /home/airflow/.local/lib/python3.12/site-packages/airflow/example_dags/example_external_task_marker_dag.py took 0.111 seconds
[2025-04-28T02:15:37.802+0000] {processor.py:161} INFO - Started process (PID=577) to work on /home/airflow/.local/lib/python3.12/site-packages/airflow/example_dags/example_external_task_marker_dag.py
[2025-04-28T02:15:37.803+0000] {processor.py:830} INFO - Processing file /home/airflow/.local/lib/python3.12/site-packages/airflow/example_dags/example_external_task_marker_dag.py for tasks to queue
[2025-04-28T02:15:37.804+0000] {logging_mixin.py:188} INFO - [2025-04-28T02:15:37.804+0000] {dagbag.py:540} INFO - Filling up the DagBag from /home/airflow/.local/lib/python3.12/site-packages/airflow/example_dags/example_external_task_marker_dag.py
[2025-04-28T02:15:37.808+0000] {processor.py:840} INFO - DAG(s) 'example_external_task_marker_parent', 'example_external_task_marker_child' retrieved from /home/airflow/.local/lib/python3.12/site-packages/airflow/example_dags/example_external_task_marker_dag.py
[2025-04-28T02:15:37.822+0000] {logging_mixin.py:188} INFO - [2025-04-28T02:15:37.822+0000] {dag.py:3096} INFO - Sync 2 DAGs
[2025-04-28T02:15:37.829+0000] {logging_mixin.py:188} INFO - [2025-04-28T02:15:37.828+0000] {dag.py:3954} INFO - Setting next_dagrun for example_external_task_marker_child to None, run_after=None
[2025-04-28T02:15:37.830+0000] {logging_mixin.py:188} INFO - [2025-04-28T02:15:37.830+0000] {dag.py:3954} INFO - Setting next_dagrun for example_external_task_marker_parent to None, run_after=None
[2025-04-28T02:15:37.838+0000] {processor.py:183} INFO - Processing /home/airflow/.local/lib/python3.12/site-packages/airflow/example_dags/example_external_task_marker_dag.py took 0.042 seconds
[2025-04-28T02:16:08.335+0000] {processor.py:161} INFO - Started process (PID=635) to work on /home/airflow/.local/lib/python3.12/site-packages/airflow/example_dags/example_external_task_marker_dag.py
[2025-04-28T02:16:08.340+0000] {processor.py:830} INFO - Processing file /home/airflow/.local/lib/python3.12/site-packages/airflow/example_dags/example_external_task_marker_dag.py for tasks to queue
[2025-04-28T02:16:08.341+0000] {logging_mixin.py:188} INFO - [2025-04-28T02:16:08.341+0000] {dagbag.py:540} INFO - Filling up the DagBag from /home/airflow/.local/lib/python3.12/site-packages/airflow/example_dags/example_external_task_marker_dag.py
[2025-04-28T02:16:08.350+0000] {processor.py:840} INFO - DAG(s) 'example_external_task_marker_child', 'example_external_task_marker_parent' retrieved from /home/airflow/.local/lib/python3.12/site-packages/airflow/example_dags/example_external_task_marker_dag.py
[2025-04-28T02:16:08.364+0000] {logging_mixin.py:188} INFO - [2025-04-28T02:16:08.364+0000] {dag.py:3096} INFO - Sync 2 DAGs
[2025-04-28T02:16:08.375+0000] {logging_mixin.py:188} INFO - [2025-04-28T02:16:08.375+0000] {dag.py:3954} INFO - Setting next_dagrun for example_external_task_marker_child to None, run_after=None
[2025-04-28T02:16:08.380+0000] {logging_mixin.py:188} INFO - [2025-04-28T02:16:08.380+0000] {dag.py:3954} INFO - Setting next_dagrun for example_external_task_marker_parent to None, run_after=None
[2025-04-28T02:16:08.389+0000] {processor.py:183} INFO - Processing /home/airflow/.local/lib/python3.12/site-packages/airflow/example_dags/example_external_task_marker_dag.py took 0.058 seconds
[2025-04-28T02:16:38.918+0000] {processor.py:161} INFO - Started process (PID=694) to work on /home/airflow/.local/lib/python3.12/site-packages/airflow/example_dags/example_external_task_marker_dag.py
[2025-04-28T02:16:38.923+0000] {processor.py:830} INFO - Processing file /home/airflow/.local/lib/python3.12/site-packages/airflow/example_dags/example_external_task_marker_dag.py for tasks to queue
[2025-04-28T02:16:38.925+0000] {logging_mixin.py:188} INFO - [2025-04-28T02:16:38.924+0000] {dagbag.py:540} INFO - Filling up the DagBag from /home/airflow/.local/lib/python3.12/site-packages/airflow/example_dags/example_external_task_marker_dag.py
[2025-04-28T02:16:38.932+0000] {processor.py:840} INFO - DAG(s) 'example_external_task_marker_child', 'example_external_task_marker_parent' retrieved from /home/airflow/.local/lib/python3.12/site-packages/airflow/example_dags/example_external_task_marker_dag.py
[2025-04-28T02:16:38.946+0000] {logging_mixin.py:188} INFO - [2025-04-28T02:16:38.946+0000] {dag.py:3096} INFO - Sync 2 DAGs
[2025-04-28T02:16:38.953+0000] {logging_mixin.py:188} INFO - [2025-04-28T02:16:38.953+0000] {dag.py:3954} INFO - Setting next_dagrun for example_external_task_marker_child to None, run_after=None
[2025-04-28T02:16:38.957+0000] {logging_mixin.py:188} INFO - [2025-04-28T02:16:38.957+0000] {dag.py:3954} INFO - Setting next_dagrun for example_external_task_marker_parent to None, run_after=None
[2025-04-28T02:16:38.966+0000] {processor.py:183} INFO - Processing /home/airflow/.local/lib/python3.12/site-packages/airflow/example_dags/example_external_task_marker_dag.py took 0.054 seconds
[2025-04-28T02:17:09.587+0000] {processor.py:161} INFO - Started process (PID=753) to work on /home/airflow/.local/lib/python3.12/site-packages/airflow/example_dags/example_external_task_marker_dag.py
[2025-04-28T02:17:09.588+0000] {processor.py:830} INFO - Processing file /home/airflow/.local/lib/python3.12/site-packages/airflow/example_dags/example_external_task_marker_dag.py for tasks to queue
[2025-04-28T02:17:09.590+0000] {logging_mixin.py:188} INFO - [2025-04-28T02:17:09.590+0000] {dagbag.py:540} INFO - Filling up the DagBag from /home/airflow/.local/lib/python3.12/site-packages/airflow/example_dags/example_external_task_marker_dag.py
[2025-04-28T02:17:09.594+0000] {processor.py:840} INFO - DAG(s) 'example_external_task_marker_parent', 'example_external_task_marker_child' retrieved from /home/airflow/.local/lib/python3.12/site-packages/airflow/example_dags/example_external_task_marker_dag.py
[2025-04-28T02:17:09.608+0000] {logging_mixin.py:188} INFO - [2025-04-28T02:17:09.608+0000] {dag.py:3096} INFO - Sync 2 DAGs
[2025-04-28T02:17:09.615+0000] {logging_mixin.py:188} INFO - [2025-04-28T02:17:09.615+0000] {dag.py:3954} INFO - Setting next_dagrun for example_external_task_marker_child to None, run_after=None
[2025-04-28T02:17:09.617+0000] {logging_mixin.py:188} INFO - [2025-04-28T02:17:09.617+0000] {dag.py:3954} INFO - Setting next_dagrun for example_external_task_marker_parent to None, run_after=None
[2025-04-28T02:17:09.625+0000] {processor.py:183} INFO - Processing /home/airflow/.local/lib/python3.12/site-packages/airflow/example_dags/example_external_task_marker_dag.py took 0.043 seconds
[2025-04-28T02:17:40.392+0000] {processor.py:161} INFO - Started process (PID=812) to work on /home/airflow/.local/lib/python3.12/site-packages/airflow/example_dags/example_external_task_marker_dag.py
[2025-04-28T02:17:40.393+0000] {processor.py:830} INFO - Processing file /home/airflow/.local/lib/python3.12/site-packages/airflow/example_dags/example_external_task_marker_dag.py for tasks to queue
[2025-04-28T02:17:40.394+0000] {logging_mixin.py:188} INFO - [2025-04-28T02:17:40.394+0000] {dagbag.py:540} INFO - Filling up the DagBag from /home/airflow/.local/lib/python3.12/site-packages/airflow/example_dags/example_external_task_marker_dag.py
[2025-04-28T02:17:40.397+0000] {processor.py:840} INFO - DAG(s) 'example_external_task_marker_child', 'example_external_task_marker_parent' retrieved from /home/airflow/.local/lib/python3.12/site-packages/airflow/example_dags/example_external_task_marker_dag.py
[2025-04-28T02:17:40.409+0000] {logging_mixin.py:188} INFO - [2025-04-28T02:17:40.409+0000] {dag.py:3096} INFO - Sync 2 DAGs
[2025-04-28T02:17:40.416+0000] {logging_mixin.py:188} INFO - [2025-04-28T02:17:40.415+0000] {dag.py:3954} INFO - Setting next_dagrun for example_external_task_marker_child to None, run_after=None
[2025-04-28T02:17:40.417+0000] {logging_mixin.py:188} INFO - [2025-04-28T02:17:40.417+0000] {dag.py:3954} INFO - Setting next_dagrun for example_external_task_marker_parent to None, run_after=None
[2025-04-28T02:17:40.425+0000] {processor.py:183} INFO - Processing /home/airflow/.local/lib/python3.12/site-packages/airflow/example_dags/example_external_task_marker_dag.py took 0.037 seconds
[2025-04-28T02:18:11.180+0000] {processor.py:161} INFO - Started process (PID=875) to work on /home/airflow/.local/lib/python3.12/site-packages/airflow/example_dags/example_external_task_marker_dag.py
[2025-04-28T02:18:11.181+0000] {processor.py:830} INFO - Processing file /home/airflow/.local/lib/python3.12/site-packages/airflow/example_dags/example_external_task_marker_dag.py for tasks to queue
[2025-04-28T02:18:11.183+0000] {logging_mixin.py:188} INFO - [2025-04-28T02:18:11.183+0000] {dagbag.py:540} INFO - Filling up the DagBag from /home/airflow/.local/lib/python3.12/site-packages/airflow/example_dags/example_external_task_marker_dag.py
[2025-04-28T02:18:11.187+0000] {processor.py:840} INFO - DAG(s) 'example_external_task_marker_parent', 'example_external_task_marker_child' retrieved from /home/airflow/.local/lib/python3.12/site-packages/airflow/example_dags/example_external_task_marker_dag.py
[2025-04-28T02:18:11.199+0000] {logging_mixin.py:188} INFO - [2025-04-28T02:18:11.199+0000] {dag.py:3096} INFO - Sync 2 DAGs
[2025-04-28T02:18:11.205+0000] {logging_mixin.py:188} INFO - [2025-04-28T02:18:11.205+0000] {dag.py:3954} INFO - Setting next_dagrun for example_external_task_marker_child to None, run_after=None
[2025-04-28T02:18:11.206+0000] {logging_mixin.py:188} INFO - [2025-04-28T02:18:11.206+0000] {dag.py:3954} INFO - Setting next_dagrun for example_external_task_marker_parent to None, run_after=None
[2025-04-28T02:18:11.214+0000] {processor.py:183} INFO - Processing /home/airflow/.local/lib/python3.12/site-packages/airflow/example_dags/example_external_task_marker_dag.py took 0.038 seconds
[2025-04-28T02:18:41.881+0000] {processor.py:161} INFO - Started process (PID=934) to work on /home/airflow/.local/lib/python3.12/site-packages/airflow/example_dags/example_external_task_marker_dag.py
[2025-04-28T02:18:41.885+0000] {processor.py:830} INFO - Processing file /home/airflow/.local/lib/python3.12/site-packages/airflow/example_dags/example_external_task_marker_dag.py for tasks to queue
[2025-04-28T02:18:41.886+0000] {logging_mixin.py:188} INFO - [2025-04-28T02:18:41.886+0000] {dagbag.py:540} INFO - Filling up the DagBag from /home/airflow/.local/lib/python3.12/site-packages/airflow/example_dags/example_external_task_marker_dag.py
[2025-04-28T02:18:41.890+0000] {processor.py:840} INFO - DAG(s) 'example_external_task_marker_child', 'example_external_task_marker_parent' retrieved from /home/airflow/.local/lib/python3.12/site-packages/airflow/example_dags/example_external_task_marker_dag.py
[2025-04-28T02:18:41.907+0000] {logging_mixin.py:188} INFO - [2025-04-28T02:18:41.906+0000] {dag.py:3096} INFO - Sync 2 DAGs
[2025-04-28T02:18:41.983+0000] {logging_mixin.py:188} INFO - [2025-04-28T02:18:41.983+0000] {dag.py:3954} INFO - Setting next_dagrun for example_external_task_marker_child to None, run_after=None
[2025-04-28T02:18:41.985+0000] {logging_mixin.py:188} INFO - [2025-04-28T02:18:41.985+0000] {dag.py:3954} INFO - Setting next_dagrun for example_external_task_marker_parent to None, run_after=None
[2025-04-28T02:18:41.991+0000] {processor.py:183} INFO - Processing /home/airflow/.local/lib/python3.12/site-packages/airflow/example_dags/example_external_task_marker_dag.py took 0.116 seconds
[2025-04-28T02:19:12.609+0000] {processor.py:161} INFO - Started process (PID=993) to work on /home/airflow/.local/lib/python3.12/site-packages/airflow/example_dags/example_external_task_marker_dag.py
[2025-04-28T02:19:12.610+0000] {processor.py:830} INFO - Processing file /home/airflow/.local/lib/python3.12/site-packages/airflow/example_dags/example_external_task_marker_dag.py for tasks to queue
[2025-04-28T02:19:12.612+0000] {logging_mixin.py:188} INFO - [2025-04-28T02:19:12.611+0000] {dagbag.py:540} INFO - Filling up the DagBag from /home/airflow/.local/lib/python3.12/site-packages/airflow/example_dags/example_external_task_marker_dag.py
[2025-04-28T02:19:12.616+0000] {processor.py:840} INFO - DAG(s) 'example_external_task_marker_parent', 'example_external_task_marker_child' retrieved from /home/airflow/.local/lib/python3.12/site-packages/airflow/example_dags/example_external_task_marker_dag.py
[2025-04-28T02:19:12.633+0000] {logging_mixin.py:188} INFO - [2025-04-28T02:19:12.632+0000] {dag.py:3096} INFO - Sync 2 DAGs
[2025-04-28T02:19:12.639+0000] {logging_mixin.py:188} INFO - [2025-04-28T02:19:12.639+0000] {dag.py:3954} INFO - Setting next_dagrun for example_external_task_marker_child to None, run_after=None
[2025-04-28T02:19:12.642+0000] {logging_mixin.py:188} INFO - [2025-04-28T02:19:12.641+0000] {dag.py:3954} INFO - Setting next_dagrun for example_external_task_marker_parent to None, run_after=None
[2025-04-28T02:19:12.721+0000] {processor.py:183} INFO - Processing /home/airflow/.local/lib/python3.12/site-packages/airflow/example_dags/example_external_task_marker_dag.py took 0.118 seconds
[2025-04-28T02:19:42.834+0000] {processor.py:161} INFO - Started process (PID=1052) to work on /home/airflow/.local/lib/python3.12/site-packages/airflow/example_dags/example_external_task_marker_dag.py
[2025-04-28T02:19:42.835+0000] {processor.py:830} INFO - Processing file /home/airflow/.local/lib/python3.12/site-packages/airflow/example_dags/example_external_task_marker_dag.py for tasks to queue
[2025-04-28T02:19:42.836+0000] {logging_mixin.py:188} INFO - [2025-04-28T02:19:42.836+0000] {dagbag.py:540} INFO - Filling up the DagBag from /home/airflow/.local/lib/python3.12/site-packages/airflow/example_dags/example_external_task_marker_dag.py
[2025-04-28T02:19:42.840+0000] {processor.py:840} INFO - DAG(s) 'example_external_task_marker_parent', 'example_external_task_marker_child' retrieved from /home/airflow/.local/lib/python3.12/site-packages/airflow/example_dags/example_external_task_marker_dag.py
[2025-04-28T02:19:42.856+0000] {logging_mixin.py:188} INFO - [2025-04-28T02:19:42.856+0000] {dag.py:3096} INFO - Sync 2 DAGs
[2025-04-28T02:19:42.865+0000] {logging_mixin.py:188} INFO - [2025-04-28T02:19:42.865+0000] {dag.py:3954} INFO - Setting next_dagrun for example_external_task_marker_child to None, run_after=None
[2025-04-28T02:19:42.870+0000] {logging_mixin.py:188} INFO - [2025-04-28T02:19:42.870+0000] {dag.py:3954} INFO - Setting next_dagrun for example_external_task_marker_parent to None, run_after=None
[2025-04-28T02:19:42.880+0000] {processor.py:183} INFO - Processing /home/airflow/.local/lib/python3.12/site-packages/airflow/example_dags/example_external_task_marker_dag.py took 0.052 seconds
[2025-04-28T02:20:12.977+0000] {processor.py:161} INFO - Started process (PID=1111) to work on /home/airflow/.local/lib/python3.12/site-packages/airflow/example_dags/example_external_task_marker_dag.py
[2025-04-28T02:20:12.977+0000] {processor.py:830} INFO - Processing file /home/airflow/.local/lib/python3.12/site-packages/airflow/example_dags/example_external_task_marker_dag.py for tasks to queue
[2025-04-28T02:20:12.979+0000] {logging_mixin.py:188} INFO - [2025-04-28T02:20:12.979+0000] {dagbag.py:540} INFO - Filling up the DagBag from /home/airflow/.local/lib/python3.12/site-packages/airflow/example_dags/example_external_task_marker_dag.py
[2025-04-28T02:20:12.983+0000] {processor.py:840} INFO - DAG(s) 'example_external_task_marker_parent', 'example_external_task_marker_child' retrieved from /home/airflow/.local/lib/python3.12/site-packages/airflow/example_dags/example_external_task_marker_dag.py
[2025-04-28T02:20:12.998+0000] {logging_mixin.py:188} INFO - [2025-04-28T02:20:12.998+0000] {dag.py:3096} INFO - Sync 2 DAGs
[2025-04-28T02:20:13.008+0000] {logging_mixin.py:188} INFO - [2025-04-28T02:20:13.008+0000] {dag.py:3954} INFO - Setting next_dagrun for example_external_task_marker_child to None, run_after=None
[2025-04-28T02:20:13.010+0000] {logging_mixin.py:188} INFO - [2025-04-28T02:20:13.010+0000] {dag.py:3954} INFO - Setting next_dagrun for example_external_task_marker_parent to None, run_after=None
[2025-04-28T02:20:13.017+0000] {processor.py:183} INFO - Processing /home/airflow/.local/lib/python3.12/site-packages/airflow/example_dags/example_external_task_marker_dag.py took 0.044 seconds
[2025-04-28T02:20:43.546+0000] {processor.py:161} INFO - Started process (PID=1170) to work on /home/airflow/.local/lib/python3.12/site-packages/airflow/example_dags/example_external_task_marker_dag.py
[2025-04-28T02:20:43.547+0000] {processor.py:830} INFO - Processing file /home/airflow/.local/lib/python3.12/site-packages/airflow/example_dags/example_external_task_marker_dag.py for tasks to queue
[2025-04-28T02:20:43.548+0000] {logging_mixin.py:188} INFO - [2025-04-28T02:20:43.548+0000] {dagbag.py:540} INFO - Filling up the DagBag from /home/airflow/.local/lib/python3.12/site-packages/airflow/example_dags/example_external_task_marker_dag.py
[2025-04-28T02:20:43.552+0000] {processor.py:840} INFO - DAG(s) 'example_external_task_marker_parent', 'example_external_task_marker_child' retrieved from /home/airflow/.local/lib/python3.12/site-packages/airflow/example_dags/example_external_task_marker_dag.py
[2025-04-28T02:20:43.568+0000] {logging_mixin.py:188} INFO - [2025-04-28T02:20:43.568+0000] {dag.py:3096} INFO - Sync 2 DAGs
[2025-04-28T02:20:43.574+0000] {logging_mixin.py:188} INFO - [2025-04-28T02:20:43.574+0000] {dag.py:3954} INFO - Setting next_dagrun for example_external_task_marker_child to None, run_after=None
[2025-04-28T02:20:43.576+0000] {logging_mixin.py:188} INFO - [2025-04-28T02:20:43.576+0000] {dag.py:3954} INFO - Setting next_dagrun for example_external_task_marker_parent to None, run_after=None
[2025-04-28T02:20:43.585+0000] {processor.py:183} INFO - Processing /home/airflow/.local/lib/python3.12/site-packages/airflow/example_dags/example_external_task_marker_dag.py took 0.044 seconds
[2025-04-28T02:21:14.193+0000] {processor.py:161} INFO - Started process (PID=1229) to work on /home/airflow/.local/lib/python3.12/site-packages/airflow/example_dags/example_external_task_marker_dag.py
[2025-04-28T02:21:14.194+0000] {processor.py:830} INFO - Processing file /home/airflow/.local/lib/python3.12/site-packages/airflow/example_dags/example_external_task_marker_dag.py for tasks to queue
[2025-04-28T02:21:14.195+0000] {logging_mixin.py:188} INFO - [2025-04-28T02:21:14.195+0000] {dagbag.py:540} INFO - Filling up the DagBag from /home/airflow/.local/lib/python3.12/site-packages/airflow/example_dags/example_external_task_marker_dag.py
[2025-04-28T02:21:14.199+0000] {processor.py:840} INFO - DAG(s) 'example_external_task_marker_child', 'example_external_task_marker_parent' retrieved from /home/airflow/.local/lib/python3.12/site-packages/airflow/example_dags/example_external_task_marker_dag.py
[2025-04-28T02:21:14.212+0000] {logging_mixin.py:188} INFO - [2025-04-28T02:21:14.212+0000] {dag.py:3096} INFO - Sync 2 DAGs
[2025-04-28T02:21:14.220+0000] {logging_mixin.py:188} INFO - [2025-04-28T02:21:14.220+0000] {dag.py:3954} INFO - Setting next_dagrun for example_external_task_marker_child to None, run_after=None
[2025-04-28T02:21:14.222+0000] {logging_mixin.py:188} INFO - [2025-04-28T02:21:14.222+0000] {dag.py:3954} INFO - Setting next_dagrun for example_external_task_marker_parent to None, run_after=None
[2025-04-28T02:21:14.233+0000] {processor.py:183} INFO - Processing /home/airflow/.local/lib/python3.12/site-packages/airflow/example_dags/example_external_task_marker_dag.py took 0.043 seconds
[2025-04-28T02:21:44.769+0000] {processor.py:161} INFO - Started process (PID=1288) to work on /home/airflow/.local/lib/python3.12/site-packages/airflow/example_dags/example_external_task_marker_dag.py
[2025-04-28T02:21:44.770+0000] {processor.py:830} INFO - Processing file /home/airflow/.local/lib/python3.12/site-packages/airflow/example_dags/example_external_task_marker_dag.py for tasks to queue
[2025-04-28T02:21:44.771+0000] {logging_mixin.py:188} INFO - [2025-04-28T02:21:44.770+0000] {dagbag.py:540} INFO - Filling up the DagBag from /home/airflow/.local/lib/python3.12/site-packages/airflow/example_dags/example_external_task_marker_dag.py
[2025-04-28T02:21:44.774+0000] {processor.py:840} INFO - DAG(s) 'example_external_task_marker_parent', 'example_external_task_marker_child' retrieved from /home/airflow/.local/lib/python3.12/site-packages/airflow/example_dags/example_external_task_marker_dag.py
[2025-04-28T02:21:44.791+0000] {logging_mixin.py:188} INFO - [2025-04-28T02:21:44.791+0000] {dag.py:3096} INFO - Sync 2 DAGs
[2025-04-28T02:21:44.798+0000] {logging_mixin.py:188} INFO - [2025-04-28T02:21:44.798+0000] {dag.py:3954} INFO - Setting next_dagrun for example_external_task_marker_child to None, run_after=None
[2025-04-28T02:21:44.802+0000] {logging_mixin.py:188} INFO - [2025-04-28T02:21:44.802+0000] {dag.py:3954} INFO - Setting next_dagrun for example_external_task_marker_parent to None, run_after=None
[2025-04-28T02:21:44.809+0000] {processor.py:183} INFO - Processing /home/airflow/.local/lib/python3.12/site-packages/airflow/example_dags/example_external_task_marker_dag.py took 0.045 seconds
[2025-04-28T02:22:15.323+0000] {processor.py:161} INFO - Started process (PID=1347) to work on /home/airflow/.local/lib/python3.12/site-packages/airflow/example_dags/example_external_task_marker_dag.py
[2025-04-28T02:22:15.323+0000] {processor.py:830} INFO - Processing file /home/airflow/.local/lib/python3.12/site-packages/airflow/example_dags/example_external_task_marker_dag.py for tasks to queue
[2025-04-28T02:22:15.324+0000] {logging_mixin.py:188} INFO - [2025-04-28T02:22:15.324+0000] {dagbag.py:540} INFO - Filling up the DagBag from /home/airflow/.local/lib/python3.12/site-packages/airflow/example_dags/example_external_task_marker_dag.py
[2025-04-28T02:22:15.327+0000] {processor.py:840} INFO - DAG(s) 'example_external_task_marker_child', 'example_external_task_marker_parent' retrieved from /home/airflow/.local/lib/python3.12/site-packages/airflow/example_dags/example_external_task_marker_dag.py
[2025-04-28T02:22:15.339+0000] {logging_mixin.py:188} INFO - [2025-04-28T02:22:15.339+0000] {dag.py:3096} INFO - Sync 2 DAGs
[2025-04-28T02:22:15.345+0000] {logging_mixin.py:188} INFO - [2025-04-28T02:22:15.344+0000] {dag.py:3954} INFO - Setting next_dagrun for example_external_task_marker_child to None, run_after=None
[2025-04-28T02:22:15.349+0000] {logging_mixin.py:188} INFO - [2025-04-28T02:22:15.349+0000] {dag.py:3954} INFO - Setting next_dagrun for example_external_task_marker_parent to None, run_after=None
[2025-04-28T02:22:15.360+0000] {processor.py:183} INFO - Processing /home/airflow/.local/lib/python3.12/site-packages/airflow/example_dags/example_external_task_marker_dag.py took 0.041 seconds
[2025-04-28T02:22:45.850+0000] {processor.py:161} INFO - Started process (PID=1406) to work on /home/airflow/.local/lib/python3.12/site-packages/airflow/example_dags/example_external_task_marker_dag.py
[2025-04-28T02:22:45.851+0000] {processor.py:830} INFO - Processing file /home/airflow/.local/lib/python3.12/site-packages/airflow/example_dags/example_external_task_marker_dag.py for tasks to queue
[2025-04-28T02:22:45.852+0000] {logging_mixin.py:188} INFO - [2025-04-28T02:22:45.852+0000] {dagbag.py:540} INFO - Filling up the DagBag from /home/airflow/.local/lib/python3.12/site-packages/airflow/example_dags/example_external_task_marker_dag.py
[2025-04-28T02:22:45.856+0000] {processor.py:840} INFO - DAG(s) 'example_external_task_marker_parent', 'example_external_task_marker_child' retrieved from /home/airflow/.local/lib/python3.12/site-packages/airflow/example_dags/example_external_task_marker_dag.py
[2025-04-28T02:22:45.869+0000] {logging_mixin.py:188} INFO - [2025-04-28T02:22:45.869+0000] {dag.py:3096} INFO - Sync 2 DAGs
[2025-04-28T02:22:45.875+0000] {logging_mixin.py:188} INFO - [2025-04-28T02:22:45.875+0000] {dag.py:3954} INFO - Setting next_dagrun for example_external_task_marker_child to None, run_after=None
[2025-04-28T02:22:45.877+0000] {logging_mixin.py:188} INFO - [2025-04-28T02:22:45.877+0000] {dag.py:3954} INFO - Setting next_dagrun for example_external_task_marker_parent to None, run_after=None
[2025-04-28T02:22:45.888+0000] {processor.py:183} INFO - Processing /home/airflow/.local/lib/python3.12/site-packages/airflow/example_dags/example_external_task_marker_dag.py took 0.044 seconds
[2025-04-28T02:23:16.503+0000] {processor.py:161} INFO - Started process (PID=1465) to work on /home/airflow/.local/lib/python3.12/site-packages/airflow/example_dags/example_external_task_marker_dag.py
[2025-04-28T02:23:16.504+0000] {processor.py:830} INFO - Processing file /home/airflow/.local/lib/python3.12/site-packages/airflow/example_dags/example_external_task_marker_dag.py for tasks to queue
[2025-04-28T02:23:16.506+0000] {logging_mixin.py:188} INFO - [2025-04-28T02:23:16.506+0000] {dagbag.py:540} INFO - Filling up the DagBag from /home/airflow/.local/lib/python3.12/site-packages/airflow/example_dags/example_external_task_marker_dag.py
[2025-04-28T02:23:16.510+0000] {processor.py:840} INFO - DAG(s) 'example_external_task_marker_child', 'example_external_task_marker_parent' retrieved from /home/airflow/.local/lib/python3.12/site-packages/airflow/example_dags/example_external_task_marker_dag.py
[2025-04-28T02:23:16.526+0000] {logging_mixin.py:188} INFO - [2025-04-28T02:23:16.526+0000] {dag.py:3096} INFO - Sync 2 DAGs
[2025-04-28T02:23:16.532+0000] {logging_mixin.py:188} INFO - [2025-04-28T02:23:16.532+0000] {dag.py:3954} INFO - Setting next_dagrun for example_external_task_marker_child to None, run_after=None
[2025-04-28T02:23:16.534+0000] {logging_mixin.py:188} INFO - [2025-04-28T02:23:16.534+0000] {dag.py:3954} INFO - Setting next_dagrun for example_external_task_marker_parent to None, run_after=None
[2025-04-28T02:23:16.543+0000] {processor.py:183} INFO - Processing /home/airflow/.local/lib/python3.12/site-packages/airflow/example_dags/example_external_task_marker_dag.py took 0.046 seconds
