[2025-04-28T02:11:02.639+0000] {processor.py:161} INFO - Started process (PID=66) to work on /home/airflow/.local/lib/python3.12/site-packages/airflow/example_dags/example_branch_operator.py
[2025-04-28T02:11:02.640+0000] {processor.py:830} INFO - Processing file /home/airflow/.local/lib/python3.12/site-packages/airflow/example_dags/example_branch_operator.py for tasks to queue
[2025-04-28T02:11:02.641+0000] {logging_mixin.py:188} INFO - [2025-04-28T02:11:02.640+0000] {dagbag.py:540} INFO - Filling up the DagBag from /home/airflow/.local/lib/python3.12/site-packages/airflow/example_dags/example_branch_operator.py
[2025-04-28T02:11:02.650+0000] {processor.py:840} INFO - DAG(s) 'example_branch_operator' retrieved from /home/airflow/.local/lib/python3.12/site-packages/airflow/example_dags/example_branch_operator.py
[2025-04-28T02:11:02.659+0000] {logging_mixin.py:188} INFO - [2025-04-28T02:11:02.659+0000] {dag.py:3096} INFO - Sync 1 DAGs
[2025-04-28T02:11:02.671+0000] {logging_mixin.py:188} INFO - [2025-04-28T02:11:02.670+0000] {dag.py:3954} INFO - Setting next_dagrun for example_branch_operator to 2025-04-27 00:00:00+00:00, run_after=2025-04-28 00:00:00+00:00
[2025-04-28T02:11:02.678+0000] {processor.py:183} INFO - Processing /home/airflow/.local/lib/python3.12/site-packages/airflow/example_dags/example_branch_operator.py took 0.042 seconds
[2025-04-28T02:11:33.138+0000] {processor.py:161} INFO - Started process (PID=124) to work on /home/airflow/.local/lib/python3.12/site-packages/airflow/example_dags/example_branch_operator.py
[2025-04-28T02:11:33.142+0000] {processor.py:830} INFO - Processing file /home/airflow/.local/lib/python3.12/site-packages/airflow/example_dags/example_branch_operator.py for tasks to queue
[2025-04-28T02:11:33.143+0000] {logging_mixin.py:188} INFO - [2025-04-28T02:11:33.143+0000] {dagbag.py:540} INFO - Filling up the DagBag from /home/airflow/.local/lib/python3.12/site-packages/airflow/example_dags/example_branch_operator.py
[2025-04-28T02:11:33.150+0000] {processor.py:840} INFO - DAG(s) 'example_branch_operator' retrieved from /home/airflow/.local/lib/python3.12/site-packages/airflow/example_dags/example_branch_operator.py
[2025-04-28T02:11:33.187+0000] {logging_mixin.py:188} INFO - [2025-04-28T02:11:33.187+0000] {dag.py:3096} INFO - Sync 1 DAGs
[2025-04-28T02:11:33.194+0000] {logging_mixin.py:188} INFO - [2025-04-28T02:11:33.194+0000] {dag.py:3954} INFO - Setting next_dagrun for example_branch_operator to 2025-04-27 00:00:00+00:00, run_after=2025-04-28 00:00:00+00:00
[2025-04-28T02:11:33.203+0000] {processor.py:183} INFO - Processing /home/airflow/.local/lib/python3.12/site-packages/airflow/example_dags/example_branch_operator.py took 0.067 seconds
[2025-04-28T02:12:04.021+0000] {processor.py:161} INFO - Started process (PID=182) to work on /home/airflow/.local/lib/python3.12/site-packages/airflow/example_dags/example_branch_operator.py
[2025-04-28T02:12:04.022+0000] {processor.py:830} INFO - Processing file /home/airflow/.local/lib/python3.12/site-packages/airflow/example_dags/example_branch_operator.py for tasks to queue
[2025-04-28T02:12:04.023+0000] {logging_mixin.py:188} INFO - [2025-04-28T02:12:04.023+0000] {dagbag.py:540} INFO - Filling up the DagBag from /home/airflow/.local/lib/python3.12/site-packages/airflow/example_dags/example_branch_operator.py
[2025-04-28T02:12:04.029+0000] {processor.py:840} INFO - DAG(s) 'example_branch_operator' retrieved from /home/airflow/.local/lib/python3.12/site-packages/airflow/example_dags/example_branch_operator.py
[2025-04-28T02:12:04.039+0000] {logging_mixin.py:188} INFO - [2025-04-28T02:12:04.039+0000] {dag.py:3096} INFO - Sync 1 DAGs
[2025-04-28T02:12:04.047+0000] {logging_mixin.py:188} INFO - [2025-04-28T02:12:04.047+0000] {dag.py:3954} INFO - Setting next_dagrun for example_branch_operator to 2025-04-27 00:00:00+00:00, run_after=2025-04-28 00:00:00+00:00
[2025-04-28T02:12:04.057+0000] {processor.py:183} INFO - Processing /home/airflow/.local/lib/python3.12/site-packages/airflow/example_dags/example_branch_operator.py took 0.038 seconds
[2025-04-28T02:12:34.540+0000] {processor.py:161} INFO - Started process (PID=246) to work on /home/airflow/.local/lib/python3.12/site-packages/airflow/example_dags/example_branch_operator.py
[2025-04-28T02:12:34.540+0000] {processor.py:830} INFO - Processing file /home/airflow/.local/lib/python3.12/site-packages/airflow/example_dags/example_branch_operator.py for tasks to queue
[2025-04-28T02:12:34.541+0000] {logging_mixin.py:188} INFO - [2025-04-28T02:12:34.541+0000] {dagbag.py:540} INFO - Filling up the DagBag from /home/airflow/.local/lib/python3.12/site-packages/airflow/example_dags/example_branch_operator.py
[2025-04-28T02:12:34.549+0000] {processor.py:840} INFO - DAG(s) 'example_branch_operator' retrieved from /home/airflow/.local/lib/python3.12/site-packages/airflow/example_dags/example_branch_operator.py
[2025-04-28T02:12:34.560+0000] {logging_mixin.py:188} INFO - [2025-04-28T02:12:34.560+0000] {dag.py:3096} INFO - Sync 1 DAGs
[2025-04-28T02:12:34.572+0000] {logging_mixin.py:188} INFO - [2025-04-28T02:12:34.572+0000] {dag.py:3954} INFO - Setting next_dagrun for example_branch_operator to 2025-04-27 00:00:00+00:00, run_after=2025-04-28 00:00:00+00:00
[2025-04-28T02:12:34.582+0000] {processor.py:183} INFO - Processing /home/airflow/.local/lib/python3.12/site-packages/airflow/example_dags/example_branch_operator.py took 0.044 seconds
[2025-04-28T02:13:05.082+0000] {processor.py:161} INFO - Started process (PID=304) to work on /home/airflow/.local/lib/python3.12/site-packages/airflow/example_dags/example_branch_operator.py
[2025-04-28T02:13:05.082+0000] {processor.py:830} INFO - Processing file /home/airflow/.local/lib/python3.12/site-packages/airflow/example_dags/example_branch_operator.py for tasks to queue
[2025-04-28T02:13:05.083+0000] {logging_mixin.py:188} INFO - [2025-04-28T02:13:05.083+0000] {dagbag.py:540} INFO - Filling up the DagBag from /home/airflow/.local/lib/python3.12/site-packages/airflow/example_dags/example_branch_operator.py
[2025-04-28T02:13:05.089+0000] {processor.py:840} INFO - DAG(s) 'example_branch_operator' retrieved from /home/airflow/.local/lib/python3.12/site-packages/airflow/example_dags/example_branch_operator.py
[2025-04-28T02:13:05.100+0000] {logging_mixin.py:188} INFO - [2025-04-28T02:13:05.100+0000] {dag.py:3096} INFO - Sync 1 DAGs
[2025-04-28T02:13:05.109+0000] {logging_mixin.py:188} INFO - [2025-04-28T02:13:05.109+0000] {dag.py:3954} INFO - Setting next_dagrun for example_branch_operator to 2025-04-27 00:00:00+00:00, run_after=2025-04-28 00:00:00+00:00
[2025-04-28T02:13:05.116+0000] {processor.py:183} INFO - Processing /home/airflow/.local/lib/python3.12/site-packages/airflow/example_dags/example_branch_operator.py took 0.036 seconds
[2025-04-28T02:13:35.540+0000] {processor.py:161} INFO - Started process (PID=362) to work on /home/airflow/.local/lib/python3.12/site-packages/airflow/example_dags/example_branch_operator.py
[2025-04-28T02:13:35.541+0000] {processor.py:830} INFO - Processing file /home/airflow/.local/lib/python3.12/site-packages/airflow/example_dags/example_branch_operator.py for tasks to queue
[2025-04-28T02:13:35.542+0000] {logging_mixin.py:188} INFO - [2025-04-28T02:13:35.542+0000] {dagbag.py:540} INFO - Filling up the DagBag from /home/airflow/.local/lib/python3.12/site-packages/airflow/example_dags/example_branch_operator.py
[2025-04-28T02:13:35.550+0000] {processor.py:840} INFO - DAG(s) 'example_branch_operator' retrieved from /home/airflow/.local/lib/python3.12/site-packages/airflow/example_dags/example_branch_operator.py
[2025-04-28T02:13:35.562+0000] {logging_mixin.py:188} INFO - [2025-04-28T02:13:35.561+0000] {dag.py:3096} INFO - Sync 1 DAGs
[2025-04-28T02:13:35.570+0000] {logging_mixin.py:188} INFO - [2025-04-28T02:13:35.570+0000] {dag.py:3954} INFO - Setting next_dagrun for example_branch_operator to 2025-04-27 00:00:00+00:00, run_after=2025-04-28 00:00:00+00:00
[2025-04-28T02:13:35.577+0000] {processor.py:183} INFO - Processing /home/airflow/.local/lib/python3.12/site-packages/airflow/example_dags/example_branch_operator.py took 0.039 seconds
[2025-04-28T02:14:06.075+0000] {processor.py:161} INFO - Started process (PID=420) to work on /home/airflow/.local/lib/python3.12/site-packages/airflow/example_dags/example_branch_operator.py
[2025-04-28T02:14:06.076+0000] {processor.py:830} INFO - Processing file /home/airflow/.local/lib/python3.12/site-packages/airflow/example_dags/example_branch_operator.py for tasks to queue
[2025-04-28T02:14:06.076+0000] {logging_mixin.py:188} INFO - [2025-04-28T02:14:06.076+0000] {dagbag.py:540} INFO - Filling up the DagBag from /home/airflow/.local/lib/python3.12/site-packages/airflow/example_dags/example_branch_operator.py
[2025-04-28T02:14:06.083+0000] {processor.py:840} INFO - DAG(s) 'example_branch_operator' retrieved from /home/airflow/.local/lib/python3.12/site-packages/airflow/example_dags/example_branch_operator.py
[2025-04-28T02:14:06.089+0000] {logging_mixin.py:188} INFO - [2025-04-28T02:14:06.089+0000] {dag.py:3096} INFO - Sync 1 DAGs
[2025-04-28T02:14:06.099+0000] {logging_mixin.py:188} INFO - [2025-04-28T02:14:06.099+0000] {dag.py:3954} INFO - Setting next_dagrun for example_branch_operator to 2025-04-27 00:00:00+00:00, run_after=2025-04-28 00:00:00+00:00
[2025-04-28T02:14:06.109+0000] {processor.py:183} INFO - Processing /home/airflow/.local/lib/python3.12/site-packages/airflow/example_dags/example_branch_operator.py took 0.036 seconds
[2025-04-28T02:14:36.535+0000] {processor.py:161} INFO - Started process (PID=478) to work on /home/airflow/.local/lib/python3.12/site-packages/airflow/example_dags/example_branch_operator.py
[2025-04-28T02:14:36.538+0000] {processor.py:830} INFO - Processing file /home/airflow/.local/lib/python3.12/site-packages/airflow/example_dags/example_branch_operator.py for tasks to queue
[2025-04-28T02:14:36.539+0000] {logging_mixin.py:188} INFO - [2025-04-28T02:14:36.539+0000] {dagbag.py:540} INFO - Filling up the DagBag from /home/airflow/.local/lib/python3.12/site-packages/airflow/example_dags/example_branch_operator.py
[2025-04-28T02:14:36.548+0000] {processor.py:840} INFO - DAG(s) 'example_branch_operator' retrieved from /home/airflow/.local/lib/python3.12/site-packages/airflow/example_dags/example_branch_operator.py
[2025-04-28T02:14:36.555+0000] {logging_mixin.py:188} INFO - [2025-04-28T02:14:36.555+0000] {dag.py:3096} INFO - Sync 1 DAGs
[2025-04-28T02:14:36.565+0000] {logging_mixin.py:188} INFO - [2025-04-28T02:14:36.565+0000] {dag.py:3954} INFO - Setting next_dagrun for example_branch_operator to 2025-04-27 00:00:00+00:00, run_after=2025-04-28 00:00:00+00:00
[2025-04-28T02:14:36.571+0000] {processor.py:183} INFO - Processing /home/airflow/.local/lib/python3.12/site-packages/airflow/example_dags/example_branch_operator.py took 0.039 seconds
[2025-04-28T02:15:08.227+0000] {processor.py:161} INFO - Started process (PID=536) to work on /home/airflow/.local/lib/python3.12/site-packages/airflow/example_dags/example_branch_operator.py
[2025-04-28T02:15:08.228+0000] {processor.py:830} INFO - Processing file /home/airflow/.local/lib/python3.12/site-packages/airflow/example_dags/example_branch_operator.py for tasks to queue
[2025-04-28T02:15:08.229+0000] {logging_mixin.py:188} INFO - [2025-04-28T02:15:08.229+0000] {dagbag.py:540} INFO - Filling up the DagBag from /home/airflow/.local/lib/python3.12/site-packages/airflow/example_dags/example_branch_operator.py
[2025-04-28T02:15:08.236+0000] {processor.py:840} INFO - DAG(s) 'example_branch_operator' retrieved from /home/airflow/.local/lib/python3.12/site-packages/airflow/example_dags/example_branch_operator.py
[2025-04-28T02:15:08.350+0000] {logging_mixin.py:188} INFO - [2025-04-28T02:15:08.350+0000] {dag.py:3096} INFO - Sync 1 DAGs
[2025-04-28T02:15:08.357+0000] {logging_mixin.py:188} INFO - [2025-04-28T02:15:08.357+0000] {dag.py:3954} INFO - Setting next_dagrun for example_branch_operator to 2025-04-27 00:00:00+00:00, run_after=2025-04-28 00:00:00+00:00
[2025-04-28T02:15:08.366+0000] {processor.py:183} INFO - Processing /home/airflow/.local/lib/python3.12/site-packages/airflow/example_dags/example_branch_operator.py took 0.142 seconds
[2025-04-28T02:15:39.247+0000] {processor.py:161} INFO - Started process (PID=594) to work on /home/airflow/.local/lib/python3.12/site-packages/airflow/example_dags/example_branch_operator.py
[2025-04-28T02:15:39.248+0000] {processor.py:830} INFO - Processing file /home/airflow/.local/lib/python3.12/site-packages/airflow/example_dags/example_branch_operator.py for tasks to queue
[2025-04-28T02:15:39.249+0000] {logging_mixin.py:188} INFO - [2025-04-28T02:15:39.249+0000] {dagbag.py:540} INFO - Filling up the DagBag from /home/airflow/.local/lib/python3.12/site-packages/airflow/example_dags/example_branch_operator.py
[2025-04-28T02:15:39.257+0000] {processor.py:840} INFO - DAG(s) 'example_branch_operator' retrieved from /home/airflow/.local/lib/python3.12/site-packages/airflow/example_dags/example_branch_operator.py
[2025-04-28T02:15:39.273+0000] {logging_mixin.py:188} INFO - [2025-04-28T02:15:39.273+0000] {dag.py:3096} INFO - Sync 1 DAGs
[2025-04-28T02:15:39.282+0000] {logging_mixin.py:188} INFO - [2025-04-28T02:15:39.281+0000] {dag.py:3954} INFO - Setting next_dagrun for example_branch_operator to 2025-04-27 00:00:00+00:00, run_after=2025-04-28 00:00:00+00:00
[2025-04-28T02:15:39.288+0000] {processor.py:183} INFO - Processing /home/airflow/.local/lib/python3.12/site-packages/airflow/example_dags/example_branch_operator.py took 0.044 seconds
[2025-04-28T02:16:09.769+0000] {processor.py:161} INFO - Started process (PID=652) to work on /home/airflow/.local/lib/python3.12/site-packages/airflow/example_dags/example_branch_operator.py
[2025-04-28T02:16:09.770+0000] {processor.py:830} INFO - Processing file /home/airflow/.local/lib/python3.12/site-packages/airflow/example_dags/example_branch_operator.py for tasks to queue
[2025-04-28T02:16:09.771+0000] {logging_mixin.py:188} INFO - [2025-04-28T02:16:09.771+0000] {dagbag.py:540} INFO - Filling up the DagBag from /home/airflow/.local/lib/python3.12/site-packages/airflow/example_dags/example_branch_operator.py
[2025-04-28T02:16:09.780+0000] {processor.py:840} INFO - DAG(s) 'example_branch_operator' retrieved from /home/airflow/.local/lib/python3.12/site-packages/airflow/example_dags/example_branch_operator.py
[2025-04-28T02:16:09.795+0000] {logging_mixin.py:188} INFO - [2025-04-28T02:16:09.795+0000] {dag.py:3096} INFO - Sync 1 DAGs
[2025-04-28T02:16:09.805+0000] {logging_mixin.py:188} INFO - [2025-04-28T02:16:09.805+0000] {dag.py:3954} INFO - Setting next_dagrun for example_branch_operator to 2025-04-27 00:00:00+00:00, run_after=2025-04-28 00:00:00+00:00
[2025-04-28T02:16:09.816+0000] {processor.py:183} INFO - Processing /home/airflow/.local/lib/python3.12/site-packages/airflow/example_dags/example_branch_operator.py took 0.050 seconds
[2025-04-28T02:16:40.590+0000] {processor.py:161} INFO - Started process (PID=711) to work on /home/airflow/.local/lib/python3.12/site-packages/airflow/example_dags/example_branch_operator.py
[2025-04-28T02:16:40.591+0000] {processor.py:830} INFO - Processing file /home/airflow/.local/lib/python3.12/site-packages/airflow/example_dags/example_branch_operator.py for tasks to queue
[2025-04-28T02:16:40.593+0000] {logging_mixin.py:188} INFO - [2025-04-28T02:16:40.593+0000] {dagbag.py:540} INFO - Filling up the DagBag from /home/airflow/.local/lib/python3.12/site-packages/airflow/example_dags/example_branch_operator.py
[2025-04-28T02:16:40.599+0000] {processor.py:840} INFO - DAG(s) 'example_branch_operator' retrieved from /home/airflow/.local/lib/python3.12/site-packages/airflow/example_dags/example_branch_operator.py
[2025-04-28T02:16:40.611+0000] {logging_mixin.py:188} INFO - [2025-04-28T02:16:40.610+0000] {dag.py:3096} INFO - Sync 1 DAGs
[2025-04-28T02:16:40.618+0000] {logging_mixin.py:188} INFO - [2025-04-28T02:16:40.618+0000] {dag.py:3954} INFO - Setting next_dagrun for example_branch_operator to 2025-04-27 00:00:00+00:00, run_after=2025-04-28 00:00:00+00:00
[2025-04-28T02:16:40.625+0000] {processor.py:183} INFO - Processing /home/airflow/.local/lib/python3.12/site-packages/airflow/example_dags/example_branch_operator.py took 0.038 seconds
[2025-04-28T02:17:11.100+0000] {processor.py:161} INFO - Started process (PID=770) to work on /home/airflow/.local/lib/python3.12/site-packages/airflow/example_dags/example_branch_operator.py
[2025-04-28T02:17:11.101+0000] {processor.py:830} INFO - Processing file /home/airflow/.local/lib/python3.12/site-packages/airflow/example_dags/example_branch_operator.py for tasks to queue
[2025-04-28T02:17:11.102+0000] {logging_mixin.py:188} INFO - [2025-04-28T02:17:11.102+0000] {dagbag.py:540} INFO - Filling up the DagBag from /home/airflow/.local/lib/python3.12/site-packages/airflow/example_dags/example_branch_operator.py
[2025-04-28T02:17:11.109+0000] {processor.py:840} INFO - DAG(s) 'example_branch_operator' retrieved from /home/airflow/.local/lib/python3.12/site-packages/airflow/example_dags/example_branch_operator.py
[2025-04-28T02:17:11.120+0000] {logging_mixin.py:188} INFO - [2025-04-28T02:17:11.120+0000] {dag.py:3096} INFO - Sync 1 DAGs
[2025-04-28T02:17:11.206+0000] {logging_mixin.py:188} INFO - [2025-04-28T02:17:11.206+0000] {dag.py:3954} INFO - Setting next_dagrun for example_branch_operator to 2025-04-27 00:00:00+00:00, run_after=2025-04-28 00:00:00+00:00
[2025-04-28T02:17:11.213+0000] {processor.py:183} INFO - Processing /home/airflow/.local/lib/python3.12/site-packages/airflow/example_dags/example_branch_operator.py took 0.117 seconds
[2025-04-28T02:17:41.860+0000] {processor.py:161} INFO - Started process (PID=829) to work on /home/airflow/.local/lib/python3.12/site-packages/airflow/example_dags/example_branch_operator.py
[2025-04-28T02:17:41.860+0000] {processor.py:830} INFO - Processing file /home/airflow/.local/lib/python3.12/site-packages/airflow/example_dags/example_branch_operator.py for tasks to queue
[2025-04-28T02:17:41.861+0000] {logging_mixin.py:188} INFO - [2025-04-28T02:17:41.861+0000] {dagbag.py:540} INFO - Filling up the DagBag from /home/airflow/.local/lib/python3.12/site-packages/airflow/example_dags/example_branch_operator.py
[2025-04-28T02:17:41.868+0000] {processor.py:840} INFO - DAG(s) 'example_branch_operator' retrieved from /home/airflow/.local/lib/python3.12/site-packages/airflow/example_dags/example_branch_operator.py
[2025-04-28T02:17:41.879+0000] {logging_mixin.py:188} INFO - [2025-04-28T02:17:41.879+0000] {dag.py:3096} INFO - Sync 1 DAGs
[2025-04-28T02:17:41.887+0000] {logging_mixin.py:188} INFO - [2025-04-28T02:17:41.887+0000] {dag.py:3954} INFO - Setting next_dagrun for example_branch_operator to 2025-04-27 00:00:00+00:00, run_after=2025-04-28 00:00:00+00:00
[2025-04-28T02:17:41.895+0000] {processor.py:183} INFO - Processing /home/airflow/.local/lib/python3.12/site-packages/airflow/example_dags/example_branch_operator.py took 0.037 seconds
[2025-04-28T02:18:12.591+0000] {processor.py:161} INFO - Started process (PID=892) to work on /home/airflow/.local/lib/python3.12/site-packages/airflow/example_dags/example_branch_operator.py
[2025-04-28T02:18:12.591+0000] {processor.py:830} INFO - Processing file /home/airflow/.local/lib/python3.12/site-packages/airflow/example_dags/example_branch_operator.py for tasks to queue
[2025-04-28T02:18:12.592+0000] {logging_mixin.py:188} INFO - [2025-04-28T02:18:12.592+0000] {dagbag.py:540} INFO - Filling up the DagBag from /home/airflow/.local/lib/python3.12/site-packages/airflow/example_dags/example_branch_operator.py
[2025-04-28T02:18:12.600+0000] {processor.py:840} INFO - DAG(s) 'example_branch_operator' retrieved from /home/airflow/.local/lib/python3.12/site-packages/airflow/example_dags/example_branch_operator.py
[2025-04-28T02:18:12.615+0000] {logging_mixin.py:188} INFO - [2025-04-28T02:18:12.615+0000] {dag.py:3096} INFO - Sync 1 DAGs
[2025-04-28T02:18:12.625+0000] {logging_mixin.py:188} INFO - [2025-04-28T02:18:12.625+0000] {dag.py:3954} INFO - Setting next_dagrun for example_branch_operator to 2025-04-27 00:00:00+00:00, run_after=2025-04-28 00:00:00+00:00
[2025-04-28T02:18:12.633+0000] {processor.py:183} INFO - Processing /home/airflow/.local/lib/python3.12/site-packages/airflow/example_dags/example_branch_operator.py took 0.045 seconds
[2025-04-28T02:18:43.364+0000] {processor.py:161} INFO - Started process (PID=951) to work on /home/airflow/.local/lib/python3.12/site-packages/airflow/example_dags/example_branch_operator.py
[2025-04-28T02:18:43.365+0000] {processor.py:830} INFO - Processing file /home/airflow/.local/lib/python3.12/site-packages/airflow/example_dags/example_branch_operator.py for tasks to queue
[2025-04-28T02:18:43.367+0000] {logging_mixin.py:188} INFO - [2025-04-28T02:18:43.367+0000] {dagbag.py:540} INFO - Filling up the DagBag from /home/airflow/.local/lib/python3.12/site-packages/airflow/example_dags/example_branch_operator.py
[2025-04-28T02:18:43.374+0000] {processor.py:840} INFO - DAG(s) 'example_branch_operator' retrieved from /home/airflow/.local/lib/python3.12/site-packages/airflow/example_dags/example_branch_operator.py
[2025-04-28T02:18:43.386+0000] {logging_mixin.py:188} INFO - [2025-04-28T02:18:43.386+0000] {dag.py:3096} INFO - Sync 1 DAGs
[2025-04-28T02:18:43.394+0000] {logging_mixin.py:188} INFO - [2025-04-28T02:18:43.394+0000] {dag.py:3954} INFO - Setting next_dagrun for example_branch_operator to 2025-04-27 00:00:00+00:00, run_after=2025-04-28 00:00:00+00:00
[2025-04-28T02:18:43.401+0000] {processor.py:183} INFO - Processing /home/airflow/.local/lib/python3.12/site-packages/airflow/example_dags/example_branch_operator.py took 0.039 seconds
[2025-04-28T02:19:13.705+0000] {processor.py:161} INFO - Started process (PID=1010) to work on /home/airflow/.local/lib/python3.12/site-packages/airflow/example_dags/example_branch_operator.py
[2025-04-28T02:19:13.705+0000] {processor.py:830} INFO - Processing file /home/airflow/.local/lib/python3.12/site-packages/airflow/example_dags/example_branch_operator.py for tasks to queue
[2025-04-28T02:19:13.706+0000] {logging_mixin.py:188} INFO - [2025-04-28T02:19:13.706+0000] {dagbag.py:540} INFO - Filling up the DagBag from /home/airflow/.local/lib/python3.12/site-packages/airflow/example_dags/example_branch_operator.py
[2025-04-28T02:19:13.712+0000] {processor.py:840} INFO - DAG(s) 'example_branch_operator' retrieved from /home/airflow/.local/lib/python3.12/site-packages/airflow/example_dags/example_branch_operator.py
[2025-04-28T02:19:13.725+0000] {logging_mixin.py:188} INFO - [2025-04-28T02:19:13.725+0000] {dag.py:3096} INFO - Sync 1 DAGs
[2025-04-28T02:19:13.733+0000] {logging_mixin.py:188} INFO - [2025-04-28T02:19:13.733+0000] {dag.py:3954} INFO - Setting next_dagrun for example_branch_operator to 2025-04-27 00:00:00+00:00, run_after=2025-04-28 00:00:00+00:00
[2025-04-28T02:19:13.740+0000] {processor.py:183} INFO - Processing /home/airflow/.local/lib/python3.12/site-packages/airflow/example_dags/example_branch_operator.py took 0.037 seconds
[2025-04-28T02:19:43.831+0000] {processor.py:161} INFO - Started process (PID=1069) to work on /home/airflow/.local/lib/python3.12/site-packages/airflow/example_dags/example_branch_operator.py
[2025-04-28T02:19:43.834+0000] {processor.py:830} INFO - Processing file /home/airflow/.local/lib/python3.12/site-packages/airflow/example_dags/example_branch_operator.py for tasks to queue
[2025-04-28T02:19:43.835+0000] {logging_mixin.py:188} INFO - [2025-04-28T02:19:43.834+0000] {dagbag.py:540} INFO - Filling up the DagBag from /home/airflow/.local/lib/python3.12/site-packages/airflow/example_dags/example_branch_operator.py
[2025-04-28T02:19:43.841+0000] {processor.py:840} INFO - DAG(s) 'example_branch_operator' retrieved from /home/airflow/.local/lib/python3.12/site-packages/airflow/example_dags/example_branch_operator.py
[2025-04-28T02:19:43.918+0000] {logging_mixin.py:188} INFO - [2025-04-28T02:19:43.917+0000] {dag.py:3096} INFO - Sync 1 DAGs
[2025-04-28T02:19:43.925+0000] {logging_mixin.py:188} INFO - [2025-04-28T02:19:43.925+0000] {dag.py:3954} INFO - Setting next_dagrun for example_branch_operator to 2025-04-27 00:00:00+00:00, run_after=2025-04-28 00:00:00+00:00
[2025-04-28T02:19:43.932+0000] {processor.py:183} INFO - Processing /home/airflow/.local/lib/python3.12/site-packages/airflow/example_dags/example_branch_operator.py took 0.104 seconds
[2025-04-28T02:20:14.438+0000] {processor.py:161} INFO - Started process (PID=1128) to work on /home/airflow/.local/lib/python3.12/site-packages/airflow/example_dags/example_branch_operator.py
[2025-04-28T02:20:14.439+0000] {processor.py:830} INFO - Processing file /home/airflow/.local/lib/python3.12/site-packages/airflow/example_dags/example_branch_operator.py for tasks to queue
[2025-04-28T02:20:14.440+0000] {logging_mixin.py:188} INFO - [2025-04-28T02:20:14.440+0000] {dagbag.py:540} INFO - Filling up the DagBag from /home/airflow/.local/lib/python3.12/site-packages/airflow/example_dags/example_branch_operator.py
[2025-04-28T02:20:14.447+0000] {processor.py:840} INFO - DAG(s) 'example_branch_operator' retrieved from /home/airflow/.local/lib/python3.12/site-packages/airflow/example_dags/example_branch_operator.py
[2025-04-28T02:20:14.458+0000] {logging_mixin.py:188} INFO - [2025-04-28T02:20:14.458+0000] {dag.py:3096} INFO - Sync 1 DAGs
[2025-04-28T02:20:14.466+0000] {logging_mixin.py:188} INFO - [2025-04-28T02:20:14.466+0000] {dag.py:3954} INFO - Setting next_dagrun for example_branch_operator to 2025-04-27 00:00:00+00:00, run_after=2025-04-28 00:00:00+00:00
[2025-04-28T02:20:14.476+0000] {processor.py:183} INFO - Processing /home/airflow/.local/lib/python3.12/site-packages/airflow/example_dags/example_branch_operator.py took 0.041 seconds
[2025-04-28T02:20:45.010+0000] {processor.py:161} INFO - Started process (PID=1187) to work on /home/airflow/.local/lib/python3.12/site-packages/airflow/example_dags/example_branch_operator.py
[2025-04-28T02:20:45.010+0000] {processor.py:830} INFO - Processing file /home/airflow/.local/lib/python3.12/site-packages/airflow/example_dags/example_branch_operator.py for tasks to queue
[2025-04-28T02:20:45.011+0000] {logging_mixin.py:188} INFO - [2025-04-28T02:20:45.011+0000] {dagbag.py:540} INFO - Filling up the DagBag from /home/airflow/.local/lib/python3.12/site-packages/airflow/example_dags/example_branch_operator.py
[2025-04-28T02:20:45.017+0000] {processor.py:840} INFO - DAG(s) 'example_branch_operator' retrieved from /home/airflow/.local/lib/python3.12/site-packages/airflow/example_dags/example_branch_operator.py
[2025-04-28T02:20:45.029+0000] {logging_mixin.py:188} INFO - [2025-04-28T02:20:45.029+0000] {dag.py:3096} INFO - Sync 1 DAGs
[2025-04-28T02:20:45.040+0000] {logging_mixin.py:188} INFO - [2025-04-28T02:20:45.040+0000] {dag.py:3954} INFO - Setting next_dagrun for example_branch_operator to 2025-04-27 00:00:00+00:00, run_after=2025-04-28 00:00:00+00:00
[2025-04-28T02:20:45.047+0000] {processor.py:183} INFO - Processing /home/airflow/.local/lib/python3.12/site-packages/airflow/example_dags/example_branch_operator.py took 0.040 seconds
[2025-04-28T02:21:15.649+0000] {processor.py:161} INFO - Started process (PID=1246) to work on /home/airflow/.local/lib/python3.12/site-packages/airflow/example_dags/example_branch_operator.py
[2025-04-28T02:21:15.652+0000] {processor.py:830} INFO - Processing file /home/airflow/.local/lib/python3.12/site-packages/airflow/example_dags/example_branch_operator.py for tasks to queue
[2025-04-28T02:21:15.653+0000] {logging_mixin.py:188} INFO - [2025-04-28T02:21:15.653+0000] {dagbag.py:540} INFO - Filling up the DagBag from /home/airflow/.local/lib/python3.12/site-packages/airflow/example_dags/example_branch_operator.py
[2025-04-28T02:21:15.659+0000] {processor.py:840} INFO - DAG(s) 'example_branch_operator' retrieved from /home/airflow/.local/lib/python3.12/site-packages/airflow/example_dags/example_branch_operator.py
[2025-04-28T02:21:15.673+0000] {logging_mixin.py:188} INFO - [2025-04-28T02:21:15.672+0000] {dag.py:3096} INFO - Sync 1 DAGs
[2025-04-28T02:21:15.685+0000] {logging_mixin.py:188} INFO - [2025-04-28T02:21:15.685+0000] {dag.py:3954} INFO - Setting next_dagrun for example_branch_operator to 2025-04-27 00:00:00+00:00, run_after=2025-04-28 00:00:00+00:00
[2025-04-28T02:21:15.696+0000] {processor.py:183} INFO - Processing /home/airflow/.local/lib/python3.12/site-packages/airflow/example_dags/example_branch_operator.py took 0.050 seconds
[2025-04-28T02:21:46.217+0000] {processor.py:161} INFO - Started process (PID=1305) to work on /home/airflow/.local/lib/python3.12/site-packages/airflow/example_dags/example_branch_operator.py
[2025-04-28T02:21:46.217+0000] {processor.py:830} INFO - Processing file /home/airflow/.local/lib/python3.12/site-packages/airflow/example_dags/example_branch_operator.py for tasks to queue
[2025-04-28T02:21:46.218+0000] {logging_mixin.py:188} INFO - [2025-04-28T02:21:46.218+0000] {dagbag.py:540} INFO - Filling up the DagBag from /home/airflow/.local/lib/python3.12/site-packages/airflow/example_dags/example_branch_operator.py
[2025-04-28T02:21:46.224+0000] {processor.py:840} INFO - DAG(s) 'example_branch_operator' retrieved from /home/airflow/.local/lib/python3.12/site-packages/airflow/example_dags/example_branch_operator.py
[2025-04-28T02:21:46.233+0000] {logging_mixin.py:188} INFO - [2025-04-28T02:21:46.233+0000] {dag.py:3096} INFO - Sync 1 DAGs
[2025-04-28T02:21:46.243+0000] {logging_mixin.py:188} INFO - [2025-04-28T02:21:46.243+0000] {dag.py:3954} INFO - Setting next_dagrun for example_branch_operator to 2025-04-27 00:00:00+00:00, run_after=2025-04-28 00:00:00+00:00
[2025-04-28T02:21:46.252+0000] {processor.py:183} INFO - Processing /home/airflow/.local/lib/python3.12/site-packages/airflow/example_dags/example_branch_operator.py took 0.038 seconds
[2025-04-28T02:22:16.816+0000] {processor.py:161} INFO - Started process (PID=1364) to work on /home/airflow/.local/lib/python3.12/site-packages/airflow/example_dags/example_branch_operator.py
[2025-04-28T02:22:16.816+0000] {processor.py:830} INFO - Processing file /home/airflow/.local/lib/python3.12/site-packages/airflow/example_dags/example_branch_operator.py for tasks to queue
[2025-04-28T02:22:16.817+0000] {logging_mixin.py:188} INFO - [2025-04-28T02:22:16.817+0000] {dagbag.py:540} INFO - Filling up the DagBag from /home/airflow/.local/lib/python3.12/site-packages/airflow/example_dags/example_branch_operator.py
[2025-04-28T02:22:16.823+0000] {processor.py:840} INFO - DAG(s) 'example_branch_operator' retrieved from /home/airflow/.local/lib/python3.12/site-packages/airflow/example_dags/example_branch_operator.py
[2025-04-28T02:22:16.834+0000] {logging_mixin.py:188} INFO - [2025-04-28T02:22:16.834+0000] {dag.py:3096} INFO - Sync 1 DAGs
[2025-04-28T02:22:16.843+0000] {logging_mixin.py:188} INFO - [2025-04-28T02:22:16.843+0000] {dag.py:3954} INFO - Setting next_dagrun for example_branch_operator to 2025-04-27 00:00:00+00:00, run_after=2025-04-28 00:00:00+00:00
[2025-04-28T02:22:16.851+0000] {processor.py:183} INFO - Processing /home/airflow/.local/lib/python3.12/site-packages/airflow/example_dags/example_branch_operator.py took 0.037 seconds
[2025-04-28T02:22:47.299+0000] {processor.py:161} INFO - Started process (PID=1423) to work on /home/airflow/.local/lib/python3.12/site-packages/airflow/example_dags/example_branch_operator.py
[2025-04-28T02:22:47.300+0000] {processor.py:830} INFO - Processing file /home/airflow/.local/lib/python3.12/site-packages/airflow/example_dags/example_branch_operator.py for tasks to queue
[2025-04-28T02:22:47.301+0000] {logging_mixin.py:188} INFO - [2025-04-28T02:22:47.301+0000] {dagbag.py:540} INFO - Filling up the DagBag from /home/airflow/.local/lib/python3.12/site-packages/airflow/example_dags/example_branch_operator.py
[2025-04-28T02:22:47.308+0000] {processor.py:840} INFO - DAG(s) 'example_branch_operator' retrieved from /home/airflow/.local/lib/python3.12/site-packages/airflow/example_dags/example_branch_operator.py
[2025-04-28T02:22:47.319+0000] {logging_mixin.py:188} INFO - [2025-04-28T02:22:47.319+0000] {dag.py:3096} INFO - Sync 1 DAGs
[2025-04-28T02:22:47.327+0000] {logging_mixin.py:188} INFO - [2025-04-28T02:22:47.327+0000] {dag.py:3954} INFO - Setting next_dagrun for example_branch_operator to 2025-04-27 00:00:00+00:00, run_after=2025-04-28 00:00:00+00:00
[2025-04-28T02:22:47.336+0000] {processor.py:183} INFO - Processing /home/airflow/.local/lib/python3.12/site-packages/airflow/example_dags/example_branch_operator.py took 0.039 seconds
[2025-04-28T02:23:17.957+0000] {processor.py:161} INFO - Started process (PID=1482) to work on /home/airflow/.local/lib/python3.12/site-packages/airflow/example_dags/example_branch_operator.py
[2025-04-28T02:23:17.959+0000] {processor.py:830} INFO - Processing file /home/airflow/.local/lib/python3.12/site-packages/airflow/example_dags/example_branch_operator.py for tasks to queue
[2025-04-28T02:23:17.960+0000] {logging_mixin.py:188} INFO - [2025-04-28T02:23:17.960+0000] {dagbag.py:540} INFO - Filling up the DagBag from /home/airflow/.local/lib/python3.12/site-packages/airflow/example_dags/example_branch_operator.py
[2025-04-28T02:23:17.966+0000] {processor.py:840} INFO - DAG(s) 'example_branch_operator' retrieved from /home/airflow/.local/lib/python3.12/site-packages/airflow/example_dags/example_branch_operator.py
[2025-04-28T02:23:17.976+0000] {logging_mixin.py:188} INFO - [2025-04-28T02:23:17.976+0000] {dag.py:3096} INFO - Sync 1 DAGs
[2025-04-28T02:23:17.984+0000] {logging_mixin.py:188} INFO - [2025-04-28T02:23:17.984+0000] {dag.py:3954} INFO - Setting next_dagrun for example_branch_operator to 2025-04-27 00:00:00+00:00, run_after=2025-04-28 00:00:00+00:00
[2025-04-28T02:23:17.994+0000] {processor.py:183} INFO - Processing /home/airflow/.local/lib/python3.12/site-packages/airflow/example_dags/example_branch_operator.py took 0.038 seconds
