[2025-04-28T02:11:02.310+0000] {processor.py:161} INFO - Started process (PID=53) to work on /home/airflow/.local/lib/python3.12/site-packages/airflow/example_dags/example_params_trigger_ui.py
[2025-04-28T02:11:02.310+0000] {processor.py:830} INFO - Processing file /home/airflow/.local/lib/python3.12/site-packages/airflow/example_dags/example_params_trigger_ui.py for tasks to queue
[2025-04-28T02:11:02.311+0000] {logging_mixin.py:188} INFO - [2025-04-28T02:11:02.311+0000] {dagbag.py:540} INFO - Filling up the DagBag from /home/airflow/.local/lib/python3.12/site-packages/airflow/example_dags/example_params_trigger_ui.py
[2025-04-28T02:11:02.319+0000] {processor.py:840} INFO - DAG(s) 'example_params_trigger_ui' retrieved from /home/airflow/.local/lib/python3.12/site-packages/airflow/example_dags/example_params_trigger_ui.py
[2025-04-28T02:11:02.325+0000] {logging_mixin.py:188} INFO - [2025-04-28T02:11:02.325+0000] {dag.py:3096} INFO - Sync 1 DAGs
[2025-04-28T02:11:02.330+0000] {logging_mixin.py:188} INFO - [2025-04-28T02:11:02.330+0000] {dag.py:3954} INFO - Setting next_dagrun for example_params_trigger_ui to None, run_after=None
[2025-04-28T02:11:02.341+0000] {processor.py:183} INFO - Processing /home/airflow/.local/lib/python3.12/site-packages/airflow/example_dags/example_params_trigger_ui.py took 0.033 seconds
[2025-04-28T02:11:32.653+0000] {processor.py:161} INFO - Started process (PID=111) to work on /home/airflow/.local/lib/python3.12/site-packages/airflow/example_dags/example_params_trigger_ui.py
[2025-04-28T02:11:32.654+0000] {processor.py:830} INFO - Processing file /home/airflow/.local/lib/python3.12/site-packages/airflow/example_dags/example_params_trigger_ui.py for tasks to queue
[2025-04-28T02:11:32.655+0000] {logging_mixin.py:188} INFO - [2025-04-28T02:11:32.655+0000] {dagbag.py:540} INFO - Filling up the DagBag from /home/airflow/.local/lib/python3.12/site-packages/airflow/example_dags/example_params_trigger_ui.py
[2025-04-28T02:11:32.661+0000] {processor.py:840} INFO - DAG(s) 'example_params_trigger_ui' retrieved from /home/airflow/.local/lib/python3.12/site-packages/airflow/example_dags/example_params_trigger_ui.py
[2025-04-28T02:11:32.704+0000] {logging_mixin.py:188} INFO - [2025-04-28T02:11:32.704+0000] {dag.py:3096} INFO - Sync 1 DAGs
[2025-04-28T02:11:32.709+0000] {logging_mixin.py:188} INFO - [2025-04-28T02:11:32.709+0000] {dag.py:3954} INFO - Setting next_dagrun for example_params_trigger_ui to None, run_after=None
[2025-04-28T02:11:32.721+0000] {processor.py:183} INFO - Processing /home/airflow/.local/lib/python3.12/site-packages/airflow/example_dags/example_params_trigger_ui.py took 0.069 seconds
[2025-04-28T02:12:03.656+0000] {processor.py:161} INFO - Started process (PID=169) to work on /home/airflow/.local/lib/python3.12/site-packages/airflow/example_dags/example_params_trigger_ui.py
[2025-04-28T02:12:03.658+0000] {processor.py:830} INFO - Processing file /home/airflow/.local/lib/python3.12/site-packages/airflow/example_dags/example_params_trigger_ui.py for tasks to queue
[2025-04-28T02:12:03.659+0000] {logging_mixin.py:188} INFO - [2025-04-28T02:12:03.659+0000] {dagbag.py:540} INFO - Filling up the DagBag from /home/airflow/.local/lib/python3.12/site-packages/airflow/example_dags/example_params_trigger_ui.py
[2025-04-28T02:12:03.664+0000] {processor.py:840} INFO - DAG(s) 'example_params_trigger_ui' retrieved from /home/airflow/.local/lib/python3.12/site-packages/airflow/example_dags/example_params_trigger_ui.py
[2025-04-28T02:12:03.683+0000] {logging_mixin.py:188} INFO - [2025-04-28T02:12:03.683+0000] {dag.py:3096} INFO - Sync 1 DAGs
[2025-04-28T02:12:03.689+0000] {logging_mixin.py:188} INFO - [2025-04-28T02:12:03.689+0000] {dag.py:3954} INFO - Setting next_dagrun for example_params_trigger_ui to None, run_after=None
[2025-04-28T02:12:03.701+0000] {processor.py:183} INFO - Processing /home/airflow/.local/lib/python3.12/site-packages/airflow/example_dags/example_params_trigger_ui.py took 0.047 seconds
[2025-04-28T02:12:34.205+0000] {processor.py:161} INFO - Started process (PID=227) to work on /home/airflow/.local/lib/python3.12/site-packages/airflow/example_dags/example_params_trigger_ui.py
[2025-04-28T02:12:34.207+0000] {processor.py:830} INFO - Processing file /home/airflow/.local/lib/python3.12/site-packages/airflow/example_dags/example_params_trigger_ui.py for tasks to queue
[2025-04-28T02:12:34.208+0000] {logging_mixin.py:188} INFO - [2025-04-28T02:12:34.208+0000] {dagbag.py:540} INFO - Filling up the DagBag from /home/airflow/.local/lib/python3.12/site-packages/airflow/example_dags/example_params_trigger_ui.py
[2025-04-28T02:12:34.214+0000] {processor.py:840} INFO - DAG(s) 'example_params_trigger_ui' retrieved from /home/airflow/.local/lib/python3.12/site-packages/airflow/example_dags/example_params_trigger_ui.py
[2025-04-28T02:12:34.231+0000] {logging_mixin.py:188} INFO - [2025-04-28T02:12:34.231+0000] {dag.py:3096} INFO - Sync 1 DAGs
[2025-04-28T02:12:34.235+0000] {logging_mixin.py:188} INFO - [2025-04-28T02:12:34.235+0000] {dag.py:3954} INFO - Setting next_dagrun for example_params_trigger_ui to None, run_after=None
[2025-04-28T02:12:34.241+0000] {processor.py:183} INFO - Processing /home/airflow/.local/lib/python3.12/site-packages/airflow/example_dags/example_params_trigger_ui.py took 0.038 seconds
[2025-04-28T02:13:04.712+0000] {processor.py:161} INFO - Started process (PID=291) to work on /home/airflow/.local/lib/python3.12/site-packages/airflow/example_dags/example_params_trigger_ui.py
[2025-04-28T02:13:04.712+0000] {processor.py:830} INFO - Processing file /home/airflow/.local/lib/python3.12/site-packages/airflow/example_dags/example_params_trigger_ui.py for tasks to queue
[2025-04-28T02:13:04.714+0000] {logging_mixin.py:188} INFO - [2025-04-28T02:13:04.714+0000] {dagbag.py:540} INFO - Filling up the DagBag from /home/airflow/.local/lib/python3.12/site-packages/airflow/example_dags/example_params_trigger_ui.py
[2025-04-28T02:13:04.721+0000] {processor.py:840} INFO - DAG(s) 'example_params_trigger_ui' retrieved from /home/airflow/.local/lib/python3.12/site-packages/airflow/example_dags/example_params_trigger_ui.py
[2025-04-28T02:13:04.738+0000] {logging_mixin.py:188} INFO - [2025-04-28T02:13:04.738+0000] {dag.py:3096} INFO - Sync 1 DAGs
[2025-04-28T02:13:04.744+0000] {logging_mixin.py:188} INFO - [2025-04-28T02:13:04.743+0000] {dag.py:3954} INFO - Setting next_dagrun for example_params_trigger_ui to None, run_after=None
[2025-04-28T02:13:04.750+0000] {processor.py:183} INFO - Processing /home/airflow/.local/lib/python3.12/site-packages/airflow/example_dags/example_params_trigger_ui.py took 0.042 seconds
[2025-04-28T02:13:35.197+0000] {processor.py:161} INFO - Started process (PID=349) to work on /home/airflow/.local/lib/python3.12/site-packages/airflow/example_dags/example_params_trigger_ui.py
[2025-04-28T02:13:35.198+0000] {processor.py:830} INFO - Processing file /home/airflow/.local/lib/python3.12/site-packages/airflow/example_dags/example_params_trigger_ui.py for tasks to queue
[2025-04-28T02:13:35.199+0000] {logging_mixin.py:188} INFO - [2025-04-28T02:13:35.199+0000] {dagbag.py:540} INFO - Filling up the DagBag from /home/airflow/.local/lib/python3.12/site-packages/airflow/example_dags/example_params_trigger_ui.py
[2025-04-28T02:13:35.207+0000] {processor.py:840} INFO - DAG(s) 'example_params_trigger_ui' retrieved from /home/airflow/.local/lib/python3.12/site-packages/airflow/example_dags/example_params_trigger_ui.py
[2025-04-28T02:13:35.223+0000] {logging_mixin.py:188} INFO - [2025-04-28T02:13:35.223+0000] {dag.py:3096} INFO - Sync 1 DAGs
[2025-04-28T02:13:35.228+0000] {logging_mixin.py:188} INFO - [2025-04-28T02:13:35.228+0000] {dag.py:3954} INFO - Setting next_dagrun for example_params_trigger_ui to None, run_after=None
[2025-04-28T02:13:35.234+0000] {processor.py:183} INFO - Processing /home/airflow/.local/lib/python3.12/site-packages/airflow/example_dags/example_params_trigger_ui.py took 0.039 seconds
[2025-04-28T02:14:05.724+0000] {processor.py:161} INFO - Started process (PID=407) to work on /home/airflow/.local/lib/python3.12/site-packages/airflow/example_dags/example_params_trigger_ui.py
[2025-04-28T02:14:05.725+0000] {processor.py:830} INFO - Processing file /home/airflow/.local/lib/python3.12/site-packages/airflow/example_dags/example_params_trigger_ui.py for tasks to queue
[2025-04-28T02:14:05.726+0000] {logging_mixin.py:188} INFO - [2025-04-28T02:14:05.726+0000] {dagbag.py:540} INFO - Filling up the DagBag from /home/airflow/.local/lib/python3.12/site-packages/airflow/example_dags/example_params_trigger_ui.py
[2025-04-28T02:14:05.732+0000] {processor.py:840} INFO - DAG(s) 'example_params_trigger_ui' retrieved from /home/airflow/.local/lib/python3.12/site-packages/airflow/example_dags/example_params_trigger_ui.py
[2025-04-28T02:14:05.739+0000] {logging_mixin.py:188} INFO - [2025-04-28T02:14:05.739+0000] {dag.py:3096} INFO - Sync 1 DAGs
[2025-04-28T02:14:05.745+0000] {logging_mixin.py:188} INFO - [2025-04-28T02:14:05.745+0000] {dag.py:3954} INFO - Setting next_dagrun for example_params_trigger_ui to None, run_after=None
[2025-04-28T02:14:05.758+0000] {processor.py:183} INFO - Processing /home/airflow/.local/lib/python3.12/site-packages/airflow/example_dags/example_params_trigger_ui.py took 0.036 seconds
[2025-04-28T02:14:36.195+0000] {processor.py:161} INFO - Started process (PID=465) to work on /home/airflow/.local/lib/python3.12/site-packages/airflow/example_dags/example_params_trigger_ui.py
[2025-04-28T02:14:36.196+0000] {processor.py:830} INFO - Processing file /home/airflow/.local/lib/python3.12/site-packages/airflow/example_dags/example_params_trigger_ui.py for tasks to queue
[2025-04-28T02:14:36.197+0000] {logging_mixin.py:188} INFO - [2025-04-28T02:14:36.197+0000] {dagbag.py:540} INFO - Filling up the DagBag from /home/airflow/.local/lib/python3.12/site-packages/airflow/example_dags/example_params_trigger_ui.py
[2025-04-28T02:14:36.203+0000] {processor.py:840} INFO - DAG(s) 'example_params_trigger_ui' retrieved from /home/airflow/.local/lib/python3.12/site-packages/airflow/example_dags/example_params_trigger_ui.py
[2025-04-28T02:14:36.210+0000] {logging_mixin.py:188} INFO - [2025-04-28T02:14:36.210+0000] {dag.py:3096} INFO - Sync 1 DAGs
[2025-04-28T02:14:36.216+0000] {logging_mixin.py:188} INFO - [2025-04-28T02:14:36.216+0000] {dag.py:3954} INFO - Setting next_dagrun for example_params_trigger_ui to None, run_after=None
[2025-04-28T02:14:36.225+0000] {processor.py:183} INFO - Processing /home/airflow/.local/lib/python3.12/site-packages/airflow/example_dags/example_params_trigger_ui.py took 0.033 seconds
[2025-04-28T02:15:07.102+0000] {processor.py:161} INFO - Started process (PID=523) to work on /home/airflow/.local/lib/python3.12/site-packages/airflow/example_dags/example_params_trigger_ui.py
[2025-04-28T02:15:07.103+0000] {processor.py:830} INFO - Processing file /home/airflow/.local/lib/python3.12/site-packages/airflow/example_dags/example_params_trigger_ui.py for tasks to queue
[2025-04-28T02:15:07.103+0000] {logging_mixin.py:188} INFO - [2025-04-28T02:15:07.103+0000] {dagbag.py:540} INFO - Filling up the DagBag from /home/airflow/.local/lib/python3.12/site-packages/airflow/example_dags/example_params_trigger_ui.py
[2025-04-28T02:15:07.109+0000] {processor.py:840} INFO - DAG(s) 'example_params_trigger_ui' retrieved from /home/airflow/.local/lib/python3.12/site-packages/airflow/example_dags/example_params_trigger_ui.py
[2025-04-28T02:15:07.223+0000] {logging_mixin.py:188} INFO - [2025-04-28T02:15:07.223+0000] {dag.py:3096} INFO - Sync 1 DAGs
[2025-04-28T02:15:07.227+0000] {logging_mixin.py:188} INFO - [2025-04-28T02:15:07.227+0000] {dag.py:3954} INFO - Setting next_dagrun for example_params_trigger_ui to None, run_after=None
[2025-04-28T02:15:07.237+0000] {processor.py:183} INFO - Processing /home/airflow/.local/lib/python3.12/site-packages/airflow/example_dags/example_params_trigger_ui.py took 0.137 seconds
[2025-04-28T02:15:37.890+0000] {processor.py:161} INFO - Started process (PID=581) to work on /home/airflow/.local/lib/python3.12/site-packages/airflow/example_dags/example_params_trigger_ui.py
[2025-04-28T02:15:37.891+0000] {processor.py:830} INFO - Processing file /home/airflow/.local/lib/python3.12/site-packages/airflow/example_dags/example_params_trigger_ui.py for tasks to queue
[2025-04-28T02:15:37.891+0000] {logging_mixin.py:188} INFO - [2025-04-28T02:15:37.891+0000] {dagbag.py:540} INFO - Filling up the DagBag from /home/airflow/.local/lib/python3.12/site-packages/airflow/example_dags/example_params_trigger_ui.py
[2025-04-28T02:15:37.897+0000] {processor.py:840} INFO - DAG(s) 'example_params_trigger_ui' retrieved from /home/airflow/.local/lib/python3.12/site-packages/airflow/example_dags/example_params_trigger_ui.py
[2025-04-28T02:15:37.912+0000] {logging_mixin.py:188} INFO - [2025-04-28T02:15:37.912+0000] {dag.py:3096} INFO - Sync 1 DAGs
[2025-04-28T02:15:37.921+0000] {logging_mixin.py:188} INFO - [2025-04-28T02:15:37.920+0000] {dag.py:3954} INFO - Setting next_dagrun for example_params_trigger_ui to None, run_after=None
[2025-04-28T02:15:37.930+0000] {processor.py:183} INFO - Processing /home/airflow/.local/lib/python3.12/site-packages/airflow/example_dags/example_params_trigger_ui.py took 0.042 seconds
[2025-04-28T02:16:08.441+0000] {processor.py:161} INFO - Started process (PID=639) to work on /home/airflow/.local/lib/python3.12/site-packages/airflow/example_dags/example_params_trigger_ui.py
[2025-04-28T02:16:08.441+0000] {processor.py:830} INFO - Processing file /home/airflow/.local/lib/python3.12/site-packages/airflow/example_dags/example_params_trigger_ui.py for tasks to queue
[2025-04-28T02:16:08.442+0000] {logging_mixin.py:188} INFO - [2025-04-28T02:16:08.442+0000] {dagbag.py:540} INFO - Filling up the DagBag from /home/airflow/.local/lib/python3.12/site-packages/airflow/example_dags/example_params_trigger_ui.py
[2025-04-28T02:16:08.447+0000] {processor.py:840} INFO - DAG(s) 'example_params_trigger_ui' retrieved from /home/airflow/.local/lib/python3.12/site-packages/airflow/example_dags/example_params_trigger_ui.py
[2025-04-28T02:16:08.461+0000] {logging_mixin.py:188} INFO - [2025-04-28T02:16:08.460+0000] {dag.py:3096} INFO - Sync 1 DAGs
[2025-04-28T02:16:08.465+0000] {logging_mixin.py:188} INFO - [2025-04-28T02:16:08.465+0000] {dag.py:3954} INFO - Setting next_dagrun for example_params_trigger_ui to None, run_after=None
[2025-04-28T02:16:08.471+0000] {processor.py:183} INFO - Processing /home/airflow/.local/lib/python3.12/site-packages/airflow/example_dags/example_params_trigger_ui.py took 0.032 seconds
[2025-04-28T02:16:39.048+0000] {processor.py:161} INFO - Started process (PID=698) to work on /home/airflow/.local/lib/python3.12/site-packages/airflow/example_dags/example_params_trigger_ui.py
[2025-04-28T02:16:39.049+0000] {processor.py:830} INFO - Processing file /home/airflow/.local/lib/python3.12/site-packages/airflow/example_dags/example_params_trigger_ui.py for tasks to queue
[2025-04-28T02:16:39.049+0000] {logging_mixin.py:188} INFO - [2025-04-28T02:16:39.049+0000] {dagbag.py:540} INFO - Filling up the DagBag from /home/airflow/.local/lib/python3.12/site-packages/airflow/example_dags/example_params_trigger_ui.py
[2025-04-28T02:16:39.054+0000] {processor.py:840} INFO - DAG(s) 'example_params_trigger_ui' retrieved from /home/airflow/.local/lib/python3.12/site-packages/airflow/example_dags/example_params_trigger_ui.py
[2025-04-28T02:16:39.067+0000] {logging_mixin.py:188} INFO - [2025-04-28T02:16:39.067+0000] {dag.py:3096} INFO - Sync 1 DAGs
[2025-04-28T02:16:39.072+0000] {logging_mixin.py:188} INFO - [2025-04-28T02:16:39.072+0000] {dag.py:3954} INFO - Setting next_dagrun for example_params_trigger_ui to None, run_after=None
[2025-04-28T02:16:39.133+0000] {processor.py:183} INFO - Processing /home/airflow/.local/lib/python3.12/site-packages/airflow/example_dags/example_params_trigger_ui.py took 0.086 seconds
