[2025-04-28T02:11:02.131+0000] {processor.py:161} INFO - Started process (PID=46) to work on /home/airflow/.local/lib/python3.12/site-packages/airflow/example_dags/example_kubernetes_executor.py
[2025-04-28T02:11:02.131+0000] {processor.py:830} INFO - Processing file /home/airflow/.local/lib/python3.12/site-packages/airflow/example_dags/example_kubernetes_executor.py for tasks to queue
[2025-04-28T02:11:02.132+0000] {logging_mixin.py:188} INFO - [2025-04-28T02:11:02.132+0000] {dagbag.py:540} INFO - Filling up the DagBag from /home/airflow/.local/lib/python3.12/site-packages/airflow/example_dags/example_kubernetes_executor.py
[2025-04-28T02:11:02.140+0000] {processor.py:840} INFO - DAG(s) 'example_kubernetes_executor' retrieved from /home/airflow/.local/lib/python3.12/site-packages/airflow/example_dags/example_kubernetes_executor.py
[2025-04-28T02:11:02.150+0000] {logging_mixin.py:188} INFO - [2025-04-28T02:11:02.150+0000] {dag.py:3096} INFO - Sync 1 DAGs
[2025-04-28T02:11:02.156+0000] {logging_mixin.py:188} INFO - [2025-04-28T02:11:02.156+0000] {dag.py:3954} INFO - Setting next_dagrun for example_kubernetes_executor to None, run_after=None
[2025-04-28T02:11:02.165+0000] {processor.py:183} INFO - Processing /home/airflow/.local/lib/python3.12/site-packages/airflow/example_dags/example_kubernetes_executor.py took 0.037 seconds
[2025-04-28T02:11:32.313+0000] {processor.py:161} INFO - Started process (PID=104) to work on /home/airflow/.local/lib/python3.12/site-packages/airflow/example_dags/example_kubernetes_executor.py
[2025-04-28T02:11:32.316+0000] {processor.py:830} INFO - Processing file /home/airflow/.local/lib/python3.12/site-packages/airflow/example_dags/example_kubernetes_executor.py for tasks to queue
[2025-04-28T02:11:32.318+0000] {logging_mixin.py:188} INFO - [2025-04-28T02:11:32.318+0000] {dagbag.py:540} INFO - Filling up the DagBag from /home/airflow/.local/lib/python3.12/site-packages/airflow/example_dags/example_kubernetes_executor.py
[2025-04-28T02:11:32.324+0000] {processor.py:840} INFO - DAG(s) 'example_kubernetes_executor' retrieved from /home/airflow/.local/lib/python3.12/site-packages/airflow/example_dags/example_kubernetes_executor.py
[2025-04-28T02:11:32.423+0000] {logging_mixin.py:188} INFO - [2025-04-28T02:11:32.423+0000] {dag.py:3096} INFO - Sync 1 DAGs
[2025-04-28T02:11:32.427+0000] {logging_mixin.py:188} INFO - [2025-04-28T02:11:32.427+0000] {dag.py:3954} INFO - Setting next_dagrun for example_kubernetes_executor to None, run_after=None
[2025-04-28T02:11:32.438+0000] {processor.py:183} INFO - Processing /home/airflow/.local/lib/python3.12/site-packages/airflow/example_dags/example_kubernetes_executor.py took 0.127 seconds
[2025-04-28T02:12:02.459+0000] {processor.py:161} INFO - Started process (PID=162) to work on /home/airflow/.local/lib/python3.12/site-packages/airflow/example_dags/example_kubernetes_executor.py
[2025-04-28T02:12:02.459+0000] {processor.py:830} INFO - Processing file /home/airflow/.local/lib/python3.12/site-packages/airflow/example_dags/example_kubernetes_executor.py for tasks to queue
[2025-04-28T02:12:02.460+0000] {logging_mixin.py:188} INFO - [2025-04-28T02:12:02.460+0000] {dagbag.py:540} INFO - Filling up the DagBag from /home/airflow/.local/lib/python3.12/site-packages/airflow/example_dags/example_kubernetes_executor.py
[2025-04-28T02:12:02.466+0000] {processor.py:840} INFO - DAG(s) 'example_kubernetes_executor' retrieved from /home/airflow/.local/lib/python3.12/site-packages/airflow/example_dags/example_kubernetes_executor.py
[2025-04-28T02:12:02.487+0000] {logging_mixin.py:188} INFO - [2025-04-28T02:12:02.487+0000] {dag.py:3096} INFO - Sync 1 DAGs
[2025-04-28T02:12:02.494+0000] {logging_mixin.py:188} INFO - [2025-04-28T02:12:02.494+0000] {dag.py:3954} INFO - Setting next_dagrun for example_kubernetes_executor to None, run_after=None
[2025-04-28T02:12:02.500+0000] {processor.py:183} INFO - Processing /home/airflow/.local/lib/python3.12/site-packages/airflow/example_dags/example_kubernetes_executor.py took 0.044 seconds
[2025-04-28T02:12:33.051+0000] {processor.py:161} INFO - Started process (PID=220) to work on /home/airflow/.local/lib/python3.12/site-packages/airflow/example_dags/example_kubernetes_executor.py
[2025-04-28T02:12:33.051+0000] {processor.py:830} INFO - Processing file /home/airflow/.local/lib/python3.12/site-packages/airflow/example_dags/example_kubernetes_executor.py for tasks to queue
[2025-04-28T02:12:33.053+0000] {logging_mixin.py:188} INFO - [2025-04-28T02:12:33.053+0000] {dagbag.py:540} INFO - Filling up the DagBag from /home/airflow/.local/lib/python3.12/site-packages/airflow/example_dags/example_kubernetes_executor.py
[2025-04-28T02:12:33.057+0000] {processor.py:840} INFO - DAG(s) 'example_kubernetes_executor' retrieved from /home/airflow/.local/lib/python3.12/site-packages/airflow/example_dags/example_kubernetes_executor.py
[2025-04-28T02:12:33.072+0000] {logging_mixin.py:188} INFO - [2025-04-28T02:12:33.072+0000] {dag.py:3096} INFO - Sync 1 DAGs
[2025-04-28T02:12:33.078+0000] {logging_mixin.py:188} INFO - [2025-04-28T02:12:33.078+0000] {dag.py:3954} INFO - Setting next_dagrun for example_kubernetes_executor to None, run_after=None
[2025-04-28T02:12:33.086+0000] {processor.py:183} INFO - Processing /home/airflow/.local/lib/python3.12/site-packages/airflow/example_dags/example_kubernetes_executor.py took 0.038 seconds
[2025-04-28T02:13:03.492+0000] {processor.py:161} INFO - Started process (PID=278) to work on /home/airflow/.local/lib/python3.12/site-packages/airflow/example_dags/example_kubernetes_executor.py
[2025-04-28T02:13:03.494+0000] {processor.py:830} INFO - Processing file /home/airflow/.local/lib/python3.12/site-packages/airflow/example_dags/example_kubernetes_executor.py for tasks to queue
[2025-04-28T02:13:03.495+0000] {logging_mixin.py:188} INFO - [2025-04-28T02:13:03.495+0000] {dagbag.py:540} INFO - Filling up the DagBag from /home/airflow/.local/lib/python3.12/site-packages/airflow/example_dags/example_kubernetes_executor.py
[2025-04-28T02:13:03.501+0000] {processor.py:840} INFO - DAG(s) 'example_kubernetes_executor' retrieved from /home/airflow/.local/lib/python3.12/site-packages/airflow/example_dags/example_kubernetes_executor.py
[2025-04-28T02:13:03.516+0000] {logging_mixin.py:188} INFO - [2025-04-28T02:13:03.516+0000] {dag.py:3096} INFO - Sync 1 DAGs
[2025-04-28T02:13:03.521+0000] {logging_mixin.py:188} INFO - [2025-04-28T02:13:03.521+0000] {dag.py:3954} INFO - Setting next_dagrun for example_kubernetes_executor to None, run_after=None
[2025-04-28T02:13:03.530+0000] {processor.py:183} INFO - Processing /home/airflow/.local/lib/python3.12/site-packages/airflow/example_dags/example_kubernetes_executor.py took 0.041 seconds
[2025-04-28T02:13:33.991+0000] {processor.py:161} INFO - Started process (PID=336) to work on /home/airflow/.local/lib/python3.12/site-packages/airflow/example_dags/example_kubernetes_executor.py
[2025-04-28T02:13:33.992+0000] {processor.py:830} INFO - Processing file /home/airflow/.local/lib/python3.12/site-packages/airflow/example_dags/example_kubernetes_executor.py for tasks to queue
[2025-04-28T02:13:33.994+0000] {logging_mixin.py:188} INFO - [2025-04-28T02:13:33.994+0000] {dagbag.py:540} INFO - Filling up the DagBag from /home/airflow/.local/lib/python3.12/site-packages/airflow/example_dags/example_kubernetes_executor.py
[2025-04-28T02:13:33.999+0000] {processor.py:840} INFO - DAG(s) 'example_kubernetes_executor' retrieved from /home/airflow/.local/lib/python3.12/site-packages/airflow/example_dags/example_kubernetes_executor.py
[2025-04-28T02:13:34.013+0000] {logging_mixin.py:188} INFO - [2025-04-28T02:13:34.013+0000] {dag.py:3096} INFO - Sync 1 DAGs
[2025-04-28T02:13:34.017+0000] {logging_mixin.py:188} INFO - [2025-04-28T02:13:34.017+0000] {dag.py:3954} INFO - Setting next_dagrun for example_kubernetes_executor to None, run_after=None
[2025-04-28T02:13:34.025+0000] {processor.py:183} INFO - Processing /home/airflow/.local/lib/python3.12/site-packages/airflow/example_dags/example_kubernetes_executor.py took 0.037 seconds
[2025-04-28T02:14:04.478+0000] {processor.py:161} INFO - Started process (PID=394) to work on /home/airflow/.local/lib/python3.12/site-packages/airflow/example_dags/example_kubernetes_executor.py
[2025-04-28T02:14:04.479+0000] {processor.py:830} INFO - Processing file /home/airflow/.local/lib/python3.12/site-packages/airflow/example_dags/example_kubernetes_executor.py for tasks to queue
[2025-04-28T02:14:04.481+0000] {logging_mixin.py:188} INFO - [2025-04-28T02:14:04.480+0000] {dagbag.py:540} INFO - Filling up the DagBag from /home/airflow/.local/lib/python3.12/site-packages/airflow/example_dags/example_kubernetes_executor.py
[2025-04-28T02:14:04.489+0000] {processor.py:840} INFO - DAG(s) 'example_kubernetes_executor' retrieved from /home/airflow/.local/lib/python3.12/site-packages/airflow/example_dags/example_kubernetes_executor.py
[2025-04-28T02:14:04.497+0000] {logging_mixin.py:188} INFO - [2025-04-28T02:14:04.497+0000] {dag.py:3096} INFO - Sync 1 DAGs
[2025-04-28T02:14:04.504+0000] {logging_mixin.py:188} INFO - [2025-04-28T02:14:04.504+0000] {dag.py:3954} INFO - Setting next_dagrun for example_kubernetes_executor to None, run_after=None
[2025-04-28T02:14:04.518+0000] {processor.py:183} INFO - Processing /home/airflow/.local/lib/python3.12/site-packages/airflow/example_dags/example_kubernetes_executor.py took 0.043 seconds
[2025-04-28T02:14:34.979+0000] {processor.py:161} INFO - Started process (PID=458) to work on /home/airflow/.local/lib/python3.12/site-packages/airflow/example_dags/example_kubernetes_executor.py
[2025-04-28T02:14:34.980+0000] {processor.py:830} INFO - Processing file /home/airflow/.local/lib/python3.12/site-packages/airflow/example_dags/example_kubernetes_executor.py for tasks to queue
[2025-04-28T02:14:34.981+0000] {logging_mixin.py:188} INFO - [2025-04-28T02:14:34.981+0000] {dagbag.py:540} INFO - Filling up the DagBag from /home/airflow/.local/lib/python3.12/site-packages/airflow/example_dags/example_kubernetes_executor.py
[2025-04-28T02:14:34.988+0000] {processor.py:840} INFO - DAG(s) 'example_kubernetes_executor' retrieved from /home/airflow/.local/lib/python3.12/site-packages/airflow/example_dags/example_kubernetes_executor.py
[2025-04-28T02:14:34.998+0000] {logging_mixin.py:188} INFO - [2025-04-28T02:14:34.998+0000] {dag.py:3096} INFO - Sync 1 DAGs
[2025-04-28T02:14:35.005+0000] {logging_mixin.py:188} INFO - [2025-04-28T02:14:35.005+0000] {dag.py:3954} INFO - Setting next_dagrun for example_kubernetes_executor to None, run_after=None
[2025-04-28T02:14:35.016+0000] {processor.py:183} INFO - Processing /home/airflow/.local/lib/python3.12/site-packages/airflow/example_dags/example_kubernetes_executor.py took 0.041 seconds
[2025-04-28T02:15:05.413+0000] {processor.py:161} INFO - Started process (PID=516) to work on /home/airflow/.local/lib/python3.12/site-packages/airflow/example_dags/example_kubernetes_executor.py
[2025-04-28T02:15:05.415+0000] {processor.py:830} INFO - Processing file /home/airflow/.local/lib/python3.12/site-packages/airflow/example_dags/example_kubernetes_executor.py for tasks to queue
[2025-04-28T02:15:05.418+0000] {logging_mixin.py:188} INFO - [2025-04-28T02:15:05.418+0000] {dagbag.py:540} INFO - Filling up the DagBag from /home/airflow/.local/lib/python3.12/site-packages/airflow/example_dags/example_kubernetes_executor.py
[2025-04-28T02:15:05.426+0000] {processor.py:840} INFO - DAG(s) 'example_kubernetes_executor' retrieved from /home/airflow/.local/lib/python3.12/site-packages/airflow/example_dags/example_kubernetes_executor.py
[2025-04-28T02:15:05.479+0000] {logging_mixin.py:188} INFO - [2025-04-28T02:15:05.479+0000] {dag.py:3096} INFO - Sync 1 DAGs
[2025-04-28T02:15:05.553+0000] {logging_mixin.py:188} INFO - [2025-04-28T02:15:05.552+0000] {dag.py:3954} INFO - Setting next_dagrun for example_kubernetes_executor to None, run_after=None
[2025-04-28T02:15:05.560+0000] {processor.py:183} INFO - Processing /home/airflow/.local/lib/python3.12/site-packages/airflow/example_dags/example_kubernetes_executor.py took 0.150 seconds
[2025-04-28T02:15:35.671+0000] {processor.py:161} INFO - Started process (PID=574) to work on /home/airflow/.local/lib/python3.12/site-packages/airflow/example_dags/example_kubernetes_executor.py
[2025-04-28T02:15:35.672+0000] {processor.py:830} INFO - Processing file /home/airflow/.local/lib/python3.12/site-packages/airflow/example_dags/example_kubernetes_executor.py for tasks to queue
[2025-04-28T02:15:35.674+0000] {logging_mixin.py:188} INFO - [2025-04-28T02:15:35.673+0000] {dagbag.py:540} INFO - Filling up the DagBag from /home/airflow/.local/lib/python3.12/site-packages/airflow/example_dags/example_kubernetes_executor.py
[2025-04-28T02:15:35.682+0000] {processor.py:840} INFO - DAG(s) 'example_kubernetes_executor' retrieved from /home/airflow/.local/lib/python3.12/site-packages/airflow/example_dags/example_kubernetes_executor.py
[2025-04-28T02:15:35.701+0000] {logging_mixin.py:188} INFO - [2025-04-28T02:15:35.701+0000] {dag.py:3096} INFO - Sync 1 DAGs
[2025-04-28T02:15:35.707+0000] {logging_mixin.py:188} INFO - [2025-04-28T02:15:35.707+0000] {dag.py:3954} INFO - Setting next_dagrun for example_kubernetes_executor to None, run_after=None
[2025-04-28T02:15:35.715+0000] {processor.py:183} INFO - Processing /home/airflow/.local/lib/python3.12/site-packages/airflow/example_dags/example_kubernetes_executor.py took 0.047 seconds
[2025-04-28T02:16:06.194+0000] {processor.py:161} INFO - Started process (PID=632) to work on /home/airflow/.local/lib/python3.12/site-packages/airflow/example_dags/example_kubernetes_executor.py
[2025-04-28T02:16:06.195+0000] {processor.py:830} INFO - Processing file /home/airflow/.local/lib/python3.12/site-packages/airflow/example_dags/example_kubernetes_executor.py for tasks to queue
[2025-04-28T02:16:06.196+0000] {logging_mixin.py:188} INFO - [2025-04-28T02:16:06.196+0000] {dagbag.py:540} INFO - Filling up the DagBag from /home/airflow/.local/lib/python3.12/site-packages/airflow/example_dags/example_kubernetes_executor.py
[2025-04-28T02:16:06.206+0000] {processor.py:840} INFO - DAG(s) 'example_kubernetes_executor' retrieved from /home/airflow/.local/lib/python3.12/site-packages/airflow/example_dags/example_kubernetes_executor.py
[2025-04-28T02:16:06.225+0000] {logging_mixin.py:188} INFO - [2025-04-28T02:16:06.225+0000] {dag.py:3096} INFO - Sync 1 DAGs
[2025-04-28T02:16:06.230+0000] {logging_mixin.py:188} INFO - [2025-04-28T02:16:06.230+0000] {dag.py:3954} INFO - Setting next_dagrun for example_kubernetes_executor to None, run_after=None
[2025-04-28T02:16:06.239+0000] {processor.py:183} INFO - Processing /home/airflow/.local/lib/python3.12/site-packages/airflow/example_dags/example_kubernetes_executor.py took 0.048 seconds
[2025-04-28T02:16:36.787+0000] {processor.py:161} INFO - Started process (PID=691) to work on /home/airflow/.local/lib/python3.12/site-packages/airflow/example_dags/example_kubernetes_executor.py
[2025-04-28T02:16:36.788+0000] {processor.py:830} INFO - Processing file /home/airflow/.local/lib/python3.12/site-packages/airflow/example_dags/example_kubernetes_executor.py for tasks to queue
[2025-04-28T02:16:36.792+0000] {logging_mixin.py:188} INFO - [2025-04-28T02:16:36.792+0000] {dagbag.py:540} INFO - Filling up the DagBag from /home/airflow/.local/lib/python3.12/site-packages/airflow/example_dags/example_kubernetes_executor.py
[2025-04-28T02:16:36.798+0000] {processor.py:840} INFO - DAG(s) 'example_kubernetes_executor' retrieved from /home/airflow/.local/lib/python3.12/site-packages/airflow/example_dags/example_kubernetes_executor.py
[2025-04-28T02:16:36.821+0000] {logging_mixin.py:188} INFO - [2025-04-28T02:16:36.820+0000] {dag.py:3096} INFO - Sync 1 DAGs
[2025-04-28T02:16:36.826+0000] {logging_mixin.py:188} INFO - [2025-04-28T02:16:36.826+0000] {dag.py:3954} INFO - Setting next_dagrun for example_kubernetes_executor to None, run_after=None
[2025-04-28T02:16:36.834+0000] {processor.py:183} INFO - Processing /home/airflow/.local/lib/python3.12/site-packages/airflow/example_dags/example_kubernetes_executor.py took 0.051 seconds
[2025-04-28T02:17:07.482+0000] {processor.py:161} INFO - Started process (PID=750) to work on /home/airflow/.local/lib/python3.12/site-packages/airflow/example_dags/example_kubernetes_executor.py
[2025-04-28T02:17:07.483+0000] {processor.py:830} INFO - Processing file /home/airflow/.local/lib/python3.12/site-packages/airflow/example_dags/example_kubernetes_executor.py for tasks to queue
[2025-04-28T02:17:07.487+0000] {logging_mixin.py:188} INFO - [2025-04-28T02:17:07.487+0000] {dagbag.py:540} INFO - Filling up the DagBag from /home/airflow/.local/lib/python3.12/site-packages/airflow/example_dags/example_kubernetes_executor.py
[2025-04-28T02:17:07.493+0000] {processor.py:840} INFO - DAG(s) 'example_kubernetes_executor' retrieved from /home/airflow/.local/lib/python3.12/site-packages/airflow/example_dags/example_kubernetes_executor.py
[2025-04-28T02:17:07.513+0000] {logging_mixin.py:188} INFO - [2025-04-28T02:17:07.513+0000] {dag.py:3096} INFO - Sync 1 DAGs
[2025-04-28T02:17:07.518+0000] {logging_mixin.py:188} INFO - [2025-04-28T02:17:07.518+0000] {dag.py:3954} INFO - Setting next_dagrun for example_kubernetes_executor to None, run_after=None
[2025-04-28T02:17:07.526+0000] {processor.py:183} INFO - Processing /home/airflow/.local/lib/python3.12/site-packages/airflow/example_dags/example_kubernetes_executor.py took 0.047 seconds
[2025-04-28T02:17:38.267+0000] {processor.py:161} INFO - Started process (PID=809) to work on /home/airflow/.local/lib/python3.12/site-packages/airflow/example_dags/example_kubernetes_executor.py
[2025-04-28T02:17:38.270+0000] {processor.py:830} INFO - Processing file /home/airflow/.local/lib/python3.12/site-packages/airflow/example_dags/example_kubernetes_executor.py for tasks to queue
[2025-04-28T02:17:38.272+0000] {logging_mixin.py:188} INFO - [2025-04-28T02:17:38.272+0000] {dagbag.py:540} INFO - Filling up the DagBag from /home/airflow/.local/lib/python3.12/site-packages/airflow/example_dags/example_kubernetes_executor.py
[2025-04-28T02:17:38.278+0000] {processor.py:840} INFO - DAG(s) 'example_kubernetes_executor' retrieved from /home/airflow/.local/lib/python3.12/site-packages/airflow/example_dags/example_kubernetes_executor.py
[2025-04-28T02:17:38.300+0000] {logging_mixin.py:188} INFO - [2025-04-28T02:17:38.300+0000] {dag.py:3096} INFO - Sync 1 DAGs
[2025-04-28T02:17:38.304+0000] {logging_mixin.py:188} INFO - [2025-04-28T02:17:38.304+0000] {dag.py:3954} INFO - Setting next_dagrun for example_kubernetes_executor to None, run_after=None
[2025-04-28T02:17:38.312+0000] {processor.py:183} INFO - Processing /home/airflow/.local/lib/python3.12/site-packages/airflow/example_dags/example_kubernetes_executor.py took 0.047 seconds
[2025-04-28T02:18:09.087+0000] {processor.py:161} INFO - Started process (PID=872) to work on /home/airflow/.local/lib/python3.12/site-packages/airflow/example_dags/example_kubernetes_executor.py
[2025-04-28T02:18:09.088+0000] {processor.py:830} INFO - Processing file /home/airflow/.local/lib/python3.12/site-packages/airflow/example_dags/example_kubernetes_executor.py for tasks to queue
[2025-04-28T02:18:09.090+0000] {logging_mixin.py:188} INFO - [2025-04-28T02:18:09.089+0000] {dagbag.py:540} INFO - Filling up the DagBag from /home/airflow/.local/lib/python3.12/site-packages/airflow/example_dags/example_kubernetes_executor.py
[2025-04-28T02:18:09.096+0000] {processor.py:840} INFO - DAG(s) 'example_kubernetes_executor' retrieved from /home/airflow/.local/lib/python3.12/site-packages/airflow/example_dags/example_kubernetes_executor.py
[2025-04-28T02:18:09.118+0000] {logging_mixin.py:188} INFO - [2025-04-28T02:18:09.118+0000] {dag.py:3096} INFO - Sync 1 DAGs
[2025-04-28T02:18:09.123+0000] {logging_mixin.py:188} INFO - [2025-04-28T02:18:09.123+0000] {dag.py:3954} INFO - Setting next_dagrun for example_kubernetes_executor to None, run_after=None
[2025-04-28T02:18:09.132+0000] {processor.py:183} INFO - Processing /home/airflow/.local/lib/python3.12/site-packages/airflow/example_dags/example_kubernetes_executor.py took 0.047 seconds
[2025-04-28T02:18:39.700+0000] {processor.py:161} INFO - Started process (PID=931) to work on /home/airflow/.local/lib/python3.12/site-packages/airflow/example_dags/example_kubernetes_executor.py
[2025-04-28T02:18:39.701+0000] {processor.py:830} INFO - Processing file /home/airflow/.local/lib/python3.12/site-packages/airflow/example_dags/example_kubernetes_executor.py for tasks to queue
[2025-04-28T02:18:39.703+0000] {logging_mixin.py:188} INFO - [2025-04-28T02:18:39.703+0000] {dagbag.py:540} INFO - Filling up the DagBag from /home/airflow/.local/lib/python3.12/site-packages/airflow/example_dags/example_kubernetes_executor.py
[2025-04-28T02:18:39.710+0000] {processor.py:840} INFO - DAG(s) 'example_kubernetes_executor' retrieved from /home/airflow/.local/lib/python3.12/site-packages/airflow/example_dags/example_kubernetes_executor.py
[2025-04-28T02:18:39.732+0000] {logging_mixin.py:188} INFO - [2025-04-28T02:18:39.732+0000] {dag.py:3096} INFO - Sync 1 DAGs
[2025-04-28T02:18:39.804+0000] {logging_mixin.py:188} INFO - [2025-04-28T02:18:39.804+0000] {dag.py:3954} INFO - Setting next_dagrun for example_kubernetes_executor to None, run_after=None
[2025-04-28T02:18:39.813+0000] {processor.py:183} INFO - Processing /home/airflow/.local/lib/python3.12/site-packages/airflow/example_dags/example_kubernetes_executor.py took 0.116 seconds
[2025-04-28T02:19:10.375+0000] {processor.py:161} INFO - Started process (PID=990) to work on /home/airflow/.local/lib/python3.12/site-packages/airflow/example_dags/example_kubernetes_executor.py
[2025-04-28T02:19:10.376+0000] {processor.py:830} INFO - Processing file /home/airflow/.local/lib/python3.12/site-packages/airflow/example_dags/example_kubernetes_executor.py for tasks to queue
[2025-04-28T02:19:10.378+0000] {logging_mixin.py:188} INFO - [2025-04-28T02:19:10.378+0000] {dagbag.py:540} INFO - Filling up the DagBag from /home/airflow/.local/lib/python3.12/site-packages/airflow/example_dags/example_kubernetes_executor.py
[2025-04-28T02:19:10.387+0000] {processor.py:840} INFO - DAG(s) 'example_kubernetes_executor' retrieved from /home/airflow/.local/lib/python3.12/site-packages/airflow/example_dags/example_kubernetes_executor.py
[2025-04-28T02:19:10.407+0000] {logging_mixin.py:188} INFO - [2025-04-28T02:19:10.407+0000] {dag.py:3096} INFO - Sync 1 DAGs
[2025-04-28T02:19:10.414+0000] {logging_mixin.py:188} INFO - [2025-04-28T02:19:10.414+0000] {dag.py:3954} INFO - Setting next_dagrun for example_kubernetes_executor to None, run_after=None
[2025-04-28T02:19:10.479+0000] {processor.py:183} INFO - Processing /home/airflow/.local/lib/python3.12/site-packages/airflow/example_dags/example_kubernetes_executor.py took 0.107 seconds
[2025-04-28T02:19:40.678+0000] {processor.py:161} INFO - Started process (PID=1049) to work on /home/airflow/.local/lib/python3.12/site-packages/airflow/example_dags/example_kubernetes_executor.py
[2025-04-28T02:19:40.678+0000] {processor.py:830} INFO - Processing file /home/airflow/.local/lib/python3.12/site-packages/airflow/example_dags/example_kubernetes_executor.py for tasks to queue
[2025-04-28T02:19:40.679+0000] {logging_mixin.py:188} INFO - [2025-04-28T02:19:40.679+0000] {dagbag.py:540} INFO - Filling up the DagBag from /home/airflow/.local/lib/python3.12/site-packages/airflow/example_dags/example_kubernetes_executor.py
[2025-04-28T02:19:40.688+0000] {processor.py:840} INFO - DAG(s) 'example_kubernetes_executor' retrieved from /home/airflow/.local/lib/python3.12/site-packages/airflow/example_dags/example_kubernetes_executor.py
[2025-04-28T02:19:40.709+0000] {logging_mixin.py:188} INFO - [2025-04-28T02:19:40.709+0000] {dag.py:3096} INFO - Sync 1 DAGs
[2025-04-28T02:19:40.715+0000] {logging_mixin.py:188} INFO - [2025-04-28T02:19:40.715+0000] {dag.py:3954} INFO - Setting next_dagrun for example_kubernetes_executor to None, run_after=None
[2025-04-28T02:19:40.723+0000] {processor.py:183} INFO - Processing /home/airflow/.local/lib/python3.12/site-packages/airflow/example_dags/example_kubernetes_executor.py took 0.048 seconds
[2025-04-28T02:20:10.819+0000] {processor.py:161} INFO - Started process (PID=1108) to work on /home/airflow/.local/lib/python3.12/site-packages/airflow/example_dags/example_kubernetes_executor.py
[2025-04-28T02:20:10.820+0000] {processor.py:830} INFO - Processing file /home/airflow/.local/lib/python3.12/site-packages/airflow/example_dags/example_kubernetes_executor.py for tasks to queue
[2025-04-28T02:20:10.822+0000] {logging_mixin.py:188} INFO - [2025-04-28T02:20:10.821+0000] {dagbag.py:540} INFO - Filling up the DagBag from /home/airflow/.local/lib/python3.12/site-packages/airflow/example_dags/example_kubernetes_executor.py
[2025-04-28T02:20:10.828+0000] {processor.py:840} INFO - DAG(s) 'example_kubernetes_executor' retrieved from /home/airflow/.local/lib/python3.12/site-packages/airflow/example_dags/example_kubernetes_executor.py
[2025-04-28T02:20:10.849+0000] {logging_mixin.py:188} INFO - [2025-04-28T02:20:10.849+0000] {dag.py:3096} INFO - Sync 1 DAGs
[2025-04-28T02:20:10.854+0000] {logging_mixin.py:188} INFO - [2025-04-28T02:20:10.854+0000] {dag.py:3954} INFO - Setting next_dagrun for example_kubernetes_executor to None, run_after=None
[2025-04-28T02:20:10.864+0000] {processor.py:183} INFO - Processing /home/airflow/.local/lib/python3.12/site-packages/airflow/example_dags/example_kubernetes_executor.py took 0.048 seconds
[2025-04-28T02:20:41.393+0000] {processor.py:161} INFO - Started process (PID=1167) to work on /home/airflow/.local/lib/python3.12/site-packages/airflow/example_dags/example_kubernetes_executor.py
[2025-04-28T02:20:41.394+0000] {processor.py:830} INFO - Processing file /home/airflow/.local/lib/python3.12/site-packages/airflow/example_dags/example_kubernetes_executor.py for tasks to queue
[2025-04-28T02:20:41.396+0000] {logging_mixin.py:188} INFO - [2025-04-28T02:20:41.395+0000] {dagbag.py:540} INFO - Filling up the DagBag from /home/airflow/.local/lib/python3.12/site-packages/airflow/example_dags/example_kubernetes_executor.py
[2025-04-28T02:20:41.403+0000] {processor.py:840} INFO - DAG(s) 'example_kubernetes_executor' retrieved from /home/airflow/.local/lib/python3.12/site-packages/airflow/example_dags/example_kubernetes_executor.py
[2025-04-28T02:20:41.427+0000] {logging_mixin.py:188} INFO - [2025-04-28T02:20:41.427+0000] {dag.py:3096} INFO - Sync 1 DAGs
[2025-04-28T02:20:41.432+0000] {logging_mixin.py:188} INFO - [2025-04-28T02:20:41.432+0000] {dag.py:3954} INFO - Setting next_dagrun for example_kubernetes_executor to None, run_after=None
[2025-04-28T02:20:41.441+0000] {processor.py:183} INFO - Processing /home/airflow/.local/lib/python3.12/site-packages/airflow/example_dags/example_kubernetes_executor.py took 0.052 seconds
[2025-04-28T02:21:12.062+0000] {processor.py:161} INFO - Started process (PID=1226) to work on /home/airflow/.local/lib/python3.12/site-packages/airflow/example_dags/example_kubernetes_executor.py
[2025-04-28T02:21:12.064+0000] {processor.py:830} INFO - Processing file /home/airflow/.local/lib/python3.12/site-packages/airflow/example_dags/example_kubernetes_executor.py for tasks to queue
[2025-04-28T02:21:12.066+0000] {logging_mixin.py:188} INFO - [2025-04-28T02:21:12.065+0000] {dagbag.py:540} INFO - Filling up the DagBag from /home/airflow/.local/lib/python3.12/site-packages/airflow/example_dags/example_kubernetes_executor.py
[2025-04-28T02:21:12.072+0000] {processor.py:840} INFO - DAG(s) 'example_kubernetes_executor' retrieved from /home/airflow/.local/lib/python3.12/site-packages/airflow/example_dags/example_kubernetes_executor.py
[2025-04-28T02:21:12.091+0000] {logging_mixin.py:188} INFO - [2025-04-28T02:21:12.091+0000] {dag.py:3096} INFO - Sync 1 DAGs
[2025-04-28T02:21:12.096+0000] {logging_mixin.py:188} INFO - [2025-04-28T02:21:12.096+0000] {dag.py:3954} INFO - Setting next_dagrun for example_kubernetes_executor to None, run_after=None
[2025-04-28T02:21:12.105+0000] {processor.py:183} INFO - Processing /home/airflow/.local/lib/python3.12/site-packages/airflow/example_dags/example_kubernetes_executor.py took 0.046 seconds
[2025-04-28T02:21:42.622+0000] {processor.py:161} INFO - Started process (PID=1285) to work on /home/airflow/.local/lib/python3.12/site-packages/airflow/example_dags/example_kubernetes_executor.py
[2025-04-28T02:21:42.623+0000] {processor.py:830} INFO - Processing file /home/airflow/.local/lib/python3.12/site-packages/airflow/example_dags/example_kubernetes_executor.py for tasks to queue
[2025-04-28T02:21:42.625+0000] {logging_mixin.py:188} INFO - [2025-04-28T02:21:42.625+0000] {dagbag.py:540} INFO - Filling up the DagBag from /home/airflow/.local/lib/python3.12/site-packages/airflow/example_dags/example_kubernetes_executor.py
[2025-04-28T02:21:42.633+0000] {processor.py:840} INFO - DAG(s) 'example_kubernetes_executor' retrieved from /home/airflow/.local/lib/python3.12/site-packages/airflow/example_dags/example_kubernetes_executor.py
[2025-04-28T02:21:42.652+0000] {logging_mixin.py:188} INFO - [2025-04-28T02:21:42.652+0000] {dag.py:3096} INFO - Sync 1 DAGs
[2025-04-28T02:21:42.658+0000] {logging_mixin.py:188} INFO - [2025-04-28T02:21:42.658+0000] {dag.py:3954} INFO - Setting next_dagrun for example_kubernetes_executor to None, run_after=None
[2025-04-28T02:21:42.666+0000] {processor.py:183} INFO - Processing /home/airflow/.local/lib/python3.12/site-packages/airflow/example_dags/example_kubernetes_executor.py took 0.048 seconds
[2025-04-28T02:22:13.183+0000] {processor.py:161} INFO - Started process (PID=1344) to work on /home/airflow/.local/lib/python3.12/site-packages/airflow/example_dags/example_kubernetes_executor.py
[2025-04-28T02:22:13.183+0000] {processor.py:830} INFO - Processing file /home/airflow/.local/lib/python3.12/site-packages/airflow/example_dags/example_kubernetes_executor.py for tasks to queue
[2025-04-28T02:22:13.185+0000] {logging_mixin.py:188} INFO - [2025-04-28T02:22:13.184+0000] {dagbag.py:540} INFO - Filling up the DagBag from /home/airflow/.local/lib/python3.12/site-packages/airflow/example_dags/example_kubernetes_executor.py
[2025-04-28T02:22:13.191+0000] {processor.py:840} INFO - DAG(s) 'example_kubernetes_executor' retrieved from /home/airflow/.local/lib/python3.12/site-packages/airflow/example_dags/example_kubernetes_executor.py
[2025-04-28T02:22:13.216+0000] {logging_mixin.py:188} INFO - [2025-04-28T02:22:13.215+0000] {dag.py:3096} INFO - Sync 1 DAGs
[2025-04-28T02:22:13.221+0000] {logging_mixin.py:188} INFO - [2025-04-28T02:22:13.221+0000] {dag.py:3954} INFO - Setting next_dagrun for example_kubernetes_executor to None, run_after=None
[2025-04-28T02:22:13.233+0000] {processor.py:183} INFO - Processing /home/airflow/.local/lib/python3.12/site-packages/airflow/example_dags/example_kubernetes_executor.py took 0.054 seconds
[2025-04-28T02:22:43.720+0000] {processor.py:161} INFO - Started process (PID=1403) to work on /home/airflow/.local/lib/python3.12/site-packages/airflow/example_dags/example_kubernetes_executor.py
[2025-04-28T02:22:43.720+0000] {processor.py:830} INFO - Processing file /home/airflow/.local/lib/python3.12/site-packages/airflow/example_dags/example_kubernetes_executor.py for tasks to queue
[2025-04-28T02:22:43.722+0000] {logging_mixin.py:188} INFO - [2025-04-28T02:22:43.722+0000] {dagbag.py:540} INFO - Filling up the DagBag from /home/airflow/.local/lib/python3.12/site-packages/airflow/example_dags/example_kubernetes_executor.py
[2025-04-28T02:22:43.729+0000] {processor.py:840} INFO - DAG(s) 'example_kubernetes_executor' retrieved from /home/airflow/.local/lib/python3.12/site-packages/airflow/example_dags/example_kubernetes_executor.py
[2025-04-28T02:22:43.753+0000] {logging_mixin.py:188} INFO - [2025-04-28T02:22:43.753+0000] {dag.py:3096} INFO - Sync 1 DAGs
[2025-04-28T02:22:43.758+0000] {logging_mixin.py:188} INFO - [2025-04-28T02:22:43.758+0000] {dag.py:3954} INFO - Setting next_dagrun for example_kubernetes_executor to None, run_after=None
[2025-04-28T02:22:43.765+0000] {processor.py:183} INFO - Processing /home/airflow/.local/lib/python3.12/site-packages/airflow/example_dags/example_kubernetes_executor.py took 0.048 seconds
[2025-04-28T02:23:14.369+0000] {processor.py:161} INFO - Started process (PID=1462) to work on /home/airflow/.local/lib/python3.12/site-packages/airflow/example_dags/example_kubernetes_executor.py
[2025-04-28T02:23:14.369+0000] {processor.py:830} INFO - Processing file /home/airflow/.local/lib/python3.12/site-packages/airflow/example_dags/example_kubernetes_executor.py for tasks to queue
[2025-04-28T02:23:14.371+0000] {logging_mixin.py:188} INFO - [2025-04-28T02:23:14.371+0000] {dagbag.py:540} INFO - Filling up the DagBag from /home/airflow/.local/lib/python3.12/site-packages/airflow/example_dags/example_kubernetes_executor.py
[2025-04-28T02:23:14.378+0000] {processor.py:840} INFO - DAG(s) 'example_kubernetes_executor' retrieved from /home/airflow/.local/lib/python3.12/site-packages/airflow/example_dags/example_kubernetes_executor.py
[2025-04-28T02:23:14.396+0000] {logging_mixin.py:188} INFO - [2025-04-28T02:23:14.396+0000] {dag.py:3096} INFO - Sync 1 DAGs
[2025-04-28T02:23:14.401+0000] {logging_mixin.py:188} INFO - [2025-04-28T02:23:14.401+0000] {dag.py:3954} INFO - Setting next_dagrun for example_kubernetes_executor to None, run_after=None
[2025-04-28T02:23:14.410+0000] {processor.py:183} INFO - Processing /home/airflow/.local/lib/python3.12/site-packages/airflow/example_dags/example_kubernetes_executor.py took 0.044 seconds
