[2025-04-28T02:11:02.599+0000] {processor.py:161} INFO - Started process (PID=64) to work on /home/airflow/.local/lib/python3.12/site-packages/airflow/example_dags/example_python_operator.py
[2025-04-28T02:11:02.600+0000] {processor.py:830} INFO - Processing file /home/airflow/.local/lib/python3.12/site-packages/airflow/example_dags/example_python_operator.py for tasks to queue
[2025-04-28T02:11:02.600+0000] {logging_mixin.py:188} INFO - [2025-04-28T02:11:02.600+0000] {dagbag.py:540} INFO - Filling up the DagBag from /home/airflow/.local/lib/python3.12/site-packages/airflow/example_dags/example_python_operator.py
[2025-04-28T02:11:02.607+0000] {processor.py:840} INFO - DAG(s) 'example_python_operator' retrieved from /home/airflow/.local/lib/python3.12/site-packages/airflow/example_dags/example_python_operator.py
[2025-04-28T02:11:02.615+0000] {logging_mixin.py:188} INFO - [2025-04-28T02:11:02.615+0000] {dag.py:3096} INFO - Sync 1 DAGs
[2025-04-28T02:11:02.621+0000] {logging_mixin.py:188} INFO - [2025-04-28T02:11:02.621+0000] {dag.py:3954} INFO - Setting next_dagrun for example_python_operator to None, run_after=None
[2025-04-28T02:11:02.628+0000] {processor.py:183} INFO - Processing /home/airflow/.local/lib/python3.12/site-packages/airflow/example_dags/example_python_operator.py took 0.032 seconds
[2025-04-28T02:11:33.080+0000] {processor.py:161} INFO - Started process (PID=122) to work on /home/airflow/.local/lib/python3.12/site-packages/airflow/example_dags/example_python_operator.py
[2025-04-28T02:11:33.081+0000] {processor.py:830} INFO - Processing file /home/airflow/.local/lib/python3.12/site-packages/airflow/example_dags/example_python_operator.py for tasks to queue
[2025-04-28T02:11:33.081+0000] {logging_mixin.py:188} INFO - [2025-04-28T02:11:33.081+0000] {dagbag.py:540} INFO - Filling up the DagBag from /home/airflow/.local/lib/python3.12/site-packages/airflow/example_dags/example_python_operator.py
[2025-04-28T02:11:33.085+0000] {processor.py:840} INFO - DAG(s) 'example_python_operator' retrieved from /home/airflow/.local/lib/python3.12/site-packages/airflow/example_dags/example_python_operator.py
[2025-04-28T02:11:33.118+0000] {logging_mixin.py:188} INFO - [2025-04-28T02:11:33.118+0000] {dag.py:3096} INFO - Sync 1 DAGs
[2025-04-28T02:11:33.122+0000] {logging_mixin.py:188} INFO - [2025-04-28T02:11:33.122+0000] {dag.py:3954} INFO - Setting next_dagrun for example_python_operator to None, run_after=None
[2025-04-28T02:11:33.128+0000] {processor.py:183} INFO - Processing /home/airflow/.local/lib/python3.12/site-packages/airflow/example_dags/example_python_operator.py took 0.049 seconds
[2025-04-28T02:12:03.984+0000] {processor.py:161} INFO - Started process (PID=180) to work on /home/airflow/.local/lib/python3.12/site-packages/airflow/example_dags/example_python_operator.py
[2025-04-28T02:12:03.984+0000] {processor.py:830} INFO - Processing file /home/airflow/.local/lib/python3.12/site-packages/airflow/example_dags/example_python_operator.py for tasks to queue
[2025-04-28T02:12:03.985+0000] {logging_mixin.py:188} INFO - [2025-04-28T02:12:03.985+0000] {dagbag.py:540} INFO - Filling up the DagBag from /home/airflow/.local/lib/python3.12/site-packages/airflow/example_dags/example_python_operator.py
[2025-04-28T02:12:03.990+0000] {processor.py:840} INFO - DAG(s) 'example_python_operator' retrieved from /home/airflow/.local/lib/python3.12/site-packages/airflow/example_dags/example_python_operator.py
[2025-04-28T02:12:03.999+0000] {logging_mixin.py:188} INFO - [2025-04-28T02:12:03.999+0000] {dag.py:3096} INFO - Sync 1 DAGs
[2025-04-28T02:12:04.004+0000] {logging_mixin.py:188} INFO - [2025-04-28T02:12:04.004+0000] {dag.py:3954} INFO - Setting next_dagrun for example_python_operator to None, run_after=None
[2025-04-28T02:12:04.010+0000] {processor.py:183} INFO - Processing /home/airflow/.local/lib/python3.12/site-packages/airflow/example_dags/example_python_operator.py took 0.029 seconds
[2025-04-28T02:12:34.499+0000] {processor.py:161} INFO - Started process (PID=238) to work on /home/airflow/.local/lib/python3.12/site-packages/airflow/example_dags/example_python_operator.py
[2025-04-28T02:12:34.499+0000] {processor.py:830} INFO - Processing file /home/airflow/.local/lib/python3.12/site-packages/airflow/example_dags/example_python_operator.py for tasks to queue
[2025-04-28T02:12:34.500+0000] {logging_mixin.py:188} INFO - [2025-04-28T02:12:34.500+0000] {dagbag.py:540} INFO - Filling up the DagBag from /home/airflow/.local/lib/python3.12/site-packages/airflow/example_dags/example_python_operator.py
[2025-04-28T02:12:34.505+0000] {processor.py:840} INFO - DAG(s) 'example_python_operator' retrieved from /home/airflow/.local/lib/python3.12/site-packages/airflow/example_dags/example_python_operator.py
[2025-04-28T02:12:34.515+0000] {logging_mixin.py:188} INFO - [2025-04-28T02:12:34.515+0000] {dag.py:3096} INFO - Sync 1 DAGs
[2025-04-28T02:12:34.521+0000] {logging_mixin.py:188} INFO - [2025-04-28T02:12:34.520+0000] {dag.py:3954} INFO - Setting next_dagrun for example_python_operator to None, run_after=None
[2025-04-28T02:12:34.529+0000] {processor.py:183} INFO - Processing /home/airflow/.local/lib/python3.12/site-packages/airflow/example_dags/example_python_operator.py took 0.033 seconds
[2025-04-28T02:13:05.002+0000] {processor.py:161} INFO - Started process (PID=302) to work on /home/airflow/.local/lib/python3.12/site-packages/airflow/example_dags/example_python_operator.py
[2025-04-28T02:13:05.002+0000] {processor.py:830} INFO - Processing file /home/airflow/.local/lib/python3.12/site-packages/airflow/example_dags/example_python_operator.py for tasks to queue
[2025-04-28T02:13:05.003+0000] {logging_mixin.py:188} INFO - [2025-04-28T02:13:05.003+0000] {dagbag.py:540} INFO - Filling up the DagBag from /home/airflow/.local/lib/python3.12/site-packages/airflow/example_dags/example_python_operator.py
[2025-04-28T02:13:05.007+0000] {processor.py:840} INFO - DAG(s) 'example_python_operator' retrieved from /home/airflow/.local/lib/python3.12/site-packages/airflow/example_dags/example_python_operator.py
[2025-04-28T02:13:05.017+0000] {logging_mixin.py:188} INFO - [2025-04-28T02:13:05.016+0000] {dag.py:3096} INFO - Sync 1 DAGs
[2025-04-28T02:13:05.021+0000] {logging_mixin.py:188} INFO - [2025-04-28T02:13:05.021+0000] {dag.py:3954} INFO - Setting next_dagrun for example_python_operator to None, run_after=None
[2025-04-28T02:13:05.031+0000] {processor.py:183} INFO - Processing /home/airflow/.local/lib/python3.12/site-packages/airflow/example_dags/example_python_operator.py took 0.031 seconds
[2025-04-28T02:13:35.442+0000] {processor.py:161} INFO - Started process (PID=360) to work on /home/airflow/.local/lib/python3.12/site-packages/airflow/example_dags/example_python_operator.py
[2025-04-28T02:13:35.445+0000] {processor.py:830} INFO - Processing file /home/airflow/.local/lib/python3.12/site-packages/airflow/example_dags/example_python_operator.py for tasks to queue
[2025-04-28T02:13:35.446+0000] {logging_mixin.py:188} INFO - [2025-04-28T02:13:35.446+0000] {dagbag.py:540} INFO - Filling up the DagBag from /home/airflow/.local/lib/python3.12/site-packages/airflow/example_dags/example_python_operator.py
[2025-04-28T02:13:35.450+0000] {processor.py:840} INFO - DAG(s) 'example_python_operator' retrieved from /home/airflow/.local/lib/python3.12/site-packages/airflow/example_dags/example_python_operator.py
[2025-04-28T02:13:35.464+0000] {logging_mixin.py:188} INFO - [2025-04-28T02:13:35.464+0000] {dag.py:3096} INFO - Sync 1 DAGs
[2025-04-28T02:13:35.469+0000] {logging_mixin.py:188} INFO - [2025-04-28T02:13:35.469+0000] {dag.py:3954} INFO - Setting next_dagrun for example_python_operator to None, run_after=None
[2025-04-28T02:13:35.476+0000] {processor.py:183} INFO - Processing /home/airflow/.local/lib/python3.12/site-packages/airflow/example_dags/example_python_operator.py took 0.035 seconds
[2025-04-28T02:14:05.977+0000] {processor.py:161} INFO - Started process (PID=417) to work on /home/airflow/.local/lib/python3.12/site-packages/airflow/example_dags/example_python_operator.py
[2025-04-28T02:14:05.978+0000] {processor.py:830} INFO - Processing file /home/airflow/.local/lib/python3.12/site-packages/airflow/example_dags/example_python_operator.py for tasks to queue
[2025-04-28T02:14:05.980+0000] {logging_mixin.py:188} INFO - [2025-04-28T02:14:05.980+0000] {dagbag.py:540} INFO - Filling up the DagBag from /home/airflow/.local/lib/python3.12/site-packages/airflow/example_dags/example_python_operator.py
[2025-04-28T02:14:05.988+0000] {processor.py:840} INFO - DAG(s) 'example_python_operator' retrieved from /home/airflow/.local/lib/python3.12/site-packages/airflow/example_dags/example_python_operator.py
[2025-04-28T02:14:05.997+0000] {logging_mixin.py:188} INFO - [2025-04-28T02:14:05.997+0000] {dag.py:3096} INFO - Sync 1 DAGs
[2025-04-28T02:14:06.003+0000] {logging_mixin.py:188} INFO - [2025-04-28T02:14:06.003+0000] {dag.py:3954} INFO - Setting next_dagrun for example_python_operator to None, run_after=None
[2025-04-28T02:14:06.016+0000] {processor.py:183} INFO - Processing /home/airflow/.local/lib/python3.12/site-packages/airflow/example_dags/example_python_operator.py took 0.041 seconds
[2025-04-28T02:14:36.443+0000] {processor.py:161} INFO - Started process (PID=475) to work on /home/airflow/.local/lib/python3.12/site-packages/airflow/example_dags/example_python_operator.py
[2025-04-28T02:14:36.444+0000] {processor.py:830} INFO - Processing file /home/airflow/.local/lib/python3.12/site-packages/airflow/example_dags/example_python_operator.py for tasks to queue
[2025-04-28T02:14:36.446+0000] {logging_mixin.py:188} INFO - [2025-04-28T02:14:36.446+0000] {dagbag.py:540} INFO - Filling up the DagBag from /home/airflow/.local/lib/python3.12/site-packages/airflow/example_dags/example_python_operator.py
[2025-04-28T02:14:36.452+0000] {processor.py:840} INFO - DAG(s) 'example_python_operator' retrieved from /home/airflow/.local/lib/python3.12/site-packages/airflow/example_dags/example_python_operator.py
[2025-04-28T02:14:36.459+0000] {logging_mixin.py:188} INFO - [2025-04-28T02:14:36.459+0000] {dag.py:3096} INFO - Sync 1 DAGs
[2025-04-28T02:14:36.465+0000] {logging_mixin.py:188} INFO - [2025-04-28T02:14:36.465+0000] {dag.py:3954} INFO - Setting next_dagrun for example_python_operator to None, run_after=None
[2025-04-28T02:14:36.474+0000] {processor.py:183} INFO - Processing /home/airflow/.local/lib/python3.12/site-packages/airflow/example_dags/example_python_operator.py took 0.033 seconds
[2025-04-28T02:15:07.927+0000] {processor.py:161} INFO - Started process (PID=533) to work on /home/airflow/.local/lib/python3.12/site-packages/airflow/example_dags/example_python_operator.py
[2025-04-28T02:15:07.928+0000] {processor.py:830} INFO - Processing file /home/airflow/.local/lib/python3.12/site-packages/airflow/example_dags/example_python_operator.py for tasks to queue
[2025-04-28T02:15:07.930+0000] {logging_mixin.py:188} INFO - [2025-04-28T02:15:07.930+0000] {dagbag.py:540} INFO - Filling up the DagBag from /home/airflow/.local/lib/python3.12/site-packages/airflow/example_dags/example_python_operator.py
[2025-04-28T02:15:07.935+0000] {processor.py:840} INFO - DAG(s) 'example_python_operator' retrieved from /home/airflow/.local/lib/python3.12/site-packages/airflow/example_dags/example_python_operator.py
[2025-04-28T02:15:08.047+0000] {logging_mixin.py:188} INFO - [2025-04-28T02:15:08.047+0000] {dag.py:3096} INFO - Sync 1 DAGs
[2025-04-28T02:15:08.050+0000] {logging_mixin.py:188} INFO - [2025-04-28T02:15:08.050+0000] {dag.py:3954} INFO - Setting next_dagrun for example_python_operator to None, run_after=None
[2025-04-28T02:15:08.059+0000] {processor.py:183} INFO - Processing /home/airflow/.local/lib/python3.12/site-packages/airflow/example_dags/example_python_operator.py took 0.135 seconds
[2025-04-28T02:15:38.152+0000] {processor.py:161} INFO - Started process (PID=591) to work on /home/airflow/.local/lib/python3.12/site-packages/airflow/example_dags/example_python_operator.py
[2025-04-28T02:15:38.152+0000] {processor.py:830} INFO - Processing file /home/airflow/.local/lib/python3.12/site-packages/airflow/example_dags/example_python_operator.py for tasks to queue
[2025-04-28T02:15:38.153+0000] {logging_mixin.py:188} INFO - [2025-04-28T02:15:38.153+0000] {dagbag.py:540} INFO - Filling up the DagBag from /home/airflow/.local/lib/python3.12/site-packages/airflow/example_dags/example_python_operator.py
[2025-04-28T02:15:38.158+0000] {processor.py:840} INFO - DAG(s) 'example_python_operator' retrieved from /home/airflow/.local/lib/python3.12/site-packages/airflow/example_dags/example_python_operator.py
[2025-04-28T02:15:38.167+0000] {logging_mixin.py:188} INFO - [2025-04-28T02:15:38.167+0000] {dag.py:3096} INFO - Sync 1 DAGs
[2025-04-28T02:15:38.171+0000] {logging_mixin.py:188} INFO - [2025-04-28T02:15:38.171+0000] {dag.py:3954} INFO - Setting next_dagrun for example_python_operator to None, run_after=None
[2025-04-28T02:15:38.178+0000] {processor.py:183} INFO - Processing /home/airflow/.local/lib/python3.12/site-packages/airflow/example_dags/example_python_operator.py took 0.029 seconds
[2025-04-28T02:16:08.686+0000] {processor.py:161} INFO - Started process (PID=649) to work on /home/airflow/.local/lib/python3.12/site-packages/airflow/example_dags/example_python_operator.py
[2025-04-28T02:16:08.687+0000] {processor.py:830} INFO - Processing file /home/airflow/.local/lib/python3.12/site-packages/airflow/example_dags/example_python_operator.py for tasks to queue
[2025-04-28T02:16:08.687+0000] {logging_mixin.py:188} INFO - [2025-04-28T02:16:08.687+0000] {dagbag.py:540} INFO - Filling up the DagBag from /home/airflow/.local/lib/python3.12/site-packages/airflow/example_dags/example_python_operator.py
[2025-04-28T02:16:08.691+0000] {processor.py:840} INFO - DAG(s) 'example_python_operator' retrieved from /home/airflow/.local/lib/python3.12/site-packages/airflow/example_dags/example_python_operator.py
[2025-04-28T02:16:08.699+0000] {logging_mixin.py:188} INFO - [2025-04-28T02:16:08.699+0000] {dag.py:3096} INFO - Sync 1 DAGs
[2025-04-28T02:16:08.703+0000] {logging_mixin.py:188} INFO - [2025-04-28T02:16:08.703+0000] {dag.py:3954} INFO - Setting next_dagrun for example_python_operator to None, run_after=None
[2025-04-28T02:16:08.709+0000] {processor.py:183} INFO - Processing /home/airflow/.local/lib/python3.12/site-packages/airflow/example_dags/example_python_operator.py took 0.025 seconds
[2025-04-28T02:16:39.463+0000] {processor.py:161} INFO - Started process (PID=708) to work on /home/airflow/.local/lib/python3.12/site-packages/airflow/example_dags/example_python_operator.py
[2025-04-28T02:16:39.464+0000] {processor.py:830} INFO - Processing file /home/airflow/.local/lib/python3.12/site-packages/airflow/example_dags/example_python_operator.py for tasks to queue
[2025-04-28T02:16:39.464+0000] {logging_mixin.py:188} INFO - [2025-04-28T02:16:39.464+0000] {dagbag.py:540} INFO - Filling up the DagBag from /home/airflow/.local/lib/python3.12/site-packages/airflow/example_dags/example_python_operator.py
[2025-04-28T02:16:39.468+0000] {processor.py:840} INFO - DAG(s) 'example_python_operator' retrieved from /home/airflow/.local/lib/python3.12/site-packages/airflow/example_dags/example_python_operator.py
[2025-04-28T02:16:39.479+0000] {logging_mixin.py:188} INFO - [2025-04-28T02:16:39.479+0000] {dag.py:3096} INFO - Sync 1 DAGs
[2025-04-28T02:16:39.484+0000] {logging_mixin.py:188} INFO - [2025-04-28T02:16:39.484+0000] {dag.py:3954} INFO - Setting next_dagrun for example_python_operator to None, run_after=None
[2025-04-28T02:16:39.489+0000] {processor.py:183} INFO - Processing /home/airflow/.local/lib/python3.12/site-packages/airflow/example_dags/example_python_operator.py took 0.028 seconds
[2025-04-28T02:17:09.917+0000] {processor.py:161} INFO - Started process (PID=767) to work on /home/airflow/.local/lib/python3.12/site-packages/airflow/example_dags/example_python_operator.py
[2025-04-28T02:17:09.918+0000] {processor.py:830} INFO - Processing file /home/airflow/.local/lib/python3.12/site-packages/airflow/example_dags/example_python_operator.py for tasks to queue
[2025-04-28T02:17:09.918+0000] {logging_mixin.py:188} INFO - [2025-04-28T02:17:09.918+0000] {dagbag.py:540} INFO - Filling up the DagBag from /home/airflow/.local/lib/python3.12/site-packages/airflow/example_dags/example_python_operator.py
[2025-04-28T02:17:09.922+0000] {processor.py:840} INFO - DAG(s) 'example_python_operator' retrieved from /home/airflow/.local/lib/python3.12/site-packages/airflow/example_dags/example_python_operator.py
[2025-04-28T02:17:09.930+0000] {logging_mixin.py:188} INFO - [2025-04-28T02:17:09.930+0000] {dag.py:3096} INFO - Sync 1 DAGs
[2025-04-28T02:17:09.934+0000] {logging_mixin.py:188} INFO - [2025-04-28T02:17:09.934+0000] {dag.py:3954} INFO - Setting next_dagrun for example_python_operator to None, run_after=None
[2025-04-28T02:17:09.940+0000] {processor.py:183} INFO - Processing /home/airflow/.local/lib/python3.12/site-packages/airflow/example_dags/example_python_operator.py took 0.025 seconds
[2025-04-28T02:17:40.738+0000] {processor.py:161} INFO - Started process (PID=826) to work on /home/airflow/.local/lib/python3.12/site-packages/airflow/example_dags/example_python_operator.py
[2025-04-28T02:17:40.739+0000] {processor.py:830} INFO - Processing file /home/airflow/.local/lib/python3.12/site-packages/airflow/example_dags/example_python_operator.py for tasks to queue
[2025-04-28T02:17:40.740+0000] {logging_mixin.py:188} INFO - [2025-04-28T02:17:40.740+0000] {dagbag.py:540} INFO - Filling up the DagBag from /home/airflow/.local/lib/python3.12/site-packages/airflow/example_dags/example_python_operator.py
[2025-04-28T02:17:40.745+0000] {processor.py:840} INFO - DAG(s) 'example_python_operator' retrieved from /home/airflow/.local/lib/python3.12/site-packages/airflow/example_dags/example_python_operator.py
[2025-04-28T02:17:40.754+0000] {logging_mixin.py:188} INFO - [2025-04-28T02:17:40.754+0000] {dag.py:3096} INFO - Sync 1 DAGs
[2025-04-28T02:17:40.759+0000] {logging_mixin.py:188} INFO - [2025-04-28T02:17:40.759+0000] {dag.py:3954} INFO - Setting next_dagrun for example_python_operator to None, run_after=None
[2025-04-28T02:17:40.767+0000] {processor.py:183} INFO - Processing /home/airflow/.local/lib/python3.12/site-packages/airflow/example_dags/example_python_operator.py took 0.031 seconds
[2025-04-28T02:18:11.509+0000] {processor.py:161} INFO - Started process (PID=889) to work on /home/airflow/.local/lib/python3.12/site-packages/airflow/example_dags/example_python_operator.py
[2025-04-28T02:18:11.510+0000] {processor.py:830} INFO - Processing file /home/airflow/.local/lib/python3.12/site-packages/airflow/example_dags/example_python_operator.py for tasks to queue
[2025-04-28T02:18:11.510+0000] {logging_mixin.py:188} INFO - [2025-04-28T02:18:11.510+0000] {dagbag.py:540} INFO - Filling up the DagBag from /home/airflow/.local/lib/python3.12/site-packages/airflow/example_dags/example_python_operator.py
[2025-04-28T02:18:11.514+0000] {processor.py:840} INFO - DAG(s) 'example_python_operator' retrieved from /home/airflow/.local/lib/python3.12/site-packages/airflow/example_dags/example_python_operator.py
[2025-04-28T02:18:11.522+0000] {logging_mixin.py:188} INFO - [2025-04-28T02:18:11.522+0000] {dag.py:3096} INFO - Sync 1 DAGs
[2025-04-28T02:18:11.526+0000] {logging_mixin.py:188} INFO - [2025-04-28T02:18:11.526+0000] {dag.py:3954} INFO - Setting next_dagrun for example_python_operator to None, run_after=None
[2025-04-28T02:18:11.532+0000] {processor.py:183} INFO - Processing /home/airflow/.local/lib/python3.12/site-packages/airflow/example_dags/example_python_operator.py took 0.025 seconds
[2025-04-28T02:18:42.231+0000] {processor.py:161} INFO - Started process (PID=948) to work on /home/airflow/.local/lib/python3.12/site-packages/airflow/example_dags/example_python_operator.py
[2025-04-28T02:18:42.231+0000] {processor.py:830} INFO - Processing file /home/airflow/.local/lib/python3.12/site-packages/airflow/example_dags/example_python_operator.py for tasks to queue
[2025-04-28T02:18:42.232+0000] {logging_mixin.py:188} INFO - [2025-04-28T02:18:42.232+0000] {dagbag.py:540} INFO - Filling up the DagBag from /home/airflow/.local/lib/python3.12/site-packages/airflow/example_dags/example_python_operator.py
[2025-04-28T02:18:42.239+0000] {processor.py:840} INFO - DAG(s) 'example_python_operator' retrieved from /home/airflow/.local/lib/python3.12/site-packages/airflow/example_dags/example_python_operator.py
[2025-04-28T02:18:42.250+0000] {logging_mixin.py:188} INFO - [2025-04-28T02:18:42.250+0000] {dag.py:3096} INFO - Sync 1 DAGs
[2025-04-28T02:18:42.255+0000] {logging_mixin.py:188} INFO - [2025-04-28T02:18:42.255+0000] {dag.py:3954} INFO - Setting next_dagrun for example_python_operator to None, run_after=None
[2025-04-28T02:18:42.260+0000] {processor.py:183} INFO - Processing /home/airflow/.local/lib/python3.12/site-packages/airflow/example_dags/example_python_operator.py took 0.032 seconds
[2025-04-28T02:19:13.566+0000] {processor.py:161} INFO - Started process (PID=1007) to work on /home/airflow/.local/lib/python3.12/site-packages/airflow/example_dags/example_python_operator.py
[2025-04-28T02:19:13.566+0000] {processor.py:830} INFO - Processing file /home/airflow/.local/lib/python3.12/site-packages/airflow/example_dags/example_python_operator.py for tasks to queue
[2025-04-28T02:19:13.567+0000] {logging_mixin.py:188} INFO - [2025-04-28T02:19:13.567+0000] {dagbag.py:540} INFO - Filling up the DagBag from /home/airflow/.local/lib/python3.12/site-packages/airflow/example_dags/example_python_operator.py
[2025-04-28T02:19:13.571+0000] {processor.py:840} INFO - DAG(s) 'example_python_operator' retrieved from /home/airflow/.local/lib/python3.12/site-packages/airflow/example_dags/example_python_operator.py
[2025-04-28T02:19:13.637+0000] {logging_mixin.py:188} INFO - [2025-04-28T02:19:13.637+0000] {dag.py:3096} INFO - Sync 1 DAGs
[2025-04-28T02:19:13.641+0000] {logging_mixin.py:188} INFO - [2025-04-28T02:19:13.641+0000] {dag.py:3954} INFO - Setting next_dagrun for example_python_operator to None, run_after=None
[2025-04-28T02:19:13.647+0000] {processor.py:183} INFO - Processing /home/airflow/.local/lib/python3.12/site-packages/airflow/example_dags/example_python_operator.py took 0.083 seconds
[2025-04-28T02:19:43.717+0000] {processor.py:161} INFO - Started process (PID=1066) to work on /home/airflow/.local/lib/python3.12/site-packages/airflow/example_dags/example_python_operator.py
[2025-04-28T02:19:43.718+0000] {processor.py:830} INFO - Processing file /home/airflow/.local/lib/python3.12/site-packages/airflow/example_dags/example_python_operator.py for tasks to queue
[2025-04-28T02:19:43.718+0000] {logging_mixin.py:188} INFO - [2025-04-28T02:19:43.718+0000] {dagbag.py:540} INFO - Filling up the DagBag from /home/airflow/.local/lib/python3.12/site-packages/airflow/example_dags/example_python_operator.py
[2025-04-28T02:19:43.722+0000] {processor.py:840} INFO - DAG(s) 'example_python_operator' retrieved from /home/airflow/.local/lib/python3.12/site-packages/airflow/example_dags/example_python_operator.py
[2025-04-28T02:19:43.732+0000] {logging_mixin.py:188} INFO - [2025-04-28T02:19:43.732+0000] {dag.py:3096} INFO - Sync 1 DAGs
[2025-04-28T02:19:43.803+0000] {logging_mixin.py:188} INFO - [2025-04-28T02:19:43.803+0000] {dag.py:3954} INFO - Setting next_dagrun for example_python_operator to None, run_after=None
[2025-04-28T02:19:43.810+0000] {processor.py:183} INFO - Processing /home/airflow/.local/lib/python3.12/site-packages/airflow/example_dags/example_python_operator.py took 0.095 seconds
[2025-04-28T02:20:14.394+0000] {processor.py:161} INFO - Started process (PID=1126) to work on /home/airflow/.local/lib/python3.12/site-packages/airflow/example_dags/example_python_operator.py
[2025-04-28T02:20:14.394+0000] {processor.py:830} INFO - Processing file /home/airflow/.local/lib/python3.12/site-packages/airflow/example_dags/example_python_operator.py for tasks to queue
[2025-04-28T02:20:14.395+0000] {logging_mixin.py:188} INFO - [2025-04-28T02:20:14.395+0000] {dagbag.py:540} INFO - Filling up the DagBag from /home/airflow/.local/lib/python3.12/site-packages/airflow/example_dags/example_python_operator.py
[2025-04-28T02:20:14.399+0000] {processor.py:840} INFO - DAG(s) 'example_python_operator' retrieved from /home/airflow/.local/lib/python3.12/site-packages/airflow/example_dags/example_python_operator.py
[2025-04-28T02:20:14.410+0000] {logging_mixin.py:188} INFO - [2025-04-28T02:20:14.410+0000] {dag.py:3096} INFO - Sync 1 DAGs
[2025-04-28T02:20:14.415+0000] {logging_mixin.py:188} INFO - [2025-04-28T02:20:14.415+0000] {dag.py:3954} INFO - Setting next_dagrun for example_python_operator to None, run_after=None
[2025-04-28T02:20:14.423+0000] {processor.py:183} INFO - Processing /home/airflow/.local/lib/python3.12/site-packages/airflow/example_dags/example_python_operator.py took 0.031 seconds
[2025-04-28T02:20:44.971+0000] {processor.py:161} INFO - Started process (PID=1185) to work on /home/airflow/.local/lib/python3.12/site-packages/airflow/example_dags/example_python_operator.py
[2025-04-28T02:20:44.972+0000] {processor.py:830} INFO - Processing file /home/airflow/.local/lib/python3.12/site-packages/airflow/example_dags/example_python_operator.py for tasks to queue
[2025-04-28T02:20:44.973+0000] {logging_mixin.py:188} INFO - [2025-04-28T02:20:44.973+0000] {dagbag.py:540} INFO - Filling up the DagBag from /home/airflow/.local/lib/python3.12/site-packages/airflow/example_dags/example_python_operator.py
[2025-04-28T02:20:44.977+0000] {processor.py:840} INFO - DAG(s) 'example_python_operator' retrieved from /home/airflow/.local/lib/python3.12/site-packages/airflow/example_dags/example_python_operator.py
[2025-04-28T02:20:44.987+0000] {logging_mixin.py:188} INFO - [2025-04-28T02:20:44.987+0000] {dag.py:3096} INFO - Sync 1 DAGs
[2025-04-28T02:20:44.991+0000] {logging_mixin.py:188} INFO - [2025-04-28T02:20:44.991+0000] {dag.py:3954} INFO - Setting next_dagrun for example_python_operator to None, run_after=None
[2025-04-28T02:20:44.999+0000] {processor.py:183} INFO - Processing /home/airflow/.local/lib/python3.12/site-packages/airflow/example_dags/example_python_operator.py took 0.030 seconds
[2025-04-28T02:21:15.611+0000] {processor.py:161} INFO - Started process (PID=1244) to work on /home/airflow/.local/lib/python3.12/site-packages/airflow/example_dags/example_python_operator.py
[2025-04-28T02:21:15.612+0000] {processor.py:830} INFO - Processing file /home/airflow/.local/lib/python3.12/site-packages/airflow/example_dags/example_python_operator.py for tasks to queue
[2025-04-28T02:21:15.612+0000] {logging_mixin.py:188} INFO - [2025-04-28T02:21:15.612+0000] {dagbag.py:540} INFO - Filling up the DagBag from /home/airflow/.local/lib/python3.12/site-packages/airflow/example_dags/example_python_operator.py
[2025-04-28T02:21:15.617+0000] {processor.py:840} INFO - DAG(s) 'example_python_operator' retrieved from /home/airflow/.local/lib/python3.12/site-packages/airflow/example_dags/example_python_operator.py
[2025-04-28T02:21:15.626+0000] {logging_mixin.py:188} INFO - [2025-04-28T02:21:15.625+0000] {dag.py:3096} INFO - Sync 1 DAGs
[2025-04-28T02:21:15.630+0000] {logging_mixin.py:188} INFO - [2025-04-28T02:21:15.630+0000] {dag.py:3954} INFO - Setting next_dagrun for example_python_operator to None, run_after=None
[2025-04-28T02:21:15.637+0000] {processor.py:183} INFO - Processing /home/airflow/.local/lib/python3.12/site-packages/airflow/example_dags/example_python_operator.py took 0.028 seconds
[2025-04-28T02:21:46.176+0000] {processor.py:161} INFO - Started process (PID=1303) to work on /home/airflow/.local/lib/python3.12/site-packages/airflow/example_dags/example_python_operator.py
[2025-04-28T02:21:46.178+0000] {processor.py:830} INFO - Processing file /home/airflow/.local/lib/python3.12/site-packages/airflow/example_dags/example_python_operator.py for tasks to queue
[2025-04-28T02:21:46.180+0000] {logging_mixin.py:188} INFO - [2025-04-28T02:21:46.179+0000] {dagbag.py:540} INFO - Filling up the DagBag from /home/airflow/.local/lib/python3.12/site-packages/airflow/example_dags/example_python_operator.py
[2025-04-28T02:21:46.184+0000] {processor.py:840} INFO - DAG(s) 'example_python_operator' retrieved from /home/airflow/.local/lib/python3.12/site-packages/airflow/example_dags/example_python_operator.py
[2025-04-28T02:21:46.195+0000] {logging_mixin.py:188} INFO - [2025-04-28T02:21:46.195+0000] {dag.py:3096} INFO - Sync 1 DAGs
[2025-04-28T02:21:46.200+0000] {logging_mixin.py:188} INFO - [2025-04-28T02:21:46.199+0000] {dag.py:3954} INFO - Setting next_dagrun for example_python_operator to None, run_after=None
[2025-04-28T02:21:46.206+0000] {processor.py:183} INFO - Processing /home/airflow/.local/lib/python3.12/site-packages/airflow/example_dags/example_python_operator.py took 0.033 seconds
[2025-04-28T02:22:16.730+0000] {processor.py:161} INFO - Started process (PID=1362) to work on /home/airflow/.local/lib/python3.12/site-packages/airflow/example_dags/example_python_operator.py
[2025-04-28T02:22:16.731+0000] {processor.py:830} INFO - Processing file /home/airflow/.local/lib/python3.12/site-packages/airflow/example_dags/example_python_operator.py for tasks to queue
[2025-04-28T02:22:16.732+0000] {logging_mixin.py:188} INFO - [2025-04-28T02:22:16.731+0000] {dagbag.py:540} INFO - Filling up the DagBag from /home/airflow/.local/lib/python3.12/site-packages/airflow/example_dags/example_python_operator.py
[2025-04-28T02:22:16.736+0000] {processor.py:840} INFO - DAG(s) 'example_python_operator' retrieved from /home/airflow/.local/lib/python3.12/site-packages/airflow/example_dags/example_python_operator.py
[2025-04-28T02:22:16.745+0000] {logging_mixin.py:188} INFO - [2025-04-28T02:22:16.745+0000] {dag.py:3096} INFO - Sync 1 DAGs
[2025-04-28T02:22:16.751+0000] {logging_mixin.py:188} INFO - [2025-04-28T02:22:16.751+0000] {dag.py:3954} INFO - Setting next_dagrun for example_python_operator to None, run_after=None
[2025-04-28T02:22:16.760+0000] {processor.py:183} INFO - Processing /home/airflow/.local/lib/python3.12/site-packages/airflow/example_dags/example_python_operator.py took 0.032 seconds
[2025-04-28T02:22:47.259+0000] {processor.py:161} INFO - Started process (PID=1421) to work on /home/airflow/.local/lib/python3.12/site-packages/airflow/example_dags/example_python_operator.py
[2025-04-28T02:22:47.261+0000] {processor.py:830} INFO - Processing file /home/airflow/.local/lib/python3.12/site-packages/airflow/example_dags/example_python_operator.py for tasks to queue
[2025-04-28T02:22:47.262+0000] {logging_mixin.py:188} INFO - [2025-04-28T02:22:47.262+0000] {dagbag.py:540} INFO - Filling up the DagBag from /home/airflow/.local/lib/python3.12/site-packages/airflow/example_dags/example_python_operator.py
[2025-04-28T02:22:47.267+0000] {processor.py:840} INFO - DAG(s) 'example_python_operator' retrieved from /home/airflow/.local/lib/python3.12/site-packages/airflow/example_dags/example_python_operator.py
[2025-04-28T02:22:47.277+0000] {logging_mixin.py:188} INFO - [2025-04-28T02:22:47.277+0000] {dag.py:3096} INFO - Sync 1 DAGs
[2025-04-28T02:22:47.281+0000] {logging_mixin.py:188} INFO - [2025-04-28T02:22:47.281+0000] {dag.py:3954} INFO - Setting next_dagrun for example_python_operator to None, run_after=None
[2025-04-28T02:22:47.287+0000] {processor.py:183} INFO - Processing /home/airflow/.local/lib/python3.12/site-packages/airflow/example_dags/example_python_operator.py took 0.031 seconds
[2025-04-28T02:23:17.923+0000] {processor.py:161} INFO - Started process (PID=1480) to work on /home/airflow/.local/lib/python3.12/site-packages/airflow/example_dags/example_python_operator.py
[2025-04-28T02:23:17.923+0000] {processor.py:830} INFO - Processing file /home/airflow/.local/lib/python3.12/site-packages/airflow/example_dags/example_python_operator.py for tasks to queue
[2025-04-28T02:23:17.924+0000] {logging_mixin.py:188} INFO - [2025-04-28T02:23:17.924+0000] {dagbag.py:540} INFO - Filling up the DagBag from /home/airflow/.local/lib/python3.12/site-packages/airflow/example_dags/example_python_operator.py
[2025-04-28T02:23:17.927+0000] {processor.py:840} INFO - DAG(s) 'example_python_operator' retrieved from /home/airflow/.local/lib/python3.12/site-packages/airflow/example_dags/example_python_operator.py
[2025-04-28T02:23:17.935+0000] {logging_mixin.py:188} INFO - [2025-04-28T02:23:17.935+0000] {dag.py:3096} INFO - Sync 1 DAGs
[2025-04-28T02:23:17.939+0000] {logging_mixin.py:188} INFO - [2025-04-28T02:23:17.939+0000] {dag.py:3954} INFO - Setting next_dagrun for example_python_operator to None, run_after=None
[2025-04-28T02:23:17.945+0000] {processor.py:183} INFO - Processing /home/airflow/.local/lib/python3.12/site-packages/airflow/example_dags/example_python_operator.py took 0.024 seconds
