[2025-04-28T02:11:02.494+0000] {processor.py:161} INFO - Started process (PID=61) to work on /home/airflow/.local/lib/python3.12/site-packages/airflow/example_dags/example_branch_datetime_operator.py
[2025-04-28T02:11:02.495+0000] {processor.py:830} INFO - Processing file /home/airflow/.local/lib/python3.12/site-packages/airflow/example_dags/example_branch_datetime_operator.py for tasks to queue
[2025-04-28T02:11:02.499+0000] {logging_mixin.py:188} INFO - [2025-04-28T02:11:02.499+0000] {dagbag.py:540} INFO - Filling up the DagBag from /home/airflow/.local/lib/python3.12/site-packages/airflow/example_dags/example_branch_datetime_operator.py
[2025-04-28T02:11:02.505+0000] {processor.py:840} INFO - DAG(s) 'example_branch_datetime_operator_2', 'example_branch_datetime_operator_3', 'example_branch_datetime_operator' retrieved from /home/airflow/.local/lib/python3.12/site-packages/airflow/example_dags/example_branch_datetime_operator.py
[2025-04-28T02:11:02.513+0000] {logging_mixin.py:188} INFO - [2025-04-28T02:11:02.513+0000] {dag.py:3096} INFO - Sync 3 DAGs
[2025-04-28T02:11:02.523+0000] {logging_mixin.py:188} INFO - [2025-04-28T02:11:02.523+0000] {dag.py:3954} INFO - Setting next_dagrun for example_branch_datetime_operator to 2025-04-27 00:00:00+00:00, run_after=2025-04-28 00:00:00+00:00
[2025-04-28T02:11:02.525+0000] {logging_mixin.py:188} INFO - [2025-04-28T02:11:02.525+0000] {dag.py:3954} INFO - Setting next_dagrun for example_branch_datetime_operator_2 to 2025-04-27 00:00:00+00:00, run_after=2025-04-28 00:00:00+00:00
[2025-04-28T02:11:02.526+0000] {logging_mixin.py:188} INFO - [2025-04-28T02:11:02.525+0000] {dag.py:3954} INFO - Setting next_dagrun for example_branch_datetime_operator_3 to 2025-04-27 00:00:00+00:00, run_after=2025-04-28 00:00:00+00:00
[2025-04-28T02:11:02.531+0000] {processor.py:183} INFO - Processing /home/airflow/.local/lib/python3.12/site-packages/airflow/example_dags/example_branch_datetime_operator.py took 0.040 seconds
[2025-04-28T02:11:32.928+0000] {processor.py:161} INFO - Started process (PID=119) to work on /home/airflow/.local/lib/python3.12/site-packages/airflow/example_dags/example_branch_datetime_operator.py
[2025-04-28T02:11:32.928+0000] {processor.py:830} INFO - Processing file /home/airflow/.local/lib/python3.12/site-packages/airflow/example_dags/example_branch_datetime_operator.py for tasks to queue
[2025-04-28T02:11:32.930+0000] {logging_mixin.py:188} INFO - [2025-04-28T02:11:32.930+0000] {dagbag.py:540} INFO - Filling up the DagBag from /home/airflow/.local/lib/python3.12/site-packages/airflow/example_dags/example_branch_datetime_operator.py
[2025-04-28T02:11:32.934+0000] {processor.py:840} INFO - DAG(s) 'example_branch_datetime_operator', 'example_branch_datetime_operator_2', 'example_branch_datetime_operator_3' retrieved from /home/airflow/.local/lib/python3.12/site-packages/airflow/example_dags/example_branch_datetime_operator.py
[2025-04-28T02:11:32.978+0000] {logging_mixin.py:188} INFO - [2025-04-28T02:11:32.978+0000] {dag.py:3096} INFO - Sync 3 DAGs
[2025-04-28T02:11:32.986+0000] {logging_mixin.py:188} INFO - [2025-04-28T02:11:32.986+0000] {dag.py:3954} INFO - Setting next_dagrun for example_branch_datetime_operator to 2025-04-27 00:00:00+00:00, run_after=2025-04-28 00:00:00+00:00
[2025-04-28T02:11:32.987+0000] {logging_mixin.py:188} INFO - [2025-04-28T02:11:32.987+0000] {dag.py:3954} INFO - Setting next_dagrun for example_branch_datetime_operator_2 to 2025-04-27 00:00:00+00:00, run_after=2025-04-28 00:00:00+00:00
[2025-04-28T02:11:32.988+0000] {logging_mixin.py:188} INFO - [2025-04-28T02:11:32.988+0000] {dag.py:3954} INFO - Setting next_dagrun for example_branch_datetime_operator_3 to 2025-04-27 00:00:00+00:00, run_after=2025-04-28 00:00:00+00:00
[2025-04-28T02:11:32.997+0000] {processor.py:183} INFO - Processing /home/airflow/.local/lib/python3.12/site-packages/airflow/example_dags/example_branch_datetime_operator.py took 0.072 seconds
[2025-04-28T02:12:03.837+0000] {processor.py:161} INFO - Started process (PID=177) to work on /home/airflow/.local/lib/python3.12/site-packages/airflow/example_dags/example_branch_datetime_operator.py
[2025-04-28T02:12:03.838+0000] {processor.py:830} INFO - Processing file /home/airflow/.local/lib/python3.12/site-packages/airflow/example_dags/example_branch_datetime_operator.py for tasks to queue
[2025-04-28T02:12:03.839+0000] {logging_mixin.py:188} INFO - [2025-04-28T02:12:03.839+0000] {dagbag.py:540} INFO - Filling up the DagBag from /home/airflow/.local/lib/python3.12/site-packages/airflow/example_dags/example_branch_datetime_operator.py
[2025-04-28T02:12:03.844+0000] {processor.py:840} INFO - DAG(s) 'example_branch_datetime_operator_3', 'example_branch_datetime_operator', 'example_branch_datetime_operator_2' retrieved from /home/airflow/.local/lib/python3.12/site-packages/airflow/example_dags/example_branch_datetime_operator.py
[2025-04-28T02:12:03.855+0000] {logging_mixin.py:188} INFO - [2025-04-28T02:12:03.855+0000] {dag.py:3096} INFO - Sync 3 DAGs
[2025-04-28T02:12:03.864+0000] {logging_mixin.py:188} INFO - [2025-04-28T02:12:03.864+0000] {dag.py:3954} INFO - Setting next_dagrun for example_branch_datetime_operator to 2025-04-27 00:00:00+00:00, run_after=2025-04-28 00:00:00+00:00
[2025-04-28T02:12:03.870+0000] {logging_mixin.py:188} INFO - [2025-04-28T02:12:03.869+0000] {dag.py:3954} INFO - Setting next_dagrun for example_branch_datetime_operator_2 to 2025-04-27 00:00:00+00:00, run_after=2025-04-28 00:00:00+00:00
[2025-04-28T02:12:03.870+0000] {logging_mixin.py:188} INFO - [2025-04-28T02:12:03.870+0000] {dag.py:3954} INFO - Setting next_dagrun for example_branch_datetime_operator_3 to 2025-04-27 00:00:00+00:00, run_after=2025-04-28 00:00:00+00:00
[2025-04-28T02:12:03.876+0000] {processor.py:183} INFO - Processing /home/airflow/.local/lib/python3.12/site-packages/airflow/example_dags/example_branch_datetime_operator.py took 0.041 seconds
[2025-04-28T02:12:34.382+0000] {processor.py:161} INFO - Started process (PID=235) to work on /home/airflow/.local/lib/python3.12/site-packages/airflow/example_dags/example_branch_datetime_operator.py
[2025-04-28T02:12:34.383+0000] {processor.py:830} INFO - Processing file /home/airflow/.local/lib/python3.12/site-packages/airflow/example_dags/example_branch_datetime_operator.py for tasks to queue
[2025-04-28T02:12:34.384+0000] {logging_mixin.py:188} INFO - [2025-04-28T02:12:34.383+0000] {dagbag.py:540} INFO - Filling up the DagBag from /home/airflow/.local/lib/python3.12/site-packages/airflow/example_dags/example_branch_datetime_operator.py
[2025-04-28T02:12:34.387+0000] {processor.py:840} INFO - DAG(s) 'example_branch_datetime_operator', 'example_branch_datetime_operator_2', 'example_branch_datetime_operator_3' retrieved from /home/airflow/.local/lib/python3.12/site-packages/airflow/example_dags/example_branch_datetime_operator.py
[2025-04-28T02:12:34.398+0000] {logging_mixin.py:188} INFO - [2025-04-28T02:12:34.398+0000] {dag.py:3096} INFO - Sync 3 DAGs
[2025-04-28T02:12:34.406+0000] {logging_mixin.py:188} INFO - [2025-04-28T02:12:34.406+0000] {dag.py:3954} INFO - Setting next_dagrun for example_branch_datetime_operator to 2025-04-27 00:00:00+00:00, run_after=2025-04-28 00:00:00+00:00
[2025-04-28T02:12:34.409+0000] {logging_mixin.py:188} INFO - [2025-04-28T02:12:34.409+0000] {dag.py:3954} INFO - Setting next_dagrun for example_branch_datetime_operator_2 to 2025-04-27 00:00:00+00:00, run_after=2025-04-28 00:00:00+00:00
[2025-04-28T02:12:34.410+0000] {logging_mixin.py:188} INFO - [2025-04-28T02:12:34.410+0000] {dag.py:3954} INFO - Setting next_dagrun for example_branch_datetime_operator_3 to 2025-04-27 00:00:00+00:00, run_after=2025-04-28 00:00:00+00:00
[2025-04-28T02:12:34.417+0000] {processor.py:183} INFO - Processing /home/airflow/.local/lib/python3.12/site-packages/airflow/example_dags/example_branch_datetime_operator.py took 0.036 seconds
[2025-04-28T02:13:04.884+0000] {processor.py:161} INFO - Started process (PID=299) to work on /home/airflow/.local/lib/python3.12/site-packages/airflow/example_dags/example_branch_datetime_operator.py
[2025-04-28T02:13:04.885+0000] {processor.py:830} INFO - Processing file /home/airflow/.local/lib/python3.12/site-packages/airflow/example_dags/example_branch_datetime_operator.py for tasks to queue
[2025-04-28T02:13:04.886+0000] {logging_mixin.py:188} INFO - [2025-04-28T02:13:04.886+0000] {dagbag.py:540} INFO - Filling up the DagBag from /home/airflow/.local/lib/python3.12/site-packages/airflow/example_dags/example_branch_datetime_operator.py
[2025-04-28T02:13:04.890+0000] {processor.py:840} INFO - DAG(s) 'example_branch_datetime_operator_3', 'example_branch_datetime_operator', 'example_branch_datetime_operator_2' retrieved from /home/airflow/.local/lib/python3.12/site-packages/airflow/example_dags/example_branch_datetime_operator.py
[2025-04-28T02:13:04.901+0000] {logging_mixin.py:188} INFO - [2025-04-28T02:13:04.901+0000] {dag.py:3096} INFO - Sync 3 DAGs
[2025-04-28T02:13:04.910+0000] {logging_mixin.py:188} INFO - [2025-04-28T02:13:04.910+0000] {dag.py:3954} INFO - Setting next_dagrun for example_branch_datetime_operator to 2025-04-27 00:00:00+00:00, run_after=2025-04-28 00:00:00+00:00
[2025-04-28T02:13:04.913+0000] {logging_mixin.py:188} INFO - [2025-04-28T02:13:04.913+0000] {dag.py:3954} INFO - Setting next_dagrun for example_branch_datetime_operator_2 to 2025-04-27 00:00:00+00:00, run_after=2025-04-28 00:00:00+00:00
[2025-04-28T02:13:04.913+0000] {logging_mixin.py:188} INFO - [2025-04-28T02:13:04.913+0000] {dag.py:3954} INFO - Setting next_dagrun for example_branch_datetime_operator_3 to 2025-04-27 00:00:00+00:00, run_after=2025-04-28 00:00:00+00:00
[2025-04-28T02:13:04.921+0000] {processor.py:183} INFO - Processing /home/airflow/.local/lib/python3.12/site-packages/airflow/example_dags/example_branch_datetime_operator.py took 0.039 seconds
[2025-04-28T02:13:35.360+0000] {processor.py:161} INFO - Started process (PID=356) to work on /home/airflow/.local/lib/python3.12/site-packages/airflow/example_dags/example_branch_datetime_operator.py
[2025-04-28T02:13:35.361+0000] {processor.py:830} INFO - Processing file /home/airflow/.local/lib/python3.12/site-packages/airflow/example_dags/example_branch_datetime_operator.py for tasks to queue
[2025-04-28T02:13:35.361+0000] {logging_mixin.py:188} INFO - [2025-04-28T02:13:35.361+0000] {dagbag.py:540} INFO - Filling up the DagBag from /home/airflow/.local/lib/python3.12/site-packages/airflow/example_dags/example_branch_datetime_operator.py
[2025-04-28T02:13:35.365+0000] {processor.py:840} INFO - DAG(s) 'example_branch_datetime_operator', 'example_branch_datetime_operator_2', 'example_branch_datetime_operator_3' retrieved from /home/airflow/.local/lib/python3.12/site-packages/airflow/example_dags/example_branch_datetime_operator.py
[2025-04-28T02:13:35.376+0000] {logging_mixin.py:188} INFO - [2025-04-28T02:13:35.376+0000] {dag.py:3096} INFO - Sync 3 DAGs
[2025-04-28T02:13:35.385+0000] {logging_mixin.py:188} INFO - [2025-04-28T02:13:35.385+0000] {dag.py:3954} INFO - Setting next_dagrun for example_branch_datetime_operator to 2025-04-27 00:00:00+00:00, run_after=2025-04-28 00:00:00+00:00
[2025-04-28T02:13:35.390+0000] {logging_mixin.py:188} INFO - [2025-04-28T02:13:35.390+0000] {dag.py:3954} INFO - Setting next_dagrun for example_branch_datetime_operator_2 to 2025-04-27 00:00:00+00:00, run_after=2025-04-28 00:00:00+00:00
[2025-04-28T02:13:35.391+0000] {logging_mixin.py:188} INFO - [2025-04-28T02:13:35.391+0000] {dag.py:3954} INFO - Setting next_dagrun for example_branch_datetime_operator_3 to 2025-04-27 00:00:00+00:00, run_after=2025-04-28 00:00:00+00:00
[2025-04-28T02:13:35.399+0000] {processor.py:183} INFO - Processing /home/airflow/.local/lib/python3.12/site-packages/airflow/example_dags/example_branch_datetime_operator.py took 0.041 seconds
[2025-04-28T02:14:05.912+0000] {processor.py:161} INFO - Started process (PID=414) to work on /home/airflow/.local/lib/python3.12/site-packages/airflow/example_dags/example_branch_datetime_operator.py
[2025-04-28T02:14:05.912+0000] {processor.py:830} INFO - Processing file /home/airflow/.local/lib/python3.12/site-packages/airflow/example_dags/example_branch_datetime_operator.py for tasks to queue
[2025-04-28T02:14:05.913+0000] {logging_mixin.py:188} INFO - [2025-04-28T02:14:05.913+0000] {dagbag.py:540} INFO - Filling up the DagBag from /home/airflow/.local/lib/python3.12/site-packages/airflow/example_dags/example_branch_datetime_operator.py
[2025-04-28T02:14:05.919+0000] {processor.py:840} INFO - DAG(s) 'example_branch_datetime_operator_2', 'example_branch_datetime_operator_3', 'example_branch_datetime_operator' retrieved from /home/airflow/.local/lib/python3.12/site-packages/airflow/example_dags/example_branch_datetime_operator.py
[2025-04-28T02:14:05.931+0000] {logging_mixin.py:188} INFO - [2025-04-28T02:14:05.931+0000] {dag.py:3096} INFO - Sync 3 DAGs
[2025-04-28T02:14:05.944+0000] {logging_mixin.py:188} INFO - [2025-04-28T02:14:05.944+0000] {dag.py:3954} INFO - Setting next_dagrun for example_branch_datetime_operator to 2025-04-27 00:00:00+00:00, run_after=2025-04-28 00:00:00+00:00
[2025-04-28T02:14:05.948+0000] {logging_mixin.py:188} INFO - [2025-04-28T02:14:05.948+0000] {dag.py:3954} INFO - Setting next_dagrun for example_branch_datetime_operator_2 to 2025-04-27 00:00:00+00:00, run_after=2025-04-28 00:00:00+00:00
[2025-04-28T02:14:05.950+0000] {logging_mixin.py:188} INFO - [2025-04-28T02:14:05.950+0000] {dag.py:3954} INFO - Setting next_dagrun for example_branch_datetime_operator_3 to 2025-04-27 00:00:00+00:00, run_after=2025-04-28 00:00:00+00:00
[2025-04-28T02:14:05.959+0000] {processor.py:183} INFO - Processing /home/airflow/.local/lib/python3.12/site-packages/airflow/example_dags/example_branch_datetime_operator.py took 0.050 seconds
[2025-04-28T02:14:36.378+0000] {processor.py:161} INFO - Started process (PID=472) to work on /home/airflow/.local/lib/python3.12/site-packages/airflow/example_dags/example_branch_datetime_operator.py
[2025-04-28T02:14:36.381+0000] {processor.py:830} INFO - Processing file /home/airflow/.local/lib/python3.12/site-packages/airflow/example_dags/example_branch_datetime_operator.py for tasks to queue
[2025-04-28T02:14:36.382+0000] {logging_mixin.py:188} INFO - [2025-04-28T02:14:36.382+0000] {dagbag.py:540} INFO - Filling up the DagBag from /home/airflow/.local/lib/python3.12/site-packages/airflow/example_dags/example_branch_datetime_operator.py
[2025-04-28T02:14:36.386+0000] {processor.py:840} INFO - DAG(s) 'example_branch_datetime_operator_3', 'example_branch_datetime_operator', 'example_branch_datetime_operator_2' retrieved from /home/airflow/.local/lib/python3.12/site-packages/airflow/example_dags/example_branch_datetime_operator.py
[2025-04-28T02:14:36.393+0000] {logging_mixin.py:188} INFO - [2025-04-28T02:14:36.393+0000] {dag.py:3096} INFO - Sync 3 DAGs
[2025-04-28T02:14:36.408+0000] {logging_mixin.py:188} INFO - [2025-04-28T02:14:36.408+0000] {dag.py:3954} INFO - Setting next_dagrun for example_branch_datetime_operator to 2025-04-27 00:00:00+00:00, run_after=2025-04-28 00:00:00+00:00
[2025-04-28T02:14:36.411+0000] {logging_mixin.py:188} INFO - [2025-04-28T02:14:36.411+0000] {dag.py:3954} INFO - Setting next_dagrun for example_branch_datetime_operator_2 to 2025-04-27 00:00:00+00:00, run_after=2025-04-28 00:00:00+00:00
[2025-04-28T02:14:36.412+0000] {logging_mixin.py:188} INFO - [2025-04-28T02:14:36.412+0000] {dag.py:3954} INFO - Setting next_dagrun for example_branch_datetime_operator_3 to 2025-04-27 00:00:00+00:00, run_after=2025-04-28 00:00:00+00:00
[2025-04-28T02:14:36.422+0000] {processor.py:183} INFO - Processing /home/airflow/.local/lib/python3.12/site-packages/airflow/example_dags/example_branch_datetime_operator.py took 0.048 seconds
[2025-04-28T02:15:07.636+0000] {processor.py:161} INFO - Started process (PID=530) to work on /home/airflow/.local/lib/python3.12/site-packages/airflow/example_dags/example_branch_datetime_operator.py
[2025-04-28T02:15:07.637+0000] {processor.py:830} INFO - Processing file /home/airflow/.local/lib/python3.12/site-packages/airflow/example_dags/example_branch_datetime_operator.py for tasks to queue
[2025-04-28T02:15:07.638+0000] {logging_mixin.py:188} INFO - [2025-04-28T02:15:07.638+0000] {dagbag.py:540} INFO - Filling up the DagBag from /home/airflow/.local/lib/python3.12/site-packages/airflow/example_dags/example_branch_datetime_operator.py
[2025-04-28T02:15:07.644+0000] {processor.py:840} INFO - DAG(s) 'example_branch_datetime_operator', 'example_branch_datetime_operator_3', 'example_branch_datetime_operator_2' retrieved from /home/airflow/.local/lib/python3.12/site-packages/airflow/example_dags/example_branch_datetime_operator.py
[2025-04-28T02:15:07.752+0000] {logging_mixin.py:188} INFO - [2025-04-28T02:15:07.751+0000] {dag.py:3096} INFO - Sync 3 DAGs
[2025-04-28T02:15:07.760+0000] {logging_mixin.py:188} INFO - [2025-04-28T02:15:07.760+0000] {dag.py:3954} INFO - Setting next_dagrun for example_branch_datetime_operator to 2025-04-27 00:00:00+00:00, run_after=2025-04-28 00:00:00+00:00
[2025-04-28T02:15:07.763+0000] {logging_mixin.py:188} INFO - [2025-04-28T02:15:07.763+0000] {dag.py:3954} INFO - Setting next_dagrun for example_branch_datetime_operator_2 to 2025-04-27 00:00:00+00:00, run_after=2025-04-28 00:00:00+00:00
[2025-04-28T02:15:07.763+0000] {logging_mixin.py:188} INFO - [2025-04-28T02:15:07.763+0000] {dag.py:3954} INFO - Setting next_dagrun for example_branch_datetime_operator_3 to 2025-04-27 00:00:00+00:00, run_after=2025-04-28 00:00:00+00:00
[2025-04-28T02:15:07.772+0000] {processor.py:183} INFO - Processing /home/airflow/.local/lib/python3.12/site-packages/airflow/example_dags/example_branch_datetime_operator.py took 0.137 seconds
[2025-04-28T02:15:38.063+0000] {processor.py:161} INFO - Started process (PID=588) to work on /home/airflow/.local/lib/python3.12/site-packages/airflow/example_dags/example_branch_datetime_operator.py
[2025-04-28T02:15:38.067+0000] {processor.py:830} INFO - Processing file /home/airflow/.local/lib/python3.12/site-packages/airflow/example_dags/example_branch_datetime_operator.py for tasks to queue
[2025-04-28T02:15:38.068+0000] {logging_mixin.py:188} INFO - [2025-04-28T02:15:38.068+0000] {dagbag.py:540} INFO - Filling up the DagBag from /home/airflow/.local/lib/python3.12/site-packages/airflow/example_dags/example_branch_datetime_operator.py
[2025-04-28T02:15:38.072+0000] {processor.py:840} INFO - DAG(s) 'example_branch_datetime_operator_2', 'example_branch_datetime_operator', 'example_branch_datetime_operator_3' retrieved from /home/airflow/.local/lib/python3.12/site-packages/airflow/example_dags/example_branch_datetime_operator.py
[2025-04-28T02:15:38.084+0000] {logging_mixin.py:188} INFO - [2025-04-28T02:15:38.084+0000] {dag.py:3096} INFO - Sync 3 DAGs
[2025-04-28T02:15:38.092+0000] {logging_mixin.py:188} INFO - [2025-04-28T02:15:38.092+0000] {dag.py:3954} INFO - Setting next_dagrun for example_branch_datetime_operator to 2025-04-27 00:00:00+00:00, run_after=2025-04-28 00:00:00+00:00
[2025-04-28T02:15:38.095+0000] {logging_mixin.py:188} INFO - [2025-04-28T02:15:38.095+0000] {dag.py:3954} INFO - Setting next_dagrun for example_branch_datetime_operator_2 to 2025-04-27 00:00:00+00:00, run_after=2025-04-28 00:00:00+00:00
[2025-04-28T02:15:38.097+0000] {logging_mixin.py:188} INFO - [2025-04-28T02:15:38.097+0000] {dag.py:3954} INFO - Setting next_dagrun for example_branch_datetime_operator_3 to 2025-04-27 00:00:00+00:00, run_after=2025-04-28 00:00:00+00:00
[2025-04-28T02:15:38.103+0000] {processor.py:183} INFO - Processing /home/airflow/.local/lib/python3.12/site-packages/airflow/example_dags/example_branch_datetime_operator.py took 0.042 seconds
[2025-04-28T02:16:08.600+0000] {processor.py:161} INFO - Started process (PID=646) to work on /home/airflow/.local/lib/python3.12/site-packages/airflow/example_dags/example_branch_datetime_operator.py
[2025-04-28T02:16:08.604+0000] {processor.py:830} INFO - Processing file /home/airflow/.local/lib/python3.12/site-packages/airflow/example_dags/example_branch_datetime_operator.py for tasks to queue
[2025-04-28T02:16:08.605+0000] {logging_mixin.py:188} INFO - [2025-04-28T02:16:08.605+0000] {dagbag.py:540} INFO - Filling up the DagBag from /home/airflow/.local/lib/python3.12/site-packages/airflow/example_dags/example_branch_datetime_operator.py
[2025-04-28T02:16:08.609+0000] {processor.py:840} INFO - DAG(s) 'example_branch_datetime_operator', 'example_branch_datetime_operator_3', 'example_branch_datetime_operator_2' retrieved from /home/airflow/.local/lib/python3.12/site-packages/airflow/example_dags/example_branch_datetime_operator.py
[2025-04-28T02:16:08.621+0000] {logging_mixin.py:188} INFO - [2025-04-28T02:16:08.621+0000] {dag.py:3096} INFO - Sync 3 DAGs
[2025-04-28T02:16:08.629+0000] {logging_mixin.py:188} INFO - [2025-04-28T02:16:08.629+0000] {dag.py:3954} INFO - Setting next_dagrun for example_branch_datetime_operator to 2025-04-27 00:00:00+00:00, run_after=2025-04-28 00:00:00+00:00
[2025-04-28T02:16:08.632+0000] {logging_mixin.py:188} INFO - [2025-04-28T02:16:08.631+0000] {dag.py:3954} INFO - Setting next_dagrun for example_branch_datetime_operator_2 to 2025-04-27 00:00:00+00:00, run_after=2025-04-28 00:00:00+00:00
[2025-04-28T02:16:08.633+0000] {logging_mixin.py:188} INFO - [2025-04-28T02:16:08.633+0000] {dag.py:3954} INFO - Setting next_dagrun for example_branch_datetime_operator_3 to 2025-04-27 00:00:00+00:00, run_after=2025-04-28 00:00:00+00:00
[2025-04-28T02:16:08.639+0000] {processor.py:183} INFO - Processing /home/airflow/.local/lib/python3.12/site-packages/airflow/example_dags/example_branch_datetime_operator.py took 0.041 seconds
[2025-04-28T02:16:39.330+0000] {processor.py:161} INFO - Started process (PID=705) to work on /home/airflow/.local/lib/python3.12/site-packages/airflow/example_dags/example_branch_datetime_operator.py
[2025-04-28T02:16:39.331+0000] {processor.py:830} INFO - Processing file /home/airflow/.local/lib/python3.12/site-packages/airflow/example_dags/example_branch_datetime_operator.py for tasks to queue
[2025-04-28T02:16:39.332+0000] {logging_mixin.py:188} INFO - [2025-04-28T02:16:39.332+0000] {dagbag.py:540} INFO - Filling up the DagBag from /home/airflow/.local/lib/python3.12/site-packages/airflow/example_dags/example_branch_datetime_operator.py
[2025-04-28T02:16:39.336+0000] {processor.py:840} INFO - DAG(s) 'example_branch_datetime_operator_3', 'example_branch_datetime_operator', 'example_branch_datetime_operator_2' retrieved from /home/airflow/.local/lib/python3.12/site-packages/airflow/example_dags/example_branch_datetime_operator.py
[2025-04-28T02:16:39.346+0000] {logging_mixin.py:188} INFO - [2025-04-28T02:16:39.346+0000] {dag.py:3096} INFO - Sync 3 DAGs
[2025-04-28T02:16:39.354+0000] {logging_mixin.py:188} INFO - [2025-04-28T02:16:39.354+0000] {dag.py:3954} INFO - Setting next_dagrun for example_branch_datetime_operator to 2025-04-27 00:00:00+00:00, run_after=2025-04-28 00:00:00+00:00
[2025-04-28T02:16:39.356+0000] {logging_mixin.py:188} INFO - [2025-04-28T02:16:39.356+0000] {dag.py:3954} INFO - Setting next_dagrun for example_branch_datetime_operator_2 to 2025-04-27 00:00:00+00:00, run_after=2025-04-28 00:00:00+00:00
[2025-04-28T02:16:39.357+0000] {logging_mixin.py:188} INFO - [2025-04-28T02:16:39.357+0000] {dag.py:3954} INFO - Setting next_dagrun for example_branch_datetime_operator_3 to 2025-04-27 00:00:00+00:00, run_after=2025-04-28 00:00:00+00:00
[2025-04-28T02:16:39.431+0000] {processor.py:183} INFO - Processing /home/airflow/.local/lib/python3.12/site-packages/airflow/example_dags/example_branch_datetime_operator.py took 0.103 seconds
[2025-04-28T02:17:09.836+0000] {processor.py:161} INFO - Started process (PID=764) to work on /home/airflow/.local/lib/python3.12/site-packages/airflow/example_dags/example_branch_datetime_operator.py
[2025-04-28T02:17:09.837+0000] {processor.py:830} INFO - Processing file /home/airflow/.local/lib/python3.12/site-packages/airflow/example_dags/example_branch_datetime_operator.py for tasks to queue
[2025-04-28T02:17:09.837+0000] {logging_mixin.py:188} INFO - [2025-04-28T02:17:09.837+0000] {dagbag.py:540} INFO - Filling up the DagBag from /home/airflow/.local/lib/python3.12/site-packages/airflow/example_dags/example_branch_datetime_operator.py
[2025-04-28T02:17:09.842+0000] {processor.py:840} INFO - DAG(s) 'example_branch_datetime_operator_2', 'example_branch_datetime_operator', 'example_branch_datetime_operator_3' retrieved from /home/airflow/.local/lib/python3.12/site-packages/airflow/example_dags/example_branch_datetime_operator.py
[2025-04-28T02:17:09.854+0000] {logging_mixin.py:188} INFO - [2025-04-28T02:17:09.854+0000] {dag.py:3096} INFO - Sync 3 DAGs
[2025-04-28T02:17:09.865+0000] {logging_mixin.py:188} INFO - [2025-04-28T02:17:09.865+0000] {dag.py:3954} INFO - Setting next_dagrun for example_branch_datetime_operator to 2025-04-27 00:00:00+00:00, run_after=2025-04-28 00:00:00+00:00
[2025-04-28T02:17:09.867+0000] {logging_mixin.py:188} INFO - [2025-04-28T02:17:09.867+0000] {dag.py:3954} INFO - Setting next_dagrun for example_branch_datetime_operator_2 to 2025-04-27 00:00:00+00:00, run_after=2025-04-28 00:00:00+00:00
[2025-04-28T02:17:09.869+0000] {logging_mixin.py:188} INFO - [2025-04-28T02:17:09.869+0000] {dag.py:3954} INFO - Setting next_dagrun for example_branch_datetime_operator_3 to 2025-04-27 00:00:00+00:00, run_after=2025-04-28 00:00:00+00:00
[2025-04-28T02:17:09.877+0000] {processor.py:183} INFO - Processing /home/airflow/.local/lib/python3.12/site-packages/airflow/example_dags/example_branch_datetime_operator.py took 0.043 seconds
[2025-04-28T02:17:40.656+0000] {processor.py:161} INFO - Started process (PID=823) to work on /home/airflow/.local/lib/python3.12/site-packages/airflow/example_dags/example_branch_datetime_operator.py
[2025-04-28T02:17:40.657+0000] {processor.py:830} INFO - Processing file /home/airflow/.local/lib/python3.12/site-packages/airflow/example_dags/example_branch_datetime_operator.py for tasks to queue
[2025-04-28T02:17:40.658+0000] {logging_mixin.py:188} INFO - [2025-04-28T02:17:40.657+0000] {dagbag.py:540} INFO - Filling up the DagBag from /home/airflow/.local/lib/python3.12/site-packages/airflow/example_dags/example_branch_datetime_operator.py
[2025-04-28T02:17:40.662+0000] {processor.py:840} INFO - DAG(s) 'example_branch_datetime_operator_3', 'example_branch_datetime_operator', 'example_branch_datetime_operator_2' retrieved from /home/airflow/.local/lib/python3.12/site-packages/airflow/example_dags/example_branch_datetime_operator.py
[2025-04-28T02:17:40.672+0000] {logging_mixin.py:188} INFO - [2025-04-28T02:17:40.672+0000] {dag.py:3096} INFO - Sync 3 DAGs
[2025-04-28T02:17:40.680+0000] {logging_mixin.py:188} INFO - [2025-04-28T02:17:40.680+0000] {dag.py:3954} INFO - Setting next_dagrun for example_branch_datetime_operator to 2025-04-27 00:00:00+00:00, run_after=2025-04-28 00:00:00+00:00
[2025-04-28T02:17:40.682+0000] {logging_mixin.py:188} INFO - [2025-04-28T02:17:40.682+0000] {dag.py:3954} INFO - Setting next_dagrun for example_branch_datetime_operator_2 to 2025-04-27 00:00:00+00:00, run_after=2025-04-28 00:00:00+00:00
[2025-04-28T02:17:40.684+0000] {logging_mixin.py:188} INFO - [2025-04-28T02:17:40.684+0000] {dag.py:3954} INFO - Setting next_dagrun for example_branch_datetime_operator_3 to 2025-04-27 00:00:00+00:00, run_after=2025-04-28 00:00:00+00:00
[2025-04-28T02:17:40.693+0000] {processor.py:183} INFO - Processing /home/airflow/.local/lib/python3.12/site-packages/airflow/example_dags/example_branch_datetime_operator.py took 0.039 seconds
[2025-04-28T02:18:11.428+0000] {processor.py:161} INFO - Started process (PID=886) to work on /home/airflow/.local/lib/python3.12/site-packages/airflow/example_dags/example_branch_datetime_operator.py
[2025-04-28T02:18:11.429+0000] {processor.py:830} INFO - Processing file /home/airflow/.local/lib/python3.12/site-packages/airflow/example_dags/example_branch_datetime_operator.py for tasks to queue
[2025-04-28T02:18:11.430+0000] {logging_mixin.py:188} INFO - [2025-04-28T02:18:11.430+0000] {dagbag.py:540} INFO - Filling up the DagBag from /home/airflow/.local/lib/python3.12/site-packages/airflow/example_dags/example_branch_datetime_operator.py
[2025-04-28T02:18:11.434+0000] {processor.py:840} INFO - DAG(s) 'example_branch_datetime_operator', 'example_branch_datetime_operator_3', 'example_branch_datetime_operator_2' retrieved from /home/airflow/.local/lib/python3.12/site-packages/airflow/example_dags/example_branch_datetime_operator.py
[2025-04-28T02:18:11.445+0000] {logging_mixin.py:188} INFO - [2025-04-28T02:18:11.445+0000] {dag.py:3096} INFO - Sync 3 DAGs
[2025-04-28T02:18:11.455+0000] {logging_mixin.py:188} INFO - [2025-04-28T02:18:11.455+0000] {dag.py:3954} INFO - Setting next_dagrun for example_branch_datetime_operator to 2025-04-27 00:00:00+00:00, run_after=2025-04-28 00:00:00+00:00
[2025-04-28T02:18:11.457+0000] {logging_mixin.py:188} INFO - [2025-04-28T02:18:11.457+0000] {dag.py:3954} INFO - Setting next_dagrun for example_branch_datetime_operator_2 to 2025-04-27 00:00:00+00:00, run_after=2025-04-28 00:00:00+00:00
[2025-04-28T02:18:11.458+0000] {logging_mixin.py:188} INFO - [2025-04-28T02:18:11.458+0000] {dag.py:3954} INFO - Setting next_dagrun for example_branch_datetime_operator_3 to 2025-04-27 00:00:00+00:00, run_after=2025-04-28 00:00:00+00:00
[2025-04-28T02:18:11.465+0000] {processor.py:183} INFO - Processing /home/airflow/.local/lib/python3.12/site-packages/airflow/example_dags/example_branch_datetime_operator.py took 0.039 seconds
[2025-04-28T02:18:42.178+0000] {processor.py:161} INFO - Started process (PID=945) to work on /home/airflow/.local/lib/python3.12/site-packages/airflow/example_dags/example_branch_datetime_operator.py
[2025-04-28T02:18:42.178+0000] {processor.py:830} INFO - Processing file /home/airflow/.local/lib/python3.12/site-packages/airflow/example_dags/example_branch_datetime_operator.py for tasks to queue
[2025-04-28T02:18:42.179+0000] {logging_mixin.py:188} INFO - [2025-04-28T02:18:42.179+0000] {dagbag.py:540} INFO - Filling up the DagBag from /home/airflow/.local/lib/python3.12/site-packages/airflow/example_dags/example_branch_datetime_operator.py
[2025-04-28T02:18:42.183+0000] {processor.py:840} INFO - DAG(s) 'example_branch_datetime_operator', 'example_branch_datetime_operator_2', 'example_branch_datetime_operator_3' retrieved from /home/airflow/.local/lib/python3.12/site-packages/airflow/example_dags/example_branch_datetime_operator.py
[2025-04-28T02:18:42.193+0000] {logging_mixin.py:188} INFO - [2025-04-28T02:18:42.193+0000] {dag.py:3096} INFO - Sync 3 DAGs
[2025-04-28T02:18:42.202+0000] {logging_mixin.py:188} INFO - [2025-04-28T02:18:42.202+0000] {dag.py:3954} INFO - Setting next_dagrun for example_branch_datetime_operator to 2025-04-27 00:00:00+00:00, run_after=2025-04-28 00:00:00+00:00
[2025-04-28T02:18:42.205+0000] {logging_mixin.py:188} INFO - [2025-04-28T02:18:42.205+0000] {dag.py:3954} INFO - Setting next_dagrun for example_branch_datetime_operator_2 to 2025-04-27 00:00:00+00:00, run_after=2025-04-28 00:00:00+00:00
[2025-04-28T02:18:42.207+0000] {logging_mixin.py:188} INFO - [2025-04-28T02:18:42.206+0000] {dag.py:3954} INFO - Setting next_dagrun for example_branch_datetime_operator_3 to 2025-04-27 00:00:00+00:00, run_after=2025-04-28 00:00:00+00:00
[2025-04-28T02:18:42.214+0000] {processor.py:183} INFO - Processing /home/airflow/.local/lib/python3.12/site-packages/airflow/example_dags/example_branch_datetime_operator.py took 0.038 seconds
[2025-04-28T02:19:13.368+0000] {processor.py:161} INFO - Started process (PID=1004) to work on /home/airflow/.local/lib/python3.12/site-packages/airflow/example_dags/example_branch_datetime_operator.py
[2025-04-28T02:19:13.368+0000] {processor.py:830} INFO - Processing file /home/airflow/.local/lib/python3.12/site-packages/airflow/example_dags/example_branch_datetime_operator.py for tasks to queue
[2025-04-28T02:19:13.369+0000] {logging_mixin.py:188} INFO - [2025-04-28T02:19:13.369+0000] {dagbag.py:540} INFO - Filling up the DagBag from /home/airflow/.local/lib/python3.12/site-packages/airflow/example_dags/example_branch_datetime_operator.py
[2025-04-28T02:19:13.372+0000] {processor.py:840} INFO - DAG(s) 'example_branch_datetime_operator', 'example_branch_datetime_operator_3', 'example_branch_datetime_operator_2' retrieved from /home/airflow/.local/lib/python3.12/site-packages/airflow/example_dags/example_branch_datetime_operator.py
[2025-04-28T02:19:13.384+0000] {logging_mixin.py:188} INFO - [2025-04-28T02:19:13.384+0000] {dag.py:3096} INFO - Sync 3 DAGs
[2025-04-28T02:19:13.457+0000] {logging_mixin.py:188} INFO - [2025-04-28T02:19:13.457+0000] {dag.py:3954} INFO - Setting next_dagrun for example_branch_datetime_operator to 2025-04-27 00:00:00+00:00, run_after=2025-04-28 00:00:00+00:00
[2025-04-28T02:19:13.460+0000] {logging_mixin.py:188} INFO - [2025-04-28T02:19:13.460+0000] {dag.py:3954} INFO - Setting next_dagrun for example_branch_datetime_operator_2 to 2025-04-27 00:00:00+00:00, run_after=2025-04-28 00:00:00+00:00
[2025-04-28T02:19:13.460+0000] {logging_mixin.py:188} INFO - [2025-04-28T02:19:13.460+0000] {dag.py:3954} INFO - Setting next_dagrun for example_branch_datetime_operator_3 to 2025-04-27 00:00:00+00:00, run_after=2025-04-28 00:00:00+00:00
[2025-04-28T02:19:13.467+0000] {processor.py:183} INFO - Processing /home/airflow/.local/lib/python3.12/site-packages/airflow/example_dags/example_branch_datetime_operator.py took 0.102 seconds
[2025-04-28T02:19:43.516+0000] {processor.py:161} INFO - Started process (PID=1063) to work on /home/airflow/.local/lib/python3.12/site-packages/airflow/example_dags/example_branch_datetime_operator.py
[2025-04-28T02:19:43.516+0000] {processor.py:830} INFO - Processing file /home/airflow/.local/lib/python3.12/site-packages/airflow/example_dags/example_branch_datetime_operator.py for tasks to queue
[2025-04-28T02:19:43.517+0000] {logging_mixin.py:188} INFO - [2025-04-28T02:19:43.517+0000] {dagbag.py:540} INFO - Filling up the DagBag from /home/airflow/.local/lib/python3.12/site-packages/airflow/example_dags/example_branch_datetime_operator.py
[2025-04-28T02:19:43.522+0000] {processor.py:840} INFO - DAG(s) 'example_branch_datetime_operator_2', 'example_branch_datetime_operator', 'example_branch_datetime_operator_3' retrieved from /home/airflow/.local/lib/python3.12/site-packages/airflow/example_dags/example_branch_datetime_operator.py
[2025-04-28T02:19:43.533+0000] {logging_mixin.py:188} INFO - [2025-04-28T02:19:43.533+0000] {dag.py:3096} INFO - Sync 3 DAGs
[2025-04-28T02:19:43.543+0000] {logging_mixin.py:188} INFO - [2025-04-28T02:19:43.543+0000] {dag.py:3954} INFO - Setting next_dagrun for example_branch_datetime_operator to 2025-04-27 00:00:00+00:00, run_after=2025-04-28 00:00:00+00:00
[2025-04-28T02:19:43.610+0000] {logging_mixin.py:188} INFO - [2025-04-28T02:19:43.610+0000] {dag.py:3954} INFO - Setting next_dagrun for example_branch_datetime_operator_2 to 2025-04-27 00:00:00+00:00, run_after=2025-04-28 00:00:00+00:00
[2025-04-28T02:19:43.611+0000] {logging_mixin.py:188} INFO - [2025-04-28T02:19:43.611+0000] {dag.py:3954} INFO - Setting next_dagrun for example_branch_datetime_operator_3 to 2025-04-27 00:00:00+00:00, run_after=2025-04-28 00:00:00+00:00
[2025-04-28T02:19:43.618+0000] {processor.py:183} INFO - Processing /home/airflow/.local/lib/python3.12/site-packages/airflow/example_dags/example_branch_datetime_operator.py took 0.104 seconds
[2025-04-28T02:20:14.271+0000] {processor.py:161} INFO - Started process (PID=1123) to work on /home/airflow/.local/lib/python3.12/site-packages/airflow/example_dags/example_branch_datetime_operator.py
[2025-04-28T02:20:14.275+0000] {processor.py:830} INFO - Processing file /home/airflow/.local/lib/python3.12/site-packages/airflow/example_dags/example_branch_datetime_operator.py for tasks to queue
[2025-04-28T02:20:14.276+0000] {logging_mixin.py:188} INFO - [2025-04-28T02:20:14.275+0000] {dagbag.py:540} INFO - Filling up the DagBag from /home/airflow/.local/lib/python3.12/site-packages/airflow/example_dags/example_branch_datetime_operator.py
[2025-04-28T02:20:14.282+0000] {processor.py:840} INFO - DAG(s) 'example_branch_datetime_operator_2', 'example_branch_datetime_operator_3', 'example_branch_datetime_operator' retrieved from /home/airflow/.local/lib/python3.12/site-packages/airflow/example_dags/example_branch_datetime_operator.py
[2025-04-28T02:20:14.292+0000] {logging_mixin.py:188} INFO - [2025-04-28T02:20:14.292+0000] {dag.py:3096} INFO - Sync 3 DAGs
[2025-04-28T02:20:14.300+0000] {logging_mixin.py:188} INFO - [2025-04-28T02:20:14.300+0000] {dag.py:3954} INFO - Setting next_dagrun for example_branch_datetime_operator to 2025-04-27 00:00:00+00:00, run_after=2025-04-28 00:00:00+00:00
[2025-04-28T02:20:14.302+0000] {logging_mixin.py:188} INFO - [2025-04-28T02:20:14.302+0000] {dag.py:3954} INFO - Setting next_dagrun for example_branch_datetime_operator_2 to 2025-04-27 00:00:00+00:00, run_after=2025-04-28 00:00:00+00:00
[2025-04-28T02:20:14.303+0000] {logging_mixin.py:188} INFO - [2025-04-28T02:20:14.303+0000] {dag.py:3954} INFO - Setting next_dagrun for example_branch_datetime_operator_3 to 2025-04-27 00:00:00+00:00, run_after=2025-04-28 00:00:00+00:00
[2025-04-28T02:20:14.311+0000] {processor.py:183} INFO - Processing /home/airflow/.local/lib/python3.12/site-packages/airflow/example_dags/example_branch_datetime_operator.py took 0.042 seconds
[2025-04-28T02:20:44.876+0000] {processor.py:161} INFO - Started process (PID=1182) to work on /home/airflow/.local/lib/python3.12/site-packages/airflow/example_dags/example_branch_datetime_operator.py
[2025-04-28T02:20:44.878+0000] {processor.py:830} INFO - Processing file /home/airflow/.local/lib/python3.12/site-packages/airflow/example_dags/example_branch_datetime_operator.py for tasks to queue
[2025-04-28T02:20:44.879+0000] {logging_mixin.py:188} INFO - [2025-04-28T02:20:44.879+0000] {dagbag.py:540} INFO - Filling up the DagBag from /home/airflow/.local/lib/python3.12/site-packages/airflow/example_dags/example_branch_datetime_operator.py
[2025-04-28T02:20:44.883+0000] {processor.py:840} INFO - DAG(s) 'example_branch_datetime_operator_2', 'example_branch_datetime_operator_3', 'example_branch_datetime_operator' retrieved from /home/airflow/.local/lib/python3.12/site-packages/airflow/example_dags/example_branch_datetime_operator.py
[2025-04-28T02:20:44.893+0000] {logging_mixin.py:188} INFO - [2025-04-28T02:20:44.893+0000] {dag.py:3096} INFO - Sync 3 DAGs
[2025-04-28T02:20:44.901+0000] {logging_mixin.py:188} INFO - [2025-04-28T02:20:44.901+0000] {dag.py:3954} INFO - Setting next_dagrun for example_branch_datetime_operator to 2025-04-27 00:00:00+00:00, run_after=2025-04-28 00:00:00+00:00
[2025-04-28T02:20:44.902+0000] {logging_mixin.py:188} INFO - [2025-04-28T02:20:44.902+0000] {dag.py:3954} INFO - Setting next_dagrun for example_branch_datetime_operator_2 to 2025-04-27 00:00:00+00:00, run_after=2025-04-28 00:00:00+00:00
[2025-04-28T02:20:44.903+0000] {logging_mixin.py:188} INFO - [2025-04-28T02:20:44.903+0000] {dag.py:3954} INFO - Setting next_dagrun for example_branch_datetime_operator_3 to 2025-04-27 00:00:00+00:00, run_after=2025-04-28 00:00:00+00:00
[2025-04-28T02:20:44.909+0000] {processor.py:183} INFO - Processing /home/airflow/.local/lib/python3.12/site-packages/airflow/example_dags/example_branch_datetime_operator.py took 0.035 seconds
[2025-04-28T02:21:15.518+0000] {processor.py:161} INFO - Started process (PID=1241) to work on /home/airflow/.local/lib/python3.12/site-packages/airflow/example_dags/example_branch_datetime_operator.py
[2025-04-28T02:21:15.520+0000] {processor.py:830} INFO - Processing file /home/airflow/.local/lib/python3.12/site-packages/airflow/example_dags/example_branch_datetime_operator.py for tasks to queue
[2025-04-28T02:21:15.522+0000] {logging_mixin.py:188} INFO - [2025-04-28T02:21:15.522+0000] {dagbag.py:540} INFO - Filling up the DagBag from /home/airflow/.local/lib/python3.12/site-packages/airflow/example_dags/example_branch_datetime_operator.py
[2025-04-28T02:21:15.526+0000] {processor.py:840} INFO - DAG(s) 'example_branch_datetime_operator_2', 'example_branch_datetime_operator_3', 'example_branch_datetime_operator' retrieved from /home/airflow/.local/lib/python3.12/site-packages/airflow/example_dags/example_branch_datetime_operator.py
[2025-04-28T02:21:15.536+0000] {logging_mixin.py:188} INFO - [2025-04-28T02:21:15.536+0000] {dag.py:3096} INFO - Sync 3 DAGs
[2025-04-28T02:21:15.545+0000] {logging_mixin.py:188} INFO - [2025-04-28T02:21:15.545+0000] {dag.py:3954} INFO - Setting next_dagrun for example_branch_datetime_operator to 2025-04-27 00:00:00+00:00, run_after=2025-04-28 00:00:00+00:00
[2025-04-28T02:21:15.546+0000] {logging_mixin.py:188} INFO - [2025-04-28T02:21:15.546+0000] {dag.py:3954} INFO - Setting next_dagrun for example_branch_datetime_operator_2 to 2025-04-27 00:00:00+00:00, run_after=2025-04-28 00:00:00+00:00
[2025-04-28T02:21:15.547+0000] {logging_mixin.py:188} INFO - [2025-04-28T02:21:15.547+0000] {dag.py:3954} INFO - Setting next_dagrun for example_branch_datetime_operator_3 to 2025-04-27 00:00:00+00:00, run_after=2025-04-28 00:00:00+00:00
[2025-04-28T02:21:15.553+0000] {processor.py:183} INFO - Processing /home/airflow/.local/lib/python3.12/site-packages/airflow/example_dags/example_branch_datetime_operator.py took 0.037 seconds
[2025-04-28T02:21:46.098+0000] {processor.py:161} INFO - Started process (PID=1300) to work on /home/airflow/.local/lib/python3.12/site-packages/airflow/example_dags/example_branch_datetime_operator.py
[2025-04-28T02:21:46.098+0000] {processor.py:830} INFO - Processing file /home/airflow/.local/lib/python3.12/site-packages/airflow/example_dags/example_branch_datetime_operator.py for tasks to queue
[2025-04-28T02:21:46.099+0000] {logging_mixin.py:188} INFO - [2025-04-28T02:21:46.099+0000] {dagbag.py:540} INFO - Filling up the DagBag from /home/airflow/.local/lib/python3.12/site-packages/airflow/example_dags/example_branch_datetime_operator.py
[2025-04-28T02:21:46.102+0000] {processor.py:840} INFO - DAG(s) 'example_branch_datetime_operator_3', 'example_branch_datetime_operator_2', 'example_branch_datetime_operator' retrieved from /home/airflow/.local/lib/python3.12/site-packages/airflow/example_dags/example_branch_datetime_operator.py
[2025-04-28T02:21:46.113+0000] {logging_mixin.py:188} INFO - [2025-04-28T02:21:46.113+0000] {dag.py:3096} INFO - Sync 3 DAGs
[2025-04-28T02:21:46.121+0000] {logging_mixin.py:188} INFO - [2025-04-28T02:21:46.121+0000] {dag.py:3954} INFO - Setting next_dagrun for example_branch_datetime_operator to 2025-04-27 00:00:00+00:00, run_after=2025-04-28 00:00:00+00:00
[2025-04-28T02:21:46.122+0000] {logging_mixin.py:188} INFO - [2025-04-28T02:21:46.122+0000] {dag.py:3954} INFO - Setting next_dagrun for example_branch_datetime_operator_2 to 2025-04-27 00:00:00+00:00, run_after=2025-04-28 00:00:00+00:00
[2025-04-28T02:21:46.123+0000] {logging_mixin.py:188} INFO - [2025-04-28T02:21:46.123+0000] {dag.py:3954} INFO - Setting next_dagrun for example_branch_datetime_operator_3 to 2025-04-27 00:00:00+00:00, run_after=2025-04-28 00:00:00+00:00
[2025-04-28T02:21:46.129+0000] {processor.py:183} INFO - Processing /home/airflow/.local/lib/python3.12/site-packages/airflow/example_dags/example_branch_datetime_operator.py took 0.033 seconds
[2025-04-28T02:22:16.655+0000] {processor.py:161} INFO - Started process (PID=1359) to work on /home/airflow/.local/lib/python3.12/site-packages/airflow/example_dags/example_branch_datetime_operator.py
[2025-04-28T02:22:16.656+0000] {processor.py:830} INFO - Processing file /home/airflow/.local/lib/python3.12/site-packages/airflow/example_dags/example_branch_datetime_operator.py for tasks to queue
[2025-04-28T02:22:16.657+0000] {logging_mixin.py:188} INFO - [2025-04-28T02:22:16.657+0000] {dagbag.py:540} INFO - Filling up the DagBag from /home/airflow/.local/lib/python3.12/site-packages/airflow/example_dags/example_branch_datetime_operator.py
[2025-04-28T02:22:16.661+0000] {processor.py:840} INFO - DAG(s) 'example_branch_datetime_operator_3', 'example_branch_datetime_operator', 'example_branch_datetime_operator_2' retrieved from /home/airflow/.local/lib/python3.12/site-packages/airflow/example_dags/example_branch_datetime_operator.py
[2025-04-28T02:22:16.672+0000] {logging_mixin.py:188} INFO - [2025-04-28T02:22:16.672+0000] {dag.py:3096} INFO - Sync 3 DAGs
[2025-04-28T02:22:16.681+0000] {logging_mixin.py:188} INFO - [2025-04-28T02:22:16.681+0000] {dag.py:3954} INFO - Setting next_dagrun for example_branch_datetime_operator to 2025-04-27 00:00:00+00:00, run_after=2025-04-28 00:00:00+00:00
[2025-04-28T02:22:16.682+0000] {logging_mixin.py:188} INFO - [2025-04-28T02:22:16.682+0000] {dag.py:3954} INFO - Setting next_dagrun for example_branch_datetime_operator_2 to 2025-04-27 00:00:00+00:00, run_after=2025-04-28 00:00:00+00:00
[2025-04-28T02:22:16.683+0000] {logging_mixin.py:188} INFO - [2025-04-28T02:22:16.683+0000] {dag.py:3954} INFO - Setting next_dagrun for example_branch_datetime_operator_3 to 2025-04-27 00:00:00+00:00, run_after=2025-04-28 00:00:00+00:00
[2025-04-28T02:22:16.689+0000] {processor.py:183} INFO - Processing /home/airflow/.local/lib/python3.12/site-packages/airflow/example_dags/example_branch_datetime_operator.py took 0.036 seconds
[2025-04-28T02:22:47.140+0000] {processor.py:161} INFO - Started process (PID=1418) to work on /home/airflow/.local/lib/python3.12/site-packages/airflow/example_dags/example_branch_datetime_operator.py
[2025-04-28T02:22:47.144+0000] {processor.py:830} INFO - Processing file /home/airflow/.local/lib/python3.12/site-packages/airflow/example_dags/example_branch_datetime_operator.py for tasks to queue
[2025-04-28T02:22:47.145+0000] {logging_mixin.py:188} INFO - [2025-04-28T02:22:47.145+0000] {dagbag.py:540} INFO - Filling up the DagBag from /home/airflow/.local/lib/python3.12/site-packages/airflow/example_dags/example_branch_datetime_operator.py
[2025-04-28T02:22:47.149+0000] {processor.py:840} INFO - DAG(s) 'example_branch_datetime_operator_2', 'example_branch_datetime_operator_3', 'example_branch_datetime_operator' retrieved from /home/airflow/.local/lib/python3.12/site-packages/airflow/example_dags/example_branch_datetime_operator.py
[2025-04-28T02:22:47.160+0000] {logging_mixin.py:188} INFO - [2025-04-28T02:22:47.160+0000] {dag.py:3096} INFO - Sync 3 DAGs
[2025-04-28T02:22:47.170+0000] {logging_mixin.py:188} INFO - [2025-04-28T02:22:47.170+0000] {dag.py:3954} INFO - Setting next_dagrun for example_branch_datetime_operator to 2025-04-27 00:00:00+00:00, run_after=2025-04-28 00:00:00+00:00
[2025-04-28T02:22:47.172+0000] {logging_mixin.py:188} INFO - [2025-04-28T02:22:47.172+0000] {dag.py:3954} INFO - Setting next_dagrun for example_branch_datetime_operator_2 to 2025-04-27 00:00:00+00:00, run_after=2025-04-28 00:00:00+00:00
[2025-04-28T02:22:47.174+0000] {logging_mixin.py:188} INFO - [2025-04-28T02:22:47.173+0000] {dag.py:3954} INFO - Setting next_dagrun for example_branch_datetime_operator_3 to 2025-04-27 00:00:00+00:00, run_after=2025-04-28 00:00:00+00:00
[2025-04-28T02:22:47.182+0000] {processor.py:183} INFO - Processing /home/airflow/.local/lib/python3.12/site-packages/airflow/example_dags/example_branch_datetime_operator.py took 0.045 seconds
[2025-04-28T02:23:17.833+0000] {processor.py:161} INFO - Started process (PID=1477) to work on /home/airflow/.local/lib/python3.12/site-packages/airflow/example_dags/example_branch_datetime_operator.py
[2025-04-28T02:23:17.835+0000] {processor.py:830} INFO - Processing file /home/airflow/.local/lib/python3.12/site-packages/airflow/example_dags/example_branch_datetime_operator.py for tasks to queue
[2025-04-28T02:23:17.837+0000] {logging_mixin.py:188} INFO - [2025-04-28T02:23:17.837+0000] {dagbag.py:540} INFO - Filling up the DagBag from /home/airflow/.local/lib/python3.12/site-packages/airflow/example_dags/example_branch_datetime_operator.py
[2025-04-28T02:23:17.841+0000] {processor.py:840} INFO - DAG(s) 'example_branch_datetime_operator_2', 'example_branch_datetime_operator_3', 'example_branch_datetime_operator' retrieved from /home/airflow/.local/lib/python3.12/site-packages/airflow/example_dags/example_branch_datetime_operator.py
[2025-04-28T02:23:17.852+0000] {logging_mixin.py:188} INFO - [2025-04-28T02:23:17.852+0000] {dag.py:3096} INFO - Sync 3 DAGs
[2025-04-28T02:23:17.861+0000] {logging_mixin.py:188} INFO - [2025-04-28T02:23:17.861+0000] {dag.py:3954} INFO - Setting next_dagrun for example_branch_datetime_operator to 2025-04-27 00:00:00+00:00, run_after=2025-04-28 00:00:00+00:00
[2025-04-28T02:23:17.864+0000] {logging_mixin.py:188} INFO - [2025-04-28T02:23:17.864+0000] {dag.py:3954} INFO - Setting next_dagrun for example_branch_datetime_operator_2 to 2025-04-27 00:00:00+00:00, run_after=2025-04-28 00:00:00+00:00
[2025-04-28T02:23:17.865+0000] {logging_mixin.py:188} INFO - [2025-04-28T02:23:17.865+0000] {dag.py:3954} INFO - Setting next_dagrun for example_branch_datetime_operator_3 to 2025-04-27 00:00:00+00:00, run_after=2025-04-28 00:00:00+00:00
[2025-04-28T02:23:17.871+0000] {processor.py:183} INFO - Processing /home/airflow/.local/lib/python3.12/site-packages/airflow/example_dags/example_branch_datetime_operator.py took 0.040 seconds
