[2025-04-28T02:11:02.911+0000] {processor.py:161} INFO - Started process (PID=75) to work on /home/airflow/.local/lib/python3.12/site-packages/airflow/example_dags/example_setup_teardown.py
[2025-04-28T02:11:02.912+0000] {processor.py:830} INFO - Processing file /home/airflow/.local/lib/python3.12/site-packages/airflow/example_dags/example_setup_teardown.py for tasks to queue
[2025-04-28T02:11:02.913+0000] {logging_mixin.py:188} INFO - [2025-04-28T02:11:02.913+0000] {dagbag.py:540} INFO - Filling up the DagBag from /home/airflow/.local/lib/python3.12/site-packages/airflow/example_dags/example_setup_teardown.py
[2025-04-28T02:11:02.916+0000] {processor.py:840} INFO - DAG(s) 'example_setup_teardown' retrieved from /home/airflow/.local/lib/python3.12/site-packages/airflow/example_dags/example_setup_teardown.py
[2025-04-28T02:11:02.923+0000] {logging_mixin.py:188} INFO - [2025-04-28T02:11:02.923+0000] {dag.py:3096} INFO - Sync 1 DAGs
[2025-04-28T02:11:02.932+0000] {logging_mixin.py:188} INFO - [2025-04-28T02:11:02.932+0000] {dag.py:3954} INFO - Setting next_dagrun for example_setup_teardown to 2025-04-27 00:00:00+00:00, run_after=2025-04-28 00:00:00+00:00
[2025-04-28T02:11:02.944+0000] {processor.py:183} INFO - Processing /home/airflow/.local/lib/python3.12/site-packages/airflow/example_dags/example_setup_teardown.py took 0.035 seconds
[2025-04-28T02:11:33.472+0000] {processor.py:161} INFO - Started process (PID=133) to work on /home/airflow/.local/lib/python3.12/site-packages/airflow/example_dags/example_setup_teardown.py
[2025-04-28T02:11:33.473+0000] {processor.py:830} INFO - Processing file /home/airflow/.local/lib/python3.12/site-packages/airflow/example_dags/example_setup_teardown.py for tasks to queue
[2025-04-28T02:11:33.474+0000] {logging_mixin.py:188} INFO - [2025-04-28T02:11:33.473+0000] {dagbag.py:540} INFO - Filling up the DagBag from /home/airflow/.local/lib/python3.12/site-packages/airflow/example_dags/example_setup_teardown.py
[2025-04-28T02:11:33.478+0000] {processor.py:840} INFO - DAG(s) 'example_setup_teardown' retrieved from /home/airflow/.local/lib/python3.12/site-packages/airflow/example_dags/example_setup_teardown.py
[2025-04-28T02:11:33.512+0000] {logging_mixin.py:188} INFO - [2025-04-28T02:11:33.512+0000] {dag.py:3096} INFO - Sync 1 DAGs
[2025-04-28T02:11:33.520+0000] {logging_mixin.py:188} INFO - [2025-04-28T02:11:33.520+0000] {dag.py:3954} INFO - Setting next_dagrun for example_setup_teardown to 2025-04-27 00:00:00+00:00, run_after=2025-04-28 00:00:00+00:00
[2025-04-28T02:11:33.526+0000] {processor.py:183} INFO - Processing /home/airflow/.local/lib/python3.12/site-packages/airflow/example_dags/example_setup_teardown.py took 0.057 seconds
[2025-04-28T02:12:04.240+0000] {processor.py:161} INFO - Started process (PID=191) to work on /home/airflow/.local/lib/python3.12/site-packages/airflow/example_dags/example_setup_teardown.py
[2025-04-28T02:12:04.241+0000] {processor.py:830} INFO - Processing file /home/airflow/.local/lib/python3.12/site-packages/airflow/example_dags/example_setup_teardown.py for tasks to queue
[2025-04-28T02:12:04.242+0000] {logging_mixin.py:188} INFO - [2025-04-28T02:12:04.242+0000] {dagbag.py:540} INFO - Filling up the DagBag from /home/airflow/.local/lib/python3.12/site-packages/airflow/example_dags/example_setup_teardown.py
[2025-04-28T02:12:04.245+0000] {processor.py:840} INFO - DAG(s) 'example_setup_teardown' retrieved from /home/airflow/.local/lib/python3.12/site-packages/airflow/example_dags/example_setup_teardown.py
[2025-04-28T02:12:04.254+0000] {logging_mixin.py:188} INFO - [2025-04-28T02:12:04.254+0000] {dag.py:3096} INFO - Sync 1 DAGs
[2025-04-28T02:12:04.266+0000] {logging_mixin.py:188} INFO - [2025-04-28T02:12:04.266+0000] {dag.py:3954} INFO - Setting next_dagrun for example_setup_teardown to 2025-04-27 00:00:00+00:00, run_after=2025-04-28 00:00:00+00:00
[2025-04-28T02:12:04.275+0000] {processor.py:183} INFO - Processing /home/airflow/.local/lib/python3.12/site-packages/airflow/example_dags/example_setup_teardown.py took 0.037 seconds
[2025-04-28T02:12:34.750+0000] {processor.py:161} INFO - Started process (PID=255) to work on /home/airflow/.local/lib/python3.12/site-packages/airflow/example_dags/example_setup_teardown.py
[2025-04-28T02:12:34.751+0000] {processor.py:830} INFO - Processing file /home/airflow/.local/lib/python3.12/site-packages/airflow/example_dags/example_setup_teardown.py for tasks to queue
[2025-04-28T02:12:34.755+0000] {logging_mixin.py:188} INFO - [2025-04-28T02:12:34.755+0000] {dagbag.py:540} INFO - Filling up the DagBag from /home/airflow/.local/lib/python3.12/site-packages/airflow/example_dags/example_setup_teardown.py
[2025-04-28T02:12:34.759+0000] {processor.py:840} INFO - DAG(s) 'example_setup_teardown' retrieved from /home/airflow/.local/lib/python3.12/site-packages/airflow/example_dags/example_setup_teardown.py
[2025-04-28T02:12:34.773+0000] {logging_mixin.py:188} INFO - [2025-04-28T02:12:34.772+0000] {dag.py:3096} INFO - Sync 1 DAGs
[2025-04-28T02:12:34.782+0000] {logging_mixin.py:188} INFO - [2025-04-28T02:12:34.782+0000] {dag.py:3954} INFO - Setting next_dagrun for example_setup_teardown to 2025-04-27 00:00:00+00:00, run_after=2025-04-28 00:00:00+00:00
[2025-04-28T02:12:34.788+0000] {processor.py:183} INFO - Processing /home/airflow/.local/lib/python3.12/site-packages/airflow/example_dags/example_setup_teardown.py took 0.041 seconds
[2025-04-28T02:13:05.280+0000] {processor.py:161} INFO - Started process (PID=313) to work on /home/airflow/.local/lib/python3.12/site-packages/airflow/example_dags/example_setup_teardown.py
[2025-04-28T02:13:05.280+0000] {processor.py:830} INFO - Processing file /home/airflow/.local/lib/python3.12/site-packages/airflow/example_dags/example_setup_teardown.py for tasks to queue
[2025-04-28T02:13:05.281+0000] {logging_mixin.py:188} INFO - [2025-04-28T02:13:05.281+0000] {dagbag.py:540} INFO - Filling up the DagBag from /home/airflow/.local/lib/python3.12/site-packages/airflow/example_dags/example_setup_teardown.py
[2025-04-28T02:13:05.283+0000] {processor.py:840} INFO - DAG(s) 'example_setup_teardown' retrieved from /home/airflow/.local/lib/python3.12/site-packages/airflow/example_dags/example_setup_teardown.py
[2025-04-28T02:13:05.290+0000] {logging_mixin.py:188} INFO - [2025-04-28T02:13:05.290+0000] {dag.py:3096} INFO - Sync 1 DAGs
[2025-04-28T02:13:05.297+0000] {logging_mixin.py:188} INFO - [2025-04-28T02:13:05.297+0000] {dag.py:3954} INFO - Setting next_dagrun for example_setup_teardown to 2025-04-27 00:00:00+00:00, run_after=2025-04-28 00:00:00+00:00
[2025-04-28T02:13:05.303+0000] {processor.py:183} INFO - Processing /home/airflow/.local/lib/python3.12/site-packages/airflow/example_dags/example_setup_teardown.py took 0.025 seconds
[2025-04-28T02:13:35.760+0000] {processor.py:161} INFO - Started process (PID=371) to work on /home/airflow/.local/lib/python3.12/site-packages/airflow/example_dags/example_setup_teardown.py
[2025-04-28T02:13:35.761+0000] {processor.py:830} INFO - Processing file /home/airflow/.local/lib/python3.12/site-packages/airflow/example_dags/example_setup_teardown.py for tasks to queue
[2025-04-28T02:13:35.762+0000] {logging_mixin.py:188} INFO - [2025-04-28T02:13:35.762+0000] {dagbag.py:540} INFO - Filling up the DagBag from /home/airflow/.local/lib/python3.12/site-packages/airflow/example_dags/example_setup_teardown.py
[2025-04-28T02:13:35.767+0000] {processor.py:840} INFO - DAG(s) 'example_setup_teardown' retrieved from /home/airflow/.local/lib/python3.12/site-packages/airflow/example_dags/example_setup_teardown.py
[2025-04-28T02:13:35.777+0000] {logging_mixin.py:188} INFO - [2025-04-28T02:13:35.777+0000] {dag.py:3096} INFO - Sync 1 DAGs
[2025-04-28T02:13:35.785+0000] {logging_mixin.py:188} INFO - [2025-04-28T02:13:35.785+0000] {dag.py:3954} INFO - Setting next_dagrun for example_setup_teardown to 2025-04-27 00:00:00+00:00, run_after=2025-04-28 00:00:00+00:00
[2025-04-28T02:13:35.792+0000] {processor.py:183} INFO - Processing /home/airflow/.local/lib/python3.12/site-packages/airflow/example_dags/example_setup_teardown.py took 0.034 seconds
[2025-04-28T02:14:06.273+0000] {processor.py:161} INFO - Started process (PID=429) to work on /home/airflow/.local/lib/python3.12/site-packages/airflow/example_dags/example_setup_teardown.py
[2025-04-28T02:14:06.274+0000] {processor.py:830} INFO - Processing file /home/airflow/.local/lib/python3.12/site-packages/airflow/example_dags/example_setup_teardown.py for tasks to queue
[2025-04-28T02:14:06.275+0000] {logging_mixin.py:188} INFO - [2025-04-28T02:14:06.275+0000] {dagbag.py:540} INFO - Filling up the DagBag from /home/airflow/.local/lib/python3.12/site-packages/airflow/example_dags/example_setup_teardown.py
[2025-04-28T02:14:06.279+0000] {processor.py:840} INFO - DAG(s) 'example_setup_teardown' retrieved from /home/airflow/.local/lib/python3.12/site-packages/airflow/example_dags/example_setup_teardown.py
[2025-04-28T02:14:06.285+0000] {logging_mixin.py:188} INFO - [2025-04-28T02:14:06.285+0000] {dag.py:3096} INFO - Sync 1 DAGs
[2025-04-28T02:14:06.296+0000] {logging_mixin.py:188} INFO - [2025-04-28T02:14:06.296+0000] {dag.py:3954} INFO - Setting next_dagrun for example_setup_teardown to 2025-04-27 00:00:00+00:00, run_after=2025-04-28 00:00:00+00:00
[2025-04-28T02:14:06.305+0000] {processor.py:183} INFO - Processing /home/airflow/.local/lib/python3.12/site-packages/airflow/example_dags/example_setup_teardown.py took 0.035 seconds
[2025-04-28T02:14:36.735+0000] {processor.py:161} INFO - Started process (PID=487) to work on /home/airflow/.local/lib/python3.12/site-packages/airflow/example_dags/example_setup_teardown.py
[2025-04-28T02:14:36.736+0000] {processor.py:830} INFO - Processing file /home/airflow/.local/lib/python3.12/site-packages/airflow/example_dags/example_setup_teardown.py for tasks to queue
[2025-04-28T02:14:36.737+0000] {logging_mixin.py:188} INFO - [2025-04-28T02:14:36.737+0000] {dagbag.py:540} INFO - Filling up the DagBag from /home/airflow/.local/lib/python3.12/site-packages/airflow/example_dags/example_setup_teardown.py
[2025-04-28T02:14:36.740+0000] {processor.py:840} INFO - DAG(s) 'example_setup_teardown' retrieved from /home/airflow/.local/lib/python3.12/site-packages/airflow/example_dags/example_setup_teardown.py
[2025-04-28T02:14:36.746+0000] {logging_mixin.py:188} INFO - [2025-04-28T02:14:36.746+0000] {dag.py:3096} INFO - Sync 1 DAGs
[2025-04-28T02:14:36.756+0000] {logging_mixin.py:188} INFO - [2025-04-28T02:14:36.756+0000] {dag.py:3954} INFO - Setting next_dagrun for example_setup_teardown to 2025-04-27 00:00:00+00:00, run_after=2025-04-28 00:00:00+00:00
[2025-04-28T02:14:36.763+0000] {processor.py:183} INFO - Processing /home/airflow/.local/lib/python3.12/site-packages/airflow/example_dags/example_setup_teardown.py took 0.030 seconds
[2025-04-28T02:15:08.874+0000] {processor.py:161} INFO - Started process (PID=545) to work on /home/airflow/.local/lib/python3.12/site-packages/airflow/example_dags/example_setup_teardown.py
[2025-04-28T02:15:08.874+0000] {processor.py:830} INFO - Processing file /home/airflow/.local/lib/python3.12/site-packages/airflow/example_dags/example_setup_teardown.py for tasks to queue
[2025-04-28T02:15:08.875+0000] {logging_mixin.py:188} INFO - [2025-04-28T02:15:08.875+0000] {dagbag.py:540} INFO - Filling up the DagBag from /home/airflow/.local/lib/python3.12/site-packages/airflow/example_dags/example_setup_teardown.py
[2025-04-28T02:15:08.878+0000] {processor.py:840} INFO - DAG(s) 'example_setup_teardown' retrieved from /home/airflow/.local/lib/python3.12/site-packages/airflow/example_dags/example_setup_teardown.py
[2025-04-28T02:15:08.992+0000] {logging_mixin.py:188} INFO - [2025-04-28T02:15:08.991+0000] {dag.py:3096} INFO - Sync 1 DAGs
[2025-04-28T02:15:08.999+0000] {logging_mixin.py:188} INFO - [2025-04-28T02:15:08.999+0000] {dag.py:3954} INFO - Setting next_dagrun for example_setup_teardown to 2025-04-27 00:00:00+00:00, run_after=2025-04-28 00:00:00+00:00
[2025-04-28T02:15:09.007+0000] {processor.py:183} INFO - Processing /home/airflow/.local/lib/python3.12/site-packages/airflow/example_dags/example_setup_teardown.py took 0.136 seconds
[2025-04-28T02:15:39.488+0000] {processor.py:161} INFO - Started process (PID=603) to work on /home/airflow/.local/lib/python3.12/site-packages/airflow/example_dags/example_setup_teardown.py
[2025-04-28T02:15:39.488+0000] {processor.py:830} INFO - Processing file /home/airflow/.local/lib/python3.12/site-packages/airflow/example_dags/example_setup_teardown.py for tasks to queue
[2025-04-28T02:15:39.489+0000] {logging_mixin.py:188} INFO - [2025-04-28T02:15:39.489+0000] {dagbag.py:540} INFO - Filling up the DagBag from /home/airflow/.local/lib/python3.12/site-packages/airflow/example_dags/example_setup_teardown.py
[2025-04-28T02:15:39.492+0000] {processor.py:840} INFO - DAG(s) 'example_setup_teardown' retrieved from /home/airflow/.local/lib/python3.12/site-packages/airflow/example_dags/example_setup_teardown.py
[2025-04-28T02:15:39.501+0000] {logging_mixin.py:188} INFO - [2025-04-28T02:15:39.501+0000] {dag.py:3096} INFO - Sync 1 DAGs
[2025-04-28T02:15:39.510+0000] {logging_mixin.py:188} INFO - [2025-04-28T02:15:39.510+0000] {dag.py:3954} INFO - Setting next_dagrun for example_setup_teardown to 2025-04-27 00:00:00+00:00, run_after=2025-04-28 00:00:00+00:00
[2025-04-28T02:15:39.519+0000] {processor.py:183} INFO - Processing /home/airflow/.local/lib/python3.12/site-packages/airflow/example_dags/example_setup_teardown.py took 0.034 seconds
[2025-04-28T02:16:10.067+0000] {processor.py:161} INFO - Started process (PID=661) to work on /home/airflow/.local/lib/python3.12/site-packages/airflow/example_dags/example_setup_teardown.py
[2025-04-28T02:16:10.068+0000] {processor.py:830} INFO - Processing file /home/airflow/.local/lib/python3.12/site-packages/airflow/example_dags/example_setup_teardown.py for tasks to queue
[2025-04-28T02:16:10.069+0000] {logging_mixin.py:188} INFO - [2025-04-28T02:16:10.069+0000] {dagbag.py:540} INFO - Filling up the DagBag from /home/airflow/.local/lib/python3.12/site-packages/airflow/example_dags/example_setup_teardown.py
[2025-04-28T02:16:10.072+0000] {processor.py:840} INFO - DAG(s) 'example_setup_teardown' retrieved from /home/airflow/.local/lib/python3.12/site-packages/airflow/example_dags/example_setup_teardown.py
[2025-04-28T02:16:10.082+0000] {logging_mixin.py:188} INFO - [2025-04-28T02:16:10.082+0000] {dag.py:3096} INFO - Sync 1 DAGs
[2025-04-28T02:16:10.092+0000] {logging_mixin.py:188} INFO - [2025-04-28T02:16:10.092+0000] {dag.py:3954} INFO - Setting next_dagrun for example_setup_teardown to 2025-04-27 00:00:00+00:00, run_after=2025-04-28 00:00:00+00:00
[2025-04-28T02:16:10.102+0000] {processor.py:183} INFO - Processing /home/airflow/.local/lib/python3.12/site-packages/airflow/example_dags/example_setup_teardown.py took 0.039 seconds
[2025-04-28T02:16:40.822+0000] {processor.py:161} INFO - Started process (PID=720) to work on /home/airflow/.local/lib/python3.12/site-packages/airflow/example_dags/example_setup_teardown.py
[2025-04-28T02:16:40.823+0000] {processor.py:830} INFO - Processing file /home/airflow/.local/lib/python3.12/site-packages/airflow/example_dags/example_setup_teardown.py for tasks to queue
[2025-04-28T02:16:40.825+0000] {logging_mixin.py:188} INFO - [2025-04-28T02:16:40.825+0000] {dagbag.py:540} INFO - Filling up the DagBag from /home/airflow/.local/lib/python3.12/site-packages/airflow/example_dags/example_setup_teardown.py
[2025-04-28T02:16:40.827+0000] {processor.py:840} INFO - DAG(s) 'example_setup_teardown' retrieved from /home/airflow/.local/lib/python3.12/site-packages/airflow/example_dags/example_setup_teardown.py
[2025-04-28T02:16:40.835+0000] {logging_mixin.py:188} INFO - [2025-04-28T02:16:40.835+0000] {dag.py:3096} INFO - Sync 1 DAGs
[2025-04-28T02:16:40.843+0000] {logging_mixin.py:188} INFO - [2025-04-28T02:16:40.843+0000] {dag.py:3954} INFO - Setting next_dagrun for example_setup_teardown to 2025-04-27 00:00:00+00:00, run_after=2025-04-28 00:00:00+00:00
[2025-04-28T02:16:40.850+0000] {processor.py:183} INFO - Processing /home/airflow/.local/lib/python3.12/site-packages/airflow/example_dags/example_setup_teardown.py took 0.030 seconds
