[2025-04-28T02:11:03.233+0000] {processor.py:161} INFO - Started process (PID=87) to work on /home/airflow/.local/lib/python3.12/site-packages/airflow/example_dags/example_skip_dag.py
[2025-04-28T02:11:03.234+0000] {processor.py:830} INFO - Processing file /home/airflow/.local/lib/python3.12/site-packages/airflow/example_dags/example_skip_dag.py for tasks to queue
[2025-04-28T02:11:03.235+0000] {logging_mixin.py:188} INFO - [2025-04-28T02:11:03.235+0000] {dagbag.py:540} INFO - Filling up the DagBag from /home/airflow/.local/lib/python3.12/site-packages/airflow/example_dags/example_skip_dag.py
[2025-04-28T02:11:03.239+0000] {processor.py:840} INFO - DAG(s) 'example_skip_dag' retrieved from /home/airflow/.local/lib/python3.12/site-packages/airflow/example_dags/example_skip_dag.py
[2025-04-28T02:11:03.246+0000] {logging_mixin.py:188} INFO - [2025-04-28T02:11:03.246+0000] {dag.py:3096} INFO - Sync 1 DAGs
[2025-04-28T02:11:03.256+0000] {logging_mixin.py:188} INFO - [2025-04-28T02:11:03.256+0000] {dag.py:3954} INFO - Setting next_dagrun for example_skip_dag to 2025-04-27 00:00:00+00:00, run_after=2025-04-28 00:00:00+00:00
[2025-04-28T02:11:03.264+0000] {processor.py:183} INFO - Processing /home/airflow/.local/lib/python3.12/site-packages/airflow/example_dags/example_skip_dag.py took 0.034 seconds
[2025-04-28T02:11:33.937+0000] {processor.py:161} INFO - Started process (PID=145) to work on /home/airflow/.local/lib/python3.12/site-packages/airflow/example_dags/example_skip_dag.py
[2025-04-28T02:11:33.938+0000] {processor.py:830} INFO - Processing file /home/airflow/.local/lib/python3.12/site-packages/airflow/example_dags/example_skip_dag.py for tasks to queue
[2025-04-28T02:11:33.940+0000] {logging_mixin.py:188} INFO - [2025-04-28T02:11:33.939+0000] {dagbag.py:540} INFO - Filling up the DagBag from /home/airflow/.local/lib/python3.12/site-packages/airflow/example_dags/example_skip_dag.py
[2025-04-28T02:11:33.944+0000] {processor.py:840} INFO - DAG(s) 'example_skip_dag' retrieved from /home/airflow/.local/lib/python3.12/site-packages/airflow/example_dags/example_skip_dag.py
[2025-04-28T02:11:33.982+0000] {logging_mixin.py:188} INFO - [2025-04-28T02:11:33.982+0000] {dag.py:3096} INFO - Sync 1 DAGs
[2025-04-28T02:11:33.991+0000] {logging_mixin.py:188} INFO - [2025-04-28T02:11:33.991+0000] {dag.py:3954} INFO - Setting next_dagrun for example_skip_dag to 2025-04-27 00:00:00+00:00, run_after=2025-04-28 00:00:00+00:00
[2025-04-28T02:11:33.997+0000] {processor.py:183} INFO - Processing /home/airflow/.local/lib/python3.12/site-packages/airflow/example_dags/example_skip_dag.py took 0.063 seconds
[2025-04-28T02:12:04.543+0000] {processor.py:161} INFO - Started process (PID=209) to work on /home/airflow/.local/lib/python3.12/site-packages/airflow/example_dags/example_skip_dag.py
[2025-04-28T02:12:04.543+0000] {processor.py:830} INFO - Processing file /home/airflow/.local/lib/python3.12/site-packages/airflow/example_dags/example_skip_dag.py for tasks to queue
[2025-04-28T02:12:04.544+0000] {logging_mixin.py:188} INFO - [2025-04-28T02:12:04.544+0000] {dagbag.py:540} INFO - Filling up the DagBag from /home/airflow/.local/lib/python3.12/site-packages/airflow/example_dags/example_skip_dag.py
[2025-04-28T02:12:04.546+0000] {processor.py:840} INFO - DAG(s) 'example_skip_dag' retrieved from /home/airflow/.local/lib/python3.12/site-packages/airflow/example_dags/example_skip_dag.py
[2025-04-28T02:12:04.554+0000] {logging_mixin.py:188} INFO - [2025-04-28T02:12:04.554+0000] {dag.py:3096} INFO - Sync 1 DAGs
[2025-04-28T02:12:04.561+0000] {logging_mixin.py:188} INFO - [2025-04-28T02:12:04.561+0000] {dag.py:3954} INFO - Setting next_dagrun for example_skip_dag to 2025-04-27 00:00:00+00:00, run_after=2025-04-28 00:00:00+00:00
[2025-04-28T02:12:04.569+0000] {processor.py:183} INFO - Processing /home/airflow/.local/lib/python3.12/site-packages/airflow/example_dags/example_skip_dag.py took 0.028 seconds
[2025-04-28T02:12:35.033+0000] {processor.py:161} INFO - Started process (PID=267) to work on /home/airflow/.local/lib/python3.12/site-packages/airflow/example_dags/example_skip_dag.py
[2025-04-28T02:12:35.033+0000] {processor.py:830} INFO - Processing file /home/airflow/.local/lib/python3.12/site-packages/airflow/example_dags/example_skip_dag.py for tasks to queue
[2025-04-28T02:12:35.034+0000] {logging_mixin.py:188} INFO - [2025-04-28T02:12:35.034+0000] {dagbag.py:540} INFO - Filling up the DagBag from /home/airflow/.local/lib/python3.12/site-packages/airflow/example_dags/example_skip_dag.py
[2025-04-28T02:12:35.037+0000] {processor.py:840} INFO - DAG(s) 'example_skip_dag' retrieved from /home/airflow/.local/lib/python3.12/site-packages/airflow/example_dags/example_skip_dag.py
[2025-04-28T02:12:35.047+0000] {logging_mixin.py:188} INFO - [2025-04-28T02:12:35.047+0000] {dag.py:3096} INFO - Sync 1 DAGs
[2025-04-28T02:12:35.056+0000] {logging_mixin.py:188} INFO - [2025-04-28T02:12:35.056+0000] {dag.py:3954} INFO - Setting next_dagrun for example_skip_dag to 2025-04-27 00:00:00+00:00, run_after=2025-04-28 00:00:00+00:00
[2025-04-28T02:12:35.068+0000] {processor.py:183} INFO - Processing /home/airflow/.local/lib/python3.12/site-packages/airflow/example_dags/example_skip_dag.py took 0.037 seconds
[2025-04-28T02:13:05.563+0000] {processor.py:161} INFO - Started process (PID=325) to work on /home/airflow/.local/lib/python3.12/site-packages/airflow/example_dags/example_skip_dag.py
[2025-04-28T02:13:05.563+0000] {processor.py:830} INFO - Processing file /home/airflow/.local/lib/python3.12/site-packages/airflow/example_dags/example_skip_dag.py for tasks to queue
[2025-04-28T02:13:05.564+0000] {logging_mixin.py:188} INFO - [2025-04-28T02:13:05.564+0000] {dagbag.py:540} INFO - Filling up the DagBag from /home/airflow/.local/lib/python3.12/site-packages/airflow/example_dags/example_skip_dag.py
[2025-04-28T02:13:05.566+0000] {processor.py:840} INFO - DAG(s) 'example_skip_dag' retrieved from /home/airflow/.local/lib/python3.12/site-packages/airflow/example_dags/example_skip_dag.py
[2025-04-28T02:13:05.575+0000] {logging_mixin.py:188} INFO - [2025-04-28T02:13:05.575+0000] {dag.py:3096} INFO - Sync 1 DAGs
[2025-04-28T02:13:05.586+0000] {logging_mixin.py:188} INFO - [2025-04-28T02:13:05.586+0000] {dag.py:3954} INFO - Setting next_dagrun for example_skip_dag to 2025-04-27 00:00:00+00:00, run_after=2025-04-28 00:00:00+00:00
[2025-04-28T02:13:05.596+0000] {processor.py:183} INFO - Processing /home/airflow/.local/lib/python3.12/site-packages/airflow/example_dags/example_skip_dag.py took 0.035 seconds
[2025-04-28T02:13:36.056+0000] {processor.py:161} INFO - Started process (PID=383) to work on /home/airflow/.local/lib/python3.12/site-packages/airflow/example_dags/example_skip_dag.py
[2025-04-28T02:13:36.056+0000] {processor.py:830} INFO - Processing file /home/airflow/.local/lib/python3.12/site-packages/airflow/example_dags/example_skip_dag.py for tasks to queue
[2025-04-28T02:13:36.057+0000] {logging_mixin.py:188} INFO - [2025-04-28T02:13:36.057+0000] {dagbag.py:540} INFO - Filling up the DagBag from /home/airflow/.local/lib/python3.12/site-packages/airflow/example_dags/example_skip_dag.py
[2025-04-28T02:13:36.061+0000] {processor.py:840} INFO - DAG(s) 'example_skip_dag' retrieved from /home/airflow/.local/lib/python3.12/site-packages/airflow/example_dags/example_skip_dag.py
[2025-04-28T02:13:36.071+0000] {logging_mixin.py:188} INFO - [2025-04-28T02:13:36.071+0000] {dag.py:3096} INFO - Sync 1 DAGs
[2025-04-28T02:13:36.080+0000] {logging_mixin.py:188} INFO - [2025-04-28T02:13:36.080+0000] {dag.py:3954} INFO - Setting next_dagrun for example_skip_dag to 2025-04-27 00:00:00+00:00, run_after=2025-04-28 00:00:00+00:00
[2025-04-28T02:13:36.089+0000] {processor.py:183} INFO - Processing /home/airflow/.local/lib/python3.12/site-packages/airflow/example_dags/example_skip_dag.py took 0.036 seconds
[2025-04-28T02:14:06.541+0000] {processor.py:161} INFO - Started process (PID=441) to work on /home/airflow/.local/lib/python3.12/site-packages/airflow/example_dags/example_skip_dag.py
[2025-04-28T02:14:06.542+0000] {processor.py:830} INFO - Processing file /home/airflow/.local/lib/python3.12/site-packages/airflow/example_dags/example_skip_dag.py for tasks to queue
[2025-04-28T02:14:06.544+0000] {logging_mixin.py:188} INFO - [2025-04-28T02:14:06.543+0000] {dagbag.py:540} INFO - Filling up the DagBag from /home/airflow/.local/lib/python3.12/site-packages/airflow/example_dags/example_skip_dag.py
[2025-04-28T02:14:06.547+0000] {processor.py:840} INFO - DAG(s) 'example_skip_dag' retrieved from /home/airflow/.local/lib/python3.12/site-packages/airflow/example_dags/example_skip_dag.py
[2025-04-28T02:14:06.555+0000] {logging_mixin.py:188} INFO - [2025-04-28T02:14:06.555+0000] {dag.py:3096} INFO - Sync 1 DAGs
[2025-04-28T02:14:06.564+0000] {logging_mixin.py:188} INFO - [2025-04-28T02:14:06.564+0000] {dag.py:3954} INFO - Setting next_dagrun for example_skip_dag to 2025-04-27 00:00:00+00:00, run_after=2025-04-28 00:00:00+00:00
[2025-04-28T02:14:06.573+0000] {processor.py:183} INFO - Processing /home/airflow/.local/lib/python3.12/site-packages/airflow/example_dags/example_skip_dag.py took 0.035 seconds
[2025-04-28T02:14:36.975+0000] {processor.py:161} INFO - Started process (PID=499) to work on /home/airflow/.local/lib/python3.12/site-packages/airflow/example_dags/example_skip_dag.py
[2025-04-28T02:14:36.975+0000] {processor.py:830} INFO - Processing file /home/airflow/.local/lib/python3.12/site-packages/airflow/example_dags/example_skip_dag.py for tasks to queue
[2025-04-28T02:14:36.976+0000] {logging_mixin.py:188} INFO - [2025-04-28T02:14:36.976+0000] {dagbag.py:540} INFO - Filling up the DagBag from /home/airflow/.local/lib/python3.12/site-packages/airflow/example_dags/example_skip_dag.py
[2025-04-28T02:14:36.978+0000] {processor.py:840} INFO - DAG(s) 'example_skip_dag' retrieved from /home/airflow/.local/lib/python3.12/site-packages/airflow/example_dags/example_skip_dag.py
[2025-04-28T02:14:36.984+0000] {logging_mixin.py:188} INFO - [2025-04-28T02:14:36.984+0000] {dag.py:3096} INFO - Sync 1 DAGs
[2025-04-28T02:14:36.993+0000] {logging_mixin.py:188} INFO - [2025-04-28T02:14:36.993+0000] {dag.py:3954} INFO - Setting next_dagrun for example_skip_dag to 2025-04-27 00:00:00+00:00, run_after=2025-04-28 00:00:00+00:00
[2025-04-28T02:14:37.002+0000] {processor.py:183} INFO - Processing /home/airflow/.local/lib/python3.12/site-packages/airflow/example_dags/example_skip_dag.py took 0.029 seconds
[2025-04-28T02:15:09.968+0000] {processor.py:161} INFO - Started process (PID=557) to work on /home/airflow/.local/lib/python3.12/site-packages/airflow/example_dags/example_skip_dag.py
[2025-04-28T02:15:09.969+0000] {processor.py:830} INFO - Processing file /home/airflow/.local/lib/python3.12/site-packages/airflow/example_dags/example_skip_dag.py for tasks to queue
[2025-04-28T02:15:09.970+0000] {logging_mixin.py:188} INFO - [2025-04-28T02:15:09.970+0000] {dagbag.py:540} INFO - Filling up the DagBag from /home/airflow/.local/lib/python3.12/site-packages/airflow/example_dags/example_skip_dag.py
[2025-04-28T02:15:09.973+0000] {processor.py:840} INFO - DAG(s) 'example_skip_dag' retrieved from /home/airflow/.local/lib/python3.12/site-packages/airflow/example_dags/example_skip_dag.py
[2025-04-28T02:15:10.073+0000] {logging_mixin.py:188} INFO - [2025-04-28T02:15:10.073+0000] {dag.py:3096} INFO - Sync 1 DAGs
[2025-04-28T02:15:10.079+0000] {logging_mixin.py:188} INFO - [2025-04-28T02:15:10.079+0000] {dag.py:3954} INFO - Setting next_dagrun for example_skip_dag to 2025-04-27 00:00:00+00:00, run_after=2025-04-28 00:00:00+00:00
[2025-04-28T02:15:10.088+0000] {processor.py:183} INFO - Processing /home/airflow/.local/lib/python3.12/site-packages/airflow/example_dags/example_skip_dag.py took 0.121 seconds
[2025-04-28T02:15:40.792+0000] {processor.py:161} INFO - Started process (PID=615) to work on /home/airflow/.local/lib/python3.12/site-packages/airflow/example_dags/example_skip_dag.py
[2025-04-28T02:15:40.792+0000] {processor.py:830} INFO - Processing file /home/airflow/.local/lib/python3.12/site-packages/airflow/example_dags/example_skip_dag.py for tasks to queue
[2025-04-28T02:15:40.793+0000] {logging_mixin.py:188} INFO - [2025-04-28T02:15:40.793+0000] {dagbag.py:540} INFO - Filling up the DagBag from /home/airflow/.local/lib/python3.12/site-packages/airflow/example_dags/example_skip_dag.py
[2025-04-28T02:15:40.799+0000] {processor.py:840} INFO - DAG(s) 'example_skip_dag' retrieved from /home/airflow/.local/lib/python3.12/site-packages/airflow/example_dags/example_skip_dag.py
[2025-04-28T02:15:40.812+0000] {logging_mixin.py:188} INFO - [2025-04-28T02:15:40.812+0000] {dag.py:3096} INFO - Sync 1 DAGs
[2025-04-28T02:15:40.821+0000] {logging_mixin.py:188} INFO - [2025-04-28T02:15:40.820+0000] {dag.py:3954} INFO - Setting next_dagrun for example_skip_dag to 2025-04-27 00:00:00+00:00, run_after=2025-04-28 00:00:00+00:00
[2025-04-28T02:15:40.831+0000] {processor.py:183} INFO - Processing /home/airflow/.local/lib/python3.12/site-packages/airflow/example_dags/example_skip_dag.py took 0.042 seconds
[2025-04-28T02:16:11.382+0000] {processor.py:161} INFO - Started process (PID=673) to work on /home/airflow/.local/lib/python3.12/site-packages/airflow/example_dags/example_skip_dag.py
[2025-04-28T02:16:11.383+0000] {processor.py:830} INFO - Processing file /home/airflow/.local/lib/python3.12/site-packages/airflow/example_dags/example_skip_dag.py for tasks to queue
[2025-04-28T02:16:11.384+0000] {logging_mixin.py:188} INFO - [2025-04-28T02:16:11.384+0000] {dagbag.py:540} INFO - Filling up the DagBag from /home/airflow/.local/lib/python3.12/site-packages/airflow/example_dags/example_skip_dag.py
[2025-04-28T02:16:11.387+0000] {processor.py:840} INFO - DAG(s) 'example_skip_dag' retrieved from /home/airflow/.local/lib/python3.12/site-packages/airflow/example_dags/example_skip_dag.py
[2025-04-28T02:16:11.398+0000] {logging_mixin.py:188} INFO - [2025-04-28T02:16:11.398+0000] {dag.py:3096} INFO - Sync 1 DAGs
[2025-04-28T02:16:11.406+0000] {logging_mixin.py:188} INFO - [2025-04-28T02:16:11.406+0000] {dag.py:3954} INFO - Setting next_dagrun for example_skip_dag to 2025-04-27 00:00:00+00:00, run_after=2025-04-28 00:00:00+00:00
[2025-04-28T02:16:11.415+0000] {processor.py:183} INFO - Processing /home/airflow/.local/lib/python3.12/site-packages/airflow/example_dags/example_skip_dag.py took 0.035 seconds
[2025-04-28T02:16:42.076+0000] {processor.py:161} INFO - Started process (PID=732) to work on /home/airflow/.local/lib/python3.12/site-packages/airflow/example_dags/example_skip_dag.py
[2025-04-28T02:16:42.076+0000] {processor.py:830} INFO - Processing file /home/airflow/.local/lib/python3.12/site-packages/airflow/example_dags/example_skip_dag.py for tasks to queue
[2025-04-28T02:16:42.077+0000] {logging_mixin.py:188} INFO - [2025-04-28T02:16:42.077+0000] {dagbag.py:540} INFO - Filling up the DagBag from /home/airflow/.local/lib/python3.12/site-packages/airflow/example_dags/example_skip_dag.py
[2025-04-28T02:16:42.079+0000] {processor.py:840} INFO - DAG(s) 'example_skip_dag' retrieved from /home/airflow/.local/lib/python3.12/site-packages/airflow/example_dags/example_skip_dag.py
[2025-04-28T02:16:42.089+0000] {logging_mixin.py:188} INFO - [2025-04-28T02:16:42.089+0000] {dag.py:3096} INFO - Sync 1 DAGs
[2025-04-28T02:16:42.096+0000] {logging_mixin.py:188} INFO - [2025-04-28T02:16:42.096+0000] {dag.py:3954} INFO - Setting next_dagrun for example_skip_dag to 2025-04-27 00:00:00+00:00, run_after=2025-04-28 00:00:00+00:00
[2025-04-28T02:16:42.105+0000] {processor.py:183} INFO - Processing /home/airflow/.local/lib/python3.12/site-packages/airflow/example_dags/example_skip_dag.py took 0.032 seconds
[2025-04-28T02:17:12.807+0000] {processor.py:161} INFO - Started process (PID=791) to work on /home/airflow/.local/lib/python3.12/site-packages/airflow/example_dags/example_skip_dag.py
[2025-04-28T02:17:12.807+0000] {processor.py:830} INFO - Processing file /home/airflow/.local/lib/python3.12/site-packages/airflow/example_dags/example_skip_dag.py for tasks to queue
[2025-04-28T02:17:12.808+0000] {logging_mixin.py:188} INFO - [2025-04-28T02:17:12.808+0000] {dagbag.py:540} INFO - Filling up the DagBag from /home/airflow/.local/lib/python3.12/site-packages/airflow/example_dags/example_skip_dag.py
[2025-04-28T02:17:12.811+0000] {processor.py:840} INFO - DAG(s) 'example_skip_dag' retrieved from /home/airflow/.local/lib/python3.12/site-packages/airflow/example_dags/example_skip_dag.py
[2025-04-28T02:17:12.819+0000] {logging_mixin.py:188} INFO - [2025-04-28T02:17:12.818+0000] {dag.py:3096} INFO - Sync 1 DAGs
[2025-04-28T02:17:12.828+0000] {logging_mixin.py:188} INFO - [2025-04-28T02:17:12.828+0000] {dag.py:3954} INFO - Setting next_dagrun for example_skip_dag to 2025-04-27 00:00:00+00:00, run_after=2025-04-28 00:00:00+00:00
[2025-04-28T02:17:12.836+0000] {processor.py:183} INFO - Processing /home/airflow/.local/lib/python3.12/site-packages/airflow/example_dags/example_skip_dag.py took 0.032 seconds
[2025-04-28T02:17:43.496+0000] {processor.py:161} INFO - Started process (PID=854) to work on /home/airflow/.local/lib/python3.12/site-packages/airflow/example_dags/example_skip_dag.py
[2025-04-28T02:17:43.496+0000] {processor.py:830} INFO - Processing file /home/airflow/.local/lib/python3.12/site-packages/airflow/example_dags/example_skip_dag.py for tasks to queue
[2025-04-28T02:17:43.497+0000] {logging_mixin.py:188} INFO - [2025-04-28T02:17:43.497+0000] {dagbag.py:540} INFO - Filling up the DagBag from /home/airflow/.local/lib/python3.12/site-packages/airflow/example_dags/example_skip_dag.py
[2025-04-28T02:17:43.500+0000] {processor.py:840} INFO - DAG(s) 'example_skip_dag' retrieved from /home/airflow/.local/lib/python3.12/site-packages/airflow/example_dags/example_skip_dag.py
[2025-04-28T02:17:43.510+0000] {logging_mixin.py:188} INFO - [2025-04-28T02:17:43.510+0000] {dag.py:3096} INFO - Sync 1 DAGs
[2025-04-28T02:17:43.519+0000] {logging_mixin.py:188} INFO - [2025-04-28T02:17:43.519+0000] {dag.py:3954} INFO - Setting next_dagrun for example_skip_dag to 2025-04-27 00:00:00+00:00, run_after=2025-04-28 00:00:00+00:00
[2025-04-28T02:17:43.614+0000] {processor.py:183} INFO - Processing /home/airflow/.local/lib/python3.12/site-packages/airflow/example_dags/example_skip_dag.py took 0.121 seconds
[2025-04-28T02:18:14.134+0000] {processor.py:161} INFO - Started process (PID=913) to work on /home/airflow/.local/lib/python3.12/site-packages/airflow/example_dags/example_skip_dag.py
[2025-04-28T02:18:14.135+0000] {processor.py:830} INFO - Processing file /home/airflow/.local/lib/python3.12/site-packages/airflow/example_dags/example_skip_dag.py for tasks to queue
[2025-04-28T02:18:14.135+0000] {logging_mixin.py:188} INFO - [2025-04-28T02:18:14.135+0000] {dagbag.py:540} INFO - Filling up the DagBag from /home/airflow/.local/lib/python3.12/site-packages/airflow/example_dags/example_skip_dag.py
[2025-04-28T02:18:14.138+0000] {processor.py:840} INFO - DAG(s) 'example_skip_dag' retrieved from /home/airflow/.local/lib/python3.12/site-packages/airflow/example_dags/example_skip_dag.py
[2025-04-28T02:18:14.146+0000] {logging_mixin.py:188} INFO - [2025-04-28T02:18:14.146+0000] {dag.py:3096} INFO - Sync 1 DAGs
[2025-04-28T02:18:14.153+0000] {logging_mixin.py:188} INFO - [2025-04-28T02:18:14.153+0000] {dag.py:3954} INFO - Setting next_dagrun for example_skip_dag to 2025-04-27 00:00:00+00:00, run_after=2025-04-28 00:00:00+00:00
[2025-04-28T02:18:14.159+0000] {processor.py:183} INFO - Processing /home/airflow/.local/lib/python3.12/site-packages/airflow/example_dags/example_skip_dag.py took 0.027 seconds
[2025-04-28T02:18:44.897+0000] {processor.py:161} INFO - Started process (PID=972) to work on /home/airflow/.local/lib/python3.12/site-packages/airflow/example_dags/example_skip_dag.py
[2025-04-28T02:18:44.898+0000] {processor.py:830} INFO - Processing file /home/airflow/.local/lib/python3.12/site-packages/airflow/example_dags/example_skip_dag.py for tasks to queue
[2025-04-28T02:18:44.898+0000] {logging_mixin.py:188} INFO - [2025-04-28T02:18:44.898+0000] {dagbag.py:540} INFO - Filling up the DagBag from /home/airflow/.local/lib/python3.12/site-packages/airflow/example_dags/example_skip_dag.py
[2025-04-28T02:18:44.901+0000] {processor.py:840} INFO - DAG(s) 'example_skip_dag' retrieved from /home/airflow/.local/lib/python3.12/site-packages/airflow/example_dags/example_skip_dag.py
[2025-04-28T02:18:44.909+0000] {logging_mixin.py:188} INFO - [2025-04-28T02:18:44.909+0000] {dag.py:3096} INFO - Sync 1 DAGs
[2025-04-28T02:18:44.917+0000] {logging_mixin.py:188} INFO - [2025-04-28T02:18:44.917+0000] {dag.py:3954} INFO - Setting next_dagrun for example_skip_dag to 2025-04-27 00:00:00+00:00, run_after=2025-04-28 00:00:00+00:00
[2025-04-28T02:18:44.923+0000] {processor.py:183} INFO - Processing /home/airflow/.local/lib/python3.12/site-packages/airflow/example_dags/example_skip_dag.py took 0.028 seconds
[2025-04-28T02:19:15.234+0000] {processor.py:161} INFO - Started process (PID=1031) to work on /home/airflow/.local/lib/python3.12/site-packages/airflow/example_dags/example_skip_dag.py
[2025-04-28T02:19:15.234+0000] {processor.py:830} INFO - Processing file /home/airflow/.local/lib/python3.12/site-packages/airflow/example_dags/example_skip_dag.py for tasks to queue
[2025-04-28T02:19:15.235+0000] {logging_mixin.py:188} INFO - [2025-04-28T02:19:15.235+0000] {dagbag.py:540} INFO - Filling up the DagBag from /home/airflow/.local/lib/python3.12/site-packages/airflow/example_dags/example_skip_dag.py
[2025-04-28T02:19:15.237+0000] {processor.py:840} INFO - DAG(s) 'example_skip_dag' retrieved from /home/airflow/.local/lib/python3.12/site-packages/airflow/example_dags/example_skip_dag.py
[2025-04-28T02:19:15.246+0000] {logging_mixin.py:188} INFO - [2025-04-28T02:19:15.246+0000] {dag.py:3096} INFO - Sync 1 DAGs
[2025-04-28T02:19:15.254+0000] {logging_mixin.py:188} INFO - [2025-04-28T02:19:15.254+0000] {dag.py:3954} INFO - Setting next_dagrun for example_skip_dag to 2025-04-27 00:00:00+00:00, run_after=2025-04-28 00:00:00+00:00
[2025-04-28T02:19:15.266+0000] {processor.py:183} INFO - Processing /home/airflow/.local/lib/python3.12/site-packages/airflow/example_dags/example_skip_dag.py took 0.034 seconds
[2025-04-28T02:19:46.115+0000] {processor.py:161} INFO - Started process (PID=1090) to work on /home/airflow/.local/lib/python3.12/site-packages/airflow/example_dags/example_skip_dag.py
[2025-04-28T02:19:46.115+0000] {processor.py:830} INFO - Processing file /home/airflow/.local/lib/python3.12/site-packages/airflow/example_dags/example_skip_dag.py for tasks to queue
[2025-04-28T02:19:46.116+0000] {logging_mixin.py:188} INFO - [2025-04-28T02:19:46.115+0000] {dagbag.py:540} INFO - Filling up the DagBag from /home/airflow/.local/lib/python3.12/site-packages/airflow/example_dags/example_skip_dag.py
[2025-04-28T02:19:46.118+0000] {processor.py:840} INFO - DAG(s) 'example_skip_dag' retrieved from /home/airflow/.local/lib/python3.12/site-packages/airflow/example_dags/example_skip_dag.py
[2025-04-28T02:19:46.196+0000] {logging_mixin.py:188} INFO - [2025-04-28T02:19:46.196+0000] {dag.py:3096} INFO - Sync 1 DAGs
[2025-04-28T02:19:46.203+0000] {logging_mixin.py:188} INFO - [2025-04-28T02:19:46.203+0000] {dag.py:3954} INFO - Setting next_dagrun for example_skip_dag to 2025-04-27 00:00:00+00:00, run_after=2025-04-28 00:00:00+00:00
[2025-04-28T02:19:46.211+0000] {processor.py:183} INFO - Processing /home/airflow/.local/lib/python3.12/site-packages/airflow/example_dags/example_skip_dag.py took 0.099 seconds
[2025-04-28T02:20:16.942+0000] {processor.py:161} INFO - Started process (PID=1149) to work on /home/airflow/.local/lib/python3.12/site-packages/airflow/example_dags/example_skip_dag.py
[2025-04-28T02:20:16.942+0000] {processor.py:830} INFO - Processing file /home/airflow/.local/lib/python3.12/site-packages/airflow/example_dags/example_skip_dag.py for tasks to queue
[2025-04-28T02:20:16.943+0000] {logging_mixin.py:188} INFO - [2025-04-28T02:20:16.943+0000] {dagbag.py:540} INFO - Filling up the DagBag from /home/airflow/.local/lib/python3.12/site-packages/airflow/example_dags/example_skip_dag.py
[2025-04-28T02:20:16.945+0000] {processor.py:840} INFO - DAG(s) 'example_skip_dag' retrieved from /home/airflow/.local/lib/python3.12/site-packages/airflow/example_dags/example_skip_dag.py
[2025-04-28T02:20:16.954+0000] {logging_mixin.py:188} INFO - [2025-04-28T02:20:16.954+0000] {dag.py:3096} INFO - Sync 1 DAGs
[2025-04-28T02:20:16.962+0000] {logging_mixin.py:188} INFO - [2025-04-28T02:20:16.962+0000] {dag.py:3954} INFO - Setting next_dagrun for example_skip_dag to 2025-04-27 00:00:00+00:00, run_after=2025-04-28 00:00:00+00:00
[2025-04-28T02:20:16.972+0000] {processor.py:183} INFO - Processing /home/airflow/.local/lib/python3.12/site-packages/airflow/example_dags/example_skip_dag.py took 0.033 seconds
[2025-04-28T02:20:47.564+0000] {processor.py:161} INFO - Started process (PID=1208) to work on /home/airflow/.local/lib/python3.12/site-packages/airflow/example_dags/example_skip_dag.py
[2025-04-28T02:20:47.564+0000] {processor.py:830} INFO - Processing file /home/airflow/.local/lib/python3.12/site-packages/airflow/example_dags/example_skip_dag.py for tasks to queue
[2025-04-28T02:20:47.565+0000] {logging_mixin.py:188} INFO - [2025-04-28T02:20:47.565+0000] {dagbag.py:540} INFO - Filling up the DagBag from /home/airflow/.local/lib/python3.12/site-packages/airflow/example_dags/example_skip_dag.py
[2025-04-28T02:20:47.567+0000] {processor.py:840} INFO - DAG(s) 'example_skip_dag' retrieved from /home/airflow/.local/lib/python3.12/site-packages/airflow/example_dags/example_skip_dag.py
[2025-04-28T02:20:47.575+0000] {logging_mixin.py:188} INFO - [2025-04-28T02:20:47.575+0000] {dag.py:3096} INFO - Sync 1 DAGs
[2025-04-28T02:20:47.582+0000] {logging_mixin.py:188} INFO - [2025-04-28T02:20:47.582+0000] {dag.py:3954} INFO - Setting next_dagrun for example_skip_dag to 2025-04-27 00:00:00+00:00, run_after=2025-04-28 00:00:00+00:00
[2025-04-28T02:20:47.588+0000] {processor.py:183} INFO - Processing /home/airflow/.local/lib/python3.12/site-packages/airflow/example_dags/example_skip_dag.py took 0.026 seconds
[2025-04-28T02:21:18.224+0000] {processor.py:161} INFO - Started process (PID=1267) to work on /home/airflow/.local/lib/python3.12/site-packages/airflow/example_dags/example_skip_dag.py
[2025-04-28T02:21:18.224+0000] {processor.py:830} INFO - Processing file /home/airflow/.local/lib/python3.12/site-packages/airflow/example_dags/example_skip_dag.py for tasks to queue
[2025-04-28T02:21:18.225+0000] {logging_mixin.py:188} INFO - [2025-04-28T02:21:18.224+0000] {dagbag.py:540} INFO - Filling up the DagBag from /home/airflow/.local/lib/python3.12/site-packages/airflow/example_dags/example_skip_dag.py
[2025-04-28T02:21:18.227+0000] {processor.py:840} INFO - DAG(s) 'example_skip_dag' retrieved from /home/airflow/.local/lib/python3.12/site-packages/airflow/example_dags/example_skip_dag.py
[2025-04-28T02:21:18.235+0000] {logging_mixin.py:188} INFO - [2025-04-28T02:21:18.235+0000] {dag.py:3096} INFO - Sync 1 DAGs
[2025-04-28T02:21:18.244+0000] {logging_mixin.py:188} INFO - [2025-04-28T02:21:18.243+0000] {dag.py:3954} INFO - Setting next_dagrun for example_skip_dag to 2025-04-27 00:00:00+00:00, run_after=2025-04-28 00:00:00+00:00
[2025-04-28T02:21:18.253+0000] {processor.py:183} INFO - Processing /home/airflow/.local/lib/python3.12/site-packages/airflow/example_dags/example_skip_dag.py took 0.032 seconds
[2025-04-28T02:21:48.760+0000] {processor.py:161} INFO - Started process (PID=1326) to work on /home/airflow/.local/lib/python3.12/site-packages/airflow/example_dags/example_skip_dag.py
[2025-04-28T02:21:48.760+0000] {processor.py:830} INFO - Processing file /home/airflow/.local/lib/python3.12/site-packages/airflow/example_dags/example_skip_dag.py for tasks to queue
[2025-04-28T02:21:48.761+0000] {logging_mixin.py:188} INFO - [2025-04-28T02:21:48.761+0000] {dagbag.py:540} INFO - Filling up the DagBag from /home/airflow/.local/lib/python3.12/site-packages/airflow/example_dags/example_skip_dag.py
[2025-04-28T02:21:48.763+0000] {processor.py:840} INFO - DAG(s) 'example_skip_dag' retrieved from /home/airflow/.local/lib/python3.12/site-packages/airflow/example_dags/example_skip_dag.py
[2025-04-28T02:21:48.773+0000] {logging_mixin.py:188} INFO - [2025-04-28T02:21:48.773+0000] {dag.py:3096} INFO - Sync 1 DAGs
[2025-04-28T02:21:48.780+0000] {logging_mixin.py:188} INFO - [2025-04-28T02:21:48.780+0000] {dag.py:3954} INFO - Setting next_dagrun for example_skip_dag to 2025-04-27 00:00:00+00:00, run_after=2025-04-28 00:00:00+00:00
[2025-04-28T02:21:48.787+0000] {processor.py:183} INFO - Processing /home/airflow/.local/lib/python3.12/site-packages/airflow/example_dags/example_skip_dag.py took 0.029 seconds
[2025-04-28T02:22:19.360+0000] {processor.py:161} INFO - Started process (PID=1385) to work on /home/airflow/.local/lib/python3.12/site-packages/airflow/example_dags/example_skip_dag.py
[2025-04-28T02:22:19.361+0000] {processor.py:830} INFO - Processing file /home/airflow/.local/lib/python3.12/site-packages/airflow/example_dags/example_skip_dag.py for tasks to queue
[2025-04-28T02:22:19.361+0000] {logging_mixin.py:188} INFO - [2025-04-28T02:22:19.361+0000] {dagbag.py:540} INFO - Filling up the DagBag from /home/airflow/.local/lib/python3.12/site-packages/airflow/example_dags/example_skip_dag.py
[2025-04-28T02:22:19.364+0000] {processor.py:840} INFO - DAG(s) 'example_skip_dag' retrieved from /home/airflow/.local/lib/python3.12/site-packages/airflow/example_dags/example_skip_dag.py
[2025-04-28T02:22:19.374+0000] {logging_mixin.py:188} INFO - [2025-04-28T02:22:19.374+0000] {dag.py:3096} INFO - Sync 1 DAGs
[2025-04-28T02:22:19.382+0000] {logging_mixin.py:188} INFO - [2025-04-28T02:22:19.382+0000] {dag.py:3954} INFO - Setting next_dagrun for example_skip_dag to 2025-04-27 00:00:00+00:00, run_after=2025-04-28 00:00:00+00:00
[2025-04-28T02:22:19.389+0000] {processor.py:183} INFO - Processing /home/airflow/.local/lib/python3.12/site-packages/airflow/example_dags/example_skip_dag.py took 0.031 seconds
[2025-04-28T02:22:49.829+0000] {processor.py:161} INFO - Started process (PID=1444) to work on /home/airflow/.local/lib/python3.12/site-packages/airflow/example_dags/example_skip_dag.py
[2025-04-28T02:22:49.829+0000] {processor.py:830} INFO - Processing file /home/airflow/.local/lib/python3.12/site-packages/airflow/example_dags/example_skip_dag.py for tasks to queue
[2025-04-28T02:22:49.830+0000] {logging_mixin.py:188} INFO - [2025-04-28T02:22:49.830+0000] {dagbag.py:540} INFO - Filling up the DagBag from /home/airflow/.local/lib/python3.12/site-packages/airflow/example_dags/example_skip_dag.py
[2025-04-28T02:22:49.833+0000] {processor.py:840} INFO - DAG(s) 'example_skip_dag' retrieved from /home/airflow/.local/lib/python3.12/site-packages/airflow/example_dags/example_skip_dag.py
[2025-04-28T02:22:49.844+0000] {logging_mixin.py:188} INFO - [2025-04-28T02:22:49.843+0000] {dag.py:3096} INFO - Sync 1 DAGs
[2025-04-28T02:22:49.853+0000] {logging_mixin.py:188} INFO - [2025-04-28T02:22:49.853+0000] {dag.py:3954} INFO - Setting next_dagrun for example_skip_dag to 2025-04-27 00:00:00+00:00, run_after=2025-04-28 00:00:00+00:00
[2025-04-28T02:22:49.861+0000] {processor.py:183} INFO - Processing /home/airflow/.local/lib/python3.12/site-packages/airflow/example_dags/example_skip_dag.py took 0.035 seconds
[2025-04-28T02:23:20.493+0000] {processor.py:161} INFO - Started process (PID=1503) to work on /home/airflow/.local/lib/python3.12/site-packages/airflow/example_dags/example_skip_dag.py
[2025-04-28T02:23:20.494+0000] {processor.py:830} INFO - Processing file /home/airflow/.local/lib/python3.12/site-packages/airflow/example_dags/example_skip_dag.py for tasks to queue
[2025-04-28T02:23:20.494+0000] {logging_mixin.py:188} INFO - [2025-04-28T02:23:20.494+0000] {dagbag.py:540} INFO - Filling up the DagBag from /home/airflow/.local/lib/python3.12/site-packages/airflow/example_dags/example_skip_dag.py
[2025-04-28T02:23:20.497+0000] {processor.py:840} INFO - DAG(s) 'example_skip_dag' retrieved from /home/airflow/.local/lib/python3.12/site-packages/airflow/example_dags/example_skip_dag.py
[2025-04-28T02:23:20.505+0000] {logging_mixin.py:188} INFO - [2025-04-28T02:23:20.505+0000] {dag.py:3096} INFO - Sync 1 DAGs
[2025-04-28T02:23:20.513+0000] {logging_mixin.py:188} INFO - [2025-04-28T02:23:20.513+0000] {dag.py:3954} INFO - Setting next_dagrun for example_skip_dag to 2025-04-27 00:00:00+00:00, run_after=2025-04-28 00:00:00+00:00
[2025-04-28T02:23:20.520+0000] {processor.py:183} INFO - Processing /home/airflow/.local/lib/python3.12/site-packages/airflow/example_dags/example_skip_dag.py took 0.029 seconds
