[2025-04-28T02:11:02.419+0000] {processor.py:161} INFO - Started process (PID=58) to work on /home/airflow/.local/lib/python3.12/site-packages/airflow/example_dags/example_trigger_target_dag.py
[2025-04-28T02:11:02.420+0000] {processor.py:830} INFO - Processing file /home/airflow/.local/lib/python3.12/site-packages/airflow/example_dags/example_trigger_target_dag.py for tasks to queue
[2025-04-28T02:11:02.421+0000] {logging_mixin.py:188} INFO - [2025-04-28T02:11:02.420+0000] {dagbag.py:540} INFO - Filling up the DagBag from /home/airflow/.local/lib/python3.12/site-packages/airflow/example_dags/example_trigger_target_dag.py
[2025-04-28T02:11:02.424+0000] {processor.py:840} INFO - DAG(s) 'example_trigger_target_dag' retrieved from /home/airflow/.local/lib/python3.12/site-packages/airflow/example_dags/example_trigger_target_dag.py
[2025-04-28T02:11:02.431+0000] {logging_mixin.py:188} INFO - [2025-04-28T02:11:02.431+0000] {dag.py:3096} INFO - Sync 1 DAGs
[2025-04-28T02:11:02.437+0000] {logging_mixin.py:188} INFO - [2025-04-28T02:11:02.437+0000] {dag.py:3954} INFO - Setting next_dagrun for example_trigger_target_dag to None, run_after=None
[2025-04-28T02:11:02.445+0000] {processor.py:183} INFO - Processing /home/airflow/.local/lib/python3.12/site-packages/airflow/example_dags/example_trigger_target_dag.py took 0.028 seconds
[2025-04-28T02:11:32.859+0000] {processor.py:161} INFO - Started process (PID=116) to work on /home/airflow/.local/lib/python3.12/site-packages/airflow/example_dags/example_trigger_target_dag.py
[2025-04-28T02:11:32.859+0000] {processor.py:830} INFO - Processing file /home/airflow/.local/lib/python3.12/site-packages/airflow/example_dags/example_trigger_target_dag.py for tasks to queue
[2025-04-28T02:11:32.860+0000] {logging_mixin.py:188} INFO - [2025-04-28T02:11:32.860+0000] {dagbag.py:540} INFO - Filling up the DagBag from /home/airflow/.local/lib/python3.12/site-packages/airflow/example_dags/example_trigger_target_dag.py
[2025-04-28T02:11:32.862+0000] {processor.py:840} INFO - DAG(s) 'example_trigger_target_dag' retrieved from /home/airflow/.local/lib/python3.12/site-packages/airflow/example_dags/example_trigger_target_dag.py
[2025-04-28T02:11:32.898+0000] {logging_mixin.py:188} INFO - [2025-04-28T02:11:32.898+0000] {dag.py:3096} INFO - Sync 1 DAGs
[2025-04-28T02:11:32.902+0000] {logging_mixin.py:188} INFO - [2025-04-28T02:11:32.902+0000] {dag.py:3954} INFO - Setting next_dagrun for example_trigger_target_dag to None, run_after=None
[2025-04-28T02:11:32.911+0000] {processor.py:183} INFO - Processing /home/airflow/.local/lib/python3.12/site-packages/airflow/example_dags/example_trigger_target_dag.py took 0.055 seconds
[2025-04-28T02:12:03.780+0000] {processor.py:161} INFO - Started process (PID=174) to work on /home/airflow/.local/lib/python3.12/site-packages/airflow/example_dags/example_trigger_target_dag.py
[2025-04-28T02:12:03.781+0000] {processor.py:830} INFO - Processing file /home/airflow/.local/lib/python3.12/site-packages/airflow/example_dags/example_trigger_target_dag.py for tasks to queue
[2025-04-28T02:12:03.783+0000] {logging_mixin.py:188} INFO - [2025-04-28T02:12:03.783+0000] {dagbag.py:540} INFO - Filling up the DagBag from /home/airflow/.local/lib/python3.12/site-packages/airflow/example_dags/example_trigger_target_dag.py
[2025-04-28T02:12:03.785+0000] {processor.py:840} INFO - DAG(s) 'example_trigger_target_dag' retrieved from /home/airflow/.local/lib/python3.12/site-packages/airflow/example_dags/example_trigger_target_dag.py
[2025-04-28T02:12:03.794+0000] {logging_mixin.py:188} INFO - [2025-04-28T02:12:03.793+0000] {dag.py:3096} INFO - Sync 1 DAGs
[2025-04-28T02:12:03.798+0000] {logging_mixin.py:188} INFO - [2025-04-28T02:12:03.798+0000] {dag.py:3954} INFO - Setting next_dagrun for example_trigger_target_dag to None, run_after=None
[2025-04-28T02:12:03.811+0000] {processor.py:183} INFO - Processing /home/airflow/.local/lib/python3.12/site-packages/airflow/example_dags/example_trigger_target_dag.py took 0.033 seconds
[2025-04-28T02:12:34.325+0000] {processor.py:161} INFO - Started process (PID=232) to work on /home/airflow/.local/lib/python3.12/site-packages/airflow/example_dags/example_trigger_target_dag.py
[2025-04-28T02:12:34.326+0000] {processor.py:830} INFO - Processing file /home/airflow/.local/lib/python3.12/site-packages/airflow/example_dags/example_trigger_target_dag.py for tasks to queue
[2025-04-28T02:12:34.326+0000] {logging_mixin.py:188} INFO - [2025-04-28T02:12:34.326+0000] {dagbag.py:540} INFO - Filling up the DagBag from /home/airflow/.local/lib/python3.12/site-packages/airflow/example_dags/example_trigger_target_dag.py
[2025-04-28T02:12:34.329+0000] {processor.py:840} INFO - DAG(s) 'example_trigger_target_dag' retrieved from /home/airflow/.local/lib/python3.12/site-packages/airflow/example_dags/example_trigger_target_dag.py
[2025-04-28T02:12:34.337+0000] {logging_mixin.py:188} INFO - [2025-04-28T02:12:34.337+0000] {dag.py:3096} INFO - Sync 1 DAGs
[2025-04-28T02:12:34.341+0000] {logging_mixin.py:188} INFO - [2025-04-28T02:12:34.341+0000] {dag.py:3954} INFO - Setting next_dagrun for example_trigger_target_dag to None, run_after=None
[2025-04-28T02:12:34.350+0000] {processor.py:183} INFO - Processing /home/airflow/.local/lib/python3.12/site-packages/airflow/example_dags/example_trigger_target_dag.py took 0.027 seconds
[2025-04-28T02:13:04.839+0000] {processor.py:161} INFO - Started process (PID=296) to work on /home/airflow/.local/lib/python3.12/site-packages/airflow/example_dags/example_trigger_target_dag.py
[2025-04-28T02:13:04.839+0000] {processor.py:830} INFO - Processing file /home/airflow/.local/lib/python3.12/site-packages/airflow/example_dags/example_trigger_target_dag.py for tasks to queue
[2025-04-28T02:13:04.840+0000] {logging_mixin.py:188} INFO - [2025-04-28T02:13:04.840+0000] {dagbag.py:540} INFO - Filling up the DagBag from /home/airflow/.local/lib/python3.12/site-packages/airflow/example_dags/example_trigger_target_dag.py
[2025-04-28T02:13:04.844+0000] {processor.py:840} INFO - DAG(s) 'example_trigger_target_dag' retrieved from /home/airflow/.local/lib/python3.12/site-packages/airflow/example_dags/example_trigger_target_dag.py
[2025-04-28T02:13:04.855+0000] {logging_mixin.py:188} INFO - [2025-04-28T02:13:04.855+0000] {dag.py:3096} INFO - Sync 1 DAGs
[2025-04-28T02:13:04.859+0000] {logging_mixin.py:188} INFO - [2025-04-28T02:13:04.859+0000] {dag.py:3954} INFO - Setting next_dagrun for example_trigger_target_dag to None, run_after=None
[2025-04-28T02:13:04.868+0000] {processor.py:183} INFO - Processing /home/airflow/.local/lib/python3.12/site-packages/airflow/example_dags/example_trigger_target_dag.py took 0.031 seconds
[2025-04-28T02:13:35.321+0000] {processor.py:161} INFO - Started process (PID=354) to work on /home/airflow/.local/lib/python3.12/site-packages/airflow/example_dags/example_trigger_target_dag.py
[2025-04-28T02:13:35.322+0000] {processor.py:830} INFO - Processing file /home/airflow/.local/lib/python3.12/site-packages/airflow/example_dags/example_trigger_target_dag.py for tasks to queue
[2025-04-28T02:13:35.323+0000] {logging_mixin.py:188} INFO - [2025-04-28T02:13:35.323+0000] {dagbag.py:540} INFO - Filling up the DagBag from /home/airflow/.local/lib/python3.12/site-packages/airflow/example_dags/example_trigger_target_dag.py
[2025-04-28T02:13:35.326+0000] {processor.py:840} INFO - DAG(s) 'example_trigger_target_dag' retrieved from /home/airflow/.local/lib/python3.12/site-packages/airflow/example_dags/example_trigger_target_dag.py
[2025-04-28T02:13:35.335+0000] {logging_mixin.py:188} INFO - [2025-04-28T02:13:35.335+0000] {dag.py:3096} INFO - Sync 1 DAGs
[2025-04-28T02:13:35.340+0000] {logging_mixin.py:188} INFO - [2025-04-28T02:13:35.340+0000] {dag.py:3954} INFO - Setting next_dagrun for example_trigger_target_dag to None, run_after=None
[2025-04-28T02:13:35.349+0000] {processor.py:183} INFO - Processing /home/airflow/.local/lib/python3.12/site-packages/airflow/example_dags/example_trigger_target_dag.py took 0.030 seconds
[2025-04-28T02:14:05.825+0000] {processor.py:161} INFO - Started process (PID=412) to work on /home/airflow/.local/lib/python3.12/site-packages/airflow/example_dags/example_trigger_target_dag.py
[2025-04-28T02:14:05.826+0000] {processor.py:830} INFO - Processing file /home/airflow/.local/lib/python3.12/site-packages/airflow/example_dags/example_trigger_target_dag.py for tasks to queue
[2025-04-28T02:14:05.826+0000] {logging_mixin.py:188} INFO - [2025-04-28T02:14:05.826+0000] {dagbag.py:540} INFO - Filling up the DagBag from /home/airflow/.local/lib/python3.12/site-packages/airflow/example_dags/example_trigger_target_dag.py
[2025-04-28T02:14:05.831+0000] {processor.py:840} INFO - DAG(s) 'example_trigger_target_dag' retrieved from /home/airflow/.local/lib/python3.12/site-packages/airflow/example_dags/example_trigger_target_dag.py
[2025-04-28T02:14:05.837+0000] {logging_mixin.py:188} INFO - [2025-04-28T02:14:05.836+0000] {dag.py:3096} INFO - Sync 1 DAGs
[2025-04-28T02:14:05.843+0000] {logging_mixin.py:188} INFO - [2025-04-28T02:14:05.843+0000] {dag.py:3954} INFO - Setting next_dagrun for example_trigger_target_dag to None, run_after=None
[2025-04-28T02:14:05.855+0000] {processor.py:183} INFO - Processing /home/airflow/.local/lib/python3.12/site-packages/airflow/example_dags/example_trigger_target_dag.py took 0.033 seconds
[2025-04-28T02:14:36.333+0000] {processor.py:161} INFO - Started process (PID=470) to work on /home/airflow/.local/lib/python3.12/site-packages/airflow/example_dags/example_trigger_target_dag.py
[2025-04-28T02:14:36.333+0000] {processor.py:830} INFO - Processing file /home/airflow/.local/lib/python3.12/site-packages/airflow/example_dags/example_trigger_target_dag.py for tasks to queue
[2025-04-28T02:14:36.334+0000] {logging_mixin.py:188} INFO - [2025-04-28T02:14:36.334+0000] {dagbag.py:540} INFO - Filling up the DagBag from /home/airflow/.local/lib/python3.12/site-packages/airflow/example_dags/example_trigger_target_dag.py
[2025-04-28T02:14:36.337+0000] {processor.py:840} INFO - DAG(s) 'example_trigger_target_dag' retrieved from /home/airflow/.local/lib/python3.12/site-packages/airflow/example_dags/example_trigger_target_dag.py
[2025-04-28T02:14:36.343+0000] {logging_mixin.py:188} INFO - [2025-04-28T02:14:36.342+0000] {dag.py:3096} INFO - Sync 1 DAGs
[2025-04-28T02:14:36.349+0000] {logging_mixin.py:188} INFO - [2025-04-28T02:14:36.349+0000] {dag.py:3954} INFO - Setting next_dagrun for example_trigger_target_dag to None, run_after=None
[2025-04-28T02:14:36.363+0000] {processor.py:183} INFO - Processing /home/airflow/.local/lib/python3.12/site-packages/airflow/example_dags/example_trigger_target_dag.py took 0.033 seconds
[2025-04-28T02:15:07.519+0000] {processor.py:161} INFO - Started process (PID=528) to work on /home/airflow/.local/lib/python3.12/site-packages/airflow/example_dags/example_trigger_target_dag.py
[2025-04-28T02:15:07.520+0000] {processor.py:830} INFO - Processing file /home/airflow/.local/lib/python3.12/site-packages/airflow/example_dags/example_trigger_target_dag.py for tasks to queue
[2025-04-28T02:15:07.521+0000] {logging_mixin.py:188} INFO - [2025-04-28T02:15:07.520+0000] {dagbag.py:540} INFO - Filling up the DagBag from /home/airflow/.local/lib/python3.12/site-packages/airflow/example_dags/example_trigger_target_dag.py
[2025-04-28T02:15:07.523+0000] {processor.py:840} INFO - DAG(s) 'example_trigger_target_dag' retrieved from /home/airflow/.local/lib/python3.12/site-packages/airflow/example_dags/example_trigger_target_dag.py
[2025-04-28T02:15:07.557+0000] {logging_mixin.py:188} INFO - [2025-04-28T02:15:07.557+0000] {dag.py:3096} INFO - Sync 1 DAGs
[2025-04-28T02:15:07.618+0000] {logging_mixin.py:188} INFO - [2025-04-28T02:15:07.618+0000] {dag.py:3954} INFO - Setting next_dagrun for example_trigger_target_dag to None, run_after=None
[2025-04-28T02:15:07.625+0000] {processor.py:183} INFO - Processing /home/airflow/.local/lib/python3.12/site-packages/airflow/example_dags/example_trigger_target_dag.py took 0.107 seconds
[2025-04-28T02:15:38.028+0000] {processor.py:161} INFO - Started process (PID=586) to work on /home/airflow/.local/lib/python3.12/site-packages/airflow/example_dags/example_trigger_target_dag.py
[2025-04-28T02:15:38.028+0000] {processor.py:830} INFO - Processing file /home/airflow/.local/lib/python3.12/site-packages/airflow/example_dags/example_trigger_target_dag.py for tasks to queue
[2025-04-28T02:15:38.029+0000] {logging_mixin.py:188} INFO - [2025-04-28T02:15:38.029+0000] {dagbag.py:540} INFO - Filling up the DagBag from /home/airflow/.local/lib/python3.12/site-packages/airflow/example_dags/example_trigger_target_dag.py
[2025-04-28T02:15:38.031+0000] {processor.py:840} INFO - DAG(s) 'example_trigger_target_dag' retrieved from /home/airflow/.local/lib/python3.12/site-packages/airflow/example_dags/example_trigger_target_dag.py
[2025-04-28T02:15:38.041+0000] {logging_mixin.py:188} INFO - [2025-04-28T02:15:38.041+0000] {dag.py:3096} INFO - Sync 1 DAGs
[2025-04-28T02:15:38.045+0000] {logging_mixin.py:188} INFO - [2025-04-28T02:15:38.045+0000] {dag.py:3954} INFO - Setting next_dagrun for example_trigger_target_dag to None, run_after=None
[2025-04-28T02:15:38.052+0000] {processor.py:183} INFO - Processing /home/airflow/.local/lib/python3.12/site-packages/airflow/example_dags/example_trigger_target_dag.py took 0.027 seconds
[2025-04-28T02:16:08.558+0000] {processor.py:161} INFO - Started process (PID=644) to work on /home/airflow/.local/lib/python3.12/site-packages/airflow/example_dags/example_trigger_target_dag.py
[2025-04-28T02:16:08.560+0000] {processor.py:830} INFO - Processing file /home/airflow/.local/lib/python3.12/site-packages/airflow/example_dags/example_trigger_target_dag.py for tasks to queue
[2025-04-28T02:16:08.561+0000] {logging_mixin.py:188} INFO - [2025-04-28T02:16:08.561+0000] {dagbag.py:540} INFO - Filling up the DagBag from /home/airflow/.local/lib/python3.12/site-packages/airflow/example_dags/example_trigger_target_dag.py
[2025-04-28T02:16:08.564+0000] {processor.py:840} INFO - DAG(s) 'example_trigger_target_dag' retrieved from /home/airflow/.local/lib/python3.12/site-packages/airflow/example_dags/example_trigger_target_dag.py
[2025-04-28T02:16:08.574+0000] {logging_mixin.py:188} INFO - [2025-04-28T02:16:08.574+0000] {dag.py:3096} INFO - Sync 1 DAGs
[2025-04-28T02:16:08.580+0000] {logging_mixin.py:188} INFO - [2025-04-28T02:16:08.580+0000] {dag.py:3954} INFO - Setting next_dagrun for example_trigger_target_dag to None, run_after=None
[2025-04-28T02:16:08.589+0000] {processor.py:183} INFO - Processing /home/airflow/.local/lib/python3.12/site-packages/airflow/example_dags/example_trigger_target_dag.py took 0.033 seconds
[2025-04-28T02:16:39.292+0000] {processor.py:161} INFO - Started process (PID=703) to work on /home/airflow/.local/lib/python3.12/site-packages/airflow/example_dags/example_trigger_target_dag.py
[2025-04-28T02:16:39.293+0000] {processor.py:830} INFO - Processing file /home/airflow/.local/lib/python3.12/site-packages/airflow/example_dags/example_trigger_target_dag.py for tasks to queue
[2025-04-28T02:16:39.294+0000] {logging_mixin.py:188} INFO - [2025-04-28T02:16:39.294+0000] {dagbag.py:540} INFO - Filling up the DagBag from /home/airflow/.local/lib/python3.12/site-packages/airflow/example_dags/example_trigger_target_dag.py
[2025-04-28T02:16:39.297+0000] {processor.py:840} INFO - DAG(s) 'example_trigger_target_dag' retrieved from /home/airflow/.local/lib/python3.12/site-packages/airflow/example_dags/example_trigger_target_dag.py
[2025-04-28T02:16:39.304+0000] {logging_mixin.py:188} INFO - [2025-04-28T02:16:39.304+0000] {dag.py:3096} INFO - Sync 1 DAGs
[2025-04-28T02:16:39.308+0000] {logging_mixin.py:188} INFO - [2025-04-28T02:16:39.308+0000] {dag.py:3954} INFO - Setting next_dagrun for example_trigger_target_dag to None, run_after=None
[2025-04-28T02:16:39.316+0000] {processor.py:183} INFO - Processing /home/airflow/.local/lib/python3.12/site-packages/airflow/example_dags/example_trigger_target_dag.py took 0.027 seconds
[2025-04-28T02:17:09.791+0000] {processor.py:161} INFO - Started process (PID=762) to work on /home/airflow/.local/lib/python3.12/site-packages/airflow/example_dags/example_trigger_target_dag.py
[2025-04-28T02:17:09.792+0000] {processor.py:830} INFO - Processing file /home/airflow/.local/lib/python3.12/site-packages/airflow/example_dags/example_trigger_target_dag.py for tasks to queue
[2025-04-28T02:17:09.792+0000] {logging_mixin.py:188} INFO - [2025-04-28T02:17:09.792+0000] {dagbag.py:540} INFO - Filling up the DagBag from /home/airflow/.local/lib/python3.12/site-packages/airflow/example_dags/example_trigger_target_dag.py
[2025-04-28T02:17:09.795+0000] {processor.py:840} INFO - DAG(s) 'example_trigger_target_dag' retrieved from /home/airflow/.local/lib/python3.12/site-packages/airflow/example_dags/example_trigger_target_dag.py
[2025-04-28T02:17:09.807+0000] {logging_mixin.py:188} INFO - [2025-04-28T02:17:09.807+0000] {dag.py:3096} INFO - Sync 1 DAGs
[2025-04-28T02:17:09.812+0000] {logging_mixin.py:188} INFO - [2025-04-28T02:17:09.812+0000] {dag.py:3954} INFO - Setting next_dagrun for example_trigger_target_dag to None, run_after=None
[2025-04-28T02:17:09.823+0000] {processor.py:183} INFO - Processing /home/airflow/.local/lib/python3.12/site-packages/airflow/example_dags/example_trigger_target_dag.py took 0.034 seconds
[2025-04-28T02:17:40.623+0000] {processor.py:161} INFO - Started process (PID=821) to work on /home/airflow/.local/lib/python3.12/site-packages/airflow/example_dags/example_trigger_target_dag.py
[2025-04-28T02:17:40.623+0000] {processor.py:830} INFO - Processing file /home/airflow/.local/lib/python3.12/site-packages/airflow/example_dags/example_trigger_target_dag.py for tasks to queue
[2025-04-28T02:17:40.624+0000] {logging_mixin.py:188} INFO - [2025-04-28T02:17:40.624+0000] {dagbag.py:540} INFO - Filling up the DagBag from /home/airflow/.local/lib/python3.12/site-packages/airflow/example_dags/example_trigger_target_dag.py
[2025-04-28T02:17:40.627+0000] {processor.py:840} INFO - DAG(s) 'example_trigger_target_dag' retrieved from /home/airflow/.local/lib/python3.12/site-packages/airflow/example_dags/example_trigger_target_dag.py
[2025-04-28T02:17:40.634+0000] {logging_mixin.py:188} INFO - [2025-04-28T02:17:40.634+0000] {dag.py:3096} INFO - Sync 1 DAGs
[2025-04-28T02:17:40.639+0000] {logging_mixin.py:188} INFO - [2025-04-28T02:17:40.639+0000] {dag.py:3954} INFO - Setting next_dagrun for example_trigger_target_dag to None, run_after=None
[2025-04-28T02:17:40.646+0000] {processor.py:183} INFO - Processing /home/airflow/.local/lib/python3.12/site-packages/airflow/example_dags/example_trigger_target_dag.py took 0.025 seconds
[2025-04-28T02:18:11.396+0000] {processor.py:161} INFO - Started process (PID=884) to work on /home/airflow/.local/lib/python3.12/site-packages/airflow/example_dags/example_trigger_target_dag.py
[2025-04-28T02:18:11.397+0000] {processor.py:830} INFO - Processing file /home/airflow/.local/lib/python3.12/site-packages/airflow/example_dags/example_trigger_target_dag.py for tasks to queue
[2025-04-28T02:18:11.397+0000] {logging_mixin.py:188} INFO - [2025-04-28T02:18:11.397+0000] {dagbag.py:540} INFO - Filling up the DagBag from /home/airflow/.local/lib/python3.12/site-packages/airflow/example_dags/example_trigger_target_dag.py
[2025-04-28T02:18:11.399+0000] {processor.py:840} INFO - DAG(s) 'example_trigger_target_dag' retrieved from /home/airflow/.local/lib/python3.12/site-packages/airflow/example_dags/example_trigger_target_dag.py
[2025-04-28T02:18:11.406+0000] {logging_mixin.py:188} INFO - [2025-04-28T02:18:11.406+0000] {dag.py:3096} INFO - Sync 1 DAGs
[2025-04-28T02:18:11.411+0000] {logging_mixin.py:188} INFO - [2025-04-28T02:18:11.411+0000] {dag.py:3954} INFO - Setting next_dagrun for example_trigger_target_dag to None, run_after=None
[2025-04-28T02:18:11.417+0000] {processor.py:183} INFO - Processing /home/airflow/.local/lib/python3.12/site-packages/airflow/example_dags/example_trigger_target_dag.py took 0.023 seconds
[2025-04-28T02:18:42.144+0000] {processor.py:161} INFO - Started process (PID=943) to work on /home/airflow/.local/lib/python3.12/site-packages/airflow/example_dags/example_trigger_target_dag.py
[2025-04-28T02:18:42.144+0000] {processor.py:830} INFO - Processing file /home/airflow/.local/lib/python3.12/site-packages/airflow/example_dags/example_trigger_target_dag.py for tasks to queue
[2025-04-28T02:18:42.145+0000] {logging_mixin.py:188} INFO - [2025-04-28T02:18:42.145+0000] {dagbag.py:540} INFO - Filling up the DagBag from /home/airflow/.local/lib/python3.12/site-packages/airflow/example_dags/example_trigger_target_dag.py
[2025-04-28T02:18:42.147+0000] {processor.py:840} INFO - DAG(s) 'example_trigger_target_dag' retrieved from /home/airflow/.local/lib/python3.12/site-packages/airflow/example_dags/example_trigger_target_dag.py
[2025-04-28T02:18:42.155+0000] {logging_mixin.py:188} INFO - [2025-04-28T02:18:42.155+0000] {dag.py:3096} INFO - Sync 1 DAGs
[2025-04-28T02:18:42.160+0000] {logging_mixin.py:188} INFO - [2025-04-28T02:18:42.160+0000] {dag.py:3954} INFO - Setting next_dagrun for example_trigger_target_dag to None, run_after=None
[2025-04-28T02:18:42.167+0000] {processor.py:183} INFO - Processing /home/airflow/.local/lib/python3.12/site-packages/airflow/example_dags/example_trigger_target_dag.py took 0.026 seconds
[2025-04-28T02:19:13.160+0000] {processor.py:161} INFO - Started process (PID=1002) to work on /home/airflow/.local/lib/python3.12/site-packages/airflow/example_dags/example_trigger_target_dag.py
[2025-04-28T02:19:13.160+0000] {processor.py:830} INFO - Processing file /home/airflow/.local/lib/python3.12/site-packages/airflow/example_dags/example_trigger_target_dag.py for tasks to queue
[2025-04-28T02:19:13.163+0000] {logging_mixin.py:188} INFO - [2025-04-28T02:19:13.163+0000] {dagbag.py:540} INFO - Filling up the DagBag from /home/airflow/.local/lib/python3.12/site-packages/airflow/example_dags/example_trigger_target_dag.py
[2025-04-28T02:19:13.166+0000] {processor.py:840} INFO - DAG(s) 'example_trigger_target_dag' retrieved from /home/airflow/.local/lib/python3.12/site-packages/airflow/example_dags/example_trigger_target_dag.py
[2025-04-28T02:19:13.175+0000] {logging_mixin.py:188} INFO - [2025-04-28T02:19:13.175+0000] {dag.py:3096} INFO - Sync 1 DAGs
[2025-04-28T02:19:13.244+0000] {logging_mixin.py:188} INFO - [2025-04-28T02:19:13.244+0000] {dag.py:3954} INFO - Setting next_dagrun for example_trigger_target_dag to None, run_after=None
[2025-04-28T02:19:13.253+0000] {processor.py:183} INFO - Processing /home/airflow/.local/lib/python3.12/site-packages/airflow/example_dags/example_trigger_target_dag.py took 0.095 seconds
[2025-04-28T02:19:43.313+0000] {processor.py:161} INFO - Started process (PID=1061) to work on /home/airflow/.local/lib/python3.12/site-packages/airflow/example_dags/example_trigger_target_dag.py
[2025-04-28T02:19:43.313+0000] {processor.py:830} INFO - Processing file /home/airflow/.local/lib/python3.12/site-packages/airflow/example_dags/example_trigger_target_dag.py for tasks to queue
[2025-04-28T02:19:43.316+0000] {logging_mixin.py:188} INFO - [2025-04-28T02:19:43.315+0000] {dagbag.py:540} INFO - Filling up the DagBag from /home/airflow/.local/lib/python3.12/site-packages/airflow/example_dags/example_trigger_target_dag.py
[2025-04-28T02:19:43.318+0000] {processor.py:840} INFO - DAG(s) 'example_trigger_target_dag' retrieved from /home/airflow/.local/lib/python3.12/site-packages/airflow/example_dags/example_trigger_target_dag.py
[2025-04-28T02:19:43.326+0000] {logging_mixin.py:188} INFO - [2025-04-28T02:19:43.326+0000] {dag.py:3096} INFO - Sync 1 DAGs
[2025-04-28T02:19:43.331+0000] {logging_mixin.py:188} INFO - [2025-04-28T02:19:43.331+0000] {dag.py:3954} INFO - Setting next_dagrun for example_trigger_target_dag to None, run_after=None
[2025-04-28T02:19:43.412+0000] {processor.py:183} INFO - Processing /home/airflow/.local/lib/python3.12/site-packages/airflow/example_dags/example_trigger_target_dag.py took 0.101 seconds
[2025-04-28T02:20:14.224+0000] {processor.py:161} INFO - Started process (PID=1120) to work on /home/airflow/.local/lib/python3.12/site-packages/airflow/example_dags/example_trigger_target_dag.py
[2025-04-28T02:20:14.225+0000] {processor.py:830} INFO - Processing file /home/airflow/.local/lib/python3.12/site-packages/airflow/example_dags/example_trigger_target_dag.py for tasks to queue
[2025-04-28T02:20:14.225+0000] {logging_mixin.py:188} INFO - [2025-04-28T02:20:14.225+0000] {dagbag.py:540} INFO - Filling up the DagBag from /home/airflow/.local/lib/python3.12/site-packages/airflow/example_dags/example_trigger_target_dag.py
[2025-04-28T02:20:14.228+0000] {processor.py:840} INFO - DAG(s) 'example_trigger_target_dag' retrieved from /home/airflow/.local/lib/python3.12/site-packages/airflow/example_dags/example_trigger_target_dag.py
[2025-04-28T02:20:14.236+0000] {logging_mixin.py:188} INFO - [2025-04-28T02:20:14.236+0000] {dag.py:3096} INFO - Sync 1 DAGs
[2025-04-28T02:20:14.240+0000] {logging_mixin.py:188} INFO - [2025-04-28T02:20:14.240+0000] {dag.py:3954} INFO - Setting next_dagrun for example_trigger_target_dag to None, run_after=None
[2025-04-28T02:20:14.250+0000] {processor.py:183} INFO - Processing /home/airflow/.local/lib/python3.12/site-packages/airflow/example_dags/example_trigger_target_dag.py took 0.028 seconds
[2025-04-28T02:20:44.796+0000] {processor.py:161} INFO - Started process (PID=1179) to work on /home/airflow/.local/lib/python3.12/site-packages/airflow/example_dags/example_trigger_target_dag.py
[2025-04-28T02:20:44.796+0000] {processor.py:830} INFO - Processing file /home/airflow/.local/lib/python3.12/site-packages/airflow/example_dags/example_trigger_target_dag.py for tasks to queue
[2025-04-28T02:20:44.797+0000] {logging_mixin.py:188} INFO - [2025-04-28T02:20:44.797+0000] {dagbag.py:540} INFO - Filling up the DagBag from /home/airflow/.local/lib/python3.12/site-packages/airflow/example_dags/example_trigger_target_dag.py
[2025-04-28T02:20:44.800+0000] {processor.py:840} INFO - DAG(s) 'example_trigger_target_dag' retrieved from /home/airflow/.local/lib/python3.12/site-packages/airflow/example_dags/example_trigger_target_dag.py
[2025-04-28T02:20:44.809+0000] {logging_mixin.py:188} INFO - [2025-04-28T02:20:44.809+0000] {dag.py:3096} INFO - Sync 1 DAGs
[2025-04-28T02:20:44.814+0000] {logging_mixin.py:188} INFO - [2025-04-28T02:20:44.814+0000] {dag.py:3954} INFO - Setting next_dagrun for example_trigger_target_dag to None, run_after=None
[2025-04-28T02:20:44.825+0000] {processor.py:183} INFO - Processing /home/airflow/.local/lib/python3.12/site-packages/airflow/example_dags/example_trigger_target_dag.py took 0.033 seconds
[2025-04-28T02:21:15.444+0000] {processor.py:161} INFO - Started process (PID=1238) to work on /home/airflow/.local/lib/python3.12/site-packages/airflow/example_dags/example_trigger_target_dag.py
[2025-04-28T02:21:15.445+0000] {processor.py:830} INFO - Processing file /home/airflow/.local/lib/python3.12/site-packages/airflow/example_dags/example_trigger_target_dag.py for tasks to queue
[2025-04-28T02:21:15.445+0000] {logging_mixin.py:188} INFO - [2025-04-28T02:21:15.445+0000] {dagbag.py:540} INFO - Filling up the DagBag from /home/airflow/.local/lib/python3.12/site-packages/airflow/example_dags/example_trigger_target_dag.py
[2025-04-28T02:21:15.447+0000] {processor.py:840} INFO - DAG(s) 'example_trigger_target_dag' retrieved from /home/airflow/.local/lib/python3.12/site-packages/airflow/example_dags/example_trigger_target_dag.py
[2025-04-28T02:21:15.455+0000] {logging_mixin.py:188} INFO - [2025-04-28T02:21:15.454+0000] {dag.py:3096} INFO - Sync 1 DAGs
[2025-04-28T02:21:15.459+0000] {logging_mixin.py:188} INFO - [2025-04-28T02:21:15.458+0000] {dag.py:3954} INFO - Setting next_dagrun for example_trigger_target_dag to None, run_after=None
[2025-04-28T02:21:15.465+0000] {processor.py:183} INFO - Processing /home/airflow/.local/lib/python3.12/site-packages/airflow/example_dags/example_trigger_target_dag.py took 0.022 seconds
[2025-04-28T02:21:46.032+0000] {processor.py:161} INFO - Started process (PID=1297) to work on /home/airflow/.local/lib/python3.12/site-packages/airflow/example_dags/example_trigger_target_dag.py
[2025-04-28T02:21:46.032+0000] {processor.py:830} INFO - Processing file /home/airflow/.local/lib/python3.12/site-packages/airflow/example_dags/example_trigger_target_dag.py for tasks to queue
[2025-04-28T02:21:46.033+0000] {logging_mixin.py:188} INFO - [2025-04-28T02:21:46.032+0000] {dagbag.py:540} INFO - Filling up the DagBag from /home/airflow/.local/lib/python3.12/site-packages/airflow/example_dags/example_trigger_target_dag.py
[2025-04-28T02:21:46.035+0000] {processor.py:840} INFO - DAG(s) 'example_trigger_target_dag' retrieved from /home/airflow/.local/lib/python3.12/site-packages/airflow/example_dags/example_trigger_target_dag.py
[2025-04-28T02:21:46.042+0000] {logging_mixin.py:188} INFO - [2025-04-28T02:21:46.042+0000] {dag.py:3096} INFO - Sync 1 DAGs
[2025-04-28T02:21:46.047+0000] {logging_mixin.py:188} INFO - [2025-04-28T02:21:46.046+0000] {dag.py:3954} INFO - Setting next_dagrun for example_trigger_target_dag to None, run_after=None
[2025-04-28T02:21:46.052+0000] {processor.py:183} INFO - Processing /home/airflow/.local/lib/python3.12/site-packages/airflow/example_dags/example_trigger_target_dag.py took 0.023 seconds
[2025-04-28T02:22:16.573+0000] {processor.py:161} INFO - Started process (PID=1356) to work on /home/airflow/.local/lib/python3.12/site-packages/airflow/example_dags/example_trigger_target_dag.py
[2025-04-28T02:22:16.573+0000] {processor.py:830} INFO - Processing file /home/airflow/.local/lib/python3.12/site-packages/airflow/example_dags/example_trigger_target_dag.py for tasks to queue
[2025-04-28T02:22:16.574+0000] {logging_mixin.py:188} INFO - [2025-04-28T02:22:16.574+0000] {dagbag.py:540} INFO - Filling up the DagBag from /home/airflow/.local/lib/python3.12/site-packages/airflow/example_dags/example_trigger_target_dag.py
[2025-04-28T02:22:16.576+0000] {processor.py:840} INFO - DAG(s) 'example_trigger_target_dag' retrieved from /home/airflow/.local/lib/python3.12/site-packages/airflow/example_dags/example_trigger_target_dag.py
[2025-04-28T02:22:16.583+0000] {logging_mixin.py:188} INFO - [2025-04-28T02:22:16.583+0000] {dag.py:3096} INFO - Sync 1 DAGs
[2025-04-28T02:22:16.587+0000] {logging_mixin.py:188} INFO - [2025-04-28T02:22:16.587+0000] {dag.py:3954} INFO - Setting next_dagrun for example_trigger_target_dag to None, run_after=None
[2025-04-28T02:22:16.593+0000] {processor.py:183} INFO - Processing /home/airflow/.local/lib/python3.12/site-packages/airflow/example_dags/example_trigger_target_dag.py took 0.023 seconds
[2025-04-28T02:22:47.092+0000] {processor.py:161} INFO - Started process (PID=1415) to work on /home/airflow/.local/lib/python3.12/site-packages/airflow/example_dags/example_trigger_target_dag.py
[2025-04-28T02:22:47.093+0000] {processor.py:830} INFO - Processing file /home/airflow/.local/lib/python3.12/site-packages/airflow/example_dags/example_trigger_target_dag.py for tasks to queue
[2025-04-28T02:22:47.093+0000] {logging_mixin.py:188} INFO - [2025-04-28T02:22:47.093+0000] {dagbag.py:540} INFO - Filling up the DagBag from /home/airflow/.local/lib/python3.12/site-packages/airflow/example_dags/example_trigger_target_dag.py
[2025-04-28T02:22:47.096+0000] {processor.py:840} INFO - DAG(s) 'example_trigger_target_dag' retrieved from /home/airflow/.local/lib/python3.12/site-packages/airflow/example_dags/example_trigger_target_dag.py
[2025-04-28T02:22:47.105+0000] {logging_mixin.py:188} INFO - [2025-04-28T02:22:47.105+0000] {dag.py:3096} INFO - Sync 1 DAGs
[2025-04-28T02:22:47.110+0000] {logging_mixin.py:188} INFO - [2025-04-28T02:22:47.110+0000] {dag.py:3954} INFO - Setting next_dagrun for example_trigger_target_dag to None, run_after=None
[2025-04-28T02:22:47.123+0000] {processor.py:183} INFO - Processing /home/airflow/.local/lib/python3.12/site-packages/airflow/example_dags/example_trigger_target_dag.py took 0.033 seconds
[2025-04-28T02:23:17.761+0000] {processor.py:161} INFO - Started process (PID=1474) to work on /home/airflow/.local/lib/python3.12/site-packages/airflow/example_dags/example_trigger_target_dag.py
[2025-04-28T02:23:17.761+0000] {processor.py:830} INFO - Processing file /home/airflow/.local/lib/python3.12/site-packages/airflow/example_dags/example_trigger_target_dag.py for tasks to queue
[2025-04-28T02:23:17.762+0000] {logging_mixin.py:188} INFO - [2025-04-28T02:23:17.761+0000] {dagbag.py:540} INFO - Filling up the DagBag from /home/airflow/.local/lib/python3.12/site-packages/airflow/example_dags/example_trigger_target_dag.py
[2025-04-28T02:23:17.764+0000] {processor.py:840} INFO - DAG(s) 'example_trigger_target_dag' retrieved from /home/airflow/.local/lib/python3.12/site-packages/airflow/example_dags/example_trigger_target_dag.py
[2025-04-28T02:23:17.771+0000] {logging_mixin.py:188} INFO - [2025-04-28T02:23:17.771+0000] {dag.py:3096} INFO - Sync 1 DAGs
[2025-04-28T02:23:17.775+0000] {logging_mixin.py:188} INFO - [2025-04-28T02:23:17.775+0000] {dag.py:3954} INFO - Setting next_dagrun for example_trigger_target_dag to None, run_after=None
[2025-04-28T02:23:17.781+0000] {processor.py:183} INFO - Processing /home/airflow/.local/lib/python3.12/site-packages/airflow/example_dags/example_trigger_target_dag.py took 0.022 seconds
