[2025-04-28T02:11:02.732+0000] {processor.py:161} INFO - Started process (PID=69) to work on /home/airflow/.local/lib/python3.12/site-packages/airflow/example_dags/example_branch_labels.py
[2025-04-28T02:11:02.733+0000] {processor.py:830} INFO - Processing file /home/airflow/.local/lib/python3.12/site-packages/airflow/example_dags/example_branch_labels.py for tasks to queue
[2025-04-28T02:11:02.733+0000] {logging_mixin.py:188} INFO - [2025-04-28T02:11:02.733+0000] {dagbag.py:540} INFO - Filling up the DagBag from /home/airflow/.local/lib/python3.12/site-packages/airflow/example_dags/example_branch_labels.py
[2025-04-28T02:11:02.738+0000] {processor.py:840} INFO - DAG(s) 'example_branch_labels' retrieved from /home/airflow/.local/lib/python3.12/site-packages/airflow/example_dags/example_branch_labels.py
[2025-04-28T02:11:02.745+0000] {logging_mixin.py:188} INFO - [2025-04-28T02:11:02.744+0000] {dag.py:3096} INFO - Sync 1 DAGs
[2025-04-28T02:11:02.755+0000] {logging_mixin.py:188} INFO - [2025-04-28T02:11:02.754+0000] {dag.py:3954} INFO - Setting next_dagrun for example_branch_labels to 2025-04-27 00:00:00+00:00, run_after=2025-04-28 00:00:00+00:00
[2025-04-28T02:11:02.762+0000] {processor.py:183} INFO - Processing /home/airflow/.local/lib/python3.12/site-packages/airflow/example_dags/example_branch_labels.py took 0.032 seconds
[2025-04-28T02:11:33.271+0000] {processor.py:161} INFO - Started process (PID=127) to work on /home/airflow/.local/lib/python3.12/site-packages/airflow/example_dags/example_branch_labels.py
[2025-04-28T02:11:33.274+0000] {processor.py:830} INFO - Processing file /home/airflow/.local/lib/python3.12/site-packages/airflow/example_dags/example_branch_labels.py for tasks to queue
[2025-04-28T02:11:33.276+0000] {logging_mixin.py:188} INFO - [2025-04-28T02:11:33.275+0000] {dagbag.py:540} INFO - Filling up the DagBag from /home/airflow/.local/lib/python3.12/site-packages/airflow/example_dags/example_branch_labels.py
[2025-04-28T02:11:33.279+0000] {processor.py:840} INFO - DAG(s) 'example_branch_labels' retrieved from /home/airflow/.local/lib/python3.12/site-packages/airflow/example_dags/example_branch_labels.py
[2025-04-28T02:11:33.317+0000] {logging_mixin.py:188} INFO - [2025-04-28T02:11:33.317+0000] {dag.py:3096} INFO - Sync 1 DAGs
[2025-04-28T02:11:33.327+0000] {logging_mixin.py:188} INFO - [2025-04-28T02:11:33.326+0000] {dag.py:3954} INFO - Setting next_dagrun for example_branch_labels to 2025-04-27 00:00:00+00:00, run_after=2025-04-28 00:00:00+00:00
[2025-04-28T02:11:33.333+0000] {processor.py:183} INFO - Processing /home/airflow/.local/lib/python3.12/site-packages/airflow/example_dags/example_branch_labels.py took 0.065 seconds
[2025-04-28T02:12:04.099+0000] {processor.py:161} INFO - Started process (PID=185) to work on /home/airflow/.local/lib/python3.12/site-packages/airflow/example_dags/example_branch_labels.py
[2025-04-28T02:12:04.100+0000] {processor.py:830} INFO - Processing file /home/airflow/.local/lib/python3.12/site-packages/airflow/example_dags/example_branch_labels.py for tasks to queue
[2025-04-28T02:12:04.103+0000] {logging_mixin.py:188} INFO - [2025-04-28T02:12:04.103+0000] {dagbag.py:540} INFO - Filling up the DagBag from /home/airflow/.local/lib/python3.12/site-packages/airflow/example_dags/example_branch_labels.py
[2025-04-28T02:12:04.106+0000] {processor.py:840} INFO - DAG(s) 'example_branch_labels' retrieved from /home/airflow/.local/lib/python3.12/site-packages/airflow/example_dags/example_branch_labels.py
[2025-04-28T02:12:04.114+0000] {logging_mixin.py:188} INFO - [2025-04-28T02:12:04.114+0000] {dag.py:3096} INFO - Sync 1 DAGs
[2025-04-28T02:12:04.123+0000] {logging_mixin.py:188} INFO - [2025-04-28T02:12:04.123+0000] {dag.py:3954} INFO - Setting next_dagrun for example_branch_labels to 2025-04-27 00:00:00+00:00, run_after=2025-04-28 00:00:00+00:00
[2025-04-28T02:12:04.130+0000] {processor.py:183} INFO - Processing /home/airflow/.local/lib/python3.12/site-packages/airflow/example_dags/example_branch_labels.py took 0.034 seconds
[2025-04-28T02:12:34.628+0000] {processor.py:161} INFO - Started process (PID=249) to work on /home/airflow/.local/lib/python3.12/site-packages/airflow/example_dags/example_branch_labels.py
[2025-04-28T02:12:34.629+0000] {processor.py:830} INFO - Processing file /home/airflow/.local/lib/python3.12/site-packages/airflow/example_dags/example_branch_labels.py for tasks to queue
[2025-04-28T02:12:34.632+0000] {logging_mixin.py:188} INFO - [2025-04-28T02:12:34.632+0000] {dagbag.py:540} INFO - Filling up the DagBag from /home/airflow/.local/lib/python3.12/site-packages/airflow/example_dags/example_branch_labels.py
[2025-04-28T02:12:34.635+0000] {processor.py:840} INFO - DAG(s) 'example_branch_labels' retrieved from /home/airflow/.local/lib/python3.12/site-packages/airflow/example_dags/example_branch_labels.py
[2025-04-28T02:12:34.643+0000] {logging_mixin.py:188} INFO - [2025-04-28T02:12:34.643+0000] {dag.py:3096} INFO - Sync 1 DAGs
[2025-04-28T02:12:34.652+0000] {logging_mixin.py:188} INFO - [2025-04-28T02:12:34.652+0000] {dag.py:3954} INFO - Setting next_dagrun for example_branch_labels to 2025-04-27 00:00:00+00:00, run_after=2025-04-28 00:00:00+00:00
[2025-04-28T02:12:34.660+0000] {processor.py:183} INFO - Processing /home/airflow/.local/lib/python3.12/site-packages/airflow/example_dags/example_branch_labels.py took 0.034 seconds
[2025-04-28T02:13:05.134+0000] {processor.py:161} INFO - Started process (PID=307) to work on /home/airflow/.local/lib/python3.12/site-packages/airflow/example_dags/example_branch_labels.py
[2025-04-28T02:13:05.135+0000] {processor.py:830} INFO - Processing file /home/airflow/.local/lib/python3.12/site-packages/airflow/example_dags/example_branch_labels.py for tasks to queue
[2025-04-28T02:13:05.136+0000] {logging_mixin.py:188} INFO - [2025-04-28T02:13:05.136+0000] {dagbag.py:540} INFO - Filling up the DagBag from /home/airflow/.local/lib/python3.12/site-packages/airflow/example_dags/example_branch_labels.py
[2025-04-28T02:13:05.139+0000] {processor.py:840} INFO - DAG(s) 'example_branch_labels' retrieved from /home/airflow/.local/lib/python3.12/site-packages/airflow/example_dags/example_branch_labels.py
[2025-04-28T02:13:05.148+0000] {logging_mixin.py:188} INFO - [2025-04-28T02:13:05.148+0000] {dag.py:3096} INFO - Sync 1 DAGs
[2025-04-28T02:13:05.156+0000] {logging_mixin.py:188} INFO - [2025-04-28T02:13:05.156+0000] {dag.py:3954} INFO - Setting next_dagrun for example_branch_labels to 2025-04-27 00:00:00+00:00, run_after=2025-04-28 00:00:00+00:00
[2025-04-28T02:13:05.162+0000] {processor.py:183} INFO - Processing /home/airflow/.local/lib/python3.12/site-packages/airflow/example_dags/example_branch_labels.py took 0.030 seconds
[2025-04-28T02:13:35.632+0000] {processor.py:161} INFO - Started process (PID=365) to work on /home/airflow/.local/lib/python3.12/site-packages/airflow/example_dags/example_branch_labels.py
[2025-04-28T02:13:35.632+0000] {processor.py:830} INFO - Processing file /home/airflow/.local/lib/python3.12/site-packages/airflow/example_dags/example_branch_labels.py for tasks to queue
[2025-04-28T02:13:35.634+0000] {logging_mixin.py:188} INFO - [2025-04-28T02:13:35.634+0000] {dagbag.py:540} INFO - Filling up the DagBag from /home/airflow/.local/lib/python3.12/site-packages/airflow/example_dags/example_branch_labels.py
[2025-04-28T02:13:35.637+0000] {processor.py:840} INFO - DAG(s) 'example_branch_labels' retrieved from /home/airflow/.local/lib/python3.12/site-packages/airflow/example_dags/example_branch_labels.py
[2025-04-28T02:13:35.647+0000] {logging_mixin.py:188} INFO - [2025-04-28T02:13:35.647+0000] {dag.py:3096} INFO - Sync 1 DAGs
[2025-04-28T02:13:35.655+0000] {logging_mixin.py:188} INFO - [2025-04-28T02:13:35.655+0000] {dag.py:3954} INFO - Setting next_dagrun for example_branch_labels to 2025-04-27 00:00:00+00:00, run_after=2025-04-28 00:00:00+00:00
[2025-04-28T02:13:35.662+0000] {processor.py:183} INFO - Processing /home/airflow/.local/lib/python3.12/site-packages/airflow/example_dags/example_branch_labels.py took 0.032 seconds
[2025-04-28T02:14:06.142+0000] {processor.py:161} INFO - Started process (PID=423) to work on /home/airflow/.local/lib/python3.12/site-packages/airflow/example_dags/example_branch_labels.py
[2025-04-28T02:14:06.143+0000] {processor.py:830} INFO - Processing file /home/airflow/.local/lib/python3.12/site-packages/airflow/example_dags/example_branch_labels.py for tasks to queue
[2025-04-28T02:14:06.144+0000] {logging_mixin.py:188} INFO - [2025-04-28T02:14:06.144+0000] {dagbag.py:540} INFO - Filling up the DagBag from /home/airflow/.local/lib/python3.12/site-packages/airflow/example_dags/example_branch_labels.py
[2025-04-28T02:14:06.147+0000] {processor.py:840} INFO - DAG(s) 'example_branch_labels' retrieved from /home/airflow/.local/lib/python3.12/site-packages/airflow/example_dags/example_branch_labels.py
[2025-04-28T02:14:06.153+0000] {logging_mixin.py:188} INFO - [2025-04-28T02:14:06.153+0000] {dag.py:3096} INFO - Sync 1 DAGs
[2025-04-28T02:14:06.163+0000] {logging_mixin.py:188} INFO - [2025-04-28T02:14:06.163+0000] {dag.py:3954} INFO - Setting next_dagrun for example_branch_labels to 2025-04-27 00:00:00+00:00, run_after=2025-04-28 00:00:00+00:00
[2025-04-28T02:14:06.170+0000] {processor.py:183} INFO - Processing /home/airflow/.local/lib/python3.12/site-packages/airflow/example_dags/example_branch_labels.py took 0.031 seconds
[2025-04-28T02:14:36.625+0000] {processor.py:161} INFO - Started process (PID=481) to work on /home/airflow/.local/lib/python3.12/site-packages/airflow/example_dags/example_branch_labels.py
[2025-04-28T02:14:36.626+0000] {processor.py:830} INFO - Processing file /home/airflow/.local/lib/python3.12/site-packages/airflow/example_dags/example_branch_labels.py for tasks to queue
[2025-04-28T02:14:36.627+0000] {logging_mixin.py:188} INFO - [2025-04-28T02:14:36.626+0000] {dagbag.py:540} INFO - Filling up the DagBag from /home/airflow/.local/lib/python3.12/site-packages/airflow/example_dags/example_branch_labels.py
[2025-04-28T02:14:36.630+0000] {processor.py:840} INFO - DAG(s) 'example_branch_labels' retrieved from /home/airflow/.local/lib/python3.12/site-packages/airflow/example_dags/example_branch_labels.py
[2025-04-28T02:14:36.637+0000] {logging_mixin.py:188} INFO - [2025-04-28T02:14:36.637+0000] {dag.py:3096} INFO - Sync 1 DAGs
[2025-04-28T02:14:36.646+0000] {logging_mixin.py:188} INFO - [2025-04-28T02:14:36.646+0000] {dag.py:3954} INFO - Setting next_dagrun for example_branch_labels to 2025-04-27 00:00:00+00:00, run_after=2025-04-28 00:00:00+00:00
[2025-04-28T02:14:36.652+0000] {processor.py:183} INFO - Processing /home/airflow/.local/lib/python3.12/site-packages/airflow/example_dags/example_branch_labels.py took 0.029 seconds
[2025-04-28T02:15:08.398+0000] {processor.py:161} INFO - Started process (PID=539) to work on /home/airflow/.local/lib/python3.12/site-packages/airflow/example_dags/example_branch_labels.py
[2025-04-28T02:15:08.398+0000] {processor.py:830} INFO - Processing file /home/airflow/.local/lib/python3.12/site-packages/airflow/example_dags/example_branch_labels.py for tasks to queue
[2025-04-28T02:15:08.399+0000] {logging_mixin.py:188} INFO - [2025-04-28T02:15:08.399+0000] {dagbag.py:540} INFO - Filling up the DagBag from /home/airflow/.local/lib/python3.12/site-packages/airflow/example_dags/example_branch_labels.py
[2025-04-28T02:15:08.404+0000] {processor.py:840} INFO - DAG(s) 'example_branch_labels' retrieved from /home/airflow/.local/lib/python3.12/site-packages/airflow/example_dags/example_branch_labels.py
[2025-04-28T02:15:08.519+0000] {logging_mixin.py:188} INFO - [2025-04-28T02:15:08.518+0000] {dag.py:3096} INFO - Sync 1 DAGs
[2025-04-28T02:15:08.528+0000] {logging_mixin.py:188} INFO - [2025-04-28T02:15:08.528+0000] {dag.py:3954} INFO - Setting next_dagrun for example_branch_labels to 2025-04-27 00:00:00+00:00, run_after=2025-04-28 00:00:00+00:00
[2025-04-28T02:15:08.536+0000] {processor.py:183} INFO - Processing /home/airflow/.local/lib/python3.12/site-packages/airflow/example_dags/example_branch_labels.py took 0.142 seconds
[2025-04-28T02:15:39.365+0000] {processor.py:161} INFO - Started process (PID=597) to work on /home/airflow/.local/lib/python3.12/site-packages/airflow/example_dags/example_branch_labels.py
[2025-04-28T02:15:39.365+0000] {processor.py:830} INFO - Processing file /home/airflow/.local/lib/python3.12/site-packages/airflow/example_dags/example_branch_labels.py for tasks to queue
[2025-04-28T02:15:39.366+0000] {logging_mixin.py:188} INFO - [2025-04-28T02:15:39.366+0000] {dagbag.py:540} INFO - Filling up the DagBag from /home/airflow/.local/lib/python3.12/site-packages/airflow/example_dags/example_branch_labels.py
[2025-04-28T02:15:39.369+0000] {processor.py:840} INFO - DAG(s) 'example_branch_labels' retrieved from /home/airflow/.local/lib/python3.12/site-packages/airflow/example_dags/example_branch_labels.py
[2025-04-28T02:15:39.378+0000] {logging_mixin.py:188} INFO - [2025-04-28T02:15:39.378+0000] {dag.py:3096} INFO - Sync 1 DAGs
[2025-04-28T02:15:39.386+0000] {logging_mixin.py:188} INFO - [2025-04-28T02:15:39.386+0000] {dag.py:3954} INFO - Setting next_dagrun for example_branch_labels to 2025-04-27 00:00:00+00:00, run_after=2025-04-28 00:00:00+00:00
[2025-04-28T02:15:39.395+0000] {processor.py:183} INFO - Processing /home/airflow/.local/lib/python3.12/site-packages/airflow/example_dags/example_branch_labels.py took 0.032 seconds
[2025-04-28T02:16:09.907+0000] {processor.py:161} INFO - Started process (PID=655) to work on /home/airflow/.local/lib/python3.12/site-packages/airflow/example_dags/example_branch_labels.py
[2025-04-28T02:16:09.907+0000] {processor.py:830} INFO - Processing file /home/airflow/.local/lib/python3.12/site-packages/airflow/example_dags/example_branch_labels.py for tasks to queue
[2025-04-28T02:16:09.908+0000] {logging_mixin.py:188} INFO - [2025-04-28T02:16:09.908+0000] {dagbag.py:540} INFO - Filling up the DagBag from /home/airflow/.local/lib/python3.12/site-packages/airflow/example_dags/example_branch_labels.py
[2025-04-28T02:16:09.913+0000] {processor.py:840} INFO - DAG(s) 'example_branch_labels' retrieved from /home/airflow/.local/lib/python3.12/site-packages/airflow/example_dags/example_branch_labels.py
[2025-04-28T02:16:09.924+0000] {logging_mixin.py:188} INFO - [2025-04-28T02:16:09.924+0000] {dag.py:3096} INFO - Sync 1 DAGs
[2025-04-28T02:16:09.936+0000] {logging_mixin.py:188} INFO - [2025-04-28T02:16:09.936+0000] {dag.py:3954} INFO - Setting next_dagrun for example_branch_labels to 2025-04-27 00:00:00+00:00, run_after=2025-04-28 00:00:00+00:00
[2025-04-28T02:16:09.949+0000] {processor.py:183} INFO - Processing /home/airflow/.local/lib/python3.12/site-packages/airflow/example_dags/example_branch_labels.py took 0.045 seconds
[2025-04-28T02:16:40.699+0000] {processor.py:161} INFO - Started process (PID=714) to work on /home/airflow/.local/lib/python3.12/site-packages/airflow/example_dags/example_branch_labels.py
[2025-04-28T02:16:40.699+0000] {processor.py:830} INFO - Processing file /home/airflow/.local/lib/python3.12/site-packages/airflow/example_dags/example_branch_labels.py for tasks to queue
[2025-04-28T02:16:40.700+0000] {logging_mixin.py:188} INFO - [2025-04-28T02:16:40.700+0000] {dagbag.py:540} INFO - Filling up the DagBag from /home/airflow/.local/lib/python3.12/site-packages/airflow/example_dags/example_branch_labels.py
[2025-04-28T02:16:40.703+0000] {processor.py:840} INFO - DAG(s) 'example_branch_labels' retrieved from /home/airflow/.local/lib/python3.12/site-packages/airflow/example_dags/example_branch_labels.py
[2025-04-28T02:16:40.712+0000] {logging_mixin.py:188} INFO - [2025-04-28T02:16:40.712+0000] {dag.py:3096} INFO - Sync 1 DAGs
[2025-04-28T02:16:40.721+0000] {logging_mixin.py:188} INFO - [2025-04-28T02:16:40.721+0000] {dag.py:3954} INFO - Setting next_dagrun for example_branch_labels to 2025-04-27 00:00:00+00:00, run_after=2025-04-28 00:00:00+00:00
[2025-04-28T02:16:40.729+0000] {processor.py:183} INFO - Processing /home/airflow/.local/lib/python3.12/site-packages/airflow/example_dags/example_branch_labels.py took 0.032 seconds
