[2025-04-28T02:11:02.919+0000] {processor.py:161} INFO - Started process (PID=76) to work on /home/airflow/.local/lib/python3.12/site-packages/airflow/example_dags/example_local_kubernetes_executor.py
[2025-04-28T02:11:02.920+0000] {processor.py:830} INFO - Processing file /home/airflow/.local/lib/python3.12/site-packages/airflow/example_dags/example_local_kubernetes_executor.py for tasks to queue
[2025-04-28T02:11:02.922+0000] {logging_mixin.py:188} INFO - [2025-04-28T02:11:02.922+0000] {dagbag.py:540} INFO - Filling up the DagBag from /home/airflow/.local/lib/python3.12/site-packages/airflow/example_dags/example_local_kubernetes_executor.py
[2025-04-28T02:11:02.927+0000] {processor.py:840} INFO - DAG(s) 'example_local_kubernetes_executor' retrieved from /home/airflow/.local/lib/python3.12/site-packages/airflow/example_dags/example_local_kubernetes_executor.py
[2025-04-28T02:11:02.932+0000] {logging_mixin.py:188} INFO - [2025-04-28T02:11:02.931+0000] {dag.py:3096} INFO - Sync 1 DAGs
[2025-04-28T02:11:02.937+0000] {logging_mixin.py:188} INFO - [2025-04-28T02:11:02.937+0000] {dag.py:3954} INFO - Setting next_dagrun for example_local_kubernetes_executor to None, run_after=None
[2025-04-28T02:11:02.947+0000] {processor.py:183} INFO - Processing /home/airflow/.local/lib/python3.12/site-packages/airflow/example_dags/example_local_kubernetes_executor.py took 0.030 seconds
[2025-04-28T02:11:33.531+0000] {processor.py:161} INFO - Started process (PID=134) to work on /home/airflow/.local/lib/python3.12/site-packages/airflow/example_dags/example_local_kubernetes_executor.py
[2025-04-28T02:11:33.532+0000] {processor.py:830} INFO - Processing file /home/airflow/.local/lib/python3.12/site-packages/airflow/example_dags/example_local_kubernetes_executor.py for tasks to queue
[2025-04-28T02:11:33.532+0000] {logging_mixin.py:188} INFO - [2025-04-28T02:11:33.532+0000] {dagbag.py:540} INFO - Filling up the DagBag from /home/airflow/.local/lib/python3.12/site-packages/airflow/example_dags/example_local_kubernetes_executor.py
[2025-04-28T02:11:33.535+0000] {processor.py:840} INFO - DAG(s) 'example_local_kubernetes_executor' retrieved from /home/airflow/.local/lib/python3.12/site-packages/airflow/example_dags/example_local_kubernetes_executor.py
[2025-04-28T02:11:33.578+0000] {logging_mixin.py:188} INFO - [2025-04-28T02:11:33.578+0000] {dag.py:3096} INFO - Sync 1 DAGs
[2025-04-28T02:11:33.582+0000] {logging_mixin.py:188} INFO - [2025-04-28T02:11:33.582+0000] {dag.py:3954} INFO - Setting next_dagrun for example_local_kubernetes_executor to None, run_after=None
[2025-04-28T02:11:33.589+0000] {processor.py:183} INFO - Processing /home/airflow/.local/lib/python3.12/site-packages/airflow/example_dags/example_local_kubernetes_executor.py took 0.060 seconds
[2025-04-28T02:12:04.281+0000] {processor.py:161} INFO - Started process (PID=192) to work on /home/airflow/.local/lib/python3.12/site-packages/airflow/example_dags/example_local_kubernetes_executor.py
[2025-04-28T02:12:04.282+0000] {processor.py:830} INFO - Processing file /home/airflow/.local/lib/python3.12/site-packages/airflow/example_dags/example_local_kubernetes_executor.py for tasks to queue
[2025-04-28T02:12:04.282+0000] {logging_mixin.py:188} INFO - [2025-04-28T02:12:04.282+0000] {dagbag.py:540} INFO - Filling up the DagBag from /home/airflow/.local/lib/python3.12/site-packages/airflow/example_dags/example_local_kubernetes_executor.py
[2025-04-28T02:12:04.285+0000] {processor.py:840} INFO - DAG(s) 'example_local_kubernetes_executor' retrieved from /home/airflow/.local/lib/python3.12/site-packages/airflow/example_dags/example_local_kubernetes_executor.py
[2025-04-28T02:12:04.298+0000] {logging_mixin.py:188} INFO - [2025-04-28T02:12:04.298+0000] {dag.py:3096} INFO - Sync 1 DAGs
[2025-04-28T02:12:04.302+0000] {logging_mixin.py:188} INFO - [2025-04-28T02:12:04.302+0000] {dag.py:3954} INFO - Setting next_dagrun for example_local_kubernetes_executor to None, run_after=None
[2025-04-28T02:12:04.308+0000] {processor.py:183} INFO - Processing /home/airflow/.local/lib/python3.12/site-packages/airflow/example_dags/example_local_kubernetes_executor.py took 0.029 seconds
[2025-04-28T02:12:34.789+0000] {processor.py:161} INFO - Started process (PID=256) to work on /home/airflow/.local/lib/python3.12/site-packages/airflow/example_dags/example_local_kubernetes_executor.py
[2025-04-28T02:12:34.790+0000] {processor.py:830} INFO - Processing file /home/airflow/.local/lib/python3.12/site-packages/airflow/example_dags/example_local_kubernetes_executor.py for tasks to queue
[2025-04-28T02:12:34.791+0000] {logging_mixin.py:188} INFO - [2025-04-28T02:12:34.791+0000] {dagbag.py:540} INFO - Filling up the DagBag from /home/airflow/.local/lib/python3.12/site-packages/airflow/example_dags/example_local_kubernetes_executor.py
[2025-04-28T02:12:34.795+0000] {processor.py:840} INFO - DAG(s) 'example_local_kubernetes_executor' retrieved from /home/airflow/.local/lib/python3.12/site-packages/airflow/example_dags/example_local_kubernetes_executor.py
[2025-04-28T02:12:34.808+0000] {logging_mixin.py:188} INFO - [2025-04-28T02:12:34.808+0000] {dag.py:3096} INFO - Sync 1 DAGs
[2025-04-28T02:12:34.816+0000] {logging_mixin.py:188} INFO - [2025-04-28T02:12:34.816+0000] {dag.py:3954} INFO - Setting next_dagrun for example_local_kubernetes_executor to None, run_after=None
[2025-04-28T02:12:34.824+0000] {processor.py:183} INFO - Processing /home/airflow/.local/lib/python3.12/site-packages/airflow/example_dags/example_local_kubernetes_executor.py took 0.038 seconds
[2025-04-28T02:13:05.312+0000] {processor.py:161} INFO - Started process (PID=314) to work on /home/airflow/.local/lib/python3.12/site-packages/airflow/example_dags/example_local_kubernetes_executor.py
[2025-04-28T02:13:05.312+0000] {processor.py:830} INFO - Processing file /home/airflow/.local/lib/python3.12/site-packages/airflow/example_dags/example_local_kubernetes_executor.py for tasks to queue
[2025-04-28T02:13:05.313+0000] {logging_mixin.py:188} INFO - [2025-04-28T02:13:05.313+0000] {dagbag.py:540} INFO - Filling up the DagBag from /home/airflow/.local/lib/python3.12/site-packages/airflow/example_dags/example_local_kubernetes_executor.py
[2025-04-28T02:13:05.316+0000] {processor.py:840} INFO - DAG(s) 'example_local_kubernetes_executor' retrieved from /home/airflow/.local/lib/python3.12/site-packages/airflow/example_dags/example_local_kubernetes_executor.py
[2025-04-28T02:13:05.333+0000] {logging_mixin.py:188} INFO - [2025-04-28T02:13:05.332+0000] {dag.py:3096} INFO - Sync 1 DAGs
[2025-04-28T02:13:05.337+0000] {logging_mixin.py:188} INFO - [2025-04-28T02:13:05.336+0000] {dag.py:3954} INFO - Setting next_dagrun for example_local_kubernetes_executor to None, run_after=None
[2025-04-28T02:13:05.346+0000] {processor.py:183} INFO - Processing /home/airflow/.local/lib/python3.12/site-packages/airflow/example_dags/example_local_kubernetes_executor.py took 0.036 seconds
[2025-04-28T02:13:35.789+0000] {processor.py:161} INFO - Started process (PID=372) to work on /home/airflow/.local/lib/python3.12/site-packages/airflow/example_dags/example_local_kubernetes_executor.py
[2025-04-28T02:13:35.790+0000] {processor.py:830} INFO - Processing file /home/airflow/.local/lib/python3.12/site-packages/airflow/example_dags/example_local_kubernetes_executor.py for tasks to queue
[2025-04-28T02:13:35.790+0000] {logging_mixin.py:188} INFO - [2025-04-28T02:13:35.790+0000] {dagbag.py:540} INFO - Filling up the DagBag from /home/airflow/.local/lib/python3.12/site-packages/airflow/example_dags/example_local_kubernetes_executor.py
[2025-04-28T02:13:35.794+0000] {processor.py:840} INFO - DAG(s) 'example_local_kubernetes_executor' retrieved from /home/airflow/.local/lib/python3.12/site-packages/airflow/example_dags/example_local_kubernetes_executor.py
[2025-04-28T02:13:35.809+0000] {logging_mixin.py:188} INFO - [2025-04-28T02:13:35.808+0000] {dag.py:3096} INFO - Sync 1 DAGs
[2025-04-28T02:13:35.814+0000] {logging_mixin.py:188} INFO - [2025-04-28T02:13:35.814+0000] {dag.py:3954} INFO - Setting next_dagrun for example_local_kubernetes_executor to None, run_after=None
[2025-04-28T02:13:35.825+0000] {processor.py:183} INFO - Processing /home/airflow/.local/lib/python3.12/site-packages/airflow/example_dags/example_local_kubernetes_executor.py took 0.038 seconds
[2025-04-28T02:14:06.297+0000] {processor.py:161} INFO - Started process (PID=430) to work on /home/airflow/.local/lib/python3.12/site-packages/airflow/example_dags/example_local_kubernetes_executor.py
[2025-04-28T02:14:06.297+0000] {processor.py:830} INFO - Processing file /home/airflow/.local/lib/python3.12/site-packages/airflow/example_dags/example_local_kubernetes_executor.py for tasks to queue
[2025-04-28T02:14:06.299+0000] {logging_mixin.py:188} INFO - [2025-04-28T02:14:06.298+0000] {dagbag.py:540} INFO - Filling up the DagBag from /home/airflow/.local/lib/python3.12/site-packages/airflow/example_dags/example_local_kubernetes_executor.py
[2025-04-28T02:14:06.303+0000] {processor.py:840} INFO - DAG(s) 'example_local_kubernetes_executor' retrieved from /home/airflow/.local/lib/python3.12/site-packages/airflow/example_dags/example_local_kubernetes_executor.py
[2025-04-28T02:14:06.309+0000] {logging_mixin.py:188} INFO - [2025-04-28T02:14:06.309+0000] {dag.py:3096} INFO - Sync 1 DAGs
[2025-04-28T02:14:06.315+0000] {logging_mixin.py:188} INFO - [2025-04-28T02:14:06.315+0000] {dag.py:3954} INFO - Setting next_dagrun for example_local_kubernetes_executor to None, run_after=None
[2025-04-28T02:14:06.324+0000] {processor.py:183} INFO - Processing /home/airflow/.local/lib/python3.12/site-packages/airflow/example_dags/example_local_kubernetes_executor.py took 0.030 seconds
[2025-04-28T02:14:36.768+0000] {processor.py:161} INFO - Started process (PID=488) to work on /home/airflow/.local/lib/python3.12/site-packages/airflow/example_dags/example_local_kubernetes_executor.py
[2025-04-28T02:14:36.769+0000] {processor.py:830} INFO - Processing file /home/airflow/.local/lib/python3.12/site-packages/airflow/example_dags/example_local_kubernetes_executor.py for tasks to queue
[2025-04-28T02:14:36.770+0000] {logging_mixin.py:188} INFO - [2025-04-28T02:14:36.769+0000] {dagbag.py:540} INFO - Filling up the DagBag from /home/airflow/.local/lib/python3.12/site-packages/airflow/example_dags/example_local_kubernetes_executor.py
[2025-04-28T02:14:36.773+0000] {processor.py:840} INFO - DAG(s) 'example_local_kubernetes_executor' retrieved from /home/airflow/.local/lib/python3.12/site-packages/airflow/example_dags/example_local_kubernetes_executor.py
[2025-04-28T02:14:36.779+0000] {logging_mixin.py:188} INFO - [2025-04-28T02:14:36.779+0000] {dag.py:3096} INFO - Sync 1 DAGs
[2025-04-28T02:14:36.785+0000] {logging_mixin.py:188} INFO - [2025-04-28T02:14:36.784+0000] {dag.py:3954} INFO - Setting next_dagrun for example_local_kubernetes_executor to None, run_after=None
[2025-04-28T02:14:36.794+0000] {processor.py:183} INFO - Processing /home/airflow/.local/lib/python3.12/site-packages/airflow/example_dags/example_local_kubernetes_executor.py took 0.027 seconds
[2025-04-28T02:15:09.016+0000] {processor.py:161} INFO - Started process (PID=546) to work on /home/airflow/.local/lib/python3.12/site-packages/airflow/example_dags/example_local_kubernetes_executor.py
[2025-04-28T02:15:09.017+0000] {processor.py:830} INFO - Processing file /home/airflow/.local/lib/python3.12/site-packages/airflow/example_dags/example_local_kubernetes_executor.py for tasks to queue
[2025-04-28T02:15:09.017+0000] {logging_mixin.py:188} INFO - [2025-04-28T02:15:09.017+0000] {dagbag.py:540} INFO - Filling up the DagBag from /home/airflow/.local/lib/python3.12/site-packages/airflow/example_dags/example_local_kubernetes_executor.py
[2025-04-28T02:15:09.021+0000] {processor.py:840} INFO - DAG(s) 'example_local_kubernetes_executor' retrieved from /home/airflow/.local/lib/python3.12/site-packages/airflow/example_dags/example_local_kubernetes_executor.py
[2025-04-28T02:15:09.126+0000] {logging_mixin.py:188} INFO - [2025-04-28T02:15:09.126+0000] {dag.py:3096} INFO - Sync 1 DAGs
[2025-04-28T02:15:09.129+0000] {logging_mixin.py:188} INFO - [2025-04-28T02:15:09.129+0000] {dag.py:3954} INFO - Setting next_dagrun for example_local_kubernetes_executor to None, run_after=None
[2025-04-28T02:15:09.136+0000] {processor.py:183} INFO - Processing /home/airflow/.local/lib/python3.12/site-packages/airflow/example_dags/example_local_kubernetes_executor.py took 0.122 seconds
[2025-04-28T02:15:39.504+0000] {processor.py:161} INFO - Started process (PID=604) to work on /home/airflow/.local/lib/python3.12/site-packages/airflow/example_dags/example_local_kubernetes_executor.py
[2025-04-28T02:15:39.505+0000] {processor.py:830} INFO - Processing file /home/airflow/.local/lib/python3.12/site-packages/airflow/example_dags/example_local_kubernetes_executor.py for tasks to queue
[2025-04-28T02:15:39.506+0000] {logging_mixin.py:188} INFO - [2025-04-28T02:15:39.506+0000] {dagbag.py:540} INFO - Filling up the DagBag from /home/airflow/.local/lib/python3.12/site-packages/airflow/example_dags/example_local_kubernetes_executor.py
[2025-04-28T02:15:39.509+0000] {processor.py:840} INFO - DAG(s) 'example_local_kubernetes_executor' retrieved from /home/airflow/.local/lib/python3.12/site-packages/airflow/example_dags/example_local_kubernetes_executor.py
[2025-04-28T02:15:39.526+0000] {logging_mixin.py:188} INFO - [2025-04-28T02:15:39.526+0000] {dag.py:3096} INFO - Sync 1 DAGs
[2025-04-28T02:15:39.531+0000] {logging_mixin.py:188} INFO - [2025-04-28T02:15:39.531+0000] {dag.py:3954} INFO - Setting next_dagrun for example_local_kubernetes_executor to None, run_after=None
[2025-04-28T02:15:39.538+0000] {processor.py:183} INFO - Processing /home/airflow/.local/lib/python3.12/site-packages/airflow/example_dags/example_local_kubernetes_executor.py took 0.036 seconds
[2025-04-28T02:16:10.090+0000] {processor.py:161} INFO - Started process (PID=662) to work on /home/airflow/.local/lib/python3.12/site-packages/airflow/example_dags/example_local_kubernetes_executor.py
[2025-04-28T02:16:10.091+0000] {processor.py:830} INFO - Processing file /home/airflow/.local/lib/python3.12/site-packages/airflow/example_dags/example_local_kubernetes_executor.py for tasks to queue
[2025-04-28T02:16:10.092+0000] {logging_mixin.py:188} INFO - [2025-04-28T02:16:10.092+0000] {dagbag.py:540} INFO - Filling up the DagBag from /home/airflow/.local/lib/python3.12/site-packages/airflow/example_dags/example_local_kubernetes_executor.py
[2025-04-28T02:16:10.095+0000] {processor.py:840} INFO - DAG(s) 'example_local_kubernetes_executor' retrieved from /home/airflow/.local/lib/python3.12/site-packages/airflow/example_dags/example_local_kubernetes_executor.py
[2025-04-28T02:16:10.114+0000] {logging_mixin.py:188} INFO - [2025-04-28T02:16:10.114+0000] {dag.py:3096} INFO - Sync 1 DAGs
[2025-04-28T02:16:10.120+0000] {logging_mixin.py:188} INFO - [2025-04-28T02:16:10.120+0000] {dag.py:3954} INFO - Setting next_dagrun for example_local_kubernetes_executor to None, run_after=None
[2025-04-28T02:16:10.133+0000] {processor.py:183} INFO - Processing /home/airflow/.local/lib/python3.12/site-packages/airflow/example_dags/example_local_kubernetes_executor.py took 0.046 seconds
[2025-04-28T02:16:40.831+0000] {processor.py:161} INFO - Started process (PID=721) to work on /home/airflow/.local/lib/python3.12/site-packages/airflow/example_dags/example_local_kubernetes_executor.py
[2025-04-28T02:16:40.832+0000] {processor.py:830} INFO - Processing file /home/airflow/.local/lib/python3.12/site-packages/airflow/example_dags/example_local_kubernetes_executor.py for tasks to queue
[2025-04-28T02:16:40.832+0000] {logging_mixin.py:188} INFO - [2025-04-28T02:16:40.832+0000] {dagbag.py:540} INFO - Filling up the DagBag from /home/airflow/.local/lib/python3.12/site-packages/airflow/example_dags/example_local_kubernetes_executor.py
[2025-04-28T02:16:40.835+0000] {processor.py:840} INFO - DAG(s) 'example_local_kubernetes_executor' retrieved from /home/airflow/.local/lib/python3.12/site-packages/airflow/example_dags/example_local_kubernetes_executor.py
[2025-04-28T02:16:40.852+0000] {logging_mixin.py:188} INFO - [2025-04-28T02:16:40.851+0000] {dag.py:3096} INFO - Sync 1 DAGs
[2025-04-28T02:16:40.857+0000] {logging_mixin.py:188} INFO - [2025-04-28T02:16:40.857+0000] {dag.py:3954} INFO - Setting next_dagrun for example_local_kubernetes_executor to None, run_after=None
[2025-04-28T02:16:40.863+0000] {processor.py:183} INFO - Processing /home/airflow/.local/lib/python3.12/site-packages/airflow/example_dags/example_local_kubernetes_executor.py took 0.034 seconds
[2025-04-28T02:17:11.515+0000] {processor.py:161} INFO - Started process (PID=780) to work on /home/airflow/.local/lib/python3.12/site-packages/airflow/example_dags/example_local_kubernetes_executor.py
[2025-04-28T02:17:11.516+0000] {processor.py:830} INFO - Processing file /home/airflow/.local/lib/python3.12/site-packages/airflow/example_dags/example_local_kubernetes_executor.py for tasks to queue
[2025-04-28T02:17:11.517+0000] {logging_mixin.py:188} INFO - [2025-04-28T02:17:11.517+0000] {dagbag.py:540} INFO - Filling up the DagBag from /home/airflow/.local/lib/python3.12/site-packages/airflow/example_dags/example_local_kubernetes_executor.py
[2025-04-28T02:17:11.521+0000] {processor.py:840} INFO - DAG(s) 'example_local_kubernetes_executor' retrieved from /home/airflow/.local/lib/python3.12/site-packages/airflow/example_dags/example_local_kubernetes_executor.py
[2025-04-28T02:17:11.537+0000] {logging_mixin.py:188} INFO - [2025-04-28T02:17:11.537+0000] {dag.py:3096} INFO - Sync 1 DAGs
[2025-04-28T02:17:11.542+0000] {logging_mixin.py:188} INFO - [2025-04-28T02:17:11.542+0000] {dag.py:3954} INFO - Setting next_dagrun for example_local_kubernetes_executor to None, run_after=None
[2025-04-28T02:17:11.549+0000] {processor.py:183} INFO - Processing /home/airflow/.local/lib/python3.12/site-packages/airflow/example_dags/example_local_kubernetes_executor.py took 0.036 seconds
[2025-04-28T02:17:42.126+0000] {processor.py:161} INFO - Started process (PID=839) to work on /home/airflow/.local/lib/python3.12/site-packages/airflow/example_dags/example_local_kubernetes_executor.py
[2025-04-28T02:17:42.126+0000] {processor.py:830} INFO - Processing file /home/airflow/.local/lib/python3.12/site-packages/airflow/example_dags/example_local_kubernetes_executor.py for tasks to queue
[2025-04-28T02:17:42.127+0000] {logging_mixin.py:188} INFO - [2025-04-28T02:17:42.127+0000] {dagbag.py:540} INFO - Filling up the DagBag from /home/airflow/.local/lib/python3.12/site-packages/airflow/example_dags/example_local_kubernetes_executor.py
[2025-04-28T02:17:42.131+0000] {processor.py:840} INFO - DAG(s) 'example_local_kubernetes_executor' retrieved from /home/airflow/.local/lib/python3.12/site-packages/airflow/example_dags/example_local_kubernetes_executor.py
[2025-04-28T02:17:42.145+0000] {logging_mixin.py:188} INFO - [2025-04-28T02:17:42.145+0000] {dag.py:3096} INFO - Sync 1 DAGs
[2025-04-28T02:17:42.151+0000] {logging_mixin.py:188} INFO - [2025-04-28T02:17:42.150+0000] {dag.py:3954} INFO - Setting next_dagrun for example_local_kubernetes_executor to None, run_after=None
[2025-04-28T02:17:42.162+0000] {processor.py:183} INFO - Processing /home/airflow/.local/lib/python3.12/site-packages/airflow/example_dags/example_local_kubernetes_executor.py took 0.038 seconds
[2025-04-28T02:18:12.853+0000] {processor.py:161} INFO - Started process (PID=902) to work on /home/airflow/.local/lib/python3.12/site-packages/airflow/example_dags/example_local_kubernetes_executor.py
[2025-04-28T02:18:12.853+0000] {processor.py:830} INFO - Processing file /home/airflow/.local/lib/python3.12/site-packages/airflow/example_dags/example_local_kubernetes_executor.py for tasks to queue
[2025-04-28T02:18:12.855+0000] {logging_mixin.py:188} INFO - [2025-04-28T02:18:12.855+0000] {dagbag.py:540} INFO - Filling up the DagBag from /home/airflow/.local/lib/python3.12/site-packages/airflow/example_dags/example_local_kubernetes_executor.py
[2025-04-28T02:18:12.858+0000] {processor.py:840} INFO - DAG(s) 'example_local_kubernetes_executor' retrieved from /home/airflow/.local/lib/python3.12/site-packages/airflow/example_dags/example_local_kubernetes_executor.py
[2025-04-28T02:18:12.877+0000] {logging_mixin.py:188} INFO - [2025-04-28T02:18:12.877+0000] {dag.py:3096} INFO - Sync 1 DAGs
[2025-04-28T02:18:12.883+0000] {logging_mixin.py:188} INFO - [2025-04-28T02:18:12.883+0000] {dag.py:3954} INFO - Setting next_dagrun for example_local_kubernetes_executor to None, run_after=None
[2025-04-28T02:18:12.889+0000] {processor.py:183} INFO - Processing /home/airflow/.local/lib/python3.12/site-packages/airflow/example_dags/example_local_kubernetes_executor.py took 0.039 seconds
[2025-04-28T02:18:43.611+0000] {processor.py:161} INFO - Started process (PID=961) to work on /home/airflow/.local/lib/python3.12/site-packages/airflow/example_dags/example_local_kubernetes_executor.py
[2025-04-28T02:18:43.612+0000] {processor.py:830} INFO - Processing file /home/airflow/.local/lib/python3.12/site-packages/airflow/example_dags/example_local_kubernetes_executor.py for tasks to queue
[2025-04-28T02:18:43.612+0000] {logging_mixin.py:188} INFO - [2025-04-28T02:18:43.612+0000] {dagbag.py:540} INFO - Filling up the DagBag from /home/airflow/.local/lib/python3.12/site-packages/airflow/example_dags/example_local_kubernetes_executor.py
[2025-04-28T02:18:43.615+0000] {processor.py:840} INFO - DAG(s) 'example_local_kubernetes_executor' retrieved from /home/airflow/.local/lib/python3.12/site-packages/airflow/example_dags/example_local_kubernetes_executor.py
[2025-04-28T02:18:43.630+0000] {logging_mixin.py:188} INFO - [2025-04-28T02:18:43.629+0000] {dag.py:3096} INFO - Sync 1 DAGs
[2025-04-28T02:18:43.636+0000] {logging_mixin.py:188} INFO - [2025-04-28T02:18:43.636+0000] {dag.py:3954} INFO - Setting next_dagrun for example_local_kubernetes_executor to None, run_after=None
[2025-04-28T02:18:43.643+0000] {processor.py:183} INFO - Processing /home/airflow/.local/lib/python3.12/site-packages/airflow/example_dags/example_local_kubernetes_executor.py took 0.033 seconds
[2025-04-28T02:19:13.961+0000] {processor.py:161} INFO - Started process (PID=1020) to work on /home/airflow/.local/lib/python3.12/site-packages/airflow/example_dags/example_local_kubernetes_executor.py
[2025-04-28T02:19:13.962+0000] {processor.py:830} INFO - Processing file /home/airflow/.local/lib/python3.12/site-packages/airflow/example_dags/example_local_kubernetes_executor.py for tasks to queue
[2025-04-28T02:19:13.963+0000] {logging_mixin.py:188} INFO - [2025-04-28T02:19:13.963+0000] {dagbag.py:540} INFO - Filling up the DagBag from /home/airflow/.local/lib/python3.12/site-packages/airflow/example_dags/example_local_kubernetes_executor.py
[2025-04-28T02:19:13.966+0000] {processor.py:840} INFO - DAG(s) 'example_local_kubernetes_executor' retrieved from /home/airflow/.local/lib/python3.12/site-packages/airflow/example_dags/example_local_kubernetes_executor.py
[2025-04-28T02:19:13.979+0000] {logging_mixin.py:188} INFO - [2025-04-28T02:19:13.979+0000] {dag.py:3096} INFO - Sync 1 DAGs
[2025-04-28T02:19:13.983+0000] {logging_mixin.py:188} INFO - [2025-04-28T02:19:13.983+0000] {dag.py:3954} INFO - Setting next_dagrun for example_local_kubernetes_executor to None, run_after=None
[2025-04-28T02:19:13.990+0000] {processor.py:183} INFO - Processing /home/airflow/.local/lib/python3.12/site-packages/airflow/example_dags/example_local_kubernetes_executor.py took 0.031 seconds
[2025-04-28T02:19:44.438+0000] {processor.py:161} INFO - Started process (PID=1079) to work on /home/airflow/.local/lib/python3.12/site-packages/airflow/example_dags/example_local_kubernetes_executor.py
[2025-04-28T02:19:44.438+0000] {processor.py:830} INFO - Processing file /home/airflow/.local/lib/python3.12/site-packages/airflow/example_dags/example_local_kubernetes_executor.py for tasks to queue
[2025-04-28T02:19:44.439+0000] {logging_mixin.py:188} INFO - [2025-04-28T02:19:44.439+0000] {dagbag.py:540} INFO - Filling up the DagBag from /home/airflow/.local/lib/python3.12/site-packages/airflow/example_dags/example_local_kubernetes_executor.py
[2025-04-28T02:19:44.442+0000] {processor.py:840} INFO - DAG(s) 'example_local_kubernetes_executor' retrieved from /home/airflow/.local/lib/python3.12/site-packages/airflow/example_dags/example_local_kubernetes_executor.py
[2025-04-28T02:19:44.456+0000] {logging_mixin.py:188} INFO - [2025-04-28T02:19:44.456+0000] {dag.py:3096} INFO - Sync 1 DAGs
[2025-04-28T02:19:44.530+0000] {logging_mixin.py:188} INFO - [2025-04-28T02:19:44.530+0000] {dag.py:3954} INFO - Setting next_dagrun for example_local_kubernetes_executor to None, run_after=None
[2025-04-28T02:19:44.541+0000] {processor.py:183} INFO - Processing /home/airflow/.local/lib/python3.12/site-packages/airflow/example_dags/example_local_kubernetes_executor.py took 0.106 seconds
[2025-04-28T02:20:14.651+0000] {processor.py:161} INFO - Started process (PID=1138) to work on /home/airflow/.local/lib/python3.12/site-packages/airflow/example_dags/example_local_kubernetes_executor.py
[2025-04-28T02:20:14.652+0000] {processor.py:830} INFO - Processing file /home/airflow/.local/lib/python3.12/site-packages/airflow/example_dags/example_local_kubernetes_executor.py for tasks to queue
[2025-04-28T02:20:14.652+0000] {logging_mixin.py:188} INFO - [2025-04-28T02:20:14.652+0000] {dagbag.py:540} INFO - Filling up the DagBag from /home/airflow/.local/lib/python3.12/site-packages/airflow/example_dags/example_local_kubernetes_executor.py
[2025-04-28T02:20:14.656+0000] {processor.py:840} INFO - DAG(s) 'example_local_kubernetes_executor' retrieved from /home/airflow/.local/lib/python3.12/site-packages/airflow/example_dags/example_local_kubernetes_executor.py
[2025-04-28T02:20:14.669+0000] {logging_mixin.py:188} INFO - [2025-04-28T02:20:14.669+0000] {dag.py:3096} INFO - Sync 1 DAGs
[2025-04-28T02:20:14.674+0000] {logging_mixin.py:188} INFO - [2025-04-28T02:20:14.674+0000] {dag.py:3954} INFO - Setting next_dagrun for example_local_kubernetes_executor to None, run_after=None
[2025-04-28T02:20:14.681+0000] {processor.py:183} INFO - Processing /home/airflow/.local/lib/python3.12/site-packages/airflow/example_dags/example_local_kubernetes_executor.py took 0.032 seconds
[2025-04-28T02:20:45.290+0000] {processor.py:161} INFO - Started process (PID=1197) to work on /home/airflow/.local/lib/python3.12/site-packages/airflow/example_dags/example_local_kubernetes_executor.py
[2025-04-28T02:20:45.290+0000] {processor.py:830} INFO - Processing file /home/airflow/.local/lib/python3.12/site-packages/airflow/example_dags/example_local_kubernetes_executor.py for tasks to queue
[2025-04-28T02:20:45.291+0000] {logging_mixin.py:188} INFO - [2025-04-28T02:20:45.291+0000] {dagbag.py:540} INFO - Filling up the DagBag from /home/airflow/.local/lib/python3.12/site-packages/airflow/example_dags/example_local_kubernetes_executor.py
[2025-04-28T02:20:45.294+0000] {processor.py:840} INFO - DAG(s) 'example_local_kubernetes_executor' retrieved from /home/airflow/.local/lib/python3.12/site-packages/airflow/example_dags/example_local_kubernetes_executor.py
[2025-04-28T02:20:45.309+0000] {logging_mixin.py:188} INFO - [2025-04-28T02:20:45.309+0000] {dag.py:3096} INFO - Sync 1 DAGs
[2025-04-28T02:20:45.315+0000] {logging_mixin.py:188} INFO - [2025-04-28T02:20:45.315+0000] {dag.py:3954} INFO - Setting next_dagrun for example_local_kubernetes_executor to None, run_after=None
[2025-04-28T02:20:45.325+0000] {processor.py:183} INFO - Processing /home/airflow/.local/lib/python3.12/site-packages/airflow/example_dags/example_local_kubernetes_executor.py took 0.038 seconds
[2025-04-28T02:21:15.944+0000] {processor.py:161} INFO - Started process (PID=1256) to work on /home/airflow/.local/lib/python3.12/site-packages/airflow/example_dags/example_local_kubernetes_executor.py
[2025-04-28T02:21:15.944+0000] {processor.py:830} INFO - Processing file /home/airflow/.local/lib/python3.12/site-packages/airflow/example_dags/example_local_kubernetes_executor.py for tasks to queue
[2025-04-28T02:21:15.945+0000] {logging_mixin.py:188} INFO - [2025-04-28T02:21:15.944+0000] {dagbag.py:540} INFO - Filling up the DagBag from /home/airflow/.local/lib/python3.12/site-packages/airflow/example_dags/example_local_kubernetes_executor.py
[2025-04-28T02:21:15.947+0000] {processor.py:840} INFO - DAG(s) 'example_local_kubernetes_executor' retrieved from /home/airflow/.local/lib/python3.12/site-packages/airflow/example_dags/example_local_kubernetes_executor.py
[2025-04-28T02:21:15.965+0000] {logging_mixin.py:188} INFO - [2025-04-28T02:21:15.965+0000] {dag.py:3096} INFO - Sync 1 DAGs
[2025-04-28T02:21:15.971+0000] {logging_mixin.py:188} INFO - [2025-04-28T02:21:15.971+0000] {dag.py:3954} INFO - Setting next_dagrun for example_local_kubernetes_executor to None, run_after=None
[2025-04-28T02:21:15.982+0000] {processor.py:183} INFO - Processing /home/airflow/.local/lib/python3.12/site-packages/airflow/example_dags/example_local_kubernetes_executor.py took 0.041 seconds
[2025-04-28T02:21:46.482+0000] {processor.py:161} INFO - Started process (PID=1315) to work on /home/airflow/.local/lib/python3.12/site-packages/airflow/example_dags/example_local_kubernetes_executor.py
[2025-04-28T02:21:46.482+0000] {processor.py:830} INFO - Processing file /home/airflow/.local/lib/python3.12/site-packages/airflow/example_dags/example_local_kubernetes_executor.py for tasks to queue
[2025-04-28T02:21:46.483+0000] {logging_mixin.py:188} INFO - [2025-04-28T02:21:46.483+0000] {dagbag.py:540} INFO - Filling up the DagBag from /home/airflow/.local/lib/python3.12/site-packages/airflow/example_dags/example_local_kubernetes_executor.py
[2025-04-28T02:21:46.486+0000] {processor.py:840} INFO - DAG(s) 'example_local_kubernetes_executor' retrieved from /home/airflow/.local/lib/python3.12/site-packages/airflow/example_dags/example_local_kubernetes_executor.py
[2025-04-28T02:21:46.502+0000] {logging_mixin.py:188} INFO - [2025-04-28T02:21:46.502+0000] {dag.py:3096} INFO - Sync 1 DAGs
[2025-04-28T02:21:46.508+0000] {logging_mixin.py:188} INFO - [2025-04-28T02:21:46.508+0000] {dag.py:3954} INFO - Setting next_dagrun for example_local_kubernetes_executor to None, run_after=None
[2025-04-28T02:21:46.518+0000] {processor.py:183} INFO - Processing /home/airflow/.local/lib/python3.12/site-packages/airflow/example_dags/example_local_kubernetes_executor.py took 0.038 seconds
[2025-04-28T02:22:17.065+0000] {processor.py:161} INFO - Started process (PID=1374) to work on /home/airflow/.local/lib/python3.12/site-packages/airflow/example_dags/example_local_kubernetes_executor.py
[2025-04-28T02:22:17.066+0000] {processor.py:830} INFO - Processing file /home/airflow/.local/lib/python3.12/site-packages/airflow/example_dags/example_local_kubernetes_executor.py for tasks to queue
[2025-04-28T02:22:17.067+0000] {logging_mixin.py:188} INFO - [2025-04-28T02:22:17.067+0000] {dagbag.py:540} INFO - Filling up the DagBag from /home/airflow/.local/lib/python3.12/site-packages/airflow/example_dags/example_local_kubernetes_executor.py
[2025-04-28T02:22:17.072+0000] {processor.py:840} INFO - DAG(s) 'example_local_kubernetes_executor' retrieved from /home/airflow/.local/lib/python3.12/site-packages/airflow/example_dags/example_local_kubernetes_executor.py
[2025-04-28T02:22:17.088+0000] {logging_mixin.py:188} INFO - [2025-04-28T02:22:17.088+0000] {dag.py:3096} INFO - Sync 1 DAGs
[2025-04-28T02:22:17.092+0000] {logging_mixin.py:188} INFO - [2025-04-28T02:22:17.092+0000] {dag.py:3954} INFO - Setting next_dagrun for example_local_kubernetes_executor to None, run_after=None
[2025-04-28T02:22:17.104+0000] {processor.py:183} INFO - Processing /home/airflow/.local/lib/python3.12/site-packages/airflow/example_dags/example_local_kubernetes_executor.py took 0.042 seconds
[2025-04-28T02:22:47.533+0000] {processor.py:161} INFO - Started process (PID=1433) to work on /home/airflow/.local/lib/python3.12/site-packages/airflow/example_dags/example_local_kubernetes_executor.py
[2025-04-28T02:22:47.535+0000] {processor.py:830} INFO - Processing file /home/airflow/.local/lib/python3.12/site-packages/airflow/example_dags/example_local_kubernetes_executor.py for tasks to queue
[2025-04-28T02:22:47.536+0000] {logging_mixin.py:188} INFO - [2025-04-28T02:22:47.536+0000] {dagbag.py:540} INFO - Filling up the DagBag from /home/airflow/.local/lib/python3.12/site-packages/airflow/example_dags/example_local_kubernetes_executor.py
[2025-04-28T02:22:47.540+0000] {processor.py:840} INFO - DAG(s) 'example_local_kubernetes_executor' retrieved from /home/airflow/.local/lib/python3.12/site-packages/airflow/example_dags/example_local_kubernetes_executor.py
[2025-04-28T02:22:47.556+0000] {logging_mixin.py:188} INFO - [2025-04-28T02:22:47.556+0000] {dag.py:3096} INFO - Sync 1 DAGs
[2025-04-28T02:22:47.560+0000] {logging_mixin.py:188} INFO - [2025-04-28T02:22:47.560+0000] {dag.py:3954} INFO - Setting next_dagrun for example_local_kubernetes_executor to None, run_after=None
[2025-04-28T02:22:47.569+0000] {processor.py:183} INFO - Processing /home/airflow/.local/lib/python3.12/site-packages/airflow/example_dags/example_local_kubernetes_executor.py took 0.038 seconds
[2025-04-28T02:23:18.216+0000] {processor.py:161} INFO - Started process (PID=1492) to work on /home/airflow/.local/lib/python3.12/site-packages/airflow/example_dags/example_local_kubernetes_executor.py
[2025-04-28T02:23:18.216+0000] {processor.py:830} INFO - Processing file /home/airflow/.local/lib/python3.12/site-packages/airflow/example_dags/example_local_kubernetes_executor.py for tasks to queue
[2025-04-28T02:23:18.217+0000] {logging_mixin.py:188} INFO - [2025-04-28T02:23:18.217+0000] {dagbag.py:540} INFO - Filling up the DagBag from /home/airflow/.local/lib/python3.12/site-packages/airflow/example_dags/example_local_kubernetes_executor.py
[2025-04-28T02:23:18.220+0000] {processor.py:840} INFO - DAG(s) 'example_local_kubernetes_executor' retrieved from /home/airflow/.local/lib/python3.12/site-packages/airflow/example_dags/example_local_kubernetes_executor.py
[2025-04-28T02:23:18.234+0000] {logging_mixin.py:188} INFO - [2025-04-28T02:23:18.234+0000] {dag.py:3096} INFO - Sync 1 DAGs
[2025-04-28T02:23:18.240+0000] {logging_mixin.py:188} INFO - [2025-04-28T02:23:18.240+0000] {dag.py:3954} INFO - Setting next_dagrun for example_local_kubernetes_executor to None, run_after=None
[2025-04-28T02:23:18.249+0000] {processor.py:183} INFO - Processing /home/airflow/.local/lib/python3.12/site-packages/airflow/example_dags/example_local_kubernetes_executor.py took 0.036 seconds
