[2025-04-28T02:11:03.229+0000] {processor.py:161} INFO - Started process (PID=86) to work on /home/airflow/.local/lib/python3.12/site-packages/airflow/example_dags/example_short_circuit_decorator.py
[2025-04-28T02:11:03.229+0000] {processor.py:830} INFO - Processing file /home/airflow/.local/lib/python3.12/site-packages/airflow/example_dags/example_short_circuit_decorator.py for tasks to queue
[2025-04-28T02:11:03.230+0000] {logging_mixin.py:188} INFO - [2025-04-28T02:11:03.230+0000] {dagbag.py:540} INFO - Filling up the DagBag from /home/airflow/.local/lib/python3.12/site-packages/airflow/example_dags/example_short_circuit_decorator.py
[2025-04-28T02:11:03.236+0000] {processor.py:840} INFO - DAG(s) 'example_short_circuit_decorator' retrieved from /home/airflow/.local/lib/python3.12/site-packages/airflow/example_dags/example_short_circuit_decorator.py
[2025-04-28T02:11:03.244+0000] {logging_mixin.py:188} INFO - [2025-04-28T02:11:03.244+0000] {dag.py:3096} INFO - Sync 1 DAGs
[2025-04-28T02:11:03.253+0000] {logging_mixin.py:188} INFO - [2025-04-28T02:11:03.252+0000] {dag.py:3954} INFO - Setting next_dagrun for example_short_circuit_decorator to 2025-04-27 00:00:00+00:00, run_after=2025-04-28 00:00:00+00:00
[2025-04-28T02:11:03.261+0000] {processor.py:183} INFO - Processing /home/airflow/.local/lib/python3.12/site-packages/airflow/example_dags/example_short_circuit_decorator.py took 0.034 seconds
[2025-04-28T02:11:33.879+0000] {processor.py:161} INFO - Started process (PID=144) to work on /home/airflow/.local/lib/python3.12/site-packages/airflow/example_dags/example_short_circuit_decorator.py
[2025-04-28T02:11:33.879+0000] {processor.py:830} INFO - Processing file /home/airflow/.local/lib/python3.12/site-packages/airflow/example_dags/example_short_circuit_decorator.py for tasks to queue
[2025-04-28T02:11:33.880+0000] {logging_mixin.py:188} INFO - [2025-04-28T02:11:33.880+0000] {dagbag.py:540} INFO - Filling up the DagBag from /home/airflow/.local/lib/python3.12/site-packages/airflow/example_dags/example_short_circuit_decorator.py
[2025-04-28T02:11:33.885+0000] {processor.py:840} INFO - DAG(s) 'example_short_circuit_decorator' retrieved from /home/airflow/.local/lib/python3.12/site-packages/airflow/example_dags/example_short_circuit_decorator.py
[2025-04-28T02:11:33.932+0000] {logging_mixin.py:188} INFO - [2025-04-28T02:11:33.932+0000] {dag.py:3096} INFO - Sync 1 DAGs
[2025-04-28T02:11:33.945+0000] {logging_mixin.py:188} INFO - [2025-04-28T02:11:33.945+0000] {dag.py:3954} INFO - Setting next_dagrun for example_short_circuit_decorator to 2025-04-27 00:00:00+00:00, run_after=2025-04-28 00:00:00+00:00
[2025-04-28T02:11:33.953+0000] {processor.py:183} INFO - Processing /home/airflow/.local/lib/python3.12/site-packages/airflow/example_dags/example_short_circuit_decorator.py took 0.077 seconds
[2025-04-28T02:12:04.504+0000] {processor.py:161} INFO - Started process (PID=208) to work on /home/airflow/.local/lib/python3.12/site-packages/airflow/example_dags/example_short_circuit_decorator.py
[2025-04-28T02:12:04.505+0000] {processor.py:830} INFO - Processing file /home/airflow/.local/lib/python3.12/site-packages/airflow/example_dags/example_short_circuit_decorator.py for tasks to queue
[2025-04-28T02:12:04.506+0000] {logging_mixin.py:188} INFO - [2025-04-28T02:12:04.506+0000] {dagbag.py:540} INFO - Filling up the DagBag from /home/airflow/.local/lib/python3.12/site-packages/airflow/example_dags/example_short_circuit_decorator.py
[2025-04-28T02:12:04.510+0000] {processor.py:840} INFO - DAG(s) 'example_short_circuit_decorator' retrieved from /home/airflow/.local/lib/python3.12/site-packages/airflow/example_dags/example_short_circuit_decorator.py
[2025-04-28T02:12:04.521+0000] {logging_mixin.py:188} INFO - [2025-04-28T02:12:04.521+0000] {dag.py:3096} INFO - Sync 1 DAGs
[2025-04-28T02:12:04.529+0000] {logging_mixin.py:188} INFO - [2025-04-28T02:12:04.529+0000] {dag.py:3954} INFO - Setting next_dagrun for example_short_circuit_decorator to 2025-04-27 00:00:00+00:00, run_after=2025-04-28 00:00:00+00:00
[2025-04-28T02:12:04.537+0000] {processor.py:183} INFO - Processing /home/airflow/.local/lib/python3.12/site-packages/airflow/example_dags/example_short_circuit_decorator.py took 0.035 seconds
[2025-04-28T02:12:34.996+0000] {processor.py:161} INFO - Started process (PID=266) to work on /home/airflow/.local/lib/python3.12/site-packages/airflow/example_dags/example_short_circuit_decorator.py
[2025-04-28T02:12:34.996+0000] {processor.py:830} INFO - Processing file /home/airflow/.local/lib/python3.12/site-packages/airflow/example_dags/example_short_circuit_decorator.py for tasks to queue
[2025-04-28T02:12:34.997+0000] {logging_mixin.py:188} INFO - [2025-04-28T02:12:34.997+0000] {dagbag.py:540} INFO - Filling up the DagBag from /home/airflow/.local/lib/python3.12/site-packages/airflow/example_dags/example_short_circuit_decorator.py
[2025-04-28T02:12:35.002+0000] {processor.py:840} INFO - DAG(s) 'example_short_circuit_decorator' retrieved from /home/airflow/.local/lib/python3.12/site-packages/airflow/example_dags/example_short_circuit_decorator.py
[2025-04-28T02:12:35.012+0000] {logging_mixin.py:188} INFO - [2025-04-28T02:12:35.012+0000] {dag.py:3096} INFO - Sync 1 DAGs
[2025-04-28T02:12:35.021+0000] {logging_mixin.py:188} INFO - [2025-04-28T02:12:35.021+0000] {dag.py:3954} INFO - Setting next_dagrun for example_short_circuit_decorator to 2025-04-27 00:00:00+00:00, run_after=2025-04-28 00:00:00+00:00
[2025-04-28T02:12:35.027+0000] {processor.py:183} INFO - Processing /home/airflow/.local/lib/python3.12/site-packages/airflow/example_dags/example_short_circuit_decorator.py took 0.034 seconds
[2025-04-28T02:13:05.524+0000] {processor.py:161} INFO - Started process (PID=324) to work on /home/airflow/.local/lib/python3.12/site-packages/airflow/example_dags/example_short_circuit_decorator.py
[2025-04-28T02:13:05.528+0000] {processor.py:830} INFO - Processing file /home/airflow/.local/lib/python3.12/site-packages/airflow/example_dags/example_short_circuit_decorator.py for tasks to queue
[2025-04-28T02:13:05.529+0000] {logging_mixin.py:188} INFO - [2025-04-28T02:13:05.529+0000] {dagbag.py:540} INFO - Filling up the DagBag from /home/airflow/.local/lib/python3.12/site-packages/airflow/example_dags/example_short_circuit_decorator.py
[2025-04-28T02:13:05.534+0000] {processor.py:840} INFO - DAG(s) 'example_short_circuit_decorator' retrieved from /home/airflow/.local/lib/python3.12/site-packages/airflow/example_dags/example_short_circuit_decorator.py
[2025-04-28T02:13:05.542+0000] {logging_mixin.py:188} INFO - [2025-04-28T02:13:05.542+0000] {dag.py:3096} INFO - Sync 1 DAGs
[2025-04-28T02:13:05.551+0000] {logging_mixin.py:188} INFO - [2025-04-28T02:13:05.551+0000] {dag.py:3954} INFO - Setting next_dagrun for example_short_circuit_decorator to 2025-04-27 00:00:00+00:00, run_after=2025-04-28 00:00:00+00:00
[2025-04-28T02:13:05.558+0000] {processor.py:183} INFO - Processing /home/airflow/.local/lib/python3.12/site-packages/airflow/example_dags/example_short_circuit_decorator.py took 0.036 seconds
[2025-04-28T02:13:36.014+0000] {processor.py:161} INFO - Started process (PID=382) to work on /home/airflow/.local/lib/python3.12/site-packages/airflow/example_dags/example_short_circuit_decorator.py
[2025-04-28T02:13:36.015+0000] {processor.py:830} INFO - Processing file /home/airflow/.local/lib/python3.12/site-packages/airflow/example_dags/example_short_circuit_decorator.py for tasks to queue
[2025-04-28T02:13:36.015+0000] {logging_mixin.py:188} INFO - [2025-04-28T02:13:36.015+0000] {dagbag.py:540} INFO - Filling up the DagBag from /home/airflow/.local/lib/python3.12/site-packages/airflow/example_dags/example_short_circuit_decorator.py
[2025-04-28T02:13:36.019+0000] {processor.py:840} INFO - DAG(s) 'example_short_circuit_decorator' retrieved from /home/airflow/.local/lib/python3.12/site-packages/airflow/example_dags/example_short_circuit_decorator.py
[2025-04-28T02:13:36.028+0000] {logging_mixin.py:188} INFO - [2025-04-28T02:13:36.028+0000] {dag.py:3096} INFO - Sync 1 DAGs
[2025-04-28T02:13:36.037+0000] {logging_mixin.py:188} INFO - [2025-04-28T02:13:36.037+0000] {dag.py:3954} INFO - Setting next_dagrun for example_short_circuit_decorator to 2025-04-27 00:00:00+00:00, run_after=2025-04-28 00:00:00+00:00
[2025-04-28T02:13:36.045+0000] {processor.py:183} INFO - Processing /home/airflow/.local/lib/python3.12/site-packages/airflow/example_dags/example_short_circuit_decorator.py took 0.033 seconds
[2025-04-28T02:14:06.519+0000] {processor.py:161} INFO - Started process (PID=440) to work on /home/airflow/.local/lib/python3.12/site-packages/airflow/example_dags/example_short_circuit_decorator.py
[2025-04-28T02:14:06.520+0000] {processor.py:830} INFO - Processing file /home/airflow/.local/lib/python3.12/site-packages/airflow/example_dags/example_short_circuit_decorator.py for tasks to queue
[2025-04-28T02:14:06.521+0000] {logging_mixin.py:188} INFO - [2025-04-28T02:14:06.521+0000] {dagbag.py:540} INFO - Filling up the DagBag from /home/airflow/.local/lib/python3.12/site-packages/airflow/example_dags/example_short_circuit_decorator.py
[2025-04-28T02:14:06.525+0000] {processor.py:840} INFO - DAG(s) 'example_short_circuit_decorator' retrieved from /home/airflow/.local/lib/python3.12/site-packages/airflow/example_dags/example_short_circuit_decorator.py
[2025-04-28T02:14:06.531+0000] {logging_mixin.py:188} INFO - [2025-04-28T02:14:06.530+0000] {dag.py:3096} INFO - Sync 1 DAGs
[2025-04-28T02:14:06.540+0000] {logging_mixin.py:188} INFO - [2025-04-28T02:14:06.540+0000] {dag.py:3954} INFO - Setting next_dagrun for example_short_circuit_decorator to 2025-04-27 00:00:00+00:00, run_after=2025-04-28 00:00:00+00:00
[2025-04-28T02:14:06.550+0000] {processor.py:183} INFO - Processing /home/airflow/.local/lib/python3.12/site-packages/airflow/example_dags/example_short_circuit_decorator.py took 0.034 seconds
[2025-04-28T02:14:36.944+0000] {processor.py:161} INFO - Started process (PID=498) to work on /home/airflow/.local/lib/python3.12/site-packages/airflow/example_dags/example_short_circuit_decorator.py
[2025-04-28T02:14:36.945+0000] {processor.py:830} INFO - Processing file /home/airflow/.local/lib/python3.12/site-packages/airflow/example_dags/example_short_circuit_decorator.py for tasks to queue
[2025-04-28T02:14:36.945+0000] {logging_mixin.py:188} INFO - [2025-04-28T02:14:36.945+0000] {dagbag.py:540} INFO - Filling up the DagBag from /home/airflow/.local/lib/python3.12/site-packages/airflow/example_dags/example_short_circuit_decorator.py
[2025-04-28T02:14:36.948+0000] {processor.py:840} INFO - DAG(s) 'example_short_circuit_decorator' retrieved from /home/airflow/.local/lib/python3.12/site-packages/airflow/example_dags/example_short_circuit_decorator.py
[2025-04-28T02:14:36.953+0000] {logging_mixin.py:188} INFO - [2025-04-28T02:14:36.953+0000] {dag.py:3096} INFO - Sync 1 DAGs
[2025-04-28T02:14:36.960+0000] {logging_mixin.py:188} INFO - [2025-04-28T02:14:36.960+0000] {dag.py:3954} INFO - Setting next_dagrun for example_short_circuit_decorator to 2025-04-27 00:00:00+00:00, run_after=2025-04-28 00:00:00+00:00
[2025-04-28T02:14:36.966+0000] {processor.py:183} INFO - Processing /home/airflow/.local/lib/python3.12/site-packages/airflow/example_dags/example_short_circuit_decorator.py took 0.024 seconds
[2025-04-28T02:15:09.968+0000] {processor.py:161} INFO - Started process (PID=556) to work on /home/airflow/.local/lib/python3.12/site-packages/airflow/example_dags/example_short_circuit_decorator.py
[2025-04-28T02:15:09.968+0000] {processor.py:830} INFO - Processing file /home/airflow/.local/lib/python3.12/site-packages/airflow/example_dags/example_short_circuit_decorator.py for tasks to queue
[2025-04-28T02:15:09.970+0000] {logging_mixin.py:188} INFO - [2025-04-28T02:15:09.970+0000] {dagbag.py:540} INFO - Filling up the DagBag from /home/airflow/.local/lib/python3.12/site-packages/airflow/example_dags/example_short_circuit_decorator.py
[2025-04-28T02:15:09.974+0000] {processor.py:840} INFO - DAG(s) 'example_short_circuit_decorator' retrieved from /home/airflow/.local/lib/python3.12/site-packages/airflow/example_dags/example_short_circuit_decorator.py
[2025-04-28T02:15:10.073+0000] {logging_mixin.py:188} INFO - [2025-04-28T02:15:10.073+0000] {dag.py:3096} INFO - Sync 1 DAGs
[2025-04-28T02:15:10.082+0000] {logging_mixin.py:188} INFO - [2025-04-28T02:15:10.081+0000] {dag.py:3954} INFO - Setting next_dagrun for example_short_circuit_decorator to 2025-04-27 00:00:00+00:00, run_after=2025-04-28 00:00:00+00:00
[2025-04-28T02:15:10.089+0000] {processor.py:183} INFO - Processing /home/airflow/.local/lib/python3.12/site-packages/airflow/example_dags/example_short_circuit_decorator.py took 0.124 seconds
[2025-04-28T02:15:40.718+0000] {processor.py:161} INFO - Started process (PID=614) to work on /home/airflow/.local/lib/python3.12/site-packages/airflow/example_dags/example_short_circuit_decorator.py
[2025-04-28T02:15:40.718+0000] {processor.py:830} INFO - Processing file /home/airflow/.local/lib/python3.12/site-packages/airflow/example_dags/example_short_circuit_decorator.py for tasks to queue
[2025-04-28T02:15:40.719+0000] {logging_mixin.py:188} INFO - [2025-04-28T02:15:40.719+0000] {dagbag.py:540} INFO - Filling up the DagBag from /home/airflow/.local/lib/python3.12/site-packages/airflow/example_dags/example_short_circuit_decorator.py
[2025-04-28T02:15:40.722+0000] {processor.py:840} INFO - DAG(s) 'example_short_circuit_decorator' retrieved from /home/airflow/.local/lib/python3.12/site-packages/airflow/example_dags/example_short_circuit_decorator.py
[2025-04-28T02:15:40.732+0000] {logging_mixin.py:188} INFO - [2025-04-28T02:15:40.732+0000] {dag.py:3096} INFO - Sync 1 DAGs
[2025-04-28T02:15:40.740+0000] {logging_mixin.py:188} INFO - [2025-04-28T02:15:40.740+0000] {dag.py:3954} INFO - Setting next_dagrun for example_short_circuit_decorator to 2025-04-27 00:00:00+00:00, run_after=2025-04-28 00:00:00+00:00
[2025-04-28T02:15:40.747+0000] {processor.py:183} INFO - Processing /home/airflow/.local/lib/python3.12/site-packages/airflow/example_dags/example_short_circuit_decorator.py took 0.032 seconds
[2025-04-28T02:16:11.339+0000] {processor.py:161} INFO - Started process (PID=672) to work on /home/airflow/.local/lib/python3.12/site-packages/airflow/example_dags/example_short_circuit_decorator.py
[2025-04-28T02:16:11.342+0000] {processor.py:830} INFO - Processing file /home/airflow/.local/lib/python3.12/site-packages/airflow/example_dags/example_short_circuit_decorator.py for tasks to queue
[2025-04-28T02:16:11.343+0000] {logging_mixin.py:188} INFO - [2025-04-28T02:16:11.343+0000] {dagbag.py:540} INFO - Filling up the DagBag from /home/airflow/.local/lib/python3.12/site-packages/airflow/example_dags/example_short_circuit_decorator.py
[2025-04-28T02:16:11.348+0000] {processor.py:840} INFO - DAG(s) 'example_short_circuit_decorator' retrieved from /home/airflow/.local/lib/python3.12/site-packages/airflow/example_dags/example_short_circuit_decorator.py
[2025-04-28T02:16:11.358+0000] {logging_mixin.py:188} INFO - [2025-04-28T02:16:11.358+0000] {dag.py:3096} INFO - Sync 1 DAGs
[2025-04-28T02:16:11.369+0000] {logging_mixin.py:188} INFO - [2025-04-28T02:16:11.369+0000] {dag.py:3954} INFO - Setting next_dagrun for example_short_circuit_decorator to 2025-04-27 00:00:00+00:00, run_after=2025-04-28 00:00:00+00:00
[2025-04-28T02:16:11.377+0000] {processor.py:183} INFO - Processing /home/airflow/.local/lib/python3.12/site-packages/airflow/example_dags/example_short_circuit_decorator.py took 0.040 seconds
[2025-04-28T02:16:42.034+0000] {processor.py:161} INFO - Started process (PID=731) to work on /home/airflow/.local/lib/python3.12/site-packages/airflow/example_dags/example_short_circuit_decorator.py
[2025-04-28T02:16:42.038+0000] {processor.py:830} INFO - Processing file /home/airflow/.local/lib/python3.12/site-packages/airflow/example_dags/example_short_circuit_decorator.py for tasks to queue
[2025-04-28T02:16:42.039+0000] {logging_mixin.py:188} INFO - [2025-04-28T02:16:42.039+0000] {dagbag.py:540} INFO - Filling up the DagBag from /home/airflow/.local/lib/python3.12/site-packages/airflow/example_dags/example_short_circuit_decorator.py
[2025-04-28T02:16:42.042+0000] {processor.py:840} INFO - DAG(s) 'example_short_circuit_decorator' retrieved from /home/airflow/.local/lib/python3.12/site-packages/airflow/example_dags/example_short_circuit_decorator.py
[2025-04-28T02:16:42.052+0000] {logging_mixin.py:188} INFO - [2025-04-28T02:16:42.052+0000] {dag.py:3096} INFO - Sync 1 DAGs
[2025-04-28T02:16:42.063+0000] {logging_mixin.py:188} INFO - [2025-04-28T02:16:42.063+0000] {dag.py:3954} INFO - Setting next_dagrun for example_short_circuit_decorator to 2025-04-27 00:00:00+00:00, run_after=2025-04-28 00:00:00+00:00
[2025-04-28T02:16:42.070+0000] {processor.py:183} INFO - Processing /home/airflow/.local/lib/python3.12/site-packages/airflow/example_dags/example_short_circuit_decorator.py took 0.038 seconds
[2025-04-28T02:17:12.798+0000] {processor.py:161} INFO - Started process (PID=790) to work on /home/airflow/.local/lib/python3.12/site-packages/airflow/example_dags/example_short_circuit_decorator.py
[2025-04-28T02:17:12.799+0000] {processor.py:830} INFO - Processing file /home/airflow/.local/lib/python3.12/site-packages/airflow/example_dags/example_short_circuit_decorator.py for tasks to queue
[2025-04-28T02:17:12.800+0000] {logging_mixin.py:188} INFO - [2025-04-28T02:17:12.800+0000] {dagbag.py:540} INFO - Filling up the DagBag from /home/airflow/.local/lib/python3.12/site-packages/airflow/example_dags/example_short_circuit_decorator.py
[2025-04-28T02:17:12.804+0000] {processor.py:840} INFO - DAG(s) 'example_short_circuit_decorator' retrieved from /home/airflow/.local/lib/python3.12/site-packages/airflow/example_dags/example_short_circuit_decorator.py
[2025-04-28T02:17:12.813+0000] {logging_mixin.py:188} INFO - [2025-04-28T02:17:12.813+0000] {dag.py:3096} INFO - Sync 1 DAGs
[2025-04-28T02:17:12.822+0000] {logging_mixin.py:188} INFO - [2025-04-28T02:17:12.822+0000] {dag.py:3954} INFO - Setting next_dagrun for example_short_circuit_decorator to 2025-04-27 00:00:00+00:00, run_after=2025-04-28 00:00:00+00:00
[2025-04-28T02:17:12.831+0000] {processor.py:183} INFO - Processing /home/airflow/.local/lib/python3.12/site-packages/airflow/example_dags/example_short_circuit_decorator.py took 0.035 seconds
[2025-04-28T02:17:43.373+0000] {processor.py:161} INFO - Started process (PID=853) to work on /home/airflow/.local/lib/python3.12/site-packages/airflow/example_dags/example_short_circuit_decorator.py
[2025-04-28T02:17:43.373+0000] {processor.py:830} INFO - Processing file /home/airflow/.local/lib/python3.12/site-packages/airflow/example_dags/example_short_circuit_decorator.py for tasks to queue
[2025-04-28T02:17:43.374+0000] {logging_mixin.py:188} INFO - [2025-04-28T02:17:43.374+0000] {dagbag.py:540} INFO - Filling up the DagBag from /home/airflow/.local/lib/python3.12/site-packages/airflow/example_dags/example_short_circuit_decorator.py
[2025-04-28T02:17:43.378+0000] {processor.py:840} INFO - DAG(s) 'example_short_circuit_decorator' retrieved from /home/airflow/.local/lib/python3.12/site-packages/airflow/example_dags/example_short_circuit_decorator.py
[2025-04-28T02:17:43.388+0000] {logging_mixin.py:188} INFO - [2025-04-28T02:17:43.388+0000] {dag.py:3096} INFO - Sync 1 DAGs
[2025-04-28T02:17:43.398+0000] {logging_mixin.py:188} INFO - [2025-04-28T02:17:43.397+0000] {dag.py:3954} INFO - Setting next_dagrun for example_short_circuit_decorator to 2025-04-27 00:00:00+00:00, run_after=2025-04-28 00:00:00+00:00
[2025-04-28T02:17:43.485+0000] {processor.py:183} INFO - Processing /home/airflow/.local/lib/python3.12/site-packages/airflow/example_dags/example_short_circuit_decorator.py took 0.114 seconds
[2025-04-28T02:18:14.093+0000] {processor.py:161} INFO - Started process (PID=912) to work on /home/airflow/.local/lib/python3.12/site-packages/airflow/example_dags/example_short_circuit_decorator.py
[2025-04-28T02:18:14.094+0000] {processor.py:830} INFO - Processing file /home/airflow/.local/lib/python3.12/site-packages/airflow/example_dags/example_short_circuit_decorator.py for tasks to queue
[2025-04-28T02:18:14.095+0000] {logging_mixin.py:188} INFO - [2025-04-28T02:18:14.094+0000] {dagbag.py:540} INFO - Filling up the DagBag from /home/airflow/.local/lib/python3.12/site-packages/airflow/example_dags/example_short_circuit_decorator.py
[2025-04-28T02:18:14.101+0000] {processor.py:840} INFO - DAG(s) 'example_short_circuit_decorator' retrieved from /home/airflow/.local/lib/python3.12/site-packages/airflow/example_dags/example_short_circuit_decorator.py
[2025-04-28T02:18:14.110+0000] {logging_mixin.py:188} INFO - [2025-04-28T02:18:14.110+0000] {dag.py:3096} INFO - Sync 1 DAGs
[2025-04-28T02:18:14.118+0000] {logging_mixin.py:188} INFO - [2025-04-28T02:18:14.118+0000] {dag.py:3954} INFO - Setting next_dagrun for example_short_circuit_decorator to 2025-04-27 00:00:00+00:00, run_after=2025-04-28 00:00:00+00:00
[2025-04-28T02:18:14.126+0000] {processor.py:183} INFO - Processing /home/airflow/.local/lib/python3.12/site-packages/airflow/example_dags/example_short_circuit_decorator.py took 0.036 seconds
[2025-04-28T02:18:44.854+0000] {processor.py:161} INFO - Started process (PID=971) to work on /home/airflow/.local/lib/python3.12/site-packages/airflow/example_dags/example_short_circuit_decorator.py
[2025-04-28T02:18:44.855+0000] {processor.py:830} INFO - Processing file /home/airflow/.local/lib/python3.12/site-packages/airflow/example_dags/example_short_circuit_decorator.py for tasks to queue
[2025-04-28T02:18:44.856+0000] {logging_mixin.py:188} INFO - [2025-04-28T02:18:44.856+0000] {dagbag.py:540} INFO - Filling up the DagBag from /home/airflow/.local/lib/python3.12/site-packages/airflow/example_dags/example_short_circuit_decorator.py
[2025-04-28T02:18:44.860+0000] {processor.py:840} INFO - DAG(s) 'example_short_circuit_decorator' retrieved from /home/airflow/.local/lib/python3.12/site-packages/airflow/example_dags/example_short_circuit_decorator.py
[2025-04-28T02:18:44.870+0000] {logging_mixin.py:188} INFO - [2025-04-28T02:18:44.870+0000] {dag.py:3096} INFO - Sync 1 DAGs
[2025-04-28T02:18:44.880+0000] {logging_mixin.py:188} INFO - [2025-04-28T02:18:44.880+0000] {dag.py:3954} INFO - Setting next_dagrun for example_short_circuit_decorator to 2025-04-27 00:00:00+00:00, run_after=2025-04-28 00:00:00+00:00
[2025-04-28T02:18:44.888+0000] {processor.py:183} INFO - Processing /home/airflow/.local/lib/python3.12/site-packages/airflow/example_dags/example_short_circuit_decorator.py took 0.036 seconds
[2025-04-28T02:19:15.197+0000] {processor.py:161} INFO - Started process (PID=1030) to work on /home/airflow/.local/lib/python3.12/site-packages/airflow/example_dags/example_short_circuit_decorator.py
[2025-04-28T02:19:15.199+0000] {processor.py:830} INFO - Processing file /home/airflow/.local/lib/python3.12/site-packages/airflow/example_dags/example_short_circuit_decorator.py for tasks to queue
[2025-04-28T02:19:15.200+0000] {logging_mixin.py:188} INFO - [2025-04-28T02:19:15.200+0000] {dagbag.py:540} INFO - Filling up the DagBag from /home/airflow/.local/lib/python3.12/site-packages/airflow/example_dags/example_short_circuit_decorator.py
[2025-04-28T02:19:15.204+0000] {processor.py:840} INFO - DAG(s) 'example_short_circuit_decorator' retrieved from /home/airflow/.local/lib/python3.12/site-packages/airflow/example_dags/example_short_circuit_decorator.py
[2025-04-28T02:19:15.213+0000] {logging_mixin.py:188} INFO - [2025-04-28T02:19:15.213+0000] {dag.py:3096} INFO - Sync 1 DAGs
[2025-04-28T02:19:15.222+0000] {logging_mixin.py:188} INFO - [2025-04-28T02:19:15.222+0000] {dag.py:3954} INFO - Setting next_dagrun for example_short_circuit_decorator to 2025-04-27 00:00:00+00:00, run_after=2025-04-28 00:00:00+00:00
[2025-04-28T02:19:15.229+0000] {processor.py:183} INFO - Processing /home/airflow/.local/lib/python3.12/site-packages/airflow/example_dags/example_short_circuit_decorator.py took 0.034 seconds
[2025-04-28T02:19:46.021+0000] {processor.py:161} INFO - Started process (PID=1089) to work on /home/airflow/.local/lib/python3.12/site-packages/airflow/example_dags/example_short_circuit_decorator.py
[2025-04-28T02:19:46.021+0000] {processor.py:830} INFO - Processing file /home/airflow/.local/lib/python3.12/site-packages/airflow/example_dags/example_short_circuit_decorator.py for tasks to queue
[2025-04-28T02:19:46.022+0000] {logging_mixin.py:188} INFO - [2025-04-28T02:19:46.022+0000] {dagbag.py:540} INFO - Filling up the DagBag from /home/airflow/.local/lib/python3.12/site-packages/airflow/example_dags/example_short_circuit_decorator.py
[2025-04-28T02:19:46.025+0000] {processor.py:840} INFO - DAG(s) 'example_short_circuit_decorator' retrieved from /home/airflow/.local/lib/python3.12/site-packages/airflow/example_dags/example_short_circuit_decorator.py
[2025-04-28T02:19:46.093+0000] {logging_mixin.py:188} INFO - [2025-04-28T02:19:46.093+0000] {dag.py:3096} INFO - Sync 1 DAGs
[2025-04-28T02:19:46.099+0000] {logging_mixin.py:188} INFO - [2025-04-28T02:19:46.099+0000] {dag.py:3954} INFO - Setting next_dagrun for example_short_circuit_decorator to 2025-04-27 00:00:00+00:00, run_after=2025-04-28 00:00:00+00:00
[2025-04-28T02:19:46.105+0000] {processor.py:183} INFO - Processing /home/airflow/.local/lib/python3.12/site-packages/airflow/example_dags/example_short_circuit_decorator.py took 0.086 seconds
[2025-04-28T02:20:16.904+0000] {processor.py:161} INFO - Started process (PID=1148) to work on /home/airflow/.local/lib/python3.12/site-packages/airflow/example_dags/example_short_circuit_decorator.py
[2025-04-28T02:20:16.907+0000] {processor.py:830} INFO - Processing file /home/airflow/.local/lib/python3.12/site-packages/airflow/example_dags/example_short_circuit_decorator.py for tasks to queue
[2025-04-28T02:20:16.909+0000] {logging_mixin.py:188} INFO - [2025-04-28T02:20:16.908+0000] {dagbag.py:540} INFO - Filling up the DagBag from /home/airflow/.local/lib/python3.12/site-packages/airflow/example_dags/example_short_circuit_decorator.py
[2025-04-28T02:20:16.912+0000] {processor.py:840} INFO - DAG(s) 'example_short_circuit_decorator' retrieved from /home/airflow/.local/lib/python3.12/site-packages/airflow/example_dags/example_short_circuit_decorator.py
[2025-04-28T02:20:16.921+0000] {logging_mixin.py:188} INFO - [2025-04-28T02:20:16.921+0000] {dag.py:3096} INFO - Sync 1 DAGs
[2025-04-28T02:20:16.929+0000] {logging_mixin.py:188} INFO - [2025-04-28T02:20:16.929+0000] {dag.py:3954} INFO - Setting next_dagrun for example_short_circuit_decorator to 2025-04-27 00:00:00+00:00, run_after=2025-04-28 00:00:00+00:00
[2025-04-28T02:20:16.937+0000] {processor.py:183} INFO - Processing /home/airflow/.local/lib/python3.12/site-packages/airflow/example_dags/example_short_circuit_decorator.py took 0.035 seconds
[2025-04-28T02:20:47.526+0000] {processor.py:161} INFO - Started process (PID=1207) to work on /home/airflow/.local/lib/python3.12/site-packages/airflow/example_dags/example_short_circuit_decorator.py
[2025-04-28T02:20:47.528+0000] {processor.py:830} INFO - Processing file /home/airflow/.local/lib/python3.12/site-packages/airflow/example_dags/example_short_circuit_decorator.py for tasks to queue
[2025-04-28T02:20:47.529+0000] {logging_mixin.py:188} INFO - [2025-04-28T02:20:47.529+0000] {dagbag.py:540} INFO - Filling up the DagBag from /home/airflow/.local/lib/python3.12/site-packages/airflow/example_dags/example_short_circuit_decorator.py
[2025-04-28T02:20:47.532+0000] {processor.py:840} INFO - DAG(s) 'example_short_circuit_decorator' retrieved from /home/airflow/.local/lib/python3.12/site-packages/airflow/example_dags/example_short_circuit_decorator.py
[2025-04-28T02:20:47.541+0000] {logging_mixin.py:188} INFO - [2025-04-28T02:20:47.541+0000] {dag.py:3096} INFO - Sync 1 DAGs
[2025-04-28T02:20:47.550+0000] {logging_mixin.py:188} INFO - [2025-04-28T02:20:47.550+0000] {dag.py:3954} INFO - Setting next_dagrun for example_short_circuit_decorator to 2025-04-27 00:00:00+00:00, run_after=2025-04-28 00:00:00+00:00
[2025-04-28T02:20:47.558+0000] {processor.py:183} INFO - Processing /home/airflow/.local/lib/python3.12/site-packages/airflow/example_dags/example_short_circuit_decorator.py took 0.034 seconds
[2025-04-28T02:21:18.186+0000] {processor.py:161} INFO - Started process (PID=1266) to work on /home/airflow/.local/lib/python3.12/site-packages/airflow/example_dags/example_short_circuit_decorator.py
[2025-04-28T02:21:18.190+0000] {processor.py:830} INFO - Processing file /home/airflow/.local/lib/python3.12/site-packages/airflow/example_dags/example_short_circuit_decorator.py for tasks to queue
[2025-04-28T02:21:18.192+0000] {logging_mixin.py:188} INFO - [2025-04-28T02:21:18.192+0000] {dagbag.py:540} INFO - Filling up the DagBag from /home/airflow/.local/lib/python3.12/site-packages/airflow/example_dags/example_short_circuit_decorator.py
[2025-04-28T02:21:18.195+0000] {processor.py:840} INFO - DAG(s) 'example_short_circuit_decorator' retrieved from /home/airflow/.local/lib/python3.12/site-packages/airflow/example_dags/example_short_circuit_decorator.py
[2025-04-28T02:21:18.204+0000] {logging_mixin.py:188} INFO - [2025-04-28T02:21:18.204+0000] {dag.py:3096} INFO - Sync 1 DAGs
[2025-04-28T02:21:18.213+0000] {logging_mixin.py:188} INFO - [2025-04-28T02:21:18.213+0000] {dag.py:3954} INFO - Setting next_dagrun for example_short_circuit_decorator to 2025-04-27 00:00:00+00:00, run_after=2025-04-28 00:00:00+00:00
[2025-04-28T02:21:18.220+0000] {processor.py:183} INFO - Processing /home/airflow/.local/lib/python3.12/site-packages/airflow/example_dags/example_short_circuit_decorator.py took 0.036 seconds
[2025-04-28T02:21:48.718+0000] {processor.py:161} INFO - Started process (PID=1325) to work on /home/airflow/.local/lib/python3.12/site-packages/airflow/example_dags/example_short_circuit_decorator.py
[2025-04-28T02:21:48.721+0000] {processor.py:830} INFO - Processing file /home/airflow/.local/lib/python3.12/site-packages/airflow/example_dags/example_short_circuit_decorator.py for tasks to queue
[2025-04-28T02:21:48.722+0000] {logging_mixin.py:188} INFO - [2025-04-28T02:21:48.722+0000] {dagbag.py:540} INFO - Filling up the DagBag from /home/airflow/.local/lib/python3.12/site-packages/airflow/example_dags/example_short_circuit_decorator.py
[2025-04-28T02:21:48.726+0000] {processor.py:840} INFO - DAG(s) 'example_short_circuit_decorator' retrieved from /home/airflow/.local/lib/python3.12/site-packages/airflow/example_dags/example_short_circuit_decorator.py
[2025-04-28T02:21:48.736+0000] {logging_mixin.py:188} INFO - [2025-04-28T02:21:48.736+0000] {dag.py:3096} INFO - Sync 1 DAGs
[2025-04-28T02:21:48.746+0000] {logging_mixin.py:188} INFO - [2025-04-28T02:21:48.746+0000] {dag.py:3954} INFO - Setting next_dagrun for example_short_circuit_decorator to 2025-04-27 00:00:00+00:00, run_after=2025-04-28 00:00:00+00:00
[2025-04-28T02:21:48.754+0000] {processor.py:183} INFO - Processing /home/airflow/.local/lib/python3.12/site-packages/airflow/example_dags/example_short_circuit_decorator.py took 0.038 seconds
[2025-04-28T02:22:19.323+0000] {processor.py:161} INFO - Started process (PID=1384) to work on /home/airflow/.local/lib/python3.12/site-packages/airflow/example_dags/example_short_circuit_decorator.py
[2025-04-28T02:22:19.326+0000] {processor.py:830} INFO - Processing file /home/airflow/.local/lib/python3.12/site-packages/airflow/example_dags/example_short_circuit_decorator.py for tasks to queue
[2025-04-28T02:22:19.327+0000] {logging_mixin.py:188} INFO - [2025-04-28T02:22:19.327+0000] {dagbag.py:540} INFO - Filling up the DagBag from /home/airflow/.local/lib/python3.12/site-packages/airflow/example_dags/example_short_circuit_decorator.py
[2025-04-28T02:22:19.331+0000] {processor.py:840} INFO - DAG(s) 'example_short_circuit_decorator' retrieved from /home/airflow/.local/lib/python3.12/site-packages/airflow/example_dags/example_short_circuit_decorator.py
[2025-04-28T02:22:19.341+0000] {logging_mixin.py:188} INFO - [2025-04-28T02:22:19.340+0000] {dag.py:3096} INFO - Sync 1 DAGs
[2025-04-28T02:22:19.349+0000] {logging_mixin.py:188} INFO - [2025-04-28T02:22:19.348+0000] {dag.py:3954} INFO - Setting next_dagrun for example_short_circuit_decorator to 2025-04-27 00:00:00+00:00, run_after=2025-04-28 00:00:00+00:00
[2025-04-28T02:22:19.355+0000] {processor.py:183} INFO - Processing /home/airflow/.local/lib/python3.12/site-packages/airflow/example_dags/example_short_circuit_decorator.py took 0.035 seconds
[2025-04-28T02:22:49.776+0000] {processor.py:161} INFO - Started process (PID=1443) to work on /home/airflow/.local/lib/python3.12/site-packages/airflow/example_dags/example_short_circuit_decorator.py
[2025-04-28T02:22:49.778+0000] {processor.py:830} INFO - Processing file /home/airflow/.local/lib/python3.12/site-packages/airflow/example_dags/example_short_circuit_decorator.py for tasks to queue
[2025-04-28T02:22:49.779+0000] {logging_mixin.py:188} INFO - [2025-04-28T02:22:49.779+0000] {dagbag.py:540} INFO - Filling up the DagBag from /home/airflow/.local/lib/python3.12/site-packages/airflow/example_dags/example_short_circuit_decorator.py
[2025-04-28T02:22:49.784+0000] {processor.py:840} INFO - DAG(s) 'example_short_circuit_decorator' retrieved from /home/airflow/.local/lib/python3.12/site-packages/airflow/example_dags/example_short_circuit_decorator.py
[2025-04-28T02:22:49.796+0000] {logging_mixin.py:188} INFO - [2025-04-28T02:22:49.795+0000] {dag.py:3096} INFO - Sync 1 DAGs
[2025-04-28T02:22:49.806+0000] {logging_mixin.py:188} INFO - [2025-04-28T02:22:49.806+0000] {dag.py:3954} INFO - Setting next_dagrun for example_short_circuit_decorator to 2025-04-27 00:00:00+00:00, run_after=2025-04-28 00:00:00+00:00
[2025-04-28T02:22:49.816+0000] {processor.py:183} INFO - Processing /home/airflow/.local/lib/python3.12/site-packages/airflow/example_dags/example_short_circuit_decorator.py took 0.043 seconds
[2025-04-28T02:23:20.455+0000] {processor.py:161} INFO - Started process (PID=1502) to work on /home/airflow/.local/lib/python3.12/site-packages/airflow/example_dags/example_short_circuit_decorator.py
[2025-04-28T02:23:20.458+0000] {processor.py:830} INFO - Processing file /home/airflow/.local/lib/python3.12/site-packages/airflow/example_dags/example_short_circuit_decorator.py for tasks to queue
[2025-04-28T02:23:20.459+0000] {logging_mixin.py:188} INFO - [2025-04-28T02:23:20.459+0000] {dagbag.py:540} INFO - Filling up the DagBag from /home/airflow/.local/lib/python3.12/site-packages/airflow/example_dags/example_short_circuit_decorator.py
[2025-04-28T02:23:20.464+0000] {processor.py:840} INFO - DAG(s) 'example_short_circuit_decorator' retrieved from /home/airflow/.local/lib/python3.12/site-packages/airflow/example_dags/example_short_circuit_decorator.py
[2025-04-28T02:23:20.472+0000] {logging_mixin.py:188} INFO - [2025-04-28T02:23:20.472+0000] {dag.py:3096} INFO - Sync 1 DAGs
[2025-04-28T02:23:20.480+0000] {logging_mixin.py:188} INFO - [2025-04-28T02:23:20.480+0000] {dag.py:3954} INFO - Setting next_dagrun for example_short_circuit_decorator to 2025-04-27 00:00:00+00:00, run_after=2025-04-28 00:00:00+00:00
[2025-04-28T02:23:20.488+0000] {processor.py:183} INFO - Processing /home/airflow/.local/lib/python3.12/site-packages/airflow/example_dags/example_short_circuit_decorator.py took 0.035 seconds
