[2025-04-28T02:11:03.197+0000] {processor.py:161} INFO - Started process (PID=85) to work on /home/airflow/.local/lib/python3.12/site-packages/airflow/example_dags/example_bash_decorator.py
[2025-04-28T02:11:03.197+0000] {processor.py:830} INFO - Processing file /home/airflow/.local/lib/python3.12/site-packages/airflow/example_dags/example_bash_decorator.py for tasks to queue
[2025-04-28T02:11:03.198+0000] {logging_mixin.py:188} INFO - [2025-04-28T02:11:03.197+0000] {dagbag.py:540} INFO - Filling up the DagBag from /home/airflow/.local/lib/python3.12/site-packages/airflow/example_dags/example_bash_decorator.py
[2025-04-28T02:11:03.205+0000] {processor.py:840} INFO - DAG(s) 'example_bash_decorator' retrieved from /home/airflow/.local/lib/python3.12/site-packages/airflow/example_dags/example_bash_decorator.py
[2025-04-28T02:11:03.209+0000] {logging_mixin.py:188} INFO - [2025-04-28T02:11:03.209+0000] {dag.py:3096} INFO - Sync 1 DAGs
[2025-04-28T02:11:03.214+0000] {logging_mixin.py:188} INFO - [2025-04-28T02:11:03.214+0000] {dag.py:3954} INFO - Setting next_dagrun for example_bash_decorator to None, run_after=None
[2025-04-28T02:11:03.220+0000] {processor.py:183} INFO - Processing /home/airflow/.local/lib/python3.12/site-packages/airflow/example_dags/example_bash_decorator.py took 0.026 seconds
[2025-04-28T02:11:33.860+0000] {processor.py:161} INFO - Started process (PID=143) to work on /home/airflow/.local/lib/python3.12/site-packages/airflow/example_dags/example_bash_decorator.py
[2025-04-28T02:11:33.861+0000] {processor.py:830} INFO - Processing file /home/airflow/.local/lib/python3.12/site-packages/airflow/example_dags/example_bash_decorator.py for tasks to queue
[2025-04-28T02:11:33.861+0000] {logging_mixin.py:188} INFO - [2025-04-28T02:11:33.861+0000] {dagbag.py:540} INFO - Filling up the DagBag from /home/airflow/.local/lib/python3.12/site-packages/airflow/example_dags/example_bash_decorator.py
[2025-04-28T02:11:33.867+0000] {processor.py:840} INFO - DAG(s) 'example_bash_decorator' retrieved from /home/airflow/.local/lib/python3.12/site-packages/airflow/example_dags/example_bash_decorator.py
[2025-04-28T02:11:33.910+0000] {logging_mixin.py:188} INFO - [2025-04-28T02:11:33.910+0000] {dag.py:3096} INFO - Sync 1 DAGs
[2025-04-28T02:11:33.914+0000] {logging_mixin.py:188} INFO - [2025-04-28T02:11:33.914+0000] {dag.py:3954} INFO - Setting next_dagrun for example_bash_decorator to None, run_after=None
[2025-04-28T02:11:33.923+0000] {processor.py:183} INFO - Processing /home/airflow/.local/lib/python3.12/site-packages/airflow/example_dags/example_bash_decorator.py took 0.065 seconds
[2025-04-28T02:12:04.503+0000] {processor.py:161} INFO - Started process (PID=207) to work on /home/airflow/.local/lib/python3.12/site-packages/airflow/example_dags/example_bash_decorator.py
[2025-04-28T02:12:04.505+0000] {processor.py:830} INFO - Processing file /home/airflow/.local/lib/python3.12/site-packages/airflow/example_dags/example_bash_decorator.py for tasks to queue
[2025-04-28T02:12:04.506+0000] {logging_mixin.py:188} INFO - [2025-04-28T02:12:04.506+0000] {dagbag.py:540} INFO - Filling up the DagBag from /home/airflow/.local/lib/python3.12/site-packages/airflow/example_dags/example_bash_decorator.py
[2025-04-28T02:12:04.511+0000] {processor.py:840} INFO - DAG(s) 'example_bash_decorator' retrieved from /home/airflow/.local/lib/python3.12/site-packages/airflow/example_dags/example_bash_decorator.py
[2025-04-28T02:12:04.521+0000] {logging_mixin.py:188} INFO - [2025-04-28T02:12:04.521+0000] {dag.py:3096} INFO - Sync 1 DAGs
[2025-04-28T02:12:04.526+0000] {logging_mixin.py:188} INFO - [2025-04-28T02:12:04.526+0000] {dag.py:3954} INFO - Setting next_dagrun for example_bash_decorator to None, run_after=None
[2025-04-28T02:12:04.534+0000] {processor.py:183} INFO - Processing /home/airflow/.local/lib/python3.12/site-packages/airflow/example_dags/example_bash_decorator.py took 0.034 seconds
[2025-04-28T02:12:34.991+0000] {processor.py:161} INFO - Started process (PID=265) to work on /home/airflow/.local/lib/python3.12/site-packages/airflow/example_dags/example_bash_decorator.py
[2025-04-28T02:12:34.992+0000] {processor.py:830} INFO - Processing file /home/airflow/.local/lib/python3.12/site-packages/airflow/example_dags/example_bash_decorator.py for tasks to queue
[2025-04-28T02:12:34.993+0000] {logging_mixin.py:188} INFO - [2025-04-28T02:12:34.992+0000] {dagbag.py:540} INFO - Filling up the DagBag from /home/airflow/.local/lib/python3.12/site-packages/airflow/example_dags/example_bash_decorator.py
[2025-04-28T02:12:34.998+0000] {processor.py:840} INFO - DAG(s) 'example_bash_decorator' retrieved from /home/airflow/.local/lib/python3.12/site-packages/airflow/example_dags/example_bash_decorator.py
[2025-04-28T02:12:35.009+0000] {logging_mixin.py:188} INFO - [2025-04-28T02:12:35.009+0000] {dag.py:3096} INFO - Sync 1 DAGs
[2025-04-28T02:12:35.015+0000] {logging_mixin.py:188} INFO - [2025-04-28T02:12:35.015+0000] {dag.py:3954} INFO - Setting next_dagrun for example_bash_decorator to None, run_after=None
[2025-04-28T02:12:35.022+0000] {processor.py:183} INFO - Processing /home/airflow/.local/lib/python3.12/site-packages/airflow/example_dags/example_bash_decorator.py took 0.033 seconds
[2025-04-28T02:13:05.523+0000] {processor.py:161} INFO - Started process (PID=323) to work on /home/airflow/.local/lib/python3.12/site-packages/airflow/example_dags/example_bash_decorator.py
[2025-04-28T02:13:05.523+0000] {processor.py:830} INFO - Processing file /home/airflow/.local/lib/python3.12/site-packages/airflow/example_dags/example_bash_decorator.py for tasks to queue
[2025-04-28T02:13:05.524+0000] {logging_mixin.py:188} INFO - [2025-04-28T02:13:05.524+0000] {dagbag.py:540} INFO - Filling up the DagBag from /home/airflow/.local/lib/python3.12/site-packages/airflow/example_dags/example_bash_decorator.py
[2025-04-28T02:13:05.529+0000] {processor.py:840} INFO - DAG(s) 'example_bash_decorator' retrieved from /home/airflow/.local/lib/python3.12/site-packages/airflow/example_dags/example_bash_decorator.py
[2025-04-28T02:13:05.540+0000] {logging_mixin.py:188} INFO - [2025-04-28T02:13:05.540+0000] {dag.py:3096} INFO - Sync 1 DAGs
[2025-04-28T02:13:05.545+0000] {logging_mixin.py:188} INFO - [2025-04-28T02:13:05.545+0000] {dag.py:3954} INFO - Setting next_dagrun for example_bash_decorator to None, run_after=None
[2025-04-28T02:13:05.552+0000] {processor.py:183} INFO - Processing /home/airflow/.local/lib/python3.12/site-packages/airflow/example_dags/example_bash_decorator.py took 0.032 seconds
[2025-04-28T02:13:35.973+0000] {processor.py:161} INFO - Started process (PID=381) to work on /home/airflow/.local/lib/python3.12/site-packages/airflow/example_dags/example_bash_decorator.py
[2025-04-28T02:13:35.974+0000] {processor.py:830} INFO - Processing file /home/airflow/.local/lib/python3.12/site-packages/airflow/example_dags/example_bash_decorator.py for tasks to queue
[2025-04-28T02:13:35.974+0000] {logging_mixin.py:188} INFO - [2025-04-28T02:13:35.974+0000] {dagbag.py:540} INFO - Filling up the DagBag from /home/airflow/.local/lib/python3.12/site-packages/airflow/example_dags/example_bash_decorator.py
[2025-04-28T02:13:35.980+0000] {processor.py:840} INFO - DAG(s) 'example_bash_decorator' retrieved from /home/airflow/.local/lib/python3.12/site-packages/airflow/example_dags/example_bash_decorator.py
[2025-04-28T02:13:35.993+0000] {logging_mixin.py:188} INFO - [2025-04-28T02:13:35.993+0000] {dag.py:3096} INFO - Sync 1 DAGs
[2025-04-28T02:13:35.998+0000] {logging_mixin.py:188} INFO - [2025-04-28T02:13:35.998+0000] {dag.py:3954} INFO - Setting next_dagrun for example_bash_decorator to None, run_after=None
[2025-04-28T02:13:36.007+0000] {processor.py:183} INFO - Processing /home/airflow/.local/lib/python3.12/site-packages/airflow/example_dags/example_bash_decorator.py took 0.036 seconds
[2025-04-28T02:14:06.495+0000] {processor.py:161} INFO - Started process (PID=439) to work on /home/airflow/.local/lib/python3.12/site-packages/airflow/example_dags/example_bash_decorator.py
[2025-04-28T02:14:06.495+0000] {processor.py:830} INFO - Processing file /home/airflow/.local/lib/python3.12/site-packages/airflow/example_dags/example_bash_decorator.py for tasks to queue
[2025-04-28T02:14:06.499+0000] {logging_mixin.py:188} INFO - [2025-04-28T02:14:06.498+0000] {dagbag.py:540} INFO - Filling up the DagBag from /home/airflow/.local/lib/python3.12/site-packages/airflow/example_dags/example_bash_decorator.py
[2025-04-28T02:14:06.505+0000] {processor.py:840} INFO - DAG(s) 'example_bash_decorator' retrieved from /home/airflow/.local/lib/python3.12/site-packages/airflow/example_dags/example_bash_decorator.py
[2025-04-28T02:14:06.511+0000] {logging_mixin.py:188} INFO - [2025-04-28T02:14:06.511+0000] {dag.py:3096} INFO - Sync 1 DAGs
[2025-04-28T02:14:06.516+0000] {logging_mixin.py:188} INFO - [2025-04-28T02:14:06.516+0000] {dag.py:3954} INFO - Setting next_dagrun for example_bash_decorator to None, run_after=None
[2025-04-28T02:14:06.524+0000] {processor.py:183} INFO - Processing /home/airflow/.local/lib/python3.12/site-packages/airflow/example_dags/example_bash_decorator.py took 0.032 seconds
[2025-04-28T02:14:36.915+0000] {processor.py:161} INFO - Started process (PID=497) to work on /home/airflow/.local/lib/python3.12/site-packages/airflow/example_dags/example_bash_decorator.py
[2025-04-28T02:14:36.915+0000] {processor.py:830} INFO - Processing file /home/airflow/.local/lib/python3.12/site-packages/airflow/example_dags/example_bash_decorator.py for tasks to queue
[2025-04-28T02:14:36.916+0000] {logging_mixin.py:188} INFO - [2025-04-28T02:14:36.916+0000] {dagbag.py:540} INFO - Filling up the DagBag from /home/airflow/.local/lib/python3.12/site-packages/airflow/example_dags/example_bash_decorator.py
[2025-04-28T02:14:36.921+0000] {processor.py:840} INFO - DAG(s) 'example_bash_decorator' retrieved from /home/airflow/.local/lib/python3.12/site-packages/airflow/example_dags/example_bash_decorator.py
[2025-04-28T02:14:36.926+0000] {logging_mixin.py:188} INFO - [2025-04-28T02:14:36.926+0000] {dag.py:3096} INFO - Sync 1 DAGs
[2025-04-28T02:14:36.931+0000] {logging_mixin.py:188} INFO - [2025-04-28T02:14:36.931+0000] {dag.py:3954} INFO - Setting next_dagrun for example_bash_decorator to None, run_after=None
[2025-04-28T02:14:36.938+0000] {processor.py:183} INFO - Processing /home/airflow/.local/lib/python3.12/site-packages/airflow/example_dags/example_bash_decorator.py took 0.026 seconds
[2025-04-28T02:15:09.848+0000] {processor.py:161} INFO - Started process (PID=555) to work on /home/airflow/.local/lib/python3.12/site-packages/airflow/example_dags/example_bash_decorator.py
[2025-04-28T02:15:09.849+0000] {processor.py:830} INFO - Processing file /home/airflow/.local/lib/python3.12/site-packages/airflow/example_dags/example_bash_decorator.py for tasks to queue
[2025-04-28T02:15:09.849+0000] {logging_mixin.py:188} INFO - [2025-04-28T02:15:09.849+0000] {dagbag.py:540} INFO - Filling up the DagBag from /home/airflow/.local/lib/python3.12/site-packages/airflow/example_dags/example_bash_decorator.py
[2025-04-28T02:15:09.854+0000] {processor.py:840} INFO - DAG(s) 'example_bash_decorator' retrieved from /home/airflow/.local/lib/python3.12/site-packages/airflow/example_dags/example_bash_decorator.py
[2025-04-28T02:15:09.947+0000] {logging_mixin.py:188} INFO - [2025-04-28T02:15:09.947+0000] {dag.py:3096} INFO - Sync 1 DAGs
[2025-04-28T02:15:09.951+0000] {logging_mixin.py:188} INFO - [2025-04-28T02:15:09.950+0000] {dag.py:3954} INFO - Setting next_dagrun for example_bash_decorator to None, run_after=None
[2025-04-28T02:15:09.957+0000] {processor.py:183} INFO - Processing /home/airflow/.local/lib/python3.12/site-packages/airflow/example_dags/example_bash_decorator.py took 0.110 seconds
[2025-04-28T02:15:40.677+0000] {processor.py:161} INFO - Started process (PID=613) to work on /home/airflow/.local/lib/python3.12/site-packages/airflow/example_dags/example_bash_decorator.py
[2025-04-28T02:15:40.678+0000] {processor.py:830} INFO - Processing file /home/airflow/.local/lib/python3.12/site-packages/airflow/example_dags/example_bash_decorator.py for tasks to queue
[2025-04-28T02:15:40.680+0000] {logging_mixin.py:188} INFO - [2025-04-28T02:15:40.680+0000] {dagbag.py:540} INFO - Filling up the DagBag from /home/airflow/.local/lib/python3.12/site-packages/airflow/example_dags/example_bash_decorator.py
[2025-04-28T02:15:40.685+0000] {processor.py:840} INFO - DAG(s) 'example_bash_decorator' retrieved from /home/airflow/.local/lib/python3.12/site-packages/airflow/example_dags/example_bash_decorator.py
[2025-04-28T02:15:40.695+0000] {logging_mixin.py:188} INFO - [2025-04-28T02:15:40.695+0000] {dag.py:3096} INFO - Sync 1 DAGs
[2025-04-28T02:15:40.701+0000] {logging_mixin.py:188} INFO - [2025-04-28T02:15:40.701+0000] {dag.py:3954} INFO - Setting next_dagrun for example_bash_decorator to None, run_after=None
[2025-04-28T02:15:40.710+0000] {processor.py:183} INFO - Processing /home/airflow/.local/lib/python3.12/site-packages/airflow/example_dags/example_bash_decorator.py took 0.035 seconds
[2025-04-28T02:16:11.337+0000] {processor.py:161} INFO - Started process (PID=671) to work on /home/airflow/.local/lib/python3.12/site-packages/airflow/example_dags/example_bash_decorator.py
[2025-04-28T02:16:11.338+0000] {processor.py:830} INFO - Processing file /home/airflow/.local/lib/python3.12/site-packages/airflow/example_dags/example_bash_decorator.py for tasks to queue
[2025-04-28T02:16:11.338+0000] {logging_mixin.py:188} INFO - [2025-04-28T02:16:11.338+0000] {dagbag.py:540} INFO - Filling up the DagBag from /home/airflow/.local/lib/python3.12/site-packages/airflow/example_dags/example_bash_decorator.py
[2025-04-28T02:16:11.344+0000] {processor.py:840} INFO - DAG(s) 'example_bash_decorator' retrieved from /home/airflow/.local/lib/python3.12/site-packages/airflow/example_dags/example_bash_decorator.py
[2025-04-28T02:16:11.356+0000] {logging_mixin.py:188} INFO - [2025-04-28T02:16:11.356+0000] {dag.py:3096} INFO - Sync 1 DAGs
[2025-04-28T02:16:11.361+0000] {logging_mixin.py:188} INFO - [2025-04-28T02:16:11.361+0000] {dag.py:3954} INFO - Setting next_dagrun for example_bash_decorator to None, run_after=None
[2025-04-28T02:16:11.371+0000] {processor.py:183} INFO - Processing /home/airflow/.local/lib/python3.12/site-packages/airflow/example_dags/example_bash_decorator.py took 0.036 seconds
[2025-04-28T02:16:42.033+0000] {processor.py:161} INFO - Started process (PID=730) to work on /home/airflow/.local/lib/python3.12/site-packages/airflow/example_dags/example_bash_decorator.py
[2025-04-28T02:16:42.033+0000] {processor.py:830} INFO - Processing file /home/airflow/.local/lib/python3.12/site-packages/airflow/example_dags/example_bash_decorator.py for tasks to queue
[2025-04-28T02:16:42.034+0000] {logging_mixin.py:188} INFO - [2025-04-28T02:16:42.034+0000] {dagbag.py:540} INFO - Filling up the DagBag from /home/airflow/.local/lib/python3.12/site-packages/airflow/example_dags/example_bash_decorator.py
[2025-04-28T02:16:42.039+0000] {processor.py:840} INFO - DAG(s) 'example_bash_decorator' retrieved from /home/airflow/.local/lib/python3.12/site-packages/airflow/example_dags/example_bash_decorator.py
[2025-04-28T02:16:42.050+0000] {logging_mixin.py:188} INFO - [2025-04-28T02:16:42.050+0000] {dag.py:3096} INFO - Sync 1 DAGs
[2025-04-28T02:16:42.055+0000] {logging_mixin.py:188} INFO - [2025-04-28T02:16:42.055+0000] {dag.py:3954} INFO - Setting next_dagrun for example_bash_decorator to None, run_after=None
[2025-04-28T02:16:42.066+0000] {processor.py:183} INFO - Processing /home/airflow/.local/lib/python3.12/site-packages/airflow/example_dags/example_bash_decorator.py took 0.035 seconds
