[2025-04-28T02:11:02.261+0000] {processor.py:161} INFO - Started process (PID=51) to work on /home/airflow/.local/lib/python3.12/site-packages/airflow/example_dags/example_short_circuit_operator.py
[2025-04-28T02:11:02.261+0000] {processor.py:830} INFO - Processing file /home/airflow/.local/lib/python3.12/site-packages/airflow/example_dags/example_short_circuit_operator.py for tasks to queue
[2025-04-28T02:11:02.262+0000] {logging_mixin.py:188} INFO - [2025-04-28T02:11:02.262+0000] {dagbag.py:540} INFO - Filling up the DagBag from /home/airflow/.local/lib/python3.12/site-packages/airflow/example_dags/example_short_circuit_operator.py
[2025-04-28T02:11:02.267+0000] {processor.py:840} INFO - DAG(s) 'example_short_circuit_operator' retrieved from /home/airflow/.local/lib/python3.12/site-packages/airflow/example_dags/example_short_circuit_operator.py
[2025-04-28T02:11:02.273+0000] {logging_mixin.py:188} INFO - [2025-04-28T02:11:02.273+0000] {dag.py:3096} INFO - Sync 1 DAGs
[2025-04-28T02:11:02.286+0000] {logging_mixin.py:188} INFO - [2025-04-28T02:11:02.285+0000] {dag.py:3954} INFO - Setting next_dagrun for example_short_circuit_operator to 2025-04-27 00:00:00+00:00, run_after=2025-04-28 00:00:00+00:00
[2025-04-28T02:11:02.294+0000] {processor.py:183} INFO - Processing /home/airflow/.local/lib/python3.12/site-packages/airflow/example_dags/example_short_circuit_operator.py took 0.036 seconds
[2025-04-28T02:11:32.580+0000] {processor.py:161} INFO - Started process (PID=109) to work on /home/airflow/.local/lib/python3.12/site-packages/airflow/example_dags/example_short_circuit_operator.py
[2025-04-28T02:11:32.581+0000] {processor.py:830} INFO - Processing file /home/airflow/.local/lib/python3.12/site-packages/airflow/example_dags/example_short_circuit_operator.py for tasks to queue
[2025-04-28T02:11:32.582+0000] {logging_mixin.py:188} INFO - [2025-04-28T02:11:32.582+0000] {dagbag.py:540} INFO - Filling up the DagBag from /home/airflow/.local/lib/python3.12/site-packages/airflow/example_dags/example_short_circuit_operator.py
[2025-04-28T02:11:32.586+0000] {processor.py:840} INFO - DAG(s) 'example_short_circuit_operator' retrieved from /home/airflow/.local/lib/python3.12/site-packages/airflow/example_dags/example_short_circuit_operator.py
[2025-04-28T02:11:32.625+0000] {logging_mixin.py:188} INFO - [2025-04-28T02:11:32.625+0000] {dag.py:3096} INFO - Sync 1 DAGs
[2025-04-28T02:11:32.633+0000] {logging_mixin.py:188} INFO - [2025-04-28T02:11:32.633+0000] {dag.py:3954} INFO - Setting next_dagrun for example_short_circuit_operator to 2025-04-27 00:00:00+00:00, run_after=2025-04-28 00:00:00+00:00
[2025-04-28T02:11:32.641+0000] {processor.py:183} INFO - Processing /home/airflow/.local/lib/python3.12/site-packages/airflow/example_dags/example_short_circuit_operator.py took 0.063 seconds
[2025-04-28T02:12:03.607+0000] {processor.py:161} INFO - Started process (PID=167) to work on /home/airflow/.local/lib/python3.12/site-packages/airflow/example_dags/example_short_circuit_operator.py
[2025-04-28T02:12:03.607+0000] {processor.py:830} INFO - Processing file /home/airflow/.local/lib/python3.12/site-packages/airflow/example_dags/example_short_circuit_operator.py for tasks to queue
[2025-04-28T02:12:03.608+0000] {logging_mixin.py:188} INFO - [2025-04-28T02:12:03.608+0000] {dagbag.py:540} INFO - Filling up the DagBag from /home/airflow/.local/lib/python3.12/site-packages/airflow/example_dags/example_short_circuit_operator.py
[2025-04-28T02:12:03.611+0000] {processor.py:840} INFO - DAG(s) 'example_short_circuit_operator' retrieved from /home/airflow/.local/lib/python3.12/site-packages/airflow/example_dags/example_short_circuit_operator.py
[2025-04-28T02:12:03.620+0000] {logging_mixin.py:188} INFO - [2025-04-28T02:12:03.619+0000] {dag.py:3096} INFO - Sync 1 DAGs
[2025-04-28T02:12:03.627+0000] {logging_mixin.py:188} INFO - [2025-04-28T02:12:03.627+0000] {dag.py:3954} INFO - Setting next_dagrun for example_short_circuit_operator to 2025-04-27 00:00:00+00:00, run_after=2025-04-28 00:00:00+00:00
[2025-04-28T02:12:03.636+0000] {processor.py:183} INFO - Processing /home/airflow/.local/lib/python3.12/site-packages/airflow/example_dags/example_short_circuit_operator.py took 0.031 seconds
[2025-04-28T02:12:34.156+0000] {processor.py:161} INFO - Started process (PID=225) to work on /home/airflow/.local/lib/python3.12/site-packages/airflow/example_dags/example_short_circuit_operator.py
[2025-04-28T02:12:34.157+0000] {processor.py:830} INFO - Processing file /home/airflow/.local/lib/python3.12/site-packages/airflow/example_dags/example_short_circuit_operator.py for tasks to queue
[2025-04-28T02:12:34.158+0000] {logging_mixin.py:188} INFO - [2025-04-28T02:12:34.158+0000] {dagbag.py:540} INFO - Filling up the DagBag from /home/airflow/.local/lib/python3.12/site-packages/airflow/example_dags/example_short_circuit_operator.py
[2025-04-28T02:12:34.161+0000] {processor.py:840} INFO - DAG(s) 'example_short_circuit_operator' retrieved from /home/airflow/.local/lib/python3.12/site-packages/airflow/example_dags/example_short_circuit_operator.py
[2025-04-28T02:12:34.171+0000] {logging_mixin.py:188} INFO - [2025-04-28T02:12:34.171+0000] {dag.py:3096} INFO - Sync 1 DAGs
[2025-04-28T02:12:34.179+0000] {logging_mixin.py:188} INFO - [2025-04-28T02:12:34.179+0000] {dag.py:3954} INFO - Setting next_dagrun for example_short_circuit_operator to 2025-04-27 00:00:00+00:00, run_after=2025-04-28 00:00:00+00:00
[2025-04-28T02:12:34.189+0000] {processor.py:183} INFO - Processing /home/airflow/.local/lib/python3.12/site-packages/airflow/example_dags/example_short_circuit_operator.py took 0.035 seconds
[2025-04-28T02:13:04.625+0000] {processor.py:161} INFO - Started process (PID=289) to work on /home/airflow/.local/lib/python3.12/site-packages/airflow/example_dags/example_short_circuit_operator.py
[2025-04-28T02:13:04.627+0000] {processor.py:830} INFO - Processing file /home/airflow/.local/lib/python3.12/site-packages/airflow/example_dags/example_short_circuit_operator.py for tasks to queue
[2025-04-28T02:13:04.628+0000] {logging_mixin.py:188} INFO - [2025-04-28T02:13:04.628+0000] {dagbag.py:540} INFO - Filling up the DagBag from /home/airflow/.local/lib/python3.12/site-packages/airflow/example_dags/example_short_circuit_operator.py
[2025-04-28T02:13:04.631+0000] {processor.py:840} INFO - DAG(s) 'example_short_circuit_operator' retrieved from /home/airflow/.local/lib/python3.12/site-packages/airflow/example_dags/example_short_circuit_operator.py
[2025-04-28T02:13:04.642+0000] {logging_mixin.py:188} INFO - [2025-04-28T02:13:04.642+0000] {dag.py:3096} INFO - Sync 1 DAGs
[2025-04-28T02:13:04.652+0000] {logging_mixin.py:188} INFO - [2025-04-28T02:13:04.652+0000] {dag.py:3954} INFO - Setting next_dagrun for example_short_circuit_operator to 2025-04-27 00:00:00+00:00, run_after=2025-04-28 00:00:00+00:00
[2025-04-28T02:13:04.662+0000] {processor.py:183} INFO - Processing /home/airflow/.local/lib/python3.12/site-packages/airflow/example_dags/example_short_circuit_operator.py took 0.040 seconds
[2025-04-28T02:13:35.120+0000] {processor.py:161} INFO - Started process (PID=347) to work on /home/airflow/.local/lib/python3.12/site-packages/airflow/example_dags/example_short_circuit_operator.py
[2025-04-28T02:13:35.123+0000] {processor.py:830} INFO - Processing file /home/airflow/.local/lib/python3.12/site-packages/airflow/example_dags/example_short_circuit_operator.py for tasks to queue
[2025-04-28T02:13:35.126+0000] {logging_mixin.py:188} INFO - [2025-04-28T02:13:35.126+0000] {dagbag.py:540} INFO - Filling up the DagBag from /home/airflow/.local/lib/python3.12/site-packages/airflow/example_dags/example_short_circuit_operator.py
[2025-04-28T02:13:35.129+0000] {processor.py:840} INFO - DAG(s) 'example_short_circuit_operator' retrieved from /home/airflow/.local/lib/python3.12/site-packages/airflow/example_dags/example_short_circuit_operator.py
[2025-04-28T02:13:35.139+0000] {logging_mixin.py:188} INFO - [2025-04-28T02:13:35.138+0000] {dag.py:3096} INFO - Sync 1 DAGs
[2025-04-28T02:13:35.148+0000] {logging_mixin.py:188} INFO - [2025-04-28T02:13:35.148+0000] {dag.py:3954} INFO - Setting next_dagrun for example_short_circuit_operator to 2025-04-27 00:00:00+00:00, run_after=2025-04-28 00:00:00+00:00
[2025-04-28T02:13:35.157+0000] {processor.py:183} INFO - Processing /home/airflow/.local/lib/python3.12/site-packages/airflow/example_dags/example_short_circuit_operator.py took 0.039 seconds
[2025-04-28T02:14:05.635+0000] {processor.py:161} INFO - Started process (PID=405) to work on /home/airflow/.local/lib/python3.12/site-packages/airflow/example_dags/example_short_circuit_operator.py
[2025-04-28T02:14:05.639+0000] {processor.py:830} INFO - Processing file /home/airflow/.local/lib/python3.12/site-packages/airflow/example_dags/example_short_circuit_operator.py for tasks to queue
[2025-04-28T02:14:05.640+0000] {logging_mixin.py:188} INFO - [2025-04-28T02:14:05.640+0000] {dagbag.py:540} INFO - Filling up the DagBag from /home/airflow/.local/lib/python3.12/site-packages/airflow/example_dags/example_short_circuit_operator.py
[2025-04-28T02:14:05.644+0000] {processor.py:840} INFO - DAG(s) 'example_short_circuit_operator' retrieved from /home/airflow/.local/lib/python3.12/site-packages/airflow/example_dags/example_short_circuit_operator.py
[2025-04-28T02:14:05.652+0000] {logging_mixin.py:188} INFO - [2025-04-28T02:14:05.652+0000] {dag.py:3096} INFO - Sync 1 DAGs
[2025-04-28T02:14:05.666+0000] {logging_mixin.py:188} INFO - [2025-04-28T02:14:05.666+0000] {dag.py:3954} INFO - Setting next_dagrun for example_short_circuit_operator to 2025-04-27 00:00:00+00:00, run_after=2025-04-28 00:00:00+00:00
[2025-04-28T02:14:05.679+0000] {processor.py:183} INFO - Processing /home/airflow/.local/lib/python3.12/site-packages/airflow/example_dags/example_short_circuit_operator.py took 0.046 seconds
[2025-04-28T02:14:36.145+0000] {processor.py:161} INFO - Started process (PID=463) to work on /home/airflow/.local/lib/python3.12/site-packages/airflow/example_dags/example_short_circuit_operator.py
[2025-04-28T02:14:36.145+0000] {processor.py:830} INFO - Processing file /home/airflow/.local/lib/python3.12/site-packages/airflow/example_dags/example_short_circuit_operator.py for tasks to queue
[2025-04-28T02:14:36.146+0000] {logging_mixin.py:188} INFO - [2025-04-28T02:14:36.146+0000] {dagbag.py:540} INFO - Filling up the DagBag from /home/airflow/.local/lib/python3.12/site-packages/airflow/example_dags/example_short_circuit_operator.py
[2025-04-28T02:14:36.150+0000] {processor.py:840} INFO - DAG(s) 'example_short_circuit_operator' retrieved from /home/airflow/.local/lib/python3.12/site-packages/airflow/example_dags/example_short_circuit_operator.py
[2025-04-28T02:14:36.159+0000] {logging_mixin.py:188} INFO - [2025-04-28T02:14:36.158+0000] {dag.py:3096} INFO - Sync 1 DAGs
[2025-04-28T02:14:36.169+0000] {logging_mixin.py:188} INFO - [2025-04-28T02:14:36.169+0000] {dag.py:3954} INFO - Setting next_dagrun for example_short_circuit_operator to 2025-04-27 00:00:00+00:00, run_after=2025-04-28 00:00:00+00:00
[2025-04-28T02:14:36.181+0000] {processor.py:183} INFO - Processing /home/airflow/.local/lib/python3.12/site-packages/airflow/example_dags/example_short_circuit_operator.py took 0.040 seconds
[2025-04-28T02:15:06.844+0000] {processor.py:161} INFO - Started process (PID=521) to work on /home/airflow/.local/lib/python3.12/site-packages/airflow/example_dags/example_short_circuit_operator.py
[2025-04-28T02:15:06.848+0000] {processor.py:830} INFO - Processing file /home/airflow/.local/lib/python3.12/site-packages/airflow/example_dags/example_short_circuit_operator.py for tasks to queue
[2025-04-28T02:15:06.849+0000] {logging_mixin.py:188} INFO - [2025-04-28T02:15:06.849+0000] {dagbag.py:540} INFO - Filling up the DagBag from /home/airflow/.local/lib/python3.12/site-packages/airflow/example_dags/example_short_circuit_operator.py
[2025-04-28T02:15:06.852+0000] {processor.py:840} INFO - DAG(s) 'example_short_circuit_operator' retrieved from /home/airflow/.local/lib/python3.12/site-packages/airflow/example_dags/example_short_circuit_operator.py
[2025-04-28T02:15:06.894+0000] {logging_mixin.py:188} INFO - [2025-04-28T02:15:06.893+0000] {dag.py:3096} INFO - Sync 1 DAGs
[2025-04-28T02:15:06.968+0000] {logging_mixin.py:188} INFO - [2025-04-28T02:15:06.968+0000] {dag.py:3954} INFO - Setting next_dagrun for example_short_circuit_operator to 2025-04-27 00:00:00+00:00, run_after=2025-04-28 00:00:00+00:00
[2025-04-28T02:15:06.978+0000] {processor.py:183} INFO - Processing /home/airflow/.local/lib/python3.12/site-packages/airflow/example_dags/example_short_circuit_operator.py took 0.136 seconds
[2025-04-28T02:15:37.849+0000] {processor.py:161} INFO - Started process (PID=579) to work on /home/airflow/.local/lib/python3.12/site-packages/airflow/example_dags/example_short_circuit_operator.py
[2025-04-28T02:15:37.851+0000] {processor.py:830} INFO - Processing file /home/airflow/.local/lib/python3.12/site-packages/airflow/example_dags/example_short_circuit_operator.py for tasks to queue
[2025-04-28T02:15:37.852+0000] {logging_mixin.py:188} INFO - [2025-04-28T02:15:37.852+0000] {dagbag.py:540} INFO - Filling up the DagBag from /home/airflow/.local/lib/python3.12/site-packages/airflow/example_dags/example_short_circuit_operator.py
[2025-04-28T02:15:37.855+0000] {processor.py:840} INFO - DAG(s) 'example_short_circuit_operator' retrieved from /home/airflow/.local/lib/python3.12/site-packages/airflow/example_dags/example_short_circuit_operator.py
[2025-04-28T02:15:37.864+0000] {logging_mixin.py:188} INFO - [2025-04-28T02:15:37.864+0000] {dag.py:3096} INFO - Sync 1 DAGs
[2025-04-28T02:15:37.873+0000] {logging_mixin.py:188} INFO - [2025-04-28T02:15:37.872+0000] {dag.py:3954} INFO - Setting next_dagrun for example_short_circuit_operator to 2025-04-27 00:00:00+00:00, run_after=2025-04-28 00:00:00+00:00
[2025-04-28T02:15:37.880+0000] {processor.py:183} INFO - Processing /home/airflow/.local/lib/python3.12/site-packages/airflow/example_dags/example_short_circuit_operator.py took 0.033 seconds
[2025-04-28T02:16:08.399+0000] {processor.py:161} INFO - Started process (PID=637) to work on /home/airflow/.local/lib/python3.12/site-packages/airflow/example_dags/example_short_circuit_operator.py
[2025-04-28T02:16:08.400+0000] {processor.py:830} INFO - Processing file /home/airflow/.local/lib/python3.12/site-packages/airflow/example_dags/example_short_circuit_operator.py for tasks to queue
[2025-04-28T02:16:08.401+0000] {logging_mixin.py:188} INFO - [2025-04-28T02:16:08.401+0000] {dagbag.py:540} INFO - Filling up the DagBag from /home/airflow/.local/lib/python3.12/site-packages/airflow/example_dags/example_short_circuit_operator.py
[2025-04-28T02:16:08.404+0000] {processor.py:840} INFO - DAG(s) 'example_short_circuit_operator' retrieved from /home/airflow/.local/lib/python3.12/site-packages/airflow/example_dags/example_short_circuit_operator.py
[2025-04-28T02:16:08.413+0000] {logging_mixin.py:188} INFO - [2025-04-28T02:16:08.413+0000] {dag.py:3096} INFO - Sync 1 DAGs
[2025-04-28T02:16:08.421+0000] {logging_mixin.py:188} INFO - [2025-04-28T02:16:08.421+0000] {dag.py:3954} INFO - Setting next_dagrun for example_short_circuit_operator to 2025-04-27 00:00:00+00:00, run_after=2025-04-28 00:00:00+00:00
[2025-04-28T02:16:08.431+0000] {processor.py:183} INFO - Processing /home/airflow/.local/lib/python3.12/site-packages/airflow/example_dags/example_short_circuit_operator.py took 0.034 seconds
[2025-04-28T02:16:38.977+0000] {processor.py:161} INFO - Started process (PID=696) to work on /home/airflow/.local/lib/python3.12/site-packages/airflow/example_dags/example_short_circuit_operator.py
[2025-04-28T02:16:38.977+0000] {processor.py:830} INFO - Processing file /home/airflow/.local/lib/python3.12/site-packages/airflow/example_dags/example_short_circuit_operator.py for tasks to queue
[2025-04-28T02:16:38.978+0000] {logging_mixin.py:188} INFO - [2025-04-28T02:16:38.978+0000] {dagbag.py:540} INFO - Filling up the DagBag from /home/airflow/.local/lib/python3.12/site-packages/airflow/example_dags/example_short_circuit_operator.py
[2025-04-28T02:16:38.981+0000] {processor.py:840} INFO - DAG(s) 'example_short_circuit_operator' retrieved from /home/airflow/.local/lib/python3.12/site-packages/airflow/example_dags/example_short_circuit_operator.py
[2025-04-28T02:16:38.991+0000] {logging_mixin.py:188} INFO - [2025-04-28T02:16:38.991+0000] {dag.py:3096} INFO - Sync 1 DAGs
[2025-04-28T02:16:38.999+0000] {logging_mixin.py:188} INFO - [2025-04-28T02:16:38.999+0000] {dag.py:3954} INFO - Setting next_dagrun for example_short_circuit_operator to 2025-04-27 00:00:00+00:00, run_after=2025-04-28 00:00:00+00:00
[2025-04-28T02:16:39.006+0000] {processor.py:183} INFO - Processing /home/airflow/.local/lib/python3.12/site-packages/airflow/example_dags/example_short_circuit_operator.py took 0.032 seconds
[2025-04-28T02:17:09.636+0000] {processor.py:161} INFO - Started process (PID=755) to work on /home/airflow/.local/lib/python3.12/site-packages/airflow/example_dags/example_short_circuit_operator.py
[2025-04-28T02:17:09.638+0000] {processor.py:830} INFO - Processing file /home/airflow/.local/lib/python3.12/site-packages/airflow/example_dags/example_short_circuit_operator.py for tasks to queue
[2025-04-28T02:17:09.639+0000] {logging_mixin.py:188} INFO - [2025-04-28T02:17:09.639+0000] {dagbag.py:540} INFO - Filling up the DagBag from /home/airflow/.local/lib/python3.12/site-packages/airflow/example_dags/example_short_circuit_operator.py
[2025-04-28T02:17:09.642+0000] {processor.py:840} INFO - DAG(s) 'example_short_circuit_operator' retrieved from /home/airflow/.local/lib/python3.12/site-packages/airflow/example_dags/example_short_circuit_operator.py
[2025-04-28T02:17:09.651+0000] {logging_mixin.py:188} INFO - [2025-04-28T02:17:09.651+0000] {dag.py:3096} INFO - Sync 1 DAGs
[2025-04-28T02:17:09.659+0000] {logging_mixin.py:188} INFO - [2025-04-28T02:17:09.659+0000] {dag.py:3954} INFO - Setting next_dagrun for example_short_circuit_operator to 2025-04-27 00:00:00+00:00, run_after=2025-04-28 00:00:00+00:00
[2025-04-28T02:17:09.666+0000] {processor.py:183} INFO - Processing /home/airflow/.local/lib/python3.12/site-packages/airflow/example_dags/example_short_circuit_operator.py took 0.033 seconds
[2025-04-28T02:17:40.437+0000] {processor.py:161} INFO - Started process (PID=814) to work on /home/airflow/.local/lib/python3.12/site-packages/airflow/example_dags/example_short_circuit_operator.py
[2025-04-28T02:17:40.438+0000] {processor.py:830} INFO - Processing file /home/airflow/.local/lib/python3.12/site-packages/airflow/example_dags/example_short_circuit_operator.py for tasks to queue
[2025-04-28T02:17:40.439+0000] {logging_mixin.py:188} INFO - [2025-04-28T02:17:40.439+0000] {dagbag.py:540} INFO - Filling up the DagBag from /home/airflow/.local/lib/python3.12/site-packages/airflow/example_dags/example_short_circuit_operator.py
[2025-04-28T02:17:40.444+0000] {processor.py:840} INFO - DAG(s) 'example_short_circuit_operator' retrieved from /home/airflow/.local/lib/python3.12/site-packages/airflow/example_dags/example_short_circuit_operator.py
[2025-04-28T02:17:40.456+0000] {logging_mixin.py:188} INFO - [2025-04-28T02:17:40.456+0000] {dag.py:3096} INFO - Sync 1 DAGs
[2025-04-28T02:17:40.465+0000] {logging_mixin.py:188} INFO - [2025-04-28T02:17:40.465+0000] {dag.py:3954} INFO - Setting next_dagrun for example_short_circuit_operator to 2025-04-27 00:00:00+00:00, run_after=2025-04-28 00:00:00+00:00
[2025-04-28T02:17:40.473+0000] {processor.py:183} INFO - Processing /home/airflow/.local/lib/python3.12/site-packages/airflow/example_dags/example_short_circuit_operator.py took 0.038 seconds
[2025-04-28T02:18:11.232+0000] {processor.py:161} INFO - Started process (PID=877) to work on /home/airflow/.local/lib/python3.12/site-packages/airflow/example_dags/example_short_circuit_operator.py
[2025-04-28T02:18:11.233+0000] {processor.py:830} INFO - Processing file /home/airflow/.local/lib/python3.12/site-packages/airflow/example_dags/example_short_circuit_operator.py for tasks to queue
[2025-04-28T02:18:11.234+0000] {logging_mixin.py:188} INFO - [2025-04-28T02:18:11.234+0000] {dagbag.py:540} INFO - Filling up the DagBag from /home/airflow/.local/lib/python3.12/site-packages/airflow/example_dags/example_short_circuit_operator.py
[2025-04-28T02:18:11.238+0000] {processor.py:840} INFO - DAG(s) 'example_short_circuit_operator' retrieved from /home/airflow/.local/lib/python3.12/site-packages/airflow/example_dags/example_short_circuit_operator.py
[2025-04-28T02:18:11.248+0000] {logging_mixin.py:188} INFO - [2025-04-28T02:18:11.248+0000] {dag.py:3096} INFO - Sync 1 DAGs
[2025-04-28T02:18:11.259+0000] {logging_mixin.py:188} INFO - [2025-04-28T02:18:11.259+0000] {dag.py:3954} INFO - Setting next_dagrun for example_short_circuit_operator to 2025-04-27 00:00:00+00:00, run_after=2025-04-28 00:00:00+00:00
[2025-04-28T02:18:11.268+0000] {processor.py:183} INFO - Processing /home/airflow/.local/lib/python3.12/site-packages/airflow/example_dags/example_short_circuit_operator.py took 0.038 seconds
[2025-04-28T02:18:41.954+0000] {processor.py:161} INFO - Started process (PID=936) to work on /home/airflow/.local/lib/python3.12/site-packages/airflow/example_dags/example_short_circuit_operator.py
[2025-04-28T02:18:41.955+0000] {processor.py:830} INFO - Processing file /home/airflow/.local/lib/python3.12/site-packages/airflow/example_dags/example_short_circuit_operator.py for tasks to queue
[2025-04-28T02:18:41.955+0000] {logging_mixin.py:188} INFO - [2025-04-28T02:18:41.955+0000] {dagbag.py:540} INFO - Filling up the DagBag from /home/airflow/.local/lib/python3.12/site-packages/airflow/example_dags/example_short_circuit_operator.py
[2025-04-28T02:18:41.958+0000] {processor.py:840} INFO - DAG(s) 'example_short_circuit_operator' retrieved from /home/airflow/.local/lib/python3.12/site-packages/airflow/example_dags/example_short_circuit_operator.py
[2025-04-28T02:18:41.968+0000] {logging_mixin.py:188} INFO - [2025-04-28T02:18:41.968+0000] {dag.py:3096} INFO - Sync 1 DAGs
[2025-04-28T02:18:41.975+0000] {logging_mixin.py:188} INFO - [2025-04-28T02:18:41.975+0000] {dag.py:3954} INFO - Setting next_dagrun for example_short_circuit_operator to 2025-04-27 00:00:00+00:00, run_after=2025-04-28 00:00:00+00:00
[2025-04-28T02:18:41.984+0000] {processor.py:183} INFO - Processing /home/airflow/.local/lib/python3.12/site-packages/airflow/example_dags/example_short_circuit_operator.py took 0.032 seconds
[2025-04-28T02:19:12.733+0000] {processor.py:161} INFO - Started process (PID=995) to work on /home/airflow/.local/lib/python3.12/site-packages/airflow/example_dags/example_short_circuit_operator.py
[2025-04-28T02:19:12.736+0000] {processor.py:830} INFO - Processing file /home/airflow/.local/lib/python3.12/site-packages/airflow/example_dags/example_short_circuit_operator.py for tasks to queue
[2025-04-28T02:19:12.737+0000] {logging_mixin.py:188} INFO - [2025-04-28T02:19:12.737+0000] {dagbag.py:540} INFO - Filling up the DagBag from /home/airflow/.local/lib/python3.12/site-packages/airflow/example_dags/example_short_circuit_operator.py
[2025-04-28T02:19:12.740+0000] {processor.py:840} INFO - DAG(s) 'example_short_circuit_operator' retrieved from /home/airflow/.local/lib/python3.12/site-packages/airflow/example_dags/example_short_circuit_operator.py
[2025-04-28T02:19:12.749+0000] {logging_mixin.py:188} INFO - [2025-04-28T02:19:12.749+0000] {dag.py:3096} INFO - Sync 1 DAGs
[2025-04-28T02:19:12.823+0000] {logging_mixin.py:188} INFO - [2025-04-28T02:19:12.823+0000] {dag.py:3954} INFO - Setting next_dagrun for example_short_circuit_operator to 2025-04-27 00:00:00+00:00, run_after=2025-04-28 00:00:00+00:00
[2025-04-28T02:19:12.830+0000] {processor.py:183} INFO - Processing /home/airflow/.local/lib/python3.12/site-packages/airflow/example_dags/example_short_circuit_operator.py took 0.099 seconds
[2025-04-28T02:19:42.891+0000] {processor.py:161} INFO - Started process (PID=1054) to work on /home/airflow/.local/lib/python3.12/site-packages/airflow/example_dags/example_short_circuit_operator.py
[2025-04-28T02:19:42.891+0000] {processor.py:830} INFO - Processing file /home/airflow/.local/lib/python3.12/site-packages/airflow/example_dags/example_short_circuit_operator.py for tasks to queue
[2025-04-28T02:19:42.892+0000] {logging_mixin.py:188} INFO - [2025-04-28T02:19:42.892+0000] {dagbag.py:540} INFO - Filling up the DagBag from /home/airflow/.local/lib/python3.12/site-packages/airflow/example_dags/example_short_circuit_operator.py
[2025-04-28T02:19:42.895+0000] {processor.py:840} INFO - DAG(s) 'example_short_circuit_operator' retrieved from /home/airflow/.local/lib/python3.12/site-packages/airflow/example_dags/example_short_circuit_operator.py
[2025-04-28T02:19:42.904+0000] {logging_mixin.py:188} INFO - [2025-04-28T02:19:42.904+0000] {dag.py:3096} INFO - Sync 1 DAGs
[2025-04-28T02:19:42.912+0000] {logging_mixin.py:188} INFO - [2025-04-28T02:19:42.912+0000] {dag.py:3954} INFO - Setting next_dagrun for example_short_circuit_operator to 2025-04-27 00:00:00+00:00, run_after=2025-04-28 00:00:00+00:00
[2025-04-28T02:19:42.986+0000] {processor.py:183} INFO - Processing /home/airflow/.local/lib/python3.12/site-packages/airflow/example_dags/example_short_circuit_operator.py took 0.098 seconds
[2025-04-28T02:20:13.030+0000] {processor.py:161} INFO - Started process (PID=1113) to work on /home/airflow/.local/lib/python3.12/site-packages/airflow/example_dags/example_short_circuit_operator.py
[2025-04-28T02:20:13.031+0000] {processor.py:830} INFO - Processing file /home/airflow/.local/lib/python3.12/site-packages/airflow/example_dags/example_short_circuit_operator.py for tasks to queue
[2025-04-28T02:20:13.033+0000] {logging_mixin.py:188} INFO - [2025-04-28T02:20:13.032+0000] {dagbag.py:540} INFO - Filling up the DagBag from /home/airflow/.local/lib/python3.12/site-packages/airflow/example_dags/example_short_circuit_operator.py
[2025-04-28T02:20:13.036+0000] {processor.py:840} INFO - DAG(s) 'example_short_circuit_operator' retrieved from /home/airflow/.local/lib/python3.12/site-packages/airflow/example_dags/example_short_circuit_operator.py
[2025-04-28T02:20:13.047+0000] {logging_mixin.py:188} INFO - [2025-04-28T02:20:13.047+0000] {dag.py:3096} INFO - Sync 1 DAGs
[2025-04-28T02:20:13.055+0000] {logging_mixin.py:188} INFO - [2025-04-28T02:20:13.055+0000] {dag.py:3954} INFO - Setting next_dagrun for example_short_circuit_operator to 2025-04-27 00:00:00+00:00, run_after=2025-04-28 00:00:00+00:00
[2025-04-28T02:20:13.062+0000] {processor.py:183} INFO - Processing /home/airflow/.local/lib/python3.12/site-packages/airflow/example_dags/example_short_circuit_operator.py took 0.035 seconds
[2025-04-28T02:20:43.598+0000] {processor.py:161} INFO - Started process (PID=1172) to work on /home/airflow/.local/lib/python3.12/site-packages/airflow/example_dags/example_short_circuit_operator.py
[2025-04-28T02:20:43.600+0000] {processor.py:830} INFO - Processing file /home/airflow/.local/lib/python3.12/site-packages/airflow/example_dags/example_short_circuit_operator.py for tasks to queue
[2025-04-28T02:20:43.601+0000] {logging_mixin.py:188} INFO - [2025-04-28T02:20:43.601+0000] {dagbag.py:540} INFO - Filling up the DagBag from /home/airflow/.local/lib/python3.12/site-packages/airflow/example_dags/example_short_circuit_operator.py
[2025-04-28T02:20:43.605+0000] {processor.py:840} INFO - DAG(s) 'example_short_circuit_operator' retrieved from /home/airflow/.local/lib/python3.12/site-packages/airflow/example_dags/example_short_circuit_operator.py
[2025-04-28T02:20:43.615+0000] {logging_mixin.py:188} INFO - [2025-04-28T02:20:43.615+0000] {dag.py:3096} INFO - Sync 1 DAGs
[2025-04-28T02:20:43.625+0000] {logging_mixin.py:188} INFO - [2025-04-28T02:20:43.625+0000] {dag.py:3954} INFO - Setting next_dagrun for example_short_circuit_operator to 2025-04-27 00:00:00+00:00, run_after=2025-04-28 00:00:00+00:00
[2025-04-28T02:20:43.637+0000] {processor.py:183} INFO - Processing /home/airflow/.local/lib/python3.12/site-packages/airflow/example_dags/example_short_circuit_operator.py took 0.041 seconds
[2025-04-28T02:21:14.247+0000] {processor.py:161} INFO - Started process (PID=1231) to work on /home/airflow/.local/lib/python3.12/site-packages/airflow/example_dags/example_short_circuit_operator.py
[2025-04-28T02:21:14.248+0000] {processor.py:830} INFO - Processing file /home/airflow/.local/lib/python3.12/site-packages/airflow/example_dags/example_short_circuit_operator.py for tasks to queue
[2025-04-28T02:21:14.249+0000] {logging_mixin.py:188} INFO - [2025-04-28T02:21:14.249+0000] {dagbag.py:540} INFO - Filling up the DagBag from /home/airflow/.local/lib/python3.12/site-packages/airflow/example_dags/example_short_circuit_operator.py
[2025-04-28T02:21:14.253+0000] {processor.py:840} INFO - DAG(s) 'example_short_circuit_operator' retrieved from /home/airflow/.local/lib/python3.12/site-packages/airflow/example_dags/example_short_circuit_operator.py
[2025-04-28T02:21:14.262+0000] {logging_mixin.py:188} INFO - [2025-04-28T02:21:14.262+0000] {dag.py:3096} INFO - Sync 1 DAGs
[2025-04-28T02:21:14.272+0000] {logging_mixin.py:188} INFO - [2025-04-28T02:21:14.272+0000] {dag.py:3954} INFO - Setting next_dagrun for example_short_circuit_operator to 2025-04-27 00:00:00+00:00, run_after=2025-04-28 00:00:00+00:00
[2025-04-28T02:21:14.285+0000] {processor.py:183} INFO - Processing /home/airflow/.local/lib/python3.12/site-packages/airflow/example_dags/example_short_circuit_operator.py took 0.040 seconds
[2025-04-28T02:21:44.821+0000] {processor.py:161} INFO - Started process (PID=1290) to work on /home/airflow/.local/lib/python3.12/site-packages/airflow/example_dags/example_short_circuit_operator.py
[2025-04-28T02:21:44.822+0000] {processor.py:830} INFO - Processing file /home/airflow/.local/lib/python3.12/site-packages/airflow/example_dags/example_short_circuit_operator.py for tasks to queue
[2025-04-28T02:21:44.823+0000] {logging_mixin.py:188} INFO - [2025-04-28T02:21:44.823+0000] {dagbag.py:540} INFO - Filling up the DagBag from /home/airflow/.local/lib/python3.12/site-packages/airflow/example_dags/example_short_circuit_operator.py
[2025-04-28T02:21:44.826+0000] {processor.py:840} INFO - DAG(s) 'example_short_circuit_operator' retrieved from /home/airflow/.local/lib/python3.12/site-packages/airflow/example_dags/example_short_circuit_operator.py
[2025-04-28T02:21:44.835+0000] {logging_mixin.py:188} INFO - [2025-04-28T02:21:44.835+0000] {dag.py:3096} INFO - Sync 1 DAGs
[2025-04-28T02:21:44.844+0000] {logging_mixin.py:188} INFO - [2025-04-28T02:21:44.844+0000] {dag.py:3954} INFO - Setting next_dagrun for example_short_circuit_operator to 2025-04-27 00:00:00+00:00, run_after=2025-04-28 00:00:00+00:00
[2025-04-28T02:21:44.855+0000] {processor.py:183} INFO - Processing /home/airflow/.local/lib/python3.12/site-packages/airflow/example_dags/example_short_circuit_operator.py took 0.037 seconds
[2025-04-28T02:22:15.371+0000] {processor.py:161} INFO - Started process (PID=1349) to work on /home/airflow/.local/lib/python3.12/site-packages/airflow/example_dags/example_short_circuit_operator.py
[2025-04-28T02:22:15.371+0000] {processor.py:830} INFO - Processing file /home/airflow/.local/lib/python3.12/site-packages/airflow/example_dags/example_short_circuit_operator.py for tasks to queue
[2025-04-28T02:22:15.372+0000] {logging_mixin.py:188} INFO - [2025-04-28T02:22:15.372+0000] {dagbag.py:540} INFO - Filling up the DagBag from /home/airflow/.local/lib/python3.12/site-packages/airflow/example_dags/example_short_circuit_operator.py
[2025-04-28T02:22:15.375+0000] {processor.py:840} INFO - DAG(s) 'example_short_circuit_operator' retrieved from /home/airflow/.local/lib/python3.12/site-packages/airflow/example_dags/example_short_circuit_operator.py
[2025-04-28T02:22:15.384+0000] {logging_mixin.py:188} INFO - [2025-04-28T02:22:15.384+0000] {dag.py:3096} INFO - Sync 1 DAGs
[2025-04-28T02:22:15.392+0000] {logging_mixin.py:188} INFO - [2025-04-28T02:22:15.392+0000] {dag.py:3954} INFO - Setting next_dagrun for example_short_circuit_operator to 2025-04-27 00:00:00+00:00, run_after=2025-04-28 00:00:00+00:00
[2025-04-28T02:22:15.401+0000] {processor.py:183} INFO - Processing /home/airflow/.local/lib/python3.12/site-packages/airflow/example_dags/example_short_circuit_operator.py took 0.032 seconds
[2025-04-28T02:22:45.898+0000] {processor.py:161} INFO - Started process (PID=1408) to work on /home/airflow/.local/lib/python3.12/site-packages/airflow/example_dags/example_short_circuit_operator.py
[2025-04-28T02:22:45.898+0000] {processor.py:830} INFO - Processing file /home/airflow/.local/lib/python3.12/site-packages/airflow/example_dags/example_short_circuit_operator.py for tasks to queue
[2025-04-28T02:22:45.900+0000] {logging_mixin.py:188} INFO - [2025-04-28T02:22:45.900+0000] {dagbag.py:540} INFO - Filling up the DagBag from /home/airflow/.local/lib/python3.12/site-packages/airflow/example_dags/example_short_circuit_operator.py
[2025-04-28T02:22:45.904+0000] {processor.py:840} INFO - DAG(s) 'example_short_circuit_operator' retrieved from /home/airflow/.local/lib/python3.12/site-packages/airflow/example_dags/example_short_circuit_operator.py
[2025-04-28T02:22:45.913+0000] {logging_mixin.py:188} INFO - [2025-04-28T02:22:45.913+0000] {dag.py:3096} INFO - Sync 1 DAGs
[2025-04-28T02:22:45.921+0000] {logging_mixin.py:188} INFO - [2025-04-28T02:22:45.921+0000] {dag.py:3954} INFO - Setting next_dagrun for example_short_circuit_operator to 2025-04-27 00:00:00+00:00, run_after=2025-04-28 00:00:00+00:00
[2025-04-28T02:22:45.927+0000] {processor.py:183} INFO - Processing /home/airflow/.local/lib/python3.12/site-packages/airflow/example_dags/example_short_circuit_operator.py took 0.032 seconds
[2025-04-28T02:23:16.555+0000] {processor.py:161} INFO - Started process (PID=1467) to work on /home/airflow/.local/lib/python3.12/site-packages/airflow/example_dags/example_short_circuit_operator.py
[2025-04-28T02:23:16.556+0000] {processor.py:830} INFO - Processing file /home/airflow/.local/lib/python3.12/site-packages/airflow/example_dags/example_short_circuit_operator.py for tasks to queue
[2025-04-28T02:23:16.557+0000] {logging_mixin.py:188} INFO - [2025-04-28T02:23:16.557+0000] {dagbag.py:540} INFO - Filling up the DagBag from /home/airflow/.local/lib/python3.12/site-packages/airflow/example_dags/example_short_circuit_operator.py
[2025-04-28T02:23:16.561+0000] {processor.py:840} INFO - DAG(s) 'example_short_circuit_operator' retrieved from /home/airflow/.local/lib/python3.12/site-packages/airflow/example_dags/example_short_circuit_operator.py
[2025-04-28T02:23:16.570+0000] {logging_mixin.py:188} INFO - [2025-04-28T02:23:16.570+0000] {dag.py:3096} INFO - Sync 1 DAGs
[2025-04-28T02:23:16.583+0000] {logging_mixin.py:188} INFO - [2025-04-28T02:23:16.583+0000] {dag.py:3954} INFO - Setting next_dagrun for example_short_circuit_operator to 2025-04-27 00:00:00+00:00, run_after=2025-04-28 00:00:00+00:00
[2025-04-28T02:23:16.593+0000] {processor.py:183} INFO - Processing /home/airflow/.local/lib/python3.12/site-packages/airflow/example_dags/example_short_circuit_operator.py took 0.041 seconds
