[2025-04-28T02:11:02.451+0000] {processor.py:161} INFO - Started process (PID=59) to work on /home/airflow/.local/lib/python3.12/site-packages/airflow/example_dags/example_nested_branch_dag.py
[2025-04-28T02:11:02.452+0000] {processor.py:830} INFO - Processing file /home/airflow/.local/lib/python3.12/site-packages/airflow/example_dags/example_nested_branch_dag.py for tasks to queue
[2025-04-28T02:11:02.452+0000] {logging_mixin.py:188} INFO - [2025-04-28T02:11:02.452+0000] {dagbag.py:540} INFO - Filling up the DagBag from /home/airflow/.local/lib/python3.12/site-packages/airflow/example_dags/example_nested_branch_dag.py
[2025-04-28T02:11:02.458+0000] {processor.py:840} INFO - DAG(s) 'example_nested_branch_dag' retrieved from /home/airflow/.local/lib/python3.12/site-packages/airflow/example_dags/example_nested_branch_dag.py
[2025-04-28T02:11:02.465+0000] {logging_mixin.py:188} INFO - [2025-04-28T02:11:02.465+0000] {dag.py:3096} INFO - Sync 1 DAGs
[2025-04-28T02:11:02.475+0000] {logging_mixin.py:188} INFO - [2025-04-28T02:11:02.475+0000] {dag.py:3954} INFO - Setting next_dagrun for example_nested_branch_dag to 2025-04-27 00:00:00+00:00, run_after=2025-04-28 00:00:00+00:00
[2025-04-28T02:11:02.482+0000] {processor.py:183} INFO - Processing /home/airflow/.local/lib/python3.12/site-packages/airflow/example_dags/example_nested_branch_dag.py took 0.033 seconds
[2025-04-28T02:11:32.860+0000] {processor.py:161} INFO - Started process (PID=117) to work on /home/airflow/.local/lib/python3.12/site-packages/airflow/example_dags/example_nested_branch_dag.py
[2025-04-28T02:11:32.862+0000] {processor.py:830} INFO - Processing file /home/airflow/.local/lib/python3.12/site-packages/airflow/example_dags/example_nested_branch_dag.py for tasks to queue
[2025-04-28T02:11:32.863+0000] {logging_mixin.py:188} INFO - [2025-04-28T02:11:32.863+0000] {dagbag.py:540} INFO - Filling up the DagBag from /home/airflow/.local/lib/python3.12/site-packages/airflow/example_dags/example_nested_branch_dag.py
[2025-04-28T02:11:32.867+0000] {processor.py:840} INFO - DAG(s) 'example_nested_branch_dag' retrieved from /home/airflow/.local/lib/python3.12/site-packages/airflow/example_dags/example_nested_branch_dag.py
[2025-04-28T02:11:32.901+0000] {logging_mixin.py:188} INFO - [2025-04-28T02:11:32.901+0000] {dag.py:3096} INFO - Sync 1 DAGs
[2025-04-28T02:11:32.908+0000] {logging_mixin.py:188} INFO - [2025-04-28T02:11:32.908+0000] {dag.py:3954} INFO - Setting next_dagrun for example_nested_branch_dag to 2025-04-27 00:00:00+00:00, run_after=2025-04-28 00:00:00+00:00
[2025-04-28T02:11:32.915+0000] {processor.py:183} INFO - Processing /home/airflow/.local/lib/python3.12/site-packages/airflow/example_dags/example_nested_branch_dag.py took 0.057 seconds
[2025-04-28T02:12:03.797+0000] {processor.py:161} INFO - Started process (PID=175) to work on /home/airflow/.local/lib/python3.12/site-packages/airflow/example_dags/example_nested_branch_dag.py
[2025-04-28T02:12:03.797+0000] {processor.py:830} INFO - Processing file /home/airflow/.local/lib/python3.12/site-packages/airflow/example_dags/example_nested_branch_dag.py for tasks to queue
[2025-04-28T02:12:03.798+0000] {logging_mixin.py:188} INFO - [2025-04-28T02:12:03.798+0000] {dagbag.py:540} INFO - Filling up the DagBag from /home/airflow/.local/lib/python3.12/site-packages/airflow/example_dags/example_nested_branch_dag.py
[2025-04-28T02:12:03.801+0000] {processor.py:840} INFO - DAG(s) 'example_nested_branch_dag' retrieved from /home/airflow/.local/lib/python3.12/site-packages/airflow/example_dags/example_nested_branch_dag.py
[2025-04-28T02:12:03.810+0000] {logging_mixin.py:188} INFO - [2025-04-28T02:12:03.810+0000] {dag.py:3096} INFO - Sync 1 DAGs
[2025-04-28T02:12:03.818+0000] {logging_mixin.py:188} INFO - [2025-04-28T02:12:03.818+0000] {dag.py:3954} INFO - Setting next_dagrun for example_nested_branch_dag to 2025-04-27 00:00:00+00:00, run_after=2025-04-28 00:00:00+00:00
[2025-04-28T02:12:03.826+0000] {processor.py:183} INFO - Processing /home/airflow/.local/lib/python3.12/site-packages/airflow/example_dags/example_nested_branch_dag.py took 0.031 seconds
[2025-04-28T02:12:34.339+0000] {processor.py:161} INFO - Started process (PID=233) to work on /home/airflow/.local/lib/python3.12/site-packages/airflow/example_dags/example_nested_branch_dag.py
[2025-04-28T02:12:34.340+0000] {processor.py:830} INFO - Processing file /home/airflow/.local/lib/python3.12/site-packages/airflow/example_dags/example_nested_branch_dag.py for tasks to queue
[2025-04-28T02:12:34.342+0000] {logging_mixin.py:188} INFO - [2025-04-28T02:12:34.342+0000] {dagbag.py:540} INFO - Filling up the DagBag from /home/airflow/.local/lib/python3.12/site-packages/airflow/example_dags/example_nested_branch_dag.py
[2025-04-28T02:12:34.346+0000] {processor.py:840} INFO - DAG(s) 'example_nested_branch_dag' retrieved from /home/airflow/.local/lib/python3.12/site-packages/airflow/example_dags/example_nested_branch_dag.py
[2025-04-28T02:12:34.356+0000] {logging_mixin.py:188} INFO - [2025-04-28T02:12:34.356+0000] {dag.py:3096} INFO - Sync 1 DAGs
[2025-04-28T02:12:34.363+0000] {logging_mixin.py:188} INFO - [2025-04-28T02:12:34.363+0000] {dag.py:3954} INFO - Setting next_dagrun for example_nested_branch_dag to 2025-04-27 00:00:00+00:00, run_after=2025-04-28 00:00:00+00:00
[2025-04-28T02:12:34.370+0000] {processor.py:183} INFO - Processing /home/airflow/.local/lib/python3.12/site-packages/airflow/example_dags/example_nested_branch_dag.py took 0.033 seconds
[2025-04-28T02:13:04.839+0000] {processor.py:161} INFO - Started process (PID=297) to work on /home/airflow/.local/lib/python3.12/site-packages/airflow/example_dags/example_nested_branch_dag.py
[2025-04-28T02:13:04.840+0000] {processor.py:830} INFO - Processing file /home/airflow/.local/lib/python3.12/site-packages/airflow/example_dags/example_nested_branch_dag.py for tasks to queue
[2025-04-28T02:13:04.840+0000] {logging_mixin.py:188} INFO - [2025-04-28T02:13:04.840+0000] {dagbag.py:540} INFO - Filling up the DagBag from /home/airflow/.local/lib/python3.12/site-packages/airflow/example_dags/example_nested_branch_dag.py
[2025-04-28T02:13:04.845+0000] {processor.py:840} INFO - DAG(s) 'example_nested_branch_dag' retrieved from /home/airflow/.local/lib/python3.12/site-packages/airflow/example_dags/example_nested_branch_dag.py
[2025-04-28T02:13:04.855+0000] {logging_mixin.py:188} INFO - [2025-04-28T02:13:04.855+0000] {dag.py:3096} INFO - Sync 1 DAGs
[2025-04-28T02:13:04.863+0000] {logging_mixin.py:188} INFO - [2025-04-28T02:13:04.863+0000] {dag.py:3954} INFO - Setting next_dagrun for example_nested_branch_dag to 2025-04-27 00:00:00+00:00, run_after=2025-04-28 00:00:00+00:00
[2025-04-28T02:13:04.872+0000] {processor.py:183} INFO - Processing /home/airflow/.local/lib/python3.12/site-packages/airflow/example_dags/example_nested_branch_dag.py took 0.035 seconds
[2025-04-28T02:13:35.322+0000] {processor.py:161} INFO - Started process (PID=355) to work on /home/airflow/.local/lib/python3.12/site-packages/airflow/example_dags/example_nested_branch_dag.py
[2025-04-28T02:13:35.322+0000] {processor.py:830} INFO - Processing file /home/airflow/.local/lib/python3.12/site-packages/airflow/example_dags/example_nested_branch_dag.py for tasks to queue
[2025-04-28T02:13:35.323+0000] {logging_mixin.py:188} INFO - [2025-04-28T02:13:35.323+0000] {dagbag.py:540} INFO - Filling up the DagBag from /home/airflow/.local/lib/python3.12/site-packages/airflow/example_dags/example_nested_branch_dag.py
[2025-04-28T02:13:35.328+0000] {processor.py:840} INFO - DAG(s) 'example_nested_branch_dag' retrieved from /home/airflow/.local/lib/python3.12/site-packages/airflow/example_dags/example_nested_branch_dag.py
[2025-04-28T02:13:35.337+0000] {logging_mixin.py:188} INFO - [2025-04-28T02:13:35.336+0000] {dag.py:3096} INFO - Sync 1 DAGs
[2025-04-28T02:13:35.348+0000] {logging_mixin.py:188} INFO - [2025-04-28T02:13:35.348+0000] {dag.py:3954} INFO - Setting next_dagrun for example_nested_branch_dag to 2025-04-27 00:00:00+00:00, run_after=2025-04-28 00:00:00+00:00
[2025-04-28T02:13:35.355+0000] {processor.py:183} INFO - Processing /home/airflow/.local/lib/python3.12/site-packages/airflow/example_dags/example_nested_branch_dag.py took 0.036 seconds
[2025-04-28T02:14:05.868+0000] {processor.py:161} INFO - Started process (PID=413) to work on /home/airflow/.local/lib/python3.12/site-packages/airflow/example_dags/example_nested_branch_dag.py
[2025-04-28T02:14:05.868+0000] {processor.py:830} INFO - Processing file /home/airflow/.local/lib/python3.12/site-packages/airflow/example_dags/example_nested_branch_dag.py for tasks to queue
[2025-04-28T02:14:05.869+0000] {logging_mixin.py:188} INFO - [2025-04-28T02:14:05.869+0000] {dagbag.py:540} INFO - Filling up the DagBag from /home/airflow/.local/lib/python3.12/site-packages/airflow/example_dags/example_nested_branch_dag.py
[2025-04-28T02:14:05.874+0000] {processor.py:840} INFO - DAG(s) 'example_nested_branch_dag' retrieved from /home/airflow/.local/lib/python3.12/site-packages/airflow/example_dags/example_nested_branch_dag.py
[2025-04-28T02:14:05.881+0000] {logging_mixin.py:188} INFO - [2025-04-28T02:14:05.881+0000] {dag.py:3096} INFO - Sync 1 DAGs
[2025-04-28T02:14:05.891+0000] {logging_mixin.py:188} INFO - [2025-04-28T02:14:05.891+0000] {dag.py:3954} INFO - Setting next_dagrun for example_nested_branch_dag to 2025-04-27 00:00:00+00:00, run_after=2025-04-28 00:00:00+00:00
[2025-04-28T02:14:05.899+0000] {processor.py:183} INFO - Processing /home/airflow/.local/lib/python3.12/site-packages/airflow/example_dags/example_nested_branch_dag.py took 0.034 seconds
[2025-04-28T02:14:36.342+0000] {processor.py:161} INFO - Started process (PID=471) to work on /home/airflow/.local/lib/python3.12/site-packages/airflow/example_dags/example_nested_branch_dag.py
[2025-04-28T02:14:36.343+0000] {processor.py:830} INFO - Processing file /home/airflow/.local/lib/python3.12/site-packages/airflow/example_dags/example_nested_branch_dag.py for tasks to queue
[2025-04-28T02:14:36.347+0000] {logging_mixin.py:188} INFO - [2025-04-28T02:14:36.347+0000] {dagbag.py:540} INFO - Filling up the DagBag from /home/airflow/.local/lib/python3.12/site-packages/airflow/example_dags/example_nested_branch_dag.py
[2025-04-28T02:14:36.353+0000] {processor.py:840} INFO - DAG(s) 'example_nested_branch_dag' retrieved from /home/airflow/.local/lib/python3.12/site-packages/airflow/example_dags/example_nested_branch_dag.py
[2025-04-28T02:14:36.360+0000] {logging_mixin.py:188} INFO - [2025-04-28T02:14:36.360+0000] {dag.py:3096} INFO - Sync 1 DAGs
[2025-04-28T02:14:36.369+0000] {logging_mixin.py:188} INFO - [2025-04-28T02:14:36.369+0000] {dag.py:3954} INFO - Setting next_dagrun for example_nested_branch_dag to 2025-04-27 00:00:00+00:00, run_after=2025-04-28 00:00:00+00:00
[2025-04-28T02:14:36.378+0000] {processor.py:183} INFO - Processing /home/airflow/.local/lib/python3.12/site-packages/airflow/example_dags/example_nested_branch_dag.py took 0.038 seconds
[2025-04-28T02:15:07.636+0000] {processor.py:161} INFO - Started process (PID=529) to work on /home/airflow/.local/lib/python3.12/site-packages/airflow/example_dags/example_nested_branch_dag.py
[2025-04-28T02:15:07.637+0000] {processor.py:830} INFO - Processing file /home/airflow/.local/lib/python3.12/site-packages/airflow/example_dags/example_nested_branch_dag.py for tasks to queue
[2025-04-28T02:15:07.638+0000] {logging_mixin.py:188} INFO - [2025-04-28T02:15:07.638+0000] {dagbag.py:540} INFO - Filling up the DagBag from /home/airflow/.local/lib/python3.12/site-packages/airflow/example_dags/example_nested_branch_dag.py
[2025-04-28T02:15:07.642+0000] {processor.py:840} INFO - DAG(s) 'example_nested_branch_dag' retrieved from /home/airflow/.local/lib/python3.12/site-packages/airflow/example_dags/example_nested_branch_dag.py
[2025-04-28T02:15:07.680+0000] {logging_mixin.py:188} INFO - [2025-04-28T02:15:07.680+0000] {dag.py:3096} INFO - Sync 1 DAGs
[2025-04-28T02:15:07.758+0000] {logging_mixin.py:188} INFO - [2025-04-28T02:15:07.758+0000] {dag.py:3954} INFO - Setting next_dagrun for example_nested_branch_dag to 2025-04-27 00:00:00+00:00, run_after=2025-04-28 00:00:00+00:00
[2025-04-28T02:15:07.769+0000] {processor.py:183} INFO - Processing /home/airflow/.local/lib/python3.12/site-packages/airflow/example_dags/example_nested_branch_dag.py took 0.135 seconds
[2025-04-28T02:15:38.062+0000] {processor.py:161} INFO - Started process (PID=587) to work on /home/airflow/.local/lib/python3.12/site-packages/airflow/example_dags/example_nested_branch_dag.py
[2025-04-28T02:15:38.062+0000] {processor.py:830} INFO - Processing file /home/airflow/.local/lib/python3.12/site-packages/airflow/example_dags/example_nested_branch_dag.py for tasks to queue
[2025-04-28T02:15:38.063+0000] {logging_mixin.py:188} INFO - [2025-04-28T02:15:38.063+0000] {dagbag.py:540} INFO - Filling up the DagBag from /home/airflow/.local/lib/python3.12/site-packages/airflow/example_dags/example_nested_branch_dag.py
[2025-04-28T02:15:38.067+0000] {processor.py:840} INFO - DAG(s) 'example_nested_branch_dag' retrieved from /home/airflow/.local/lib/python3.12/site-packages/airflow/example_dags/example_nested_branch_dag.py
[2025-04-28T02:15:38.076+0000] {logging_mixin.py:188} INFO - [2025-04-28T02:15:38.076+0000] {dag.py:3096} INFO - Sync 1 DAGs
[2025-04-28T02:15:38.085+0000] {logging_mixin.py:188} INFO - [2025-04-28T02:15:38.085+0000] {dag.py:3954} INFO - Setting next_dagrun for example_nested_branch_dag to 2025-04-27 00:00:00+00:00, run_after=2025-04-28 00:00:00+00:00
[2025-04-28T02:15:38.095+0000] {processor.py:183} INFO - Processing /home/airflow/.local/lib/python3.12/site-packages/airflow/example_dags/example_nested_branch_dag.py took 0.036 seconds
[2025-04-28T02:16:08.599+0000] {processor.py:161} INFO - Started process (PID=645) to work on /home/airflow/.local/lib/python3.12/site-packages/airflow/example_dags/example_nested_branch_dag.py
[2025-04-28T02:16:08.599+0000] {processor.py:830} INFO - Processing file /home/airflow/.local/lib/python3.12/site-packages/airflow/example_dags/example_nested_branch_dag.py for tasks to queue
[2025-04-28T02:16:08.600+0000] {logging_mixin.py:188} INFO - [2025-04-28T02:16:08.600+0000] {dagbag.py:540} INFO - Filling up the DagBag from /home/airflow/.local/lib/python3.12/site-packages/airflow/example_dags/example_nested_branch_dag.py
[2025-04-28T02:16:08.604+0000] {processor.py:840} INFO - DAG(s) 'example_nested_branch_dag' retrieved from /home/airflow/.local/lib/python3.12/site-packages/airflow/example_dags/example_nested_branch_dag.py
[2025-04-28T02:16:08.614+0000] {logging_mixin.py:188} INFO - [2025-04-28T02:16:08.614+0000] {dag.py:3096} INFO - Sync 1 DAGs
[2025-04-28T02:16:08.624+0000] {logging_mixin.py:188} INFO - [2025-04-28T02:16:08.624+0000] {dag.py:3954} INFO - Setting next_dagrun for example_nested_branch_dag to 2025-04-27 00:00:00+00:00, run_after=2025-04-28 00:00:00+00:00
[2025-04-28T02:16:08.633+0000] {processor.py:183} INFO - Processing /home/airflow/.local/lib/python3.12/site-packages/airflow/example_dags/example_nested_branch_dag.py took 0.037 seconds
[2025-04-28T02:16:39.301+0000] {processor.py:161} INFO - Started process (PID=704) to work on /home/airflow/.local/lib/python3.12/site-packages/airflow/example_dags/example_nested_branch_dag.py
[2025-04-28T02:16:39.303+0000] {processor.py:830} INFO - Processing file /home/airflow/.local/lib/python3.12/site-packages/airflow/example_dags/example_nested_branch_dag.py for tasks to queue
[2025-04-28T02:16:39.306+0000] {logging_mixin.py:188} INFO - [2025-04-28T02:16:39.306+0000] {dagbag.py:540} INFO - Filling up the DagBag from /home/airflow/.local/lib/python3.12/site-packages/airflow/example_dags/example_nested_branch_dag.py
[2025-04-28T02:16:39.310+0000] {processor.py:840} INFO - DAG(s) 'example_nested_branch_dag' retrieved from /home/airflow/.local/lib/python3.12/site-packages/airflow/example_dags/example_nested_branch_dag.py
[2025-04-28T02:16:39.320+0000] {logging_mixin.py:188} INFO - [2025-04-28T02:16:39.320+0000] {dag.py:3096} INFO - Sync 1 DAGs
[2025-04-28T02:16:39.328+0000] {logging_mixin.py:188} INFO - [2025-04-28T02:16:39.328+0000] {dag.py:3954} INFO - Setting next_dagrun for example_nested_branch_dag to 2025-04-27 00:00:00+00:00, run_after=2025-04-28 00:00:00+00:00
[2025-04-28T02:16:39.400+0000] {processor.py:183} INFO - Processing /home/airflow/.local/lib/python3.12/site-packages/airflow/example_dags/example_nested_branch_dag.py took 0.101 seconds
