[2025-04-28T02:11:02.542+0000] {processor.py:161} INFO - Started process (PID=62) to work on /home/airflow/.local/lib/python3.12/site-packages/airflow/example_dags/example_branch_python_dop_operator_3.py
[2025-04-28T02:11:02.542+0000] {processor.py:830} INFO - Processing file /home/airflow/.local/lib/python3.12/site-packages/airflow/example_dags/example_branch_python_dop_operator_3.py for tasks to queue
[2025-04-28T02:11:02.543+0000] {logging_mixin.py:188} INFO - [2025-04-28T02:11:02.543+0000] {dagbag.py:540} INFO - Filling up the DagBag from /home/airflow/.local/lib/python3.12/site-packages/airflow/example_dags/example_branch_python_dop_operator_3.py
[2025-04-28T02:11:02.548+0000] {processor.py:840} INFO - DAG(s) 'example_branch_dop_operator_v3' retrieved from /home/airflow/.local/lib/python3.12/site-packages/airflow/example_dags/example_branch_python_dop_operator_3.py
[2025-04-28T02:11:02.554+0000] {logging_mixin.py:188} INFO - [2025-04-28T02:11:02.554+0000] {dag.py:3096} INFO - Sync 1 DAGs
[2025-04-28T02:11:02.565+0000] {logging_mixin.py:188} INFO - [2025-04-28T02:11:02.565+0000] {dag.py:3954} INFO - Setting next_dagrun for example_branch_dop_operator_v3 to 2025-04-28 02:10:00+00:00, run_after=2025-04-28 02:11:00+00:00
[2025-04-28T02:11:02.577+0000] {processor.py:183} INFO - Processing /home/airflow/.local/lib/python3.12/site-packages/airflow/example_dags/example_branch_python_dop_operator_3.py took 0.037 seconds
[2025-04-28T02:11:33.008+0000] {processor.py:161} INFO - Started process (PID=120) to work on /home/airflow/.local/lib/python3.12/site-packages/airflow/example_dags/example_branch_python_dop_operator_3.py
[2025-04-28T02:11:33.008+0000] {processor.py:830} INFO - Processing file /home/airflow/.local/lib/python3.12/site-packages/airflow/example_dags/example_branch_python_dop_operator_3.py for tasks to queue
[2025-04-28T02:11:33.009+0000] {logging_mixin.py:188} INFO - [2025-04-28T02:11:33.009+0000] {dagbag.py:540} INFO - Filling up the DagBag from /home/airflow/.local/lib/python3.12/site-packages/airflow/example_dags/example_branch_python_dop_operator_3.py
[2025-04-28T02:11:33.013+0000] {processor.py:840} INFO - DAG(s) 'example_branch_dop_operator_v3' retrieved from /home/airflow/.local/lib/python3.12/site-packages/airflow/example_dags/example_branch_python_dop_operator_3.py
[2025-04-28T02:11:33.050+0000] {logging_mixin.py:188} INFO - [2025-04-28T02:11:33.050+0000] {dag.py:3096} INFO - Sync 1 DAGs
[2025-04-28T02:11:33.062+0000] {logging_mixin.py:188} INFO - [2025-04-28T02:11:33.062+0000] {dag.py:3954} INFO - Setting next_dagrun for example_branch_dop_operator_v3 to 2025-04-28 02:10:00+00:00, run_after=2025-04-28 02:11:00+00:00
[2025-04-28T02:11:33.071+0000] {processor.py:183} INFO - Processing /home/airflow/.local/lib/python3.12/site-packages/airflow/example_dags/example_branch_python_dop_operator_3.py took 0.065 seconds
[2025-04-28T02:12:03.885+0000] {processor.py:161} INFO - Started process (PID=178) to work on /home/airflow/.local/lib/python3.12/site-packages/airflow/example_dags/example_branch_python_dop_operator_3.py
[2025-04-28T02:12:03.886+0000] {processor.py:830} INFO - Processing file /home/airflow/.local/lib/python3.12/site-packages/airflow/example_dags/example_branch_python_dop_operator_3.py for tasks to queue
[2025-04-28T02:12:03.887+0000] {logging_mixin.py:188} INFO - [2025-04-28T02:12:03.886+0000] {dagbag.py:540} INFO - Filling up the DagBag from /home/airflow/.local/lib/python3.12/site-packages/airflow/example_dags/example_branch_python_dop_operator_3.py
[2025-04-28T02:12:03.890+0000] {processor.py:840} INFO - DAG(s) 'example_branch_dop_operator_v3' retrieved from /home/airflow/.local/lib/python3.12/site-packages/airflow/example_dags/example_branch_python_dop_operator_3.py
[2025-04-28T02:12:03.898+0000] {logging_mixin.py:188} INFO - [2025-04-28T02:12:03.898+0000] {dag.py:3096} INFO - Sync 1 DAGs
[2025-04-28T02:12:03.907+0000] {logging_mixin.py:188} INFO - [2025-04-28T02:12:03.907+0000] {dag.py:3954} INFO - Setting next_dagrun for example_branch_dop_operator_v3 to 2025-04-28 02:11:00+00:00, run_after=2025-04-28 02:12:00+00:00
[2025-04-28T02:12:03.922+0000] {processor.py:183} INFO - Processing /home/airflow/.local/lib/python3.12/site-packages/airflow/example_dags/example_branch_python_dop_operator_3.py took 0.039 seconds
[2025-04-28T02:12:34.426+0000] {processor.py:161} INFO - Started process (PID=236) to work on /home/airflow/.local/lib/python3.12/site-packages/airflow/example_dags/example_branch_python_dop_operator_3.py
[2025-04-28T02:12:34.427+0000] {processor.py:830} INFO - Processing file /home/airflow/.local/lib/python3.12/site-packages/airflow/example_dags/example_branch_python_dop_operator_3.py for tasks to queue
[2025-04-28T02:12:34.427+0000] {logging_mixin.py:188} INFO - [2025-04-28T02:12:34.427+0000] {dagbag.py:540} INFO - Filling up the DagBag from /home/airflow/.local/lib/python3.12/site-packages/airflow/example_dags/example_branch_python_dop_operator_3.py
[2025-04-28T02:12:34.431+0000] {processor.py:840} INFO - DAG(s) 'example_branch_dop_operator_v3' retrieved from /home/airflow/.local/lib/python3.12/site-packages/airflow/example_dags/example_branch_python_dop_operator_3.py
[2025-04-28T02:12:34.439+0000] {logging_mixin.py:188} INFO - [2025-04-28T02:12:34.439+0000] {dag.py:3096} INFO - Sync 1 DAGs
[2025-04-28T02:12:34.448+0000] {logging_mixin.py:188} INFO - [2025-04-28T02:12:34.448+0000] {dag.py:3954} INFO - Setting next_dagrun for example_branch_dop_operator_v3 to 2025-04-28 02:11:00+00:00, run_after=2025-04-28 02:12:00+00:00
[2025-04-28T02:12:34.454+0000] {processor.py:183} INFO - Processing /home/airflow/.local/lib/python3.12/site-packages/airflow/example_dags/example_branch_python_dop_operator_3.py took 0.030 seconds
[2025-04-28T02:13:04.930+0000] {processor.py:161} INFO - Started process (PID=300) to work on /home/airflow/.local/lib/python3.12/site-packages/airflow/example_dags/example_branch_python_dop_operator_3.py
[2025-04-28T02:13:04.930+0000] {processor.py:830} INFO - Processing file /home/airflow/.local/lib/python3.12/site-packages/airflow/example_dags/example_branch_python_dop_operator_3.py for tasks to queue
[2025-04-28T02:13:04.931+0000] {logging_mixin.py:188} INFO - [2025-04-28T02:13:04.931+0000] {dagbag.py:540} INFO - Filling up the DagBag from /home/airflow/.local/lib/python3.12/site-packages/airflow/example_dags/example_branch_python_dop_operator_3.py
[2025-04-28T02:13:04.934+0000] {processor.py:840} INFO - DAG(s) 'example_branch_dop_operator_v3' retrieved from /home/airflow/.local/lib/python3.12/site-packages/airflow/example_dags/example_branch_python_dop_operator_3.py
[2025-04-28T02:13:04.942+0000] {logging_mixin.py:188} INFO - [2025-04-28T02:13:04.942+0000] {dag.py:3096} INFO - Sync 1 DAGs
[2025-04-28T02:13:04.950+0000] {logging_mixin.py:188} INFO - [2025-04-28T02:13:04.950+0000] {dag.py:3954} INFO - Setting next_dagrun for example_branch_dop_operator_v3 to 2025-04-28 02:12:00+00:00, run_after=2025-04-28 02:13:00+00:00
[2025-04-28T02:13:04.956+0000] {processor.py:183} INFO - Processing /home/airflow/.local/lib/python3.12/site-packages/airflow/example_dags/example_branch_python_dop_operator_3.py took 0.029 seconds
[2025-04-28T02:13:35.364+0000] {processor.py:161} INFO - Started process (PID=357) to work on /home/airflow/.local/lib/python3.12/site-packages/airflow/example_dags/example_branch_python_dop_operator_3.py
[2025-04-28T02:13:35.365+0000] {processor.py:830} INFO - Processing file /home/airflow/.local/lib/python3.12/site-packages/airflow/example_dags/example_branch_python_dop_operator_3.py for tasks to queue
[2025-04-28T02:13:35.367+0000] {logging_mixin.py:188} INFO - [2025-04-28T02:13:35.367+0000] {dagbag.py:540} INFO - Filling up the DagBag from /home/airflow/.local/lib/python3.12/site-packages/airflow/example_dags/example_branch_python_dop_operator_3.py
[2025-04-28T02:13:35.370+0000] {processor.py:840} INFO - DAG(s) 'example_branch_dop_operator_v3' retrieved from /home/airflow/.local/lib/python3.12/site-packages/airflow/example_dags/example_branch_python_dop_operator_3.py
[2025-04-28T02:13:35.378+0000] {logging_mixin.py:188} INFO - [2025-04-28T02:13:35.378+0000] {dag.py:3096} INFO - Sync 1 DAGs
[2025-04-28T02:13:35.389+0000] {logging_mixin.py:188} INFO - [2025-04-28T02:13:35.389+0000] {dag.py:3954} INFO - Setting next_dagrun for example_branch_dop_operator_v3 to 2025-04-28 02:12:00+00:00, run_after=2025-04-28 02:13:00+00:00
[2025-04-28T02:13:35.401+0000] {processor.py:183} INFO - Processing /home/airflow/.local/lib/python3.12/site-packages/airflow/example_dags/example_branch_python_dop_operator_3.py took 0.039 seconds
[2025-04-28T02:14:05.913+0000] {processor.py:161} INFO - Started process (PID=415) to work on /home/airflow/.local/lib/python3.12/site-packages/airflow/example_dags/example_branch_python_dop_operator_3.py
[2025-04-28T02:14:05.914+0000] {processor.py:830} INFO - Processing file /home/airflow/.local/lib/python3.12/site-packages/airflow/example_dags/example_branch_python_dop_operator_3.py for tasks to queue
[2025-04-28T02:14:05.916+0000] {logging_mixin.py:188} INFO - [2025-04-28T02:14:05.916+0000] {dagbag.py:540} INFO - Filling up the DagBag from /home/airflow/.local/lib/python3.12/site-packages/airflow/example_dags/example_branch_python_dop_operator_3.py
[2025-04-28T02:14:05.921+0000] {processor.py:840} INFO - DAG(s) 'example_branch_dop_operator_v3' retrieved from /home/airflow/.local/lib/python3.12/site-packages/airflow/example_dags/example_branch_python_dop_operator_3.py
[2025-04-28T02:14:05.927+0000] {logging_mixin.py:188} INFO - [2025-04-28T02:14:05.927+0000] {dag.py:3096} INFO - Sync 1 DAGs
[2025-04-28T02:14:05.939+0000] {logging_mixin.py:188} INFO - [2025-04-28T02:14:05.939+0000] {dag.py:3954} INFO - Setting next_dagrun for example_branch_dop_operator_v3 to 2025-04-28 02:13:00+00:00, run_after=2025-04-28 02:14:00+00:00
[2025-04-28T02:14:05.955+0000] {processor.py:183} INFO - Processing /home/airflow/.local/lib/python3.12/site-packages/airflow/example_dags/example_branch_python_dop_operator_3.py took 0.044 seconds
[2025-04-28T02:14:36.391+0000] {processor.py:161} INFO - Started process (PID=473) to work on /home/airflow/.local/lib/python3.12/site-packages/airflow/example_dags/example_branch_python_dop_operator_3.py
[2025-04-28T02:14:36.392+0000] {processor.py:830} INFO - Processing file /home/airflow/.local/lib/python3.12/site-packages/airflow/example_dags/example_branch_python_dop_operator_3.py for tasks to queue
[2025-04-28T02:14:36.393+0000] {logging_mixin.py:188} INFO - [2025-04-28T02:14:36.392+0000] {dagbag.py:540} INFO - Filling up the DagBag from /home/airflow/.local/lib/python3.12/site-packages/airflow/example_dags/example_branch_python_dop_operator_3.py
[2025-04-28T02:14:36.396+0000] {processor.py:840} INFO - DAG(s) 'example_branch_dop_operator_v3' retrieved from /home/airflow/.local/lib/python3.12/site-packages/airflow/example_dags/example_branch_python_dop_operator_3.py
[2025-04-28T02:14:36.405+0000] {logging_mixin.py:188} INFO - [2025-04-28T02:14:36.405+0000] {dag.py:3096} INFO - Sync 1 DAGs
[2025-04-28T02:14:36.416+0000] {logging_mixin.py:188} INFO - [2025-04-28T02:14:36.416+0000] {dag.py:3954} INFO - Setting next_dagrun for example_branch_dop_operator_v3 to 2025-04-28 02:13:00+00:00, run_after=2025-04-28 02:14:00+00:00
[2025-04-28T02:14:36.427+0000] {processor.py:183} INFO - Processing /home/airflow/.local/lib/python3.12/site-packages/airflow/example_dags/example_branch_python_dop_operator_3.py took 0.040 seconds
[2025-04-28T02:15:07.783+0000] {processor.py:161} INFO - Started process (PID=531) to work on /home/airflow/.local/lib/python3.12/site-packages/airflow/example_dags/example_branch_python_dop_operator_3.py
[2025-04-28T02:15:07.784+0000] {processor.py:830} INFO - Processing file /home/airflow/.local/lib/python3.12/site-packages/airflow/example_dags/example_branch_python_dop_operator_3.py for tasks to queue
[2025-04-28T02:15:07.784+0000] {logging_mixin.py:188} INFO - [2025-04-28T02:15:07.784+0000] {dagbag.py:540} INFO - Filling up the DagBag from /home/airflow/.local/lib/python3.12/site-packages/airflow/example_dags/example_branch_python_dop_operator_3.py
[2025-04-28T02:15:07.788+0000] {processor.py:840} INFO - DAG(s) 'example_branch_dop_operator_v3' retrieved from /home/airflow/.local/lib/python3.12/site-packages/airflow/example_dags/example_branch_python_dop_operator_3.py
[2025-04-28T02:15:07.827+0000] {logging_mixin.py:188} INFO - [2025-04-28T02:15:07.827+0000] {dag.py:3096} INFO - Sync 1 DAGs
[2025-04-28T02:15:07.905+0000] {logging_mixin.py:188} INFO - [2025-04-28T02:15:07.905+0000] {dag.py:3954} INFO - Setting next_dagrun for example_branch_dop_operator_v3 to 2025-04-28 02:14:00+00:00, run_after=2025-04-28 02:15:00+00:00
[2025-04-28T02:15:07.912+0000] {processor.py:183} INFO - Processing /home/airflow/.local/lib/python3.12/site-packages/airflow/example_dags/example_branch_python_dop_operator_3.py took 0.131 seconds
[2025-04-28T02:15:38.105+0000] {processor.py:161} INFO - Started process (PID=589) to work on /home/airflow/.local/lib/python3.12/site-packages/airflow/example_dags/example_branch_python_dop_operator_3.py
[2025-04-28T02:15:38.106+0000] {processor.py:830} INFO - Processing file /home/airflow/.local/lib/python3.12/site-packages/airflow/example_dags/example_branch_python_dop_operator_3.py for tasks to queue
[2025-04-28T02:15:38.106+0000] {logging_mixin.py:188} INFO - [2025-04-28T02:15:38.106+0000] {dagbag.py:540} INFO - Filling up the DagBag from /home/airflow/.local/lib/python3.12/site-packages/airflow/example_dags/example_branch_python_dop_operator_3.py
[2025-04-28T02:15:38.110+0000] {processor.py:840} INFO - DAG(s) 'example_branch_dop_operator_v3' retrieved from /home/airflow/.local/lib/python3.12/site-packages/airflow/example_dags/example_branch_python_dop_operator_3.py
[2025-04-28T02:15:38.119+0000] {logging_mixin.py:188} INFO - [2025-04-28T02:15:38.119+0000] {dag.py:3096} INFO - Sync 1 DAGs
[2025-04-28T02:15:38.131+0000] {logging_mixin.py:188} INFO - [2025-04-28T02:15:38.131+0000] {dag.py:3954} INFO - Setting next_dagrun for example_branch_dop_operator_v3 to 2025-04-28 02:14:00+00:00, run_after=2025-04-28 02:15:00+00:00
[2025-04-28T02:15:38.141+0000] {processor.py:183} INFO - Processing /home/airflow/.local/lib/python3.12/site-packages/airflow/example_dags/example_branch_python_dop_operator_3.py took 0.038 seconds
[2025-04-28T02:16:08.644+0000] {processor.py:161} INFO - Started process (PID=647) to work on /home/airflow/.local/lib/python3.12/site-packages/airflow/example_dags/example_branch_python_dop_operator_3.py
[2025-04-28T02:16:08.645+0000] {processor.py:830} INFO - Processing file /home/airflow/.local/lib/python3.12/site-packages/airflow/example_dags/example_branch_python_dop_operator_3.py for tasks to queue
[2025-04-28T02:16:08.645+0000] {logging_mixin.py:188} INFO - [2025-04-28T02:16:08.645+0000] {dagbag.py:540} INFO - Filling up the DagBag from /home/airflow/.local/lib/python3.12/site-packages/airflow/example_dags/example_branch_python_dop_operator_3.py
[2025-04-28T02:16:08.649+0000] {processor.py:840} INFO - DAG(s) 'example_branch_dop_operator_v3' retrieved from /home/airflow/.local/lib/python3.12/site-packages/airflow/example_dags/example_branch_python_dop_operator_3.py
[2025-04-28T02:16:08.657+0000] {logging_mixin.py:188} INFO - [2025-04-28T02:16:08.657+0000] {dag.py:3096} INFO - Sync 1 DAGs
[2025-04-28T02:16:08.668+0000] {logging_mixin.py:188} INFO - [2025-04-28T02:16:08.668+0000] {dag.py:3954} INFO - Setting next_dagrun for example_branch_dop_operator_v3 to 2025-04-28 02:15:00+00:00, run_after=2025-04-28 02:16:00+00:00
[2025-04-28T02:16:08.678+0000] {processor.py:183} INFO - Processing /home/airflow/.local/lib/python3.12/site-packages/airflow/example_dags/example_branch_python_dop_operator_3.py took 0.036 seconds
[2025-04-28T02:16:39.415+0000] {processor.py:161} INFO - Started process (PID=706) to work on /home/airflow/.local/lib/python3.12/site-packages/airflow/example_dags/example_branch_python_dop_operator_3.py
[2025-04-28T02:16:39.418+0000] {processor.py:830} INFO - Processing file /home/airflow/.local/lib/python3.12/site-packages/airflow/example_dags/example_branch_python_dop_operator_3.py for tasks to queue
[2025-04-28T02:16:39.419+0000] {logging_mixin.py:188} INFO - [2025-04-28T02:16:39.418+0000] {dagbag.py:540} INFO - Filling up the DagBag from /home/airflow/.local/lib/python3.12/site-packages/airflow/example_dags/example_branch_python_dop_operator_3.py
[2025-04-28T02:16:39.423+0000] {processor.py:840} INFO - DAG(s) 'example_branch_dop_operator_v3' retrieved from /home/airflow/.local/lib/python3.12/site-packages/airflow/example_dags/example_branch_python_dop_operator_3.py
[2025-04-28T02:16:39.433+0000] {logging_mixin.py:188} INFO - [2025-04-28T02:16:39.433+0000] {dag.py:3096} INFO - Sync 1 DAGs
[2025-04-28T02:16:39.443+0000] {logging_mixin.py:188} INFO - [2025-04-28T02:16:39.443+0000] {dag.py:3954} INFO - Setting next_dagrun for example_branch_dop_operator_v3 to 2025-04-28 02:15:00+00:00, run_after=2025-04-28 02:16:00+00:00
[2025-04-28T02:16:39.451+0000] {processor.py:183} INFO - Processing /home/airflow/.local/lib/python3.12/site-packages/airflow/example_dags/example_branch_python_dop_operator_3.py took 0.039 seconds
