[2025-04-28T02:11:03.031+0000] {processor.py:161} INFO - Started process (PID=80) to work on /home/airflow/.local/lib/python3.12/site-packages/airflow/example_dags/example_sensor_decorator.py
[2025-04-28T02:11:03.031+0000] {processor.py:830} INFO - Processing file /home/airflow/.local/lib/python3.12/site-packages/airflow/example_dags/example_sensor_decorator.py for tasks to queue
[2025-04-28T02:11:03.032+0000] {logging_mixin.py:188} INFO - [2025-04-28T02:11:03.032+0000] {dagbag.py:540} INFO - Filling up the DagBag from /home/airflow/.local/lib/python3.12/site-packages/airflow/example_dags/example_sensor_decorator.py
[2025-04-28T02:11:03.036+0000] {processor.py:840} INFO - DAG(s) 'example_sensor_decorator' retrieved from /home/airflow/.local/lib/python3.12/site-packages/airflow/example_dags/example_sensor_decorator.py
[2025-04-28T02:11:03.042+0000] {logging_mixin.py:188} INFO - [2025-04-28T02:11:03.042+0000] {dag.py:3096} INFO - Sync 1 DAGs
[2025-04-28T02:11:03.047+0000] {logging_mixin.py:188} INFO - [2025-04-28T02:11:03.047+0000] {dag.py:3954} INFO - Setting next_dagrun for example_sensor_decorator to None, run_after=None
[2025-04-28T02:11:03.059+0000] {processor.py:183} INFO - Processing /home/airflow/.local/lib/python3.12/site-packages/airflow/example_dags/example_sensor_decorator.py took 0.031 seconds
[2025-04-28T02:11:33.656+0000] {processor.py:161} INFO - Started process (PID=138) to work on /home/airflow/.local/lib/python3.12/site-packages/airflow/example_dags/example_sensor_decorator.py
[2025-04-28T02:11:33.657+0000] {processor.py:830} INFO - Processing file /home/airflow/.local/lib/python3.12/site-packages/airflow/example_dags/example_sensor_decorator.py for tasks to queue
[2025-04-28T02:11:33.657+0000] {logging_mixin.py:188} INFO - [2025-04-28T02:11:33.657+0000] {dagbag.py:540} INFO - Filling up the DagBag from /home/airflow/.local/lib/python3.12/site-packages/airflow/example_dags/example_sensor_decorator.py
[2025-04-28T02:11:33.659+0000] {processor.py:840} INFO - DAG(s) 'example_sensor_decorator' retrieved from /home/airflow/.local/lib/python3.12/site-packages/airflow/example_dags/example_sensor_decorator.py
[2025-04-28T02:11:33.696+0000] {logging_mixin.py:188} INFO - [2025-04-28T02:11:33.696+0000] {dag.py:3096} INFO - Sync 1 DAGs
[2025-04-28T02:11:33.701+0000] {logging_mixin.py:188} INFO - [2025-04-28T02:11:33.701+0000] {dag.py:3954} INFO - Setting next_dagrun for example_sensor_decorator to None, run_after=None
[2025-04-28T02:11:33.710+0000] {processor.py:183} INFO - Processing /home/airflow/.local/lib/python3.12/site-packages/airflow/example_dags/example_sensor_decorator.py took 0.056 seconds
[2025-04-28T02:12:04.365+0000] {processor.py:161} INFO - Started process (PID=196) to work on /home/airflow/.local/lib/python3.12/site-packages/airflow/example_dags/example_sensor_decorator.py
[2025-04-28T02:12:04.365+0000] {processor.py:830} INFO - Processing file /home/airflow/.local/lib/python3.12/site-packages/airflow/example_dags/example_sensor_decorator.py for tasks to queue
[2025-04-28T02:12:04.366+0000] {logging_mixin.py:188} INFO - [2025-04-28T02:12:04.366+0000] {dagbag.py:540} INFO - Filling up the DagBag from /home/airflow/.local/lib/python3.12/site-packages/airflow/example_dags/example_sensor_decorator.py
[2025-04-28T02:12:04.368+0000] {processor.py:840} INFO - DAG(s) 'example_sensor_decorator' retrieved from /home/airflow/.local/lib/python3.12/site-packages/airflow/example_dags/example_sensor_decorator.py
[2025-04-28T02:12:04.376+0000] {logging_mixin.py:188} INFO - [2025-04-28T02:12:04.376+0000] {dag.py:3096} INFO - Sync 1 DAGs
[2025-04-28T02:12:04.382+0000] {logging_mixin.py:188} INFO - [2025-04-28T02:12:04.382+0000] {dag.py:3954} INFO - Setting next_dagrun for example_sensor_decorator to None, run_after=None
[2025-04-28T02:12:04.389+0000] {processor.py:183} INFO - Processing /home/airflow/.local/lib/python3.12/site-packages/airflow/example_dags/example_sensor_decorator.py took 0.027 seconds
[2025-04-28T02:12:34.876+0000] {processor.py:161} INFO - Started process (PID=260) to work on /home/airflow/.local/lib/python3.12/site-packages/airflow/example_dags/example_sensor_decorator.py
[2025-04-28T02:12:34.877+0000] {processor.py:830} INFO - Processing file /home/airflow/.local/lib/python3.12/site-packages/airflow/example_dags/example_sensor_decorator.py for tasks to queue
[2025-04-28T02:12:34.878+0000] {logging_mixin.py:188} INFO - [2025-04-28T02:12:34.878+0000] {dagbag.py:540} INFO - Filling up the DagBag from /home/airflow/.local/lib/python3.12/site-packages/airflow/example_dags/example_sensor_decorator.py
[2025-04-28T02:12:34.881+0000] {processor.py:840} INFO - DAG(s) 'example_sensor_decorator' retrieved from /home/airflow/.local/lib/python3.12/site-packages/airflow/example_dags/example_sensor_decorator.py
[2025-04-28T02:12:34.890+0000] {logging_mixin.py:188} INFO - [2025-04-28T02:12:34.890+0000] {dag.py:3096} INFO - Sync 1 DAGs
[2025-04-28T02:12:34.895+0000] {logging_mixin.py:188} INFO - [2025-04-28T02:12:34.895+0000] {dag.py:3954} INFO - Setting next_dagrun for example_sensor_decorator to None, run_after=None
[2025-04-28T02:12:34.905+0000] {processor.py:183} INFO - Processing /home/airflow/.local/lib/python3.12/site-packages/airflow/example_dags/example_sensor_decorator.py took 0.031 seconds
[2025-04-28T02:13:05.387+0000] {processor.py:161} INFO - Started process (PID=318) to work on /home/airflow/.local/lib/python3.12/site-packages/airflow/example_dags/example_sensor_decorator.py
[2025-04-28T02:13:05.389+0000] {processor.py:830} INFO - Processing file /home/airflow/.local/lib/python3.12/site-packages/airflow/example_dags/example_sensor_decorator.py for tasks to queue
[2025-04-28T02:13:05.391+0000] {logging_mixin.py:188} INFO - [2025-04-28T02:13:05.391+0000] {dagbag.py:540} INFO - Filling up the DagBag from /home/airflow/.local/lib/python3.12/site-packages/airflow/example_dags/example_sensor_decorator.py
[2025-04-28T02:13:05.393+0000] {processor.py:840} INFO - DAG(s) 'example_sensor_decorator' retrieved from /home/airflow/.local/lib/python3.12/site-packages/airflow/example_dags/example_sensor_decorator.py
[2025-04-28T02:13:05.401+0000] {logging_mixin.py:188} INFO - [2025-04-28T02:13:05.401+0000] {dag.py:3096} INFO - Sync 1 DAGs
[2025-04-28T02:13:05.406+0000] {logging_mixin.py:188} INFO - [2025-04-28T02:13:05.406+0000] {dag.py:3954} INFO - Setting next_dagrun for example_sensor_decorator to None, run_after=None
[2025-04-28T02:13:05.415+0000] {processor.py:183} INFO - Processing /home/airflow/.local/lib/python3.12/site-packages/airflow/example_dags/example_sensor_decorator.py took 0.030 seconds
[2025-04-28T02:13:35.883+0000] {processor.py:161} INFO - Started process (PID=376) to work on /home/airflow/.local/lib/python3.12/site-packages/airflow/example_dags/example_sensor_decorator.py
[2025-04-28T02:13:35.884+0000] {processor.py:830} INFO - Processing file /home/airflow/.local/lib/python3.12/site-packages/airflow/example_dags/example_sensor_decorator.py for tasks to queue
[2025-04-28T02:13:35.885+0000] {logging_mixin.py:188} INFO - [2025-04-28T02:13:35.884+0000] {dagbag.py:540} INFO - Filling up the DagBag from /home/airflow/.local/lib/python3.12/site-packages/airflow/example_dags/example_sensor_decorator.py
[2025-04-28T02:13:35.887+0000] {processor.py:840} INFO - DAG(s) 'example_sensor_decorator' retrieved from /home/airflow/.local/lib/python3.12/site-packages/airflow/example_dags/example_sensor_decorator.py
[2025-04-28T02:13:35.895+0000] {logging_mixin.py:188} INFO - [2025-04-28T02:13:35.895+0000] {dag.py:3096} INFO - Sync 1 DAGs
[2025-04-28T02:13:35.902+0000] {logging_mixin.py:188} INFO - [2025-04-28T02:13:35.901+0000] {dag.py:3954} INFO - Setting next_dagrun for example_sensor_decorator to None, run_after=None
[2025-04-28T02:13:35.913+0000] {processor.py:183} INFO - Processing /home/airflow/.local/lib/python3.12/site-packages/airflow/example_dags/example_sensor_decorator.py took 0.033 seconds
[2025-04-28T02:14:06.384+0000] {processor.py:161} INFO - Started process (PID=434) to work on /home/airflow/.local/lib/python3.12/site-packages/airflow/example_dags/example_sensor_decorator.py
[2025-04-28T02:14:06.384+0000] {processor.py:830} INFO - Processing file /home/airflow/.local/lib/python3.12/site-packages/airflow/example_dags/example_sensor_decorator.py for tasks to queue
[2025-04-28T02:14:06.387+0000] {logging_mixin.py:188} INFO - [2025-04-28T02:14:06.387+0000] {dagbag.py:540} INFO - Filling up the DagBag from /home/airflow/.local/lib/python3.12/site-packages/airflow/example_dags/example_sensor_decorator.py
[2025-04-28T02:14:06.393+0000] {processor.py:840} INFO - DAG(s) 'example_sensor_decorator' retrieved from /home/airflow/.local/lib/python3.12/site-packages/airflow/example_dags/example_sensor_decorator.py
[2025-04-28T02:14:06.400+0000] {logging_mixin.py:188} INFO - [2025-04-28T02:14:06.400+0000] {dag.py:3096} INFO - Sync 1 DAGs
[2025-04-28T02:14:06.406+0000] {logging_mixin.py:188} INFO - [2025-04-28T02:14:06.406+0000] {dag.py:3954} INFO - Setting next_dagrun for example_sensor_decorator to None, run_after=None
[2025-04-28T02:14:06.416+0000] {processor.py:183} INFO - Processing /home/airflow/.local/lib/python3.12/site-packages/airflow/example_dags/example_sensor_decorator.py took 0.035 seconds
[2025-04-28T02:14:36.840+0000] {processor.py:161} INFO - Started process (PID=492) to work on /home/airflow/.local/lib/python3.12/site-packages/airflow/example_dags/example_sensor_decorator.py
[2025-04-28T02:14:36.840+0000] {processor.py:830} INFO - Processing file /home/airflow/.local/lib/python3.12/site-packages/airflow/example_dags/example_sensor_decorator.py for tasks to queue
[2025-04-28T02:14:36.841+0000] {logging_mixin.py:188} INFO - [2025-04-28T02:14:36.841+0000] {dagbag.py:540} INFO - Filling up the DagBag from /home/airflow/.local/lib/python3.12/site-packages/airflow/example_dags/example_sensor_decorator.py
[2025-04-28T02:14:36.843+0000] {processor.py:840} INFO - DAG(s) 'example_sensor_decorator' retrieved from /home/airflow/.local/lib/python3.12/site-packages/airflow/example_dags/example_sensor_decorator.py
[2025-04-28T02:14:36.848+0000] {logging_mixin.py:188} INFO - [2025-04-28T02:14:36.848+0000] {dag.py:3096} INFO - Sync 1 DAGs
[2025-04-28T02:14:36.853+0000] {logging_mixin.py:188} INFO - [2025-04-28T02:14:36.853+0000] {dag.py:3954} INFO - Setting next_dagrun for example_sensor_decorator to None, run_after=None
[2025-04-28T02:14:36.862+0000] {processor.py:183} INFO - Processing /home/airflow/.local/lib/python3.12/site-packages/airflow/example_dags/example_sensor_decorator.py took 0.024 seconds
[2025-04-28T02:15:09.446+0000] {processor.py:161} INFO - Started process (PID=550) to work on /home/airflow/.local/lib/python3.12/site-packages/airflow/example_dags/example_sensor_decorator.py
[2025-04-28T02:15:09.448+0000] {processor.py:830} INFO - Processing file /home/airflow/.local/lib/python3.12/site-packages/airflow/example_dags/example_sensor_decorator.py for tasks to queue
[2025-04-28T02:15:09.450+0000] {logging_mixin.py:188} INFO - [2025-04-28T02:15:09.450+0000] {dagbag.py:540} INFO - Filling up the DagBag from /home/airflow/.local/lib/python3.12/site-packages/airflow/example_dags/example_sensor_decorator.py
[2025-04-28T02:15:09.454+0000] {processor.py:840} INFO - DAG(s) 'example_sensor_decorator' retrieved from /home/airflow/.local/lib/python3.12/site-packages/airflow/example_dags/example_sensor_decorator.py
[2025-04-28T02:15:09.567+0000] {logging_mixin.py:188} INFO - [2025-04-28T02:15:09.566+0000] {dag.py:3096} INFO - Sync 1 DAGs
[2025-04-28T02:15:09.571+0000] {logging_mixin.py:188} INFO - [2025-04-28T02:15:09.571+0000] {dag.py:3954} INFO - Setting next_dagrun for example_sensor_decorator to None, run_after=None
[2025-04-28T02:15:09.579+0000] {processor.py:183} INFO - Processing /home/airflow/.local/lib/python3.12/site-packages/airflow/example_dags/example_sensor_decorator.py took 0.135 seconds
[2025-04-28T02:15:39.617+0000] {processor.py:161} INFO - Started process (PID=608) to work on /home/airflow/.local/lib/python3.12/site-packages/airflow/example_dags/example_sensor_decorator.py
[2025-04-28T02:15:39.617+0000] {processor.py:830} INFO - Processing file /home/airflow/.local/lib/python3.12/site-packages/airflow/example_dags/example_sensor_decorator.py for tasks to queue
[2025-04-28T02:15:39.618+0000] {logging_mixin.py:188} INFO - [2025-04-28T02:15:39.618+0000] {dagbag.py:540} INFO - Filling up the DagBag from /home/airflow/.local/lib/python3.12/site-packages/airflow/example_dags/example_sensor_decorator.py
[2025-04-28T02:15:39.621+0000] {processor.py:840} INFO - DAG(s) 'example_sensor_decorator' retrieved from /home/airflow/.local/lib/python3.12/site-packages/airflow/example_dags/example_sensor_decorator.py
[2025-04-28T02:15:39.634+0000] {logging_mixin.py:188} INFO - [2025-04-28T02:15:39.634+0000] {dag.py:3096} INFO - Sync 1 DAGs
[2025-04-28T02:15:39.641+0000] {logging_mixin.py:188} INFO - [2025-04-28T02:15:39.641+0000] {dag.py:3954} INFO - Setting next_dagrun for example_sensor_decorator to None, run_after=None
[2025-04-28T02:15:39.651+0000] {processor.py:183} INFO - Processing /home/airflow/.local/lib/python3.12/site-packages/airflow/example_dags/example_sensor_decorator.py took 0.037 seconds
[2025-04-28T02:16:10.208+0000] {processor.py:161} INFO - Started process (PID=666) to work on /home/airflow/.local/lib/python3.12/site-packages/airflow/example_dags/example_sensor_decorator.py
[2025-04-28T02:16:10.209+0000] {processor.py:830} INFO - Processing file /home/airflow/.local/lib/python3.12/site-packages/airflow/example_dags/example_sensor_decorator.py for tasks to queue
[2025-04-28T02:16:10.210+0000] {logging_mixin.py:188} INFO - [2025-04-28T02:16:10.210+0000] {dagbag.py:540} INFO - Filling up the DagBag from /home/airflow/.local/lib/python3.12/site-packages/airflow/example_dags/example_sensor_decorator.py
[2025-04-28T02:16:10.214+0000] {processor.py:840} INFO - DAG(s) 'example_sensor_decorator' retrieved from /home/airflow/.local/lib/python3.12/site-packages/airflow/example_dags/example_sensor_decorator.py
[2025-04-28T02:16:10.225+0000] {logging_mixin.py:188} INFO - [2025-04-28T02:16:10.225+0000] {dag.py:3096} INFO - Sync 1 DAGs
[2025-04-28T02:16:10.231+0000] {logging_mixin.py:188} INFO - [2025-04-28T02:16:10.231+0000] {dag.py:3954} INFO - Setting next_dagrun for example_sensor_decorator to None, run_after=None
[2025-04-28T02:16:10.243+0000] {processor.py:183} INFO - Processing /home/airflow/.local/lib/python3.12/site-packages/airflow/example_dags/example_sensor_decorator.py took 0.038 seconds
[2025-04-28T02:16:40.913+0000] {processor.py:161} INFO - Started process (PID=725) to work on /home/airflow/.local/lib/python3.12/site-packages/airflow/example_dags/example_sensor_decorator.py
[2025-04-28T02:16:40.913+0000] {processor.py:830} INFO - Processing file /home/airflow/.local/lib/python3.12/site-packages/airflow/example_dags/example_sensor_decorator.py for tasks to queue
[2025-04-28T02:16:40.914+0000] {logging_mixin.py:188} INFO - [2025-04-28T02:16:40.914+0000] {dagbag.py:540} INFO - Filling up the DagBag from /home/airflow/.local/lib/python3.12/site-packages/airflow/example_dags/example_sensor_decorator.py
[2025-04-28T02:16:40.916+0000] {processor.py:840} INFO - DAG(s) 'example_sensor_decorator' retrieved from /home/airflow/.local/lib/python3.12/site-packages/airflow/example_dags/example_sensor_decorator.py
[2025-04-28T02:16:40.924+0000] {logging_mixin.py:188} INFO - [2025-04-28T02:16:40.924+0000] {dag.py:3096} INFO - Sync 1 DAGs
[2025-04-28T02:16:40.929+0000] {logging_mixin.py:188} INFO - [2025-04-28T02:16:40.929+0000] {dag.py:3954} INFO - Setting next_dagrun for example_sensor_decorator to None, run_after=None
[2025-04-28T02:16:40.937+0000] {processor.py:183} INFO - Processing /home/airflow/.local/lib/python3.12/site-packages/airflow/example_dags/example_sensor_decorator.py took 0.027 seconds
