[2025-04-28T02:11:02.991+0000] {processor.py:161} INFO - Started process (PID=78) to work on /home/airflow/.local/lib/python3.12/site-packages/airflow/example_dags/example_sensors.py
[2025-04-28T02:11:02.991+0000] {processor.py:830} INFO - Processing file /home/airflow/.local/lib/python3.12/site-packages/airflow/example_dags/example_sensors.py for tasks to queue
[2025-04-28T02:11:02.992+0000] {logging_mixin.py:188} INFO - [2025-04-28T02:11:02.992+0000] {dagbag.py:540} INFO - Filling up the DagBag from /home/airflow/.local/lib/python3.12/site-packages/airflow/example_dags/example_sensors.py
[2025-04-28T02:11:02.997+0000] {processor.py:840} INFO - DAG(s) 'example_sensors' retrieved from /home/airflow/.local/lib/python3.12/site-packages/airflow/example_dags/example_sensors.py
[2025-04-28T02:11:03.003+0000] {logging_mixin.py:188} INFO - [2025-04-28T02:11:03.003+0000] {dag.py:3096} INFO - Sync 1 DAGs
[2025-04-28T02:11:03.008+0000] {logging_mixin.py:188} INFO - [2025-04-28T02:11:03.008+0000] {dag.py:3954} INFO - Setting next_dagrun for example_sensors to None, run_after=None
[2025-04-28T02:11:03.020+0000] {processor.py:183} INFO - Processing /home/airflow/.local/lib/python3.12/site-packages/airflow/example_dags/example_sensors.py took 0.031 seconds
[2025-04-28T02:11:33.600+0000] {processor.py:161} INFO - Started process (PID=136) to work on /home/airflow/.local/lib/python3.12/site-packages/airflow/example_dags/example_sensors.py
[2025-04-28T02:11:33.600+0000] {processor.py:830} INFO - Processing file /home/airflow/.local/lib/python3.12/site-packages/airflow/example_dags/example_sensors.py for tasks to queue
[2025-04-28T02:11:33.601+0000] {logging_mixin.py:188} INFO - [2025-04-28T02:11:33.601+0000] {dagbag.py:540} INFO - Filling up the DagBag from /home/airflow/.local/lib/python3.12/site-packages/airflow/example_dags/example_sensors.py
[2025-04-28T02:11:33.604+0000] {processor.py:840} INFO - DAG(s) 'example_sensors' retrieved from /home/airflow/.local/lib/python3.12/site-packages/airflow/example_dags/example_sensors.py
[2025-04-28T02:11:33.638+0000] {logging_mixin.py:188} INFO - [2025-04-28T02:11:33.638+0000] {dag.py:3096} INFO - Sync 1 DAGs
[2025-04-28T02:11:33.641+0000] {logging_mixin.py:188} INFO - [2025-04-28T02:11:33.641+0000] {dag.py:3954} INFO - Setting next_dagrun for example_sensors to None, run_after=None
[2025-04-28T02:11:33.647+0000] {processor.py:183} INFO - Processing /home/airflow/.local/lib/python3.12/site-packages/airflow/example_dags/example_sensors.py took 0.049 seconds
[2025-04-28T02:12:04.318+0000] {processor.py:161} INFO - Started process (PID=194) to work on /home/airflow/.local/lib/python3.12/site-packages/airflow/example_dags/example_sensors.py
[2025-04-28T02:12:04.319+0000] {processor.py:830} INFO - Processing file /home/airflow/.local/lib/python3.12/site-packages/airflow/example_dags/example_sensors.py for tasks to queue
[2025-04-28T02:12:04.320+0000] {logging_mixin.py:188} INFO - [2025-04-28T02:12:04.320+0000] {dagbag.py:540} INFO - Filling up the DagBag from /home/airflow/.local/lib/python3.12/site-packages/airflow/example_dags/example_sensors.py
[2025-04-28T02:12:04.323+0000] {processor.py:840} INFO - DAG(s) 'example_sensors' retrieved from /home/airflow/.local/lib/python3.12/site-packages/airflow/example_dags/example_sensors.py
[2025-04-28T02:12:04.333+0000] {logging_mixin.py:188} INFO - [2025-04-28T02:12:04.333+0000] {dag.py:3096} INFO - Sync 1 DAGs
[2025-04-28T02:12:04.338+0000] {logging_mixin.py:188} INFO - [2025-04-28T02:12:04.338+0000] {dag.py:3954} INFO - Setting next_dagrun for example_sensors to None, run_after=None
[2025-04-28T02:12:04.348+0000] {processor.py:183} INFO - Processing /home/airflow/.local/lib/python3.12/site-packages/airflow/example_dags/example_sensors.py took 0.032 seconds
[2025-04-28T02:12:34.835+0000] {processor.py:161} INFO - Started process (PID=258) to work on /home/airflow/.local/lib/python3.12/site-packages/airflow/example_dags/example_sensors.py
[2025-04-28T02:12:34.836+0000] {processor.py:830} INFO - Processing file /home/airflow/.local/lib/python3.12/site-packages/airflow/example_dags/example_sensors.py for tasks to queue
[2025-04-28T02:12:34.837+0000] {logging_mixin.py:188} INFO - [2025-04-28T02:12:34.837+0000] {dagbag.py:540} INFO - Filling up the DagBag from /home/airflow/.local/lib/python3.12/site-packages/airflow/example_dags/example_sensors.py
[2025-04-28T02:12:34.840+0000] {processor.py:840} INFO - DAG(s) 'example_sensors' retrieved from /home/airflow/.local/lib/python3.12/site-packages/airflow/example_dags/example_sensors.py
[2025-04-28T02:12:34.852+0000] {logging_mixin.py:188} INFO - [2025-04-28T02:12:34.852+0000] {dag.py:3096} INFO - Sync 1 DAGs
[2025-04-28T02:12:34.857+0000] {logging_mixin.py:188} INFO - [2025-04-28T02:12:34.857+0000] {dag.py:3954} INFO - Setting next_dagrun for example_sensors to None, run_after=None
[2025-04-28T02:12:34.865+0000] {processor.py:183} INFO - Processing /home/airflow/.local/lib/python3.12/site-packages/airflow/example_dags/example_sensors.py took 0.032 seconds
[2025-04-28T02:13:05.355+0000] {processor.py:161} INFO - Started process (PID=316) to work on /home/airflow/.local/lib/python3.12/site-packages/airflow/example_dags/example_sensors.py
[2025-04-28T02:13:05.356+0000] {processor.py:830} INFO - Processing file /home/airflow/.local/lib/python3.12/site-packages/airflow/example_dags/example_sensors.py for tasks to queue
[2025-04-28T02:13:05.356+0000] {logging_mixin.py:188} INFO - [2025-04-28T02:13:05.356+0000] {dagbag.py:540} INFO - Filling up the DagBag from /home/airflow/.local/lib/python3.12/site-packages/airflow/example_dags/example_sensors.py
[2025-04-28T02:13:05.359+0000] {processor.py:840} INFO - DAG(s) 'example_sensors' retrieved from /home/airflow/.local/lib/python3.12/site-packages/airflow/example_dags/example_sensors.py
[2025-04-28T02:13:05.367+0000] {logging_mixin.py:188} INFO - [2025-04-28T02:13:05.367+0000] {dag.py:3096} INFO - Sync 1 DAGs
[2025-04-28T02:13:05.371+0000] {logging_mixin.py:188} INFO - [2025-04-28T02:13:05.371+0000] {dag.py:3954} INFO - Setting next_dagrun for example_sensors to None, run_after=None
[2025-04-28T02:13:05.377+0000] {processor.py:183} INFO - Processing /home/airflow/.local/lib/python3.12/site-packages/airflow/example_dags/example_sensors.py took 0.024 seconds
[2025-04-28T02:13:35.839+0000] {processor.py:161} INFO - Started process (PID=374) to work on /home/airflow/.local/lib/python3.12/site-packages/airflow/example_dags/example_sensors.py
[2025-04-28T02:13:35.841+0000] {processor.py:830} INFO - Processing file /home/airflow/.local/lib/python3.12/site-packages/airflow/example_dags/example_sensors.py for tasks to queue
[2025-04-28T02:13:35.842+0000] {logging_mixin.py:188} INFO - [2025-04-28T02:13:35.842+0000] {dagbag.py:540} INFO - Filling up the DagBag from /home/airflow/.local/lib/python3.12/site-packages/airflow/example_dags/example_sensors.py
[2025-04-28T02:13:35.845+0000] {processor.py:840} INFO - DAG(s) 'example_sensors' retrieved from /home/airflow/.local/lib/python3.12/site-packages/airflow/example_dags/example_sensors.py
[2025-04-28T02:13:35.855+0000] {logging_mixin.py:188} INFO - [2025-04-28T02:13:35.855+0000] {dag.py:3096} INFO - Sync 1 DAGs
[2025-04-28T02:13:35.861+0000] {logging_mixin.py:188} INFO - [2025-04-28T02:13:35.861+0000] {dag.py:3954} INFO - Setting next_dagrun for example_sensors to None, run_after=None
[2025-04-28T02:13:35.870+0000] {processor.py:183} INFO - Processing /home/airflow/.local/lib/python3.12/site-packages/airflow/example_dags/example_sensors.py took 0.034 seconds
[2025-04-28T02:14:06.338+0000] {processor.py:161} INFO - Started process (PID=432) to work on /home/airflow/.local/lib/python3.12/site-packages/airflow/example_dags/example_sensors.py
[2025-04-28T02:14:06.339+0000] {processor.py:830} INFO - Processing file /home/airflow/.local/lib/python3.12/site-packages/airflow/example_dags/example_sensors.py for tasks to queue
[2025-04-28T02:14:06.340+0000] {logging_mixin.py:188} INFO - [2025-04-28T02:14:06.340+0000] {dagbag.py:540} INFO - Filling up the DagBag from /home/airflow/.local/lib/python3.12/site-packages/airflow/example_dags/example_sensors.py
[2025-04-28T02:14:06.345+0000] {processor.py:840} INFO - DAG(s) 'example_sensors' retrieved from /home/airflow/.local/lib/python3.12/site-packages/airflow/example_dags/example_sensors.py
[2025-04-28T02:14:06.353+0000] {logging_mixin.py:188} INFO - [2025-04-28T02:14:06.353+0000] {dag.py:3096} INFO - Sync 1 DAGs
[2025-04-28T02:14:06.358+0000] {logging_mixin.py:188} INFO - [2025-04-28T02:14:06.358+0000] {dag.py:3954} INFO - Setting next_dagrun for example_sensors to None, run_after=None
[2025-04-28T02:14:06.367+0000] {processor.py:183} INFO - Processing /home/airflow/.local/lib/python3.12/site-packages/airflow/example_dags/example_sensors.py took 0.032 seconds
[2025-04-28T02:14:36.805+0000] {processor.py:161} INFO - Started process (PID=490) to work on /home/airflow/.local/lib/python3.12/site-packages/airflow/example_dags/example_sensors.py
[2025-04-28T02:14:36.805+0000] {processor.py:830} INFO - Processing file /home/airflow/.local/lib/python3.12/site-packages/airflow/example_dags/example_sensors.py for tasks to queue
[2025-04-28T02:14:36.806+0000] {logging_mixin.py:188} INFO - [2025-04-28T02:14:36.806+0000] {dagbag.py:540} INFO - Filling up the DagBag from /home/airflow/.local/lib/python3.12/site-packages/airflow/example_dags/example_sensors.py
[2025-04-28T02:14:36.809+0000] {processor.py:840} INFO - DAG(s) 'example_sensors' retrieved from /home/airflow/.local/lib/python3.12/site-packages/airflow/example_dags/example_sensors.py
[2025-04-28T02:14:36.814+0000] {logging_mixin.py:188} INFO - [2025-04-28T02:14:36.814+0000] {dag.py:3096} INFO - Sync 1 DAGs
[2025-04-28T02:14:36.820+0000] {logging_mixin.py:188} INFO - [2025-04-28T02:14:36.820+0000] {dag.py:3954} INFO - Setting next_dagrun for example_sensors to None, run_after=None
[2025-04-28T02:14:36.830+0000] {processor.py:183} INFO - Processing /home/airflow/.local/lib/python3.12/site-packages/airflow/example_dags/example_sensors.py took 0.028 seconds
[2025-04-28T02:15:09.150+0000] {processor.py:161} INFO - Started process (PID=548) to work on /home/airflow/.local/lib/python3.12/site-packages/airflow/example_dags/example_sensors.py
[2025-04-28T02:15:09.153+0000] {processor.py:830} INFO - Processing file /home/airflow/.local/lib/python3.12/site-packages/airflow/example_dags/example_sensors.py for tasks to queue
[2025-04-28T02:15:09.155+0000] {logging_mixin.py:188} INFO - [2025-04-28T02:15:09.155+0000] {dagbag.py:540} INFO - Filling up the DagBag from /home/airflow/.local/lib/python3.12/site-packages/airflow/example_dags/example_sensors.py
[2025-04-28T02:15:09.158+0000] {processor.py:840} INFO - DAG(s) 'example_sensors' retrieved from /home/airflow/.local/lib/python3.12/site-packages/airflow/example_dags/example_sensors.py
[2025-04-28T02:15:09.274+0000] {logging_mixin.py:188} INFO - [2025-04-28T02:15:09.274+0000] {dag.py:3096} INFO - Sync 1 DAGs
[2025-04-28T02:15:09.277+0000] {logging_mixin.py:188} INFO - [2025-04-28T02:15:09.277+0000] {dag.py:3954} INFO - Setting next_dagrun for example_sensors to None, run_after=None
[2025-04-28T02:15:09.287+0000] {processor.py:183} INFO - Processing /home/airflow/.local/lib/python3.12/site-packages/airflow/example_dags/example_sensors.py took 0.140 seconds
[2025-04-28T02:15:39.551+0000] {processor.py:161} INFO - Started process (PID=606) to work on /home/airflow/.local/lib/python3.12/site-packages/airflow/example_dags/example_sensors.py
[2025-04-28T02:15:39.552+0000] {processor.py:830} INFO - Processing file /home/airflow/.local/lib/python3.12/site-packages/airflow/example_dags/example_sensors.py for tasks to queue
[2025-04-28T02:15:39.553+0000] {logging_mixin.py:188} INFO - [2025-04-28T02:15:39.552+0000] {dagbag.py:540} INFO - Filling up the DagBag from /home/airflow/.local/lib/python3.12/site-packages/airflow/example_dags/example_sensors.py
[2025-04-28T02:15:39.557+0000] {processor.py:840} INFO - DAG(s) 'example_sensors' retrieved from /home/airflow/.local/lib/python3.12/site-packages/airflow/example_dags/example_sensors.py
[2025-04-28T02:15:39.568+0000] {logging_mixin.py:188} INFO - [2025-04-28T02:15:39.568+0000] {dag.py:3096} INFO - Sync 1 DAGs
[2025-04-28T02:15:39.572+0000] {logging_mixin.py:188} INFO - [2025-04-28T02:15:39.572+0000] {dag.py:3954} INFO - Setting next_dagrun for example_sensors to None, run_after=None
[2025-04-28T02:15:39.578+0000] {processor.py:183} INFO - Processing /home/airflow/.local/lib/python3.12/site-packages/airflow/example_dags/example_sensors.py took 0.030 seconds
[2025-04-28T02:16:10.153+0000] {processor.py:161} INFO - Started process (PID=664) to work on /home/airflow/.local/lib/python3.12/site-packages/airflow/example_dags/example_sensors.py
[2025-04-28T02:16:10.154+0000] {processor.py:830} INFO - Processing file /home/airflow/.local/lib/python3.12/site-packages/airflow/example_dags/example_sensors.py for tasks to queue
[2025-04-28T02:16:10.155+0000] {logging_mixin.py:188} INFO - [2025-04-28T02:16:10.155+0000] {dagbag.py:540} INFO - Filling up the DagBag from /home/airflow/.local/lib/python3.12/site-packages/airflow/example_dags/example_sensors.py
[2025-04-28T02:16:10.160+0000] {processor.py:840} INFO - DAG(s) 'example_sensors' retrieved from /home/airflow/.local/lib/python3.12/site-packages/airflow/example_dags/example_sensors.py
[2025-04-28T02:16:10.173+0000] {logging_mixin.py:188} INFO - [2025-04-28T02:16:10.173+0000] {dag.py:3096} INFO - Sync 1 DAGs
[2025-04-28T02:16:10.179+0000] {logging_mixin.py:188} INFO - [2025-04-28T02:16:10.179+0000] {dag.py:3954} INFO - Setting next_dagrun for example_sensors to None, run_after=None
[2025-04-28T02:16:10.192+0000] {processor.py:183} INFO - Processing /home/airflow/.local/lib/python3.12/site-packages/airflow/example_dags/example_sensors.py took 0.042 seconds
[2025-04-28T02:16:40.874+0000] {processor.py:161} INFO - Started process (PID=723) to work on /home/airflow/.local/lib/python3.12/site-packages/airflow/example_dags/example_sensors.py
[2025-04-28T02:16:40.877+0000] {processor.py:830} INFO - Processing file /home/airflow/.local/lib/python3.12/site-packages/airflow/example_dags/example_sensors.py for tasks to queue
[2025-04-28T02:16:40.878+0000] {logging_mixin.py:188} INFO - [2025-04-28T02:16:40.878+0000] {dagbag.py:540} INFO - Filling up the DagBag from /home/airflow/.local/lib/python3.12/site-packages/airflow/example_dags/example_sensors.py
[2025-04-28T02:16:40.882+0000] {processor.py:840} INFO - DAG(s) 'example_sensors' retrieved from /home/airflow/.local/lib/python3.12/site-packages/airflow/example_dags/example_sensors.py
[2025-04-28T02:16:40.892+0000] {logging_mixin.py:188} INFO - [2025-04-28T02:16:40.892+0000] {dag.py:3096} INFO - Sync 1 DAGs
[2025-04-28T02:16:40.897+0000] {logging_mixin.py:188} INFO - [2025-04-28T02:16:40.897+0000] {dag.py:3954} INFO - Setting next_dagrun for example_sensors to None, run_after=None
[2025-04-28T02:16:40.903+0000] {processor.py:183} INFO - Processing /home/airflow/.local/lib/python3.12/site-packages/airflow/example_dags/example_sensors.py took 0.031 seconds
[2025-04-28T02:17:11.559+0000] {processor.py:161} INFO - Started process (PID=782) to work on /home/airflow/.local/lib/python3.12/site-packages/airflow/example_dags/example_sensors.py
[2025-04-28T02:17:11.559+0000] {processor.py:830} INFO - Processing file /home/airflow/.local/lib/python3.12/site-packages/airflow/example_dags/example_sensors.py for tasks to queue
[2025-04-28T02:17:11.560+0000] {logging_mixin.py:188} INFO - [2025-04-28T02:17:11.560+0000] {dagbag.py:540} INFO - Filling up the DagBag from /home/airflow/.local/lib/python3.12/site-packages/airflow/example_dags/example_sensors.py
[2025-04-28T02:17:11.563+0000] {processor.py:840} INFO - DAG(s) 'example_sensors' retrieved from /home/airflow/.local/lib/python3.12/site-packages/airflow/example_dags/example_sensors.py
[2025-04-28T02:17:11.573+0000] {logging_mixin.py:188} INFO - [2025-04-28T02:17:11.573+0000] {dag.py:3096} INFO - Sync 1 DAGs
[2025-04-28T02:17:11.578+0000] {logging_mixin.py:188} INFO - [2025-04-28T02:17:11.578+0000] {dag.py:3954} INFO - Setting next_dagrun for example_sensors to None, run_after=None
[2025-04-28T02:17:11.588+0000] {processor.py:183} INFO - Processing /home/airflow/.local/lib/python3.12/site-packages/airflow/example_dags/example_sensors.py took 0.032 seconds
[2025-04-28T02:17:42.174+0000] {processor.py:161} INFO - Started process (PID=841) to work on /home/airflow/.local/lib/python3.12/site-packages/airflow/example_dags/example_sensors.py
[2025-04-28T02:17:42.175+0000] {processor.py:830} INFO - Processing file /home/airflow/.local/lib/python3.12/site-packages/airflow/example_dags/example_sensors.py for tasks to queue
[2025-04-28T02:17:42.176+0000] {logging_mixin.py:188} INFO - [2025-04-28T02:17:42.176+0000] {dagbag.py:540} INFO - Filling up the DagBag from /home/airflow/.local/lib/python3.12/site-packages/airflow/example_dags/example_sensors.py
[2025-04-28T02:17:42.180+0000] {processor.py:840} INFO - DAG(s) 'example_sensors' retrieved from /home/airflow/.local/lib/python3.12/site-packages/airflow/example_dags/example_sensors.py
[2025-04-28T02:17:42.192+0000] {logging_mixin.py:188} INFO - [2025-04-28T02:17:42.192+0000] {dag.py:3096} INFO - Sync 1 DAGs
[2025-04-28T02:17:42.198+0000] {logging_mixin.py:188} INFO - [2025-04-28T02:17:42.198+0000] {dag.py:3954} INFO - Setting next_dagrun for example_sensors to None, run_after=None
[2025-04-28T02:17:42.207+0000] {processor.py:183} INFO - Processing /home/airflow/.local/lib/python3.12/site-packages/airflow/example_dags/example_sensors.py took 0.036 seconds
[2025-04-28T02:18:12.902+0000] {processor.py:161} INFO - Started process (PID=904) to work on /home/airflow/.local/lib/python3.12/site-packages/airflow/example_dags/example_sensors.py
[2025-04-28T02:18:12.903+0000] {processor.py:830} INFO - Processing file /home/airflow/.local/lib/python3.12/site-packages/airflow/example_dags/example_sensors.py for tasks to queue
[2025-04-28T02:18:12.904+0000] {logging_mixin.py:188} INFO - [2025-04-28T02:18:12.904+0000] {dagbag.py:540} INFO - Filling up the DagBag from /home/airflow/.local/lib/python3.12/site-packages/airflow/example_dags/example_sensors.py
[2025-04-28T02:18:12.908+0000] {processor.py:840} INFO - DAG(s) 'example_sensors' retrieved from /home/airflow/.local/lib/python3.12/site-packages/airflow/example_dags/example_sensors.py
[2025-04-28T02:18:12.920+0000] {logging_mixin.py:188} INFO - [2025-04-28T02:18:12.920+0000] {dag.py:3096} INFO - Sync 1 DAGs
[2025-04-28T02:18:12.924+0000] {logging_mixin.py:188} INFO - [2025-04-28T02:18:12.924+0000] {dag.py:3954} INFO - Setting next_dagrun for example_sensors to None, run_after=None
[2025-04-28T02:18:12.931+0000] {processor.py:183} INFO - Processing /home/airflow/.local/lib/python3.12/site-packages/airflow/example_dags/example_sensors.py took 0.032 seconds
[2025-04-28T02:18:43.656+0000] {processor.py:161} INFO - Started process (PID=963) to work on /home/airflow/.local/lib/python3.12/site-packages/airflow/example_dags/example_sensors.py
[2025-04-28T02:18:43.656+0000] {processor.py:830} INFO - Processing file /home/airflow/.local/lib/python3.12/site-packages/airflow/example_dags/example_sensors.py for tasks to queue
[2025-04-28T02:18:43.657+0000] {logging_mixin.py:188} INFO - [2025-04-28T02:18:43.657+0000] {dagbag.py:540} INFO - Filling up the DagBag from /home/airflow/.local/lib/python3.12/site-packages/airflow/example_dags/example_sensors.py
[2025-04-28T02:18:43.661+0000] {processor.py:840} INFO - DAG(s) 'example_sensors' retrieved from /home/airflow/.local/lib/python3.12/site-packages/airflow/example_dags/example_sensors.py
[2025-04-28T02:18:43.672+0000] {logging_mixin.py:188} INFO - [2025-04-28T02:18:43.672+0000] {dag.py:3096} INFO - Sync 1 DAGs
[2025-04-28T02:18:43.680+0000] {logging_mixin.py:188} INFO - [2025-04-28T02:18:43.680+0000] {dag.py:3954} INFO - Setting next_dagrun for example_sensors to None, run_after=None
[2025-04-28T02:18:43.689+0000] {processor.py:183} INFO - Processing /home/airflow/.local/lib/python3.12/site-packages/airflow/example_dags/example_sensors.py took 0.036 seconds
[2025-04-28T02:19:14.004+0000] {processor.py:161} INFO - Started process (PID=1022) to work on /home/airflow/.local/lib/python3.12/site-packages/airflow/example_dags/example_sensors.py
[2025-04-28T02:19:14.005+0000] {processor.py:830} INFO - Processing file /home/airflow/.local/lib/python3.12/site-packages/airflow/example_dags/example_sensors.py for tasks to queue
[2025-04-28T02:19:14.006+0000] {logging_mixin.py:188} INFO - [2025-04-28T02:19:14.005+0000] {dagbag.py:540} INFO - Filling up the DagBag from /home/airflow/.local/lib/python3.12/site-packages/airflow/example_dags/example_sensors.py
[2025-04-28T02:19:14.009+0000] {processor.py:840} INFO - DAG(s) 'example_sensors' retrieved from /home/airflow/.local/lib/python3.12/site-packages/airflow/example_dags/example_sensors.py
[2025-04-28T02:19:14.018+0000] {logging_mixin.py:188} INFO - [2025-04-28T02:19:14.018+0000] {dag.py:3096} INFO - Sync 1 DAGs
[2025-04-28T02:19:14.023+0000] {logging_mixin.py:188} INFO - [2025-04-28T02:19:14.023+0000] {dag.py:3954} INFO - Setting next_dagrun for example_sensors to None, run_after=None
[2025-04-28T02:19:14.031+0000] {processor.py:183} INFO - Processing /home/airflow/.local/lib/python3.12/site-packages/airflow/example_dags/example_sensors.py took 0.029 seconds
[2025-04-28T02:19:44.554+0000] {processor.py:161} INFO - Started process (PID=1081) to work on /home/airflow/.local/lib/python3.12/site-packages/airflow/example_dags/example_sensors.py
[2025-04-28T02:19:44.554+0000] {processor.py:830} INFO - Processing file /home/airflow/.local/lib/python3.12/site-packages/airflow/example_dags/example_sensors.py for tasks to queue
[2025-04-28T02:19:44.555+0000] {logging_mixin.py:188} INFO - [2025-04-28T02:19:44.555+0000] {dagbag.py:540} INFO - Filling up the DagBag from /home/airflow/.local/lib/python3.12/site-packages/airflow/example_dags/example_sensors.py
[2025-04-28T02:19:44.559+0000] {processor.py:840} INFO - DAG(s) 'example_sensors' retrieved from /home/airflow/.local/lib/python3.12/site-packages/airflow/example_dags/example_sensors.py
[2025-04-28T02:19:44.642+0000] {logging_mixin.py:188} INFO - [2025-04-28T02:19:44.642+0000] {dag.py:3096} INFO - Sync 1 DAGs
[2025-04-28T02:19:44.646+0000] {logging_mixin.py:188} INFO - [2025-04-28T02:19:44.646+0000] {dag.py:3954} INFO - Setting next_dagrun for example_sensors to None, run_after=None
[2025-04-28T02:19:44.652+0000] {processor.py:183} INFO - Processing /home/airflow/.local/lib/python3.12/site-packages/airflow/example_dags/example_sensors.py took 0.101 seconds
[2025-04-28T02:20:14.698+0000] {processor.py:161} INFO - Started process (PID=1140) to work on /home/airflow/.local/lib/python3.12/site-packages/airflow/example_dags/example_sensors.py
[2025-04-28T02:20:14.699+0000] {processor.py:830} INFO - Processing file /home/airflow/.local/lib/python3.12/site-packages/airflow/example_dags/example_sensors.py for tasks to queue
[2025-04-28T02:20:14.700+0000] {logging_mixin.py:188} INFO - [2025-04-28T02:20:14.700+0000] {dagbag.py:540} INFO - Filling up the DagBag from /home/airflow/.local/lib/python3.12/site-packages/airflow/example_dags/example_sensors.py
[2025-04-28T02:20:14.703+0000] {processor.py:840} INFO - DAG(s) 'example_sensors' retrieved from /home/airflow/.local/lib/python3.12/site-packages/airflow/example_dags/example_sensors.py
[2025-04-28T02:20:14.715+0000] {logging_mixin.py:188} INFO - [2025-04-28T02:20:14.715+0000] {dag.py:3096} INFO - Sync 1 DAGs
[2025-04-28T02:20:14.719+0000] {logging_mixin.py:188} INFO - [2025-04-28T02:20:14.719+0000] {dag.py:3954} INFO - Setting next_dagrun for example_sensors to None, run_after=None
[2025-04-28T02:20:14.725+0000] {processor.py:183} INFO - Processing /home/airflow/.local/lib/python3.12/site-packages/airflow/example_dags/example_sensors.py took 0.030 seconds
[2025-04-28T02:20:45.336+0000] {processor.py:161} INFO - Started process (PID=1199) to work on /home/airflow/.local/lib/python3.12/site-packages/airflow/example_dags/example_sensors.py
[2025-04-28T02:20:45.336+0000] {processor.py:830} INFO - Processing file /home/airflow/.local/lib/python3.12/site-packages/airflow/example_dags/example_sensors.py for tasks to queue
[2025-04-28T02:20:45.337+0000] {logging_mixin.py:188} INFO - [2025-04-28T02:20:45.337+0000] {dagbag.py:540} INFO - Filling up the DagBag from /home/airflow/.local/lib/python3.12/site-packages/airflow/example_dags/example_sensors.py
[2025-04-28T02:20:45.340+0000] {processor.py:840} INFO - DAG(s) 'example_sensors' retrieved from /home/airflow/.local/lib/python3.12/site-packages/airflow/example_dags/example_sensors.py
[2025-04-28T02:20:45.349+0000] {logging_mixin.py:188} INFO - [2025-04-28T02:20:45.349+0000] {dag.py:3096} INFO - Sync 1 DAGs
[2025-04-28T02:20:45.354+0000] {logging_mixin.py:188} INFO - [2025-04-28T02:20:45.354+0000] {dag.py:3954} INFO - Setting next_dagrun for example_sensors to None, run_after=None
[2025-04-28T02:20:45.360+0000] {processor.py:183} INFO - Processing /home/airflow/.local/lib/python3.12/site-packages/airflow/example_dags/example_sensors.py took 0.027 seconds
[2025-04-28T02:21:15.994+0000] {processor.py:161} INFO - Started process (PID=1258) to work on /home/airflow/.local/lib/python3.12/site-packages/airflow/example_dags/example_sensors.py
[2025-04-28T02:21:15.994+0000] {processor.py:830} INFO - Processing file /home/airflow/.local/lib/python3.12/site-packages/airflow/example_dags/example_sensors.py for tasks to queue
[2025-04-28T02:21:15.995+0000] {logging_mixin.py:188} INFO - [2025-04-28T02:21:15.995+0000] {dagbag.py:540} INFO - Filling up the DagBag from /home/airflow/.local/lib/python3.12/site-packages/airflow/example_dags/example_sensors.py
[2025-04-28T02:21:15.999+0000] {processor.py:840} INFO - DAG(s) 'example_sensors' retrieved from /home/airflow/.local/lib/python3.12/site-packages/airflow/example_dags/example_sensors.py
[2025-04-28T02:21:16.009+0000] {logging_mixin.py:188} INFO - [2025-04-28T02:21:16.009+0000] {dag.py:3096} INFO - Sync 1 DAGs
[2025-04-28T02:21:16.014+0000] {logging_mixin.py:188} INFO - [2025-04-28T02:21:16.014+0000] {dag.py:3954} INFO - Setting next_dagrun for example_sensors to None, run_after=None
[2025-04-28T02:21:16.021+0000] {processor.py:183} INFO - Processing /home/airflow/.local/lib/python3.12/site-packages/airflow/example_dags/example_sensors.py took 0.030 seconds
[2025-04-28T02:21:46.529+0000] {processor.py:161} INFO - Started process (PID=1317) to work on /home/airflow/.local/lib/python3.12/site-packages/airflow/example_dags/example_sensors.py
[2025-04-28T02:21:46.529+0000] {processor.py:830} INFO - Processing file /home/airflow/.local/lib/python3.12/site-packages/airflow/example_dags/example_sensors.py for tasks to queue
[2025-04-28T02:21:46.530+0000] {logging_mixin.py:188} INFO - [2025-04-28T02:21:46.530+0000] {dagbag.py:540} INFO - Filling up the DagBag from /home/airflow/.local/lib/python3.12/site-packages/airflow/example_dags/example_sensors.py
[2025-04-28T02:21:46.533+0000] {processor.py:840} INFO - DAG(s) 'example_sensors' retrieved from /home/airflow/.local/lib/python3.12/site-packages/airflow/example_dags/example_sensors.py
[2025-04-28T02:21:46.542+0000] {logging_mixin.py:188} INFO - [2025-04-28T02:21:46.541+0000] {dag.py:3096} INFO - Sync 1 DAGs
[2025-04-28T02:21:46.546+0000] {logging_mixin.py:188} INFO - [2025-04-28T02:21:46.546+0000] {dag.py:3954} INFO - Setting next_dagrun for example_sensors to None, run_after=None
[2025-04-28T02:21:46.552+0000] {processor.py:183} INFO - Processing /home/airflow/.local/lib/python3.12/site-packages/airflow/example_dags/example_sensors.py took 0.025 seconds
[2025-04-28T02:22:17.113+0000] {processor.py:161} INFO - Started process (PID=1376) to work on /home/airflow/.local/lib/python3.12/site-packages/airflow/example_dags/example_sensors.py
[2025-04-28T02:22:17.113+0000] {processor.py:830} INFO - Processing file /home/airflow/.local/lib/python3.12/site-packages/airflow/example_dags/example_sensors.py for tasks to queue
[2025-04-28T02:22:17.114+0000] {logging_mixin.py:188} INFO - [2025-04-28T02:22:17.114+0000] {dagbag.py:540} INFO - Filling up the DagBag from /home/airflow/.local/lib/python3.12/site-packages/airflow/example_dags/example_sensors.py
[2025-04-28T02:22:17.117+0000] {processor.py:840} INFO - DAG(s) 'example_sensors' retrieved from /home/airflow/.local/lib/python3.12/site-packages/airflow/example_dags/example_sensors.py
[2025-04-28T02:22:17.125+0000] {logging_mixin.py:188} INFO - [2025-04-28T02:22:17.125+0000] {dag.py:3096} INFO - Sync 1 DAGs
[2025-04-28T02:22:17.130+0000] {logging_mixin.py:188} INFO - [2025-04-28T02:22:17.129+0000] {dag.py:3954} INFO - Setting next_dagrun for example_sensors to None, run_after=None
[2025-04-28T02:22:17.136+0000] {processor.py:183} INFO - Processing /home/airflow/.local/lib/python3.12/site-packages/airflow/example_dags/example_sensors.py took 0.025 seconds
[2025-04-28T02:22:47.579+0000] {processor.py:161} INFO - Started process (PID=1435) to work on /home/airflow/.local/lib/python3.12/site-packages/airflow/example_dags/example_sensors.py
[2025-04-28T02:22:47.580+0000] {processor.py:830} INFO - Processing file /home/airflow/.local/lib/python3.12/site-packages/airflow/example_dags/example_sensors.py for tasks to queue
[2025-04-28T02:22:47.581+0000] {logging_mixin.py:188} INFO - [2025-04-28T02:22:47.580+0000] {dagbag.py:540} INFO - Filling up the DagBag from /home/airflow/.local/lib/python3.12/site-packages/airflow/example_dags/example_sensors.py
[2025-04-28T02:22:47.583+0000] {processor.py:840} INFO - DAG(s) 'example_sensors' retrieved from /home/airflow/.local/lib/python3.12/site-packages/airflow/example_dags/example_sensors.py
[2025-04-28T02:22:47.593+0000] {logging_mixin.py:188} INFO - [2025-04-28T02:22:47.593+0000] {dag.py:3096} INFO - Sync 1 DAGs
[2025-04-28T02:22:47.597+0000] {logging_mixin.py:188} INFO - [2025-04-28T02:22:47.597+0000] {dag.py:3954} INFO - Setting next_dagrun for example_sensors to None, run_after=None
[2025-04-28T02:22:47.603+0000] {processor.py:183} INFO - Processing /home/airflow/.local/lib/python3.12/site-packages/airflow/example_dags/example_sensors.py took 0.025 seconds
[2025-04-28T02:23:18.259+0000] {processor.py:161} INFO - Started process (PID=1494) to work on /home/airflow/.local/lib/python3.12/site-packages/airflow/example_dags/example_sensors.py
[2025-04-28T02:23:18.259+0000] {processor.py:830} INFO - Processing file /home/airflow/.local/lib/python3.12/site-packages/airflow/example_dags/example_sensors.py for tasks to queue
[2025-04-28T02:23:18.260+0000] {logging_mixin.py:188} INFO - [2025-04-28T02:23:18.260+0000] {dagbag.py:540} INFO - Filling up the DagBag from /home/airflow/.local/lib/python3.12/site-packages/airflow/example_dags/example_sensors.py
[2025-04-28T02:23:18.263+0000] {processor.py:840} INFO - DAG(s) 'example_sensors' retrieved from /home/airflow/.local/lib/python3.12/site-packages/airflow/example_dags/example_sensors.py
[2025-04-28T02:23:18.271+0000] {logging_mixin.py:188} INFO - [2025-04-28T02:23:18.271+0000] {dag.py:3096} INFO - Sync 1 DAGs
[2025-04-28T02:23:18.275+0000] {logging_mixin.py:188} INFO - [2025-04-28T02:23:18.275+0000] {dag.py:3954} INFO - Setting next_dagrun for example_sensors to None, run_after=None
[2025-04-28T02:23:18.281+0000] {processor.py:183} INFO - Processing /home/airflow/.local/lib/python3.12/site-packages/airflow/example_dags/example_sensors.py took 0.025 seconds
