[2025-04-28T02:11:03.069+0000] {processor.py:161} INFO - Started process (PID=82) to work on /home/airflow/.local/lib/python3.12/site-packages/airflow/example_dags/example_xcomargs.py
[2025-04-28T02:11:03.070+0000] {processor.py:830} INFO - Processing file /home/airflow/.local/lib/python3.12/site-packages/airflow/example_dags/example_xcomargs.py for tasks to queue
[2025-04-28T02:11:03.071+0000] {logging_mixin.py:188} INFO - [2025-04-28T02:11:03.070+0000] {dagbag.py:540} INFO - Filling up the DagBag from /home/airflow/.local/lib/python3.12/site-packages/airflow/example_dags/example_xcomargs.py
[2025-04-28T02:11:03.075+0000] {processor.py:840} INFO - DAG(s) 'example_xcom_args_with_operators', 'example_xcom_args' retrieved from /home/airflow/.local/lib/python3.12/site-packages/airflow/example_dags/example_xcomargs.py
[2025-04-28T02:11:03.080+0000] {logging_mixin.py:188} INFO - [2025-04-28T02:11:03.080+0000] {dag.py:3096} INFO - Sync 2 DAGs
[2025-04-28T02:11:03.085+0000] {logging_mixin.py:188} INFO - [2025-04-28T02:11:03.085+0000] {dag.py:3954} INFO - Setting next_dagrun for example_xcom_args to None, run_after=None
[2025-04-28T02:11:03.086+0000] {logging_mixin.py:188} INFO - [2025-04-28T02:11:03.086+0000] {dag.py:3954} INFO - Setting next_dagrun for example_xcom_args_with_operators to None, run_after=None
[2025-04-28T02:11:03.092+0000] {processor.py:183} INFO - Processing /home/airflow/.local/lib/python3.12/site-packages/airflow/example_dags/example_xcomargs.py took 0.025 seconds
[2025-04-28T02:11:33.727+0000] {processor.py:161} INFO - Started process (PID=140) to work on /home/airflow/.local/lib/python3.12/site-packages/airflow/example_dags/example_xcomargs.py
[2025-04-28T02:11:33.727+0000] {processor.py:830} INFO - Processing file /home/airflow/.local/lib/python3.12/site-packages/airflow/example_dags/example_xcomargs.py for tasks to queue
[2025-04-28T02:11:33.729+0000] {logging_mixin.py:188} INFO - [2025-04-28T02:11:33.728+0000] {dagbag.py:540} INFO - Filling up the DagBag from /home/airflow/.local/lib/python3.12/site-packages/airflow/example_dags/example_xcomargs.py
[2025-04-28T02:11:33.732+0000] {processor.py:840} INFO - DAG(s) 'example_xcom_args_with_operators', 'example_xcom_args' retrieved from /home/airflow/.local/lib/python3.12/site-packages/airflow/example_dags/example_xcomargs.py
[2025-04-28T02:11:33.773+0000] {logging_mixin.py:188} INFO - [2025-04-28T02:11:33.773+0000] {dag.py:3096} INFO - Sync 2 DAGs
[2025-04-28T02:11:33.777+0000] {logging_mixin.py:188} INFO - [2025-04-28T02:11:33.777+0000] {dag.py:3954} INFO - Setting next_dagrun for example_xcom_args to None, run_after=None
[2025-04-28T02:11:33.778+0000] {logging_mixin.py:188} INFO - [2025-04-28T02:11:33.778+0000] {dag.py:3954} INFO - Setting next_dagrun for example_xcom_args_with_operators to None, run_after=None
[2025-04-28T02:11:33.784+0000] {processor.py:183} INFO - Processing /home/airflow/.local/lib/python3.12/site-packages/airflow/example_dags/example_xcomargs.py took 0.059 seconds
[2025-04-28T02:12:04.426+0000] {processor.py:161} INFO - Started process (PID=198) to work on /home/airflow/.local/lib/python3.12/site-packages/airflow/example_dags/example_xcomargs.py
[2025-04-28T02:12:04.427+0000] {processor.py:830} INFO - Processing file /home/airflow/.local/lib/python3.12/site-packages/airflow/example_dags/example_xcomargs.py for tasks to queue
[2025-04-28T02:12:04.428+0000] {logging_mixin.py:188} INFO - [2025-04-28T02:12:04.428+0000] {dagbag.py:540} INFO - Filling up the DagBag from /home/airflow/.local/lib/python3.12/site-packages/airflow/example_dags/example_xcomargs.py
[2025-04-28T02:12:04.433+0000] {processor.py:840} INFO - DAG(s) 'example_xcom_args_with_operators', 'example_xcom_args' retrieved from /home/airflow/.local/lib/python3.12/site-packages/airflow/example_dags/example_xcomargs.py
[2025-04-28T02:12:04.445+0000] {logging_mixin.py:188} INFO - [2025-04-28T02:12:04.445+0000] {dag.py:3096} INFO - Sync 2 DAGs
[2025-04-28T02:12:04.449+0000] {logging_mixin.py:188} INFO - [2025-04-28T02:12:04.449+0000] {dag.py:3954} INFO - Setting next_dagrun for example_xcom_args to None, run_after=None
[2025-04-28T02:12:04.452+0000] {logging_mixin.py:188} INFO - [2025-04-28T02:12:04.451+0000] {dag.py:3954} INFO - Setting next_dagrun for example_xcom_args_with_operators to None, run_after=None
[2025-04-28T02:12:04.460+0000] {processor.py:183} INFO - Processing /home/airflow/.local/lib/python3.12/site-packages/airflow/example_dags/example_xcomargs.py took 0.037 seconds
[2025-04-28T02:12:34.914+0000] {processor.py:161} INFO - Started process (PID=262) to work on /home/airflow/.local/lib/python3.12/site-packages/airflow/example_dags/example_xcomargs.py
[2025-04-28T02:12:34.915+0000] {processor.py:830} INFO - Processing file /home/airflow/.local/lib/python3.12/site-packages/airflow/example_dags/example_xcomargs.py for tasks to queue
[2025-04-28T02:12:34.915+0000] {logging_mixin.py:188} INFO - [2025-04-28T02:12:34.915+0000] {dagbag.py:540} INFO - Filling up the DagBag from /home/airflow/.local/lib/python3.12/site-packages/airflow/example_dags/example_xcomargs.py
[2025-04-28T02:12:34.919+0000] {processor.py:840} INFO - DAG(s) 'example_xcom_args', 'example_xcom_args_with_operators' retrieved from /home/airflow/.local/lib/python3.12/site-packages/airflow/example_dags/example_xcomargs.py
[2025-04-28T02:12:34.927+0000] {logging_mixin.py:188} INFO - [2025-04-28T02:12:34.927+0000] {dag.py:3096} INFO - Sync 2 DAGs
[2025-04-28T02:12:34.931+0000] {logging_mixin.py:188} INFO - [2025-04-28T02:12:34.931+0000] {dag.py:3954} INFO - Setting next_dagrun for example_xcom_args to None, run_after=None
[2025-04-28T02:12:34.933+0000] {logging_mixin.py:188} INFO - [2025-04-28T02:12:34.933+0000] {dag.py:3954} INFO - Setting next_dagrun for example_xcom_args_with_operators to None, run_after=None
[2025-04-28T02:12:34.938+0000] {processor.py:183} INFO - Processing /home/airflow/.local/lib/python3.12/site-packages/airflow/example_dags/example_xcomargs.py took 0.026 seconds
[2025-04-28T02:13:05.451+0000] {processor.py:161} INFO - Started process (PID=320) to work on /home/airflow/.local/lib/python3.12/site-packages/airflow/example_dags/example_xcomargs.py
[2025-04-28T02:13:05.451+0000] {processor.py:830} INFO - Processing file /home/airflow/.local/lib/python3.12/site-packages/airflow/example_dags/example_xcomargs.py for tasks to queue
[2025-04-28T02:13:05.452+0000] {logging_mixin.py:188} INFO - [2025-04-28T02:13:05.452+0000] {dagbag.py:540} INFO - Filling up the DagBag from /home/airflow/.local/lib/python3.12/site-packages/airflow/example_dags/example_xcomargs.py
[2025-04-28T02:13:05.455+0000] {processor.py:840} INFO - DAG(s) 'example_xcom_args', 'example_xcom_args_with_operators' retrieved from /home/airflow/.local/lib/python3.12/site-packages/airflow/example_dags/example_xcomargs.py
[2025-04-28T02:13:05.466+0000] {logging_mixin.py:188} INFO - [2025-04-28T02:13:05.466+0000] {dag.py:3096} INFO - Sync 2 DAGs
[2025-04-28T02:13:05.470+0000] {logging_mixin.py:188} INFO - [2025-04-28T02:13:05.470+0000] {dag.py:3954} INFO - Setting next_dagrun for example_xcom_args to None, run_after=None
[2025-04-28T02:13:05.472+0000] {logging_mixin.py:188} INFO - [2025-04-28T02:13:05.472+0000] {dag.py:3954} INFO - Setting next_dagrun for example_xcom_args_with_operators to None, run_after=None
[2025-04-28T02:13:05.480+0000] {processor.py:183} INFO - Processing /home/airflow/.local/lib/python3.12/site-packages/airflow/example_dags/example_xcomargs.py took 0.032 seconds
[2025-04-28T02:13:35.925+0000] {processor.py:161} INFO - Started process (PID=378) to work on /home/airflow/.local/lib/python3.12/site-packages/airflow/example_dags/example_xcomargs.py
[2025-04-28T02:13:35.926+0000] {processor.py:830} INFO - Processing file /home/airflow/.local/lib/python3.12/site-packages/airflow/example_dags/example_xcomargs.py for tasks to queue
[2025-04-28T02:13:35.927+0000] {logging_mixin.py:188} INFO - [2025-04-28T02:13:35.927+0000] {dagbag.py:540} INFO - Filling up the DagBag from /home/airflow/.local/lib/python3.12/site-packages/airflow/example_dags/example_xcomargs.py
[2025-04-28T02:13:35.930+0000] {processor.py:840} INFO - DAG(s) 'example_xcom_args_with_operators', 'example_xcom_args' retrieved from /home/airflow/.local/lib/python3.12/site-packages/airflow/example_dags/example_xcomargs.py
[2025-04-28T02:13:35.941+0000] {logging_mixin.py:188} INFO - [2025-04-28T02:13:35.941+0000] {dag.py:3096} INFO - Sync 2 DAGs
[2025-04-28T02:13:35.946+0000] {logging_mixin.py:188} INFO - [2025-04-28T02:13:35.945+0000] {dag.py:3954} INFO - Setting next_dagrun for example_xcom_args to None, run_after=None
[2025-04-28T02:13:35.947+0000] {logging_mixin.py:188} INFO - [2025-04-28T02:13:35.947+0000] {dag.py:3954} INFO - Setting next_dagrun for example_xcom_args_with_operators to None, run_after=None
[2025-04-28T02:13:35.955+0000] {processor.py:183} INFO - Processing /home/airflow/.local/lib/python3.12/site-packages/airflow/example_dags/example_xcomargs.py took 0.033 seconds
[2025-04-28T02:14:06.429+0000] {processor.py:161} INFO - Started process (PID=436) to work on /home/airflow/.local/lib/python3.12/site-packages/airflow/example_dags/example_xcomargs.py
[2025-04-28T02:14:06.430+0000] {processor.py:830} INFO - Processing file /home/airflow/.local/lib/python3.12/site-packages/airflow/example_dags/example_xcomargs.py for tasks to queue
[2025-04-28T02:14:06.431+0000] {logging_mixin.py:188} INFO - [2025-04-28T02:14:06.431+0000] {dagbag.py:540} INFO - Filling up the DagBag from /home/airflow/.local/lib/python3.12/site-packages/airflow/example_dags/example_xcomargs.py
[2025-04-28T02:14:06.435+0000] {processor.py:840} INFO - DAG(s) 'example_xcom_args_with_operators', 'example_xcom_args' retrieved from /home/airflow/.local/lib/python3.12/site-packages/airflow/example_dags/example_xcomargs.py
[2025-04-28T02:14:06.443+0000] {logging_mixin.py:188} INFO - [2025-04-28T02:14:06.443+0000] {dag.py:3096} INFO - Sync 2 DAGs
[2025-04-28T02:14:06.449+0000] {logging_mixin.py:188} INFO - [2025-04-28T02:14:06.449+0000] {dag.py:3954} INFO - Setting next_dagrun for example_xcom_args to None, run_after=None
[2025-04-28T02:14:06.451+0000] {logging_mixin.py:188} INFO - [2025-04-28T02:14:06.451+0000] {dag.py:3954} INFO - Setting next_dagrun for example_xcom_args_with_operators to None, run_after=None
[2025-04-28T02:14:06.457+0000] {processor.py:183} INFO - Processing /home/airflow/.local/lib/python3.12/site-packages/airflow/example_dags/example_xcomargs.py took 0.031 seconds
[2025-04-28T02:14:36.873+0000] {processor.py:161} INFO - Started process (PID=494) to work on /home/airflow/.local/lib/python3.12/site-packages/airflow/example_dags/example_xcomargs.py
[2025-04-28T02:14:36.873+0000] {processor.py:830} INFO - Processing file /home/airflow/.local/lib/python3.12/site-packages/airflow/example_dags/example_xcomargs.py for tasks to queue
[2025-04-28T02:14:36.874+0000] {logging_mixin.py:188} INFO - [2025-04-28T02:14:36.874+0000] {dagbag.py:540} INFO - Filling up the DagBag from /home/airflow/.local/lib/python3.12/site-packages/airflow/example_dags/example_xcomargs.py
[2025-04-28T02:14:36.877+0000] {processor.py:840} INFO - DAG(s) 'example_xcom_args_with_operators', 'example_xcom_args' retrieved from /home/airflow/.local/lib/python3.12/site-packages/airflow/example_dags/example_xcomargs.py
[2025-04-28T02:14:36.883+0000] {logging_mixin.py:188} INFO - [2025-04-28T02:14:36.883+0000] {dag.py:3096} INFO - Sync 2 DAGs
[2025-04-28T02:14:36.889+0000] {logging_mixin.py:188} INFO - [2025-04-28T02:14:36.889+0000] {dag.py:3954} INFO - Setting next_dagrun for example_xcom_args to None, run_after=None
[2025-04-28T02:14:36.891+0000] {logging_mixin.py:188} INFO - [2025-04-28T02:14:36.891+0000] {dag.py:3954} INFO - Setting next_dagrun for example_xcom_args_with_operators to None, run_after=None
[2025-04-28T02:14:36.899+0000] {processor.py:183} INFO - Processing /home/airflow/.local/lib/python3.12/site-packages/airflow/example_dags/example_xcomargs.py took 0.028 seconds
[2025-04-28T02:15:09.590+0000] {processor.py:161} INFO - Started process (PID=552) to work on /home/airflow/.local/lib/python3.12/site-packages/airflow/example_dags/example_xcomargs.py
[2025-04-28T02:15:09.591+0000] {processor.py:830} INFO - Processing file /home/airflow/.local/lib/python3.12/site-packages/airflow/example_dags/example_xcomargs.py for tasks to queue
[2025-04-28T02:15:09.592+0000] {logging_mixin.py:188} INFO - [2025-04-28T02:15:09.591+0000] {dagbag.py:540} INFO - Filling up the DagBag from /home/airflow/.local/lib/python3.12/site-packages/airflow/example_dags/example_xcomargs.py
[2025-04-28T02:15:09.595+0000] {processor.py:840} INFO - DAG(s) 'example_xcom_args', 'example_xcom_args_with_operators' retrieved from /home/airflow/.local/lib/python3.12/site-packages/airflow/example_dags/example_xcomargs.py
[2025-04-28T02:15:09.697+0000] {logging_mixin.py:188} INFO - [2025-04-28T02:15:09.697+0000] {dag.py:3096} INFO - Sync 2 DAGs
[2025-04-28T02:15:09.700+0000] {logging_mixin.py:188} INFO - [2025-04-28T02:15:09.700+0000] {dag.py:3954} INFO - Setting next_dagrun for example_xcom_args to None, run_after=None
[2025-04-28T02:15:09.701+0000] {logging_mixin.py:188} INFO - [2025-04-28T02:15:09.701+0000] {dag.py:3954} INFO - Setting next_dagrun for example_xcom_args_with_operators to None, run_after=None
[2025-04-28T02:15:09.707+0000] {processor.py:183} INFO - Processing /home/airflow/.local/lib/python3.12/site-packages/airflow/example_dags/example_xcomargs.py took 0.119 seconds
[2025-04-28T02:15:40.631+0000] {processor.py:161} INFO - Started process (PID=610) to work on /home/airflow/.local/lib/python3.12/site-packages/airflow/example_dags/example_xcomargs.py
[2025-04-28T02:15:40.632+0000] {processor.py:830} INFO - Processing file /home/airflow/.local/lib/python3.12/site-packages/airflow/example_dags/example_xcomargs.py for tasks to queue
[2025-04-28T02:15:40.633+0000] {logging_mixin.py:188} INFO - [2025-04-28T02:15:40.633+0000] {dagbag.py:540} INFO - Filling up the DagBag from /home/airflow/.local/lib/python3.12/site-packages/airflow/example_dags/example_xcomargs.py
[2025-04-28T02:15:40.637+0000] {processor.py:840} INFO - DAG(s) 'example_xcom_args_with_operators', 'example_xcom_args' retrieved from /home/airflow/.local/lib/python3.12/site-packages/airflow/example_dags/example_xcomargs.py
[2025-04-28T02:15:40.651+0000] {logging_mixin.py:188} INFO - [2025-04-28T02:15:40.651+0000] {dag.py:3096} INFO - Sync 2 DAGs
[2025-04-28T02:15:40.659+0000] {logging_mixin.py:188} INFO - [2025-04-28T02:15:40.659+0000] {dag.py:3954} INFO - Setting next_dagrun for example_xcom_args to None, run_after=None
[2025-04-28T02:15:40.661+0000] {logging_mixin.py:188} INFO - [2025-04-28T02:15:40.661+0000] {dag.py:3954} INFO - Setting next_dagrun for example_xcom_args_with_operators to None, run_after=None
[2025-04-28T02:15:40.668+0000] {processor.py:183} INFO - Processing /home/airflow/.local/lib/python3.12/site-packages/airflow/example_dags/example_xcomargs.py took 0.039 seconds
[2025-04-28T02:16:11.263+0000] {processor.py:161} INFO - Started process (PID=668) to work on /home/airflow/.local/lib/python3.12/site-packages/airflow/example_dags/example_xcomargs.py
[2025-04-28T02:16:11.263+0000] {processor.py:830} INFO - Processing file /home/airflow/.local/lib/python3.12/site-packages/airflow/example_dags/example_xcomargs.py for tasks to queue
[2025-04-28T02:16:11.265+0000] {logging_mixin.py:188} INFO - [2025-04-28T02:16:11.265+0000] {dagbag.py:540} INFO - Filling up the DagBag from /home/airflow/.local/lib/python3.12/site-packages/airflow/example_dags/example_xcomargs.py
[2025-04-28T02:16:11.268+0000] {processor.py:840} INFO - DAG(s) 'example_xcom_args', 'example_xcom_args_with_operators' retrieved from /home/airflow/.local/lib/python3.12/site-packages/airflow/example_dags/example_xcomargs.py
[2025-04-28T02:16:11.279+0000] {logging_mixin.py:188} INFO - [2025-04-28T02:16:11.279+0000] {dag.py:3096} INFO - Sync 2 DAGs
[2025-04-28T02:16:11.283+0000] {logging_mixin.py:188} INFO - [2025-04-28T02:16:11.283+0000] {dag.py:3954} INFO - Setting next_dagrun for example_xcom_args to None, run_after=None
[2025-04-28T02:16:11.286+0000] {logging_mixin.py:188} INFO - [2025-04-28T02:16:11.285+0000] {dag.py:3954} INFO - Setting next_dagrun for example_xcom_args_with_operators to None, run_after=None
[2025-04-28T02:16:11.293+0000] {processor.py:183} INFO - Processing /home/airflow/.local/lib/python3.12/site-packages/airflow/example_dags/example_xcomargs.py took 0.033 seconds
[2025-04-28T02:16:41.957+0000] {processor.py:161} INFO - Started process (PID=727) to work on /home/airflow/.local/lib/python3.12/site-packages/airflow/example_dags/example_xcomargs.py
[2025-04-28T02:16:41.957+0000] {processor.py:830} INFO - Processing file /home/airflow/.local/lib/python3.12/site-packages/airflow/example_dags/example_xcomargs.py for tasks to queue
[2025-04-28T02:16:41.958+0000] {logging_mixin.py:188} INFO - [2025-04-28T02:16:41.958+0000] {dagbag.py:540} INFO - Filling up the DagBag from /home/airflow/.local/lib/python3.12/site-packages/airflow/example_dags/example_xcomargs.py
[2025-04-28T02:16:41.962+0000] {processor.py:840} INFO - DAG(s) 'example_xcom_args', 'example_xcom_args_with_operators' retrieved from /home/airflow/.local/lib/python3.12/site-packages/airflow/example_dags/example_xcomargs.py
[2025-04-28T02:16:41.974+0000] {logging_mixin.py:188} INFO - [2025-04-28T02:16:41.974+0000] {dag.py:3096} INFO - Sync 2 DAGs
[2025-04-28T02:16:41.978+0000] {logging_mixin.py:188} INFO - [2025-04-28T02:16:41.978+0000] {dag.py:3954} INFO - Setting next_dagrun for example_xcom_args to None, run_after=None
[2025-04-28T02:16:41.981+0000] {logging_mixin.py:188} INFO - [2025-04-28T02:16:41.981+0000] {dag.py:3954} INFO - Setting next_dagrun for example_xcom_args_with_operators to None, run_after=None
[2025-04-28T02:16:41.988+0000] {processor.py:183} INFO - Processing /home/airflow/.local/lib/python3.12/site-packages/airflow/example_dags/example_xcomargs.py took 0.034 seconds
