[2025-04-28T02:11:02.231+0000] {processor.py:161} INFO - Started process (PID=50) to work on /home/airflow/.local/lib/python3.12/site-packages/airflow/example_dags/example_branch_operator_decorator.py
[2025-04-28T02:11:02.231+0000] {processor.py:830} INFO - Processing file /home/airflow/.local/lib/python3.12/site-packages/airflow/example_dags/example_branch_operator_decorator.py for tasks to queue
[2025-04-28T02:11:02.233+0000] {logging_mixin.py:188} INFO - [2025-04-28T02:11:02.233+0000] {dagbag.py:540} INFO - Filling up the DagBag from /home/airflow/.local/lib/python3.12/site-packages/airflow/example_dags/example_branch_operator_decorator.py
[2025-04-28T02:11:02.247+0000] {processor.py:840} INFO - DAG(s) 'example_branch_python_operator_decorator' retrieved from /home/airflow/.local/lib/python3.12/site-packages/airflow/example_dags/example_branch_operator_decorator.py
[2025-04-28T02:11:02.252+0000] {logging_mixin.py:188} INFO - [2025-04-28T02:11:02.252+0000] {dag.py:3096} INFO - Sync 1 DAGs
[2025-04-28T02:11:02.262+0000] {logging_mixin.py:188} INFO - [2025-04-28T02:11:02.262+0000] {dag.py:3954} INFO - Setting next_dagrun for example_branch_python_operator_decorator to 2025-04-27 00:00:00+00:00, run_after=2025-04-28 00:00:00+00:00
[2025-04-28T02:11:02.270+0000] {processor.py:183} INFO - Processing /home/airflow/.local/lib/python3.12/site-packages/airflow/example_dags/example_branch_operator_decorator.py took 0.042 seconds
[2025-04-28T02:11:32.525+0000] {processor.py:161} INFO - Started process (PID=108) to work on /home/airflow/.local/lib/python3.12/site-packages/airflow/example_dags/example_branch_operator_decorator.py
[2025-04-28T02:11:32.527+0000] {processor.py:830} INFO - Processing file /home/airflow/.local/lib/python3.12/site-packages/airflow/example_dags/example_branch_operator_decorator.py for tasks to queue
[2025-04-28T02:11:32.528+0000] {logging_mixin.py:188} INFO - [2025-04-28T02:11:32.528+0000] {dagbag.py:540} INFO - Filling up the DagBag from /home/airflow/.local/lib/python3.12/site-packages/airflow/example_dags/example_branch_operator_decorator.py
[2025-04-28T02:11:32.535+0000] {processor.py:840} INFO - DAG(s) 'example_branch_python_operator_decorator' retrieved from /home/airflow/.local/lib/python3.12/site-packages/airflow/example_dags/example_branch_operator_decorator.py
[2025-04-28T02:11:32.571+0000] {logging_mixin.py:188} INFO - [2025-04-28T02:11:32.571+0000] {dag.py:3096} INFO - Sync 1 DAGs
[2025-04-28T02:11:32.581+0000] {logging_mixin.py:188} INFO - [2025-04-28T02:11:32.580+0000] {dag.py:3954} INFO - Setting next_dagrun for example_branch_python_operator_decorator to 2025-04-27 00:00:00+00:00, run_after=2025-04-28 00:00:00+00:00
[2025-04-28T02:11:32.592+0000] {processor.py:183} INFO - Processing /home/airflow/.local/lib/python3.12/site-packages/airflow/example_dags/example_branch_operator_decorator.py took 0.069 seconds
[2025-04-28T02:12:03.607+0000] {processor.py:161} INFO - Started process (PID=166) to work on /home/airflow/.local/lib/python3.12/site-packages/airflow/example_dags/example_branch_operator_decorator.py
[2025-04-28T02:12:03.607+0000] {processor.py:830} INFO - Processing file /home/airflow/.local/lib/python3.12/site-packages/airflow/example_dags/example_branch_operator_decorator.py for tasks to queue
[2025-04-28T02:12:03.608+0000] {logging_mixin.py:188} INFO - [2025-04-28T02:12:03.608+0000] {dagbag.py:540} INFO - Filling up the DagBag from /home/airflow/.local/lib/python3.12/site-packages/airflow/example_dags/example_branch_operator_decorator.py
[2025-04-28T02:12:03.618+0000] {processor.py:840} INFO - DAG(s) 'example_branch_python_operator_decorator' retrieved from /home/airflow/.local/lib/python3.12/site-packages/airflow/example_dags/example_branch_operator_decorator.py
[2025-04-28T02:12:03.628+0000] {logging_mixin.py:188} INFO - [2025-04-28T02:12:03.628+0000] {dag.py:3096} INFO - Sync 1 DAGs
[2025-04-28T02:12:03.639+0000] {logging_mixin.py:188} INFO - [2025-04-28T02:12:03.639+0000] {dag.py:3954} INFO - Setting next_dagrun for example_branch_python_operator_decorator to 2025-04-27 00:00:00+00:00, run_after=2025-04-28 00:00:00+00:00
[2025-04-28T02:12:03.645+0000] {processor.py:183} INFO - Processing /home/airflow/.local/lib/python3.12/site-packages/airflow/example_dags/example_branch_operator_decorator.py took 0.041 seconds
[2025-04-28T02:12:34.156+0000] {processor.py:161} INFO - Started process (PID=224) to work on /home/airflow/.local/lib/python3.12/site-packages/airflow/example_dags/example_branch_operator_decorator.py
[2025-04-28T02:12:34.157+0000] {processor.py:830} INFO - Processing file /home/airflow/.local/lib/python3.12/site-packages/airflow/example_dags/example_branch_operator_decorator.py for tasks to queue
[2025-04-28T02:12:34.158+0000] {logging_mixin.py:188} INFO - [2025-04-28T02:12:34.158+0000] {dagbag.py:540} INFO - Filling up the DagBag from /home/airflow/.local/lib/python3.12/site-packages/airflow/example_dags/example_branch_operator_decorator.py
[2025-04-28T02:12:34.167+0000] {processor.py:840} INFO - DAG(s) 'example_branch_python_operator_decorator' retrieved from /home/airflow/.local/lib/python3.12/site-packages/airflow/example_dags/example_branch_operator_decorator.py
[2025-04-28T02:12:34.179+0000] {logging_mixin.py:188} INFO - [2025-04-28T02:12:34.179+0000] {dag.py:3096} INFO - Sync 1 DAGs
[2025-04-28T02:12:34.187+0000] {logging_mixin.py:188} INFO - [2025-04-28T02:12:34.187+0000] {dag.py:3954} INFO - Setting next_dagrun for example_branch_python_operator_decorator to 2025-04-27 00:00:00+00:00, run_after=2025-04-28 00:00:00+00:00
[2025-04-28T02:12:34.194+0000] {processor.py:183} INFO - Processing /home/airflow/.local/lib/python3.12/site-packages/airflow/example_dags/example_branch_operator_decorator.py took 0.041 seconds
[2025-04-28T02:13:04.622+0000] {processor.py:161} INFO - Started process (PID=288) to work on /home/airflow/.local/lib/python3.12/site-packages/airflow/example_dags/example_branch_operator_decorator.py
[2025-04-28T02:13:04.622+0000] {processor.py:830} INFO - Processing file /home/airflow/.local/lib/python3.12/site-packages/airflow/example_dags/example_branch_operator_decorator.py for tasks to queue
[2025-04-28T02:13:04.623+0000] {logging_mixin.py:188} INFO - [2025-04-28T02:13:04.623+0000] {dagbag.py:540} INFO - Filling up the DagBag from /home/airflow/.local/lib/python3.12/site-packages/airflow/example_dags/example_branch_operator_decorator.py
[2025-04-28T02:13:04.631+0000] {processor.py:840} INFO - DAG(s) 'example_branch_python_operator_decorator' retrieved from /home/airflow/.local/lib/python3.12/site-packages/airflow/example_dags/example_branch_operator_decorator.py
[2025-04-28T02:13:04.644+0000] {logging_mixin.py:188} INFO - [2025-04-28T02:13:04.644+0000] {dag.py:3096} INFO - Sync 1 DAGs
[2025-04-28T02:13:04.654+0000] {logging_mixin.py:188} INFO - [2025-04-28T02:13:04.654+0000] {dag.py:3954} INFO - Setting next_dagrun for example_branch_python_operator_decorator to 2025-04-27 00:00:00+00:00, run_after=2025-04-28 00:00:00+00:00
[2025-04-28T02:13:04.664+0000] {processor.py:183} INFO - Processing /home/airflow/.local/lib/python3.12/site-packages/airflow/example_dags/example_branch_operator_decorator.py took 0.045 seconds
[2025-04-28T02:13:35.119+0000] {processor.py:161} INFO - Started process (PID=346) to work on /home/airflow/.local/lib/python3.12/site-packages/airflow/example_dags/example_branch_operator_decorator.py
[2025-04-28T02:13:35.119+0000] {processor.py:830} INFO - Processing file /home/airflow/.local/lib/python3.12/site-packages/airflow/example_dags/example_branch_operator_decorator.py for tasks to queue
[2025-04-28T02:13:35.120+0000] {logging_mixin.py:188} INFO - [2025-04-28T02:13:35.119+0000] {dagbag.py:540} INFO - Filling up the DagBag from /home/airflow/.local/lib/python3.12/site-packages/airflow/example_dags/example_branch_operator_decorator.py
[2025-04-28T02:13:35.129+0000] {processor.py:840} INFO - DAG(s) 'example_branch_python_operator_decorator' retrieved from /home/airflow/.local/lib/python3.12/site-packages/airflow/example_dags/example_branch_operator_decorator.py
[2025-04-28T02:13:35.141+0000] {logging_mixin.py:188} INFO - [2025-04-28T02:13:35.141+0000] {dag.py:3096} INFO - Sync 1 DAGs
[2025-04-28T02:13:35.150+0000] {logging_mixin.py:188} INFO - [2025-04-28T02:13:35.150+0000] {dag.py:3954} INFO - Setting next_dagrun for example_branch_python_operator_decorator to 2025-04-27 00:00:00+00:00, run_after=2025-04-28 00:00:00+00:00
[2025-04-28T02:13:35.159+0000] {processor.py:183} INFO - Processing /home/airflow/.local/lib/python3.12/site-packages/airflow/example_dags/example_branch_operator_decorator.py took 0.042 seconds
[2025-04-28T02:14:05.633+0000] {processor.py:161} INFO - Started process (PID=404) to work on /home/airflow/.local/lib/python3.12/site-packages/airflow/example_dags/example_branch_operator_decorator.py
[2025-04-28T02:14:05.633+0000] {processor.py:830} INFO - Processing file /home/airflow/.local/lib/python3.12/site-packages/airflow/example_dags/example_branch_operator_decorator.py for tasks to queue
[2025-04-28T02:14:05.634+0000] {logging_mixin.py:188} INFO - [2025-04-28T02:14:05.634+0000] {dagbag.py:540} INFO - Filling up the DagBag from /home/airflow/.local/lib/python3.12/site-packages/airflow/example_dags/example_branch_operator_decorator.py
[2025-04-28T02:14:05.643+0000] {processor.py:840} INFO - DAG(s) 'example_branch_python_operator_decorator' retrieved from /home/airflow/.local/lib/python3.12/site-packages/airflow/example_dags/example_branch_operator_decorator.py
[2025-04-28T02:14:05.652+0000] {logging_mixin.py:188} INFO - [2025-04-28T02:14:05.651+0000] {dag.py:3096} INFO - Sync 1 DAGs
[2025-04-28T02:14:05.663+0000] {logging_mixin.py:188} INFO - [2025-04-28T02:14:05.663+0000] {dag.py:3954} INFO - Setting next_dagrun for example_branch_python_operator_decorator to 2025-04-27 00:00:00+00:00, run_after=2025-04-28 00:00:00+00:00
[2025-04-28T02:14:05.674+0000] {processor.py:183} INFO - Processing /home/airflow/.local/lib/python3.12/site-packages/airflow/example_dags/example_branch_operator_decorator.py took 0.045 seconds
[2025-04-28T02:14:36.095+0000] {processor.py:161} INFO - Started process (PID=462) to work on /home/airflow/.local/lib/python3.12/site-packages/airflow/example_dags/example_branch_operator_decorator.py
[2025-04-28T02:14:36.096+0000] {processor.py:830} INFO - Processing file /home/airflow/.local/lib/python3.12/site-packages/airflow/example_dags/example_branch_operator_decorator.py for tasks to queue
[2025-04-28T02:14:36.097+0000] {logging_mixin.py:188} INFO - [2025-04-28T02:14:36.097+0000] {dagbag.py:540} INFO - Filling up the DagBag from /home/airflow/.local/lib/python3.12/site-packages/airflow/example_dags/example_branch_operator_decorator.py
[2025-04-28T02:14:36.106+0000] {processor.py:840} INFO - DAG(s) 'example_branch_python_operator_decorator' retrieved from /home/airflow/.local/lib/python3.12/site-packages/airflow/example_dags/example_branch_operator_decorator.py
[2025-04-28T02:14:36.116+0000] {logging_mixin.py:188} INFO - [2025-04-28T02:14:36.116+0000] {dag.py:3096} INFO - Sync 1 DAGs
[2025-04-28T02:14:36.128+0000] {logging_mixin.py:188} INFO - [2025-04-28T02:14:36.128+0000] {dag.py:3954} INFO - Setting next_dagrun for example_branch_python_operator_decorator to 2025-04-27 00:00:00+00:00, run_after=2025-04-28 00:00:00+00:00
[2025-04-28T02:14:36.137+0000] {processor.py:183} INFO - Processing /home/airflow/.local/lib/python3.12/site-packages/airflow/example_dags/example_branch_operator_decorator.py took 0.046 seconds
[2025-04-28T02:15:06.843+0000] {processor.py:161} INFO - Started process (PID=520) to work on /home/airflow/.local/lib/python3.12/site-packages/airflow/example_dags/example_branch_operator_decorator.py
[2025-04-28T02:15:06.844+0000] {processor.py:830} INFO - Processing file /home/airflow/.local/lib/python3.12/site-packages/airflow/example_dags/example_branch_operator_decorator.py for tasks to queue
[2025-04-28T02:15:06.844+0000] {logging_mixin.py:188} INFO - [2025-04-28T02:15:06.844+0000] {dagbag.py:540} INFO - Filling up the DagBag from /home/airflow/.local/lib/python3.12/site-packages/airflow/example_dags/example_branch_operator_decorator.py
[2025-04-28T02:15:06.852+0000] {processor.py:840} INFO - DAG(s) 'example_branch_python_operator_decorator' retrieved from /home/airflow/.local/lib/python3.12/site-packages/airflow/example_dags/example_branch_operator_decorator.py
[2025-04-28T02:15:06.960+0000] {logging_mixin.py:188} INFO - [2025-04-28T02:15:06.960+0000] {dag.py:3096} INFO - Sync 1 DAGs
[2025-04-28T02:15:06.967+0000] {logging_mixin.py:188} INFO - [2025-04-28T02:15:06.967+0000] {dag.py:3954} INFO - Setting next_dagrun for example_branch_python_operator_decorator to 2025-04-27 00:00:00+00:00, run_after=2025-04-28 00:00:00+00:00
[2025-04-28T02:15:06.976+0000] {processor.py:183} INFO - Processing /home/airflow/.local/lib/python3.12/site-packages/airflow/example_dags/example_branch_operator_decorator.py took 0.136 seconds
[2025-04-28T02:15:37.807+0000] {processor.py:161} INFO - Started process (PID=578) to work on /home/airflow/.local/lib/python3.12/site-packages/airflow/example_dags/example_branch_operator_decorator.py
[2025-04-28T02:15:37.808+0000] {processor.py:830} INFO - Processing file /home/airflow/.local/lib/python3.12/site-packages/airflow/example_dags/example_branch_operator_decorator.py for tasks to queue
[2025-04-28T02:15:37.809+0000] {logging_mixin.py:188} INFO - [2025-04-28T02:15:37.809+0000] {dagbag.py:540} INFO - Filling up the DagBag from /home/airflow/.local/lib/python3.12/site-packages/airflow/example_dags/example_branch_operator_decorator.py
[2025-04-28T02:15:37.820+0000] {processor.py:840} INFO - DAG(s) 'example_branch_python_operator_decorator' retrieved from /home/airflow/.local/lib/python3.12/site-packages/airflow/example_dags/example_branch_operator_decorator.py
[2025-04-28T02:15:37.833+0000] {logging_mixin.py:188} INFO - [2025-04-28T02:15:37.833+0000] {dag.py:3096} INFO - Sync 1 DAGs
[2025-04-28T02:15:37.842+0000] {logging_mixin.py:188} INFO - [2025-04-28T02:15:37.842+0000] {dag.py:3954} INFO - Setting next_dagrun for example_branch_python_operator_decorator to 2025-04-27 00:00:00+00:00, run_after=2025-04-28 00:00:00+00:00
[2025-04-28T02:15:37.849+0000] {processor.py:183} INFO - Processing /home/airflow/.local/lib/python3.12/site-packages/airflow/example_dags/example_branch_operator_decorator.py took 0.046 seconds
[2025-04-28T02:16:08.339+0000] {processor.py:161} INFO - Started process (PID=636) to work on /home/airflow/.local/lib/python3.12/site-packages/airflow/example_dags/example_branch_operator_decorator.py
[2025-04-28T02:16:08.341+0000] {processor.py:830} INFO - Processing file /home/airflow/.local/lib/python3.12/site-packages/airflow/example_dags/example_branch_operator_decorator.py for tasks to queue
[2025-04-28T02:16:08.345+0000] {logging_mixin.py:188} INFO - [2025-04-28T02:16:08.345+0000] {dagbag.py:540} INFO - Filling up the DagBag from /home/airflow/.local/lib/python3.12/site-packages/airflow/example_dags/example_branch_operator_decorator.py
[2025-04-28T02:16:08.359+0000] {processor.py:840} INFO - DAG(s) 'example_branch_python_operator_decorator' retrieved from /home/airflow/.local/lib/python3.12/site-packages/airflow/example_dags/example_branch_operator_decorator.py
[2025-04-28T02:16:08.379+0000] {logging_mixin.py:188} INFO - [2025-04-28T02:16:08.378+0000] {dag.py:3096} INFO - Sync 1 DAGs
[2025-04-28T02:16:08.390+0000] {logging_mixin.py:188} INFO - [2025-04-28T02:16:08.390+0000] {dag.py:3954} INFO - Setting next_dagrun for example_branch_python_operator_decorator to 2025-04-27 00:00:00+00:00, run_after=2025-04-28 00:00:00+00:00
[2025-04-28T02:16:08.398+0000] {processor.py:183} INFO - Processing /home/airflow/.local/lib/python3.12/site-packages/airflow/example_dags/example_branch_operator_decorator.py took 0.063 seconds
[2025-04-28T02:16:38.923+0000] {processor.py:161} INFO - Started process (PID=695) to work on /home/airflow/.local/lib/python3.12/site-packages/airflow/example_dags/example_branch_operator_decorator.py
[2025-04-28T02:16:38.923+0000] {processor.py:830} INFO - Processing file /home/airflow/.local/lib/python3.12/site-packages/airflow/example_dags/example_branch_operator_decorator.py for tasks to queue
[2025-04-28T02:16:38.925+0000] {logging_mixin.py:188} INFO - [2025-04-28T02:16:38.925+0000] {dagbag.py:540} INFO - Filling up the DagBag from /home/airflow/.local/lib/python3.12/site-packages/airflow/example_dags/example_branch_operator_decorator.py
[2025-04-28T02:16:38.938+0000] {processor.py:840} INFO - DAG(s) 'example_branch_python_operator_decorator' retrieved from /home/airflow/.local/lib/python3.12/site-packages/airflow/example_dags/example_branch_operator_decorator.py
[2025-04-28T02:16:38.952+0000] {logging_mixin.py:188} INFO - [2025-04-28T02:16:38.951+0000] {dag.py:3096} INFO - Sync 1 DAGs
[2025-04-28T02:16:38.962+0000] {logging_mixin.py:188} INFO - [2025-04-28T02:16:38.962+0000] {dag.py:3954} INFO - Setting next_dagrun for example_branch_python_operator_decorator to 2025-04-27 00:00:00+00:00, run_after=2025-04-28 00:00:00+00:00
[2025-04-28T02:16:39.039+0000] {processor.py:183} INFO - Processing /home/airflow/.local/lib/python3.12/site-packages/airflow/example_dags/example_branch_operator_decorator.py took 0.121 seconds
