[2025-04-28T02:11:02.992+0000] {processor.py:161} INFO - Started process (PID=79) to work on /home/airflow/.local/lib/python3.12/site-packages/airflow/example_dags/example_sla_dag.py
[2025-04-28T02:11:02.996+0000] {processor.py:830} INFO - Processing file /home/airflow/.local/lib/python3.12/site-packages/airflow/example_dags/example_sla_dag.py for tasks to queue
[2025-04-28T02:11:02.997+0000] {logging_mixin.py:188} INFO - [2025-04-28T02:11:02.997+0000] {dagbag.py:540} INFO - Filling up the DagBag from /home/airflow/.local/lib/python3.12/site-packages/airflow/example_dags/example_sla_dag.py
[2025-04-28T02:11:03.002+0000] {processor.py:840} INFO - DAG(s) 'example_sla_dag' retrieved from /home/airflow/.local/lib/python3.12/site-packages/airflow/example_dags/example_sla_dag.py
[2025-04-28T02:11:03.007+0000] {logging_mixin.py:188} INFO - [2025-04-28T02:11:03.007+0000] {dag.py:3096} INFO - Sync 1 DAGs
[2025-04-28T02:11:03.017+0000] {logging_mixin.py:188} INFO - [2025-04-28T02:11:03.017+0000] {dag.py:3954} INFO - Setting next_dagrun for example_sla_dag to 2025-04-28 02:08:00+00:00, run_after=2025-04-28 02:10:00+00:00
[2025-04-28T02:11:03.025+0000] {processor.py:183} INFO - Processing /home/airflow/.local/lib/python3.12/site-packages/airflow/example_dags/example_sla_dag.py took 0.035 seconds
[2025-04-28T02:11:33.656+0000] {processor.py:161} INFO - Started process (PID=137) to work on /home/airflow/.local/lib/python3.12/site-packages/airflow/example_dags/example_sla_dag.py
[2025-04-28T02:11:33.656+0000] {processor.py:830} INFO - Processing file /home/airflow/.local/lib/python3.12/site-packages/airflow/example_dags/example_sla_dag.py for tasks to queue
[2025-04-28T02:11:33.657+0000] {logging_mixin.py:188} INFO - [2025-04-28T02:11:33.657+0000] {dagbag.py:540} INFO - Filling up the DagBag from /home/airflow/.local/lib/python3.12/site-packages/airflow/example_dags/example_sla_dag.py
[2025-04-28T02:11:33.662+0000] {processor.py:840} INFO - DAG(s) 'example_sla_dag' retrieved from /home/airflow/.local/lib/python3.12/site-packages/airflow/example_dags/example_sla_dag.py
[2025-04-28T02:11:33.697+0000] {logging_mixin.py:188} INFO - [2025-04-28T02:11:33.697+0000] {dag.py:3096} INFO - Sync 1 DAGs
[2025-04-28T02:11:33.706+0000] {logging_mixin.py:188} INFO - [2025-04-28T02:11:33.706+0000] {dag.py:3954} INFO - Setting next_dagrun for example_sla_dag to 2025-04-28 02:08:00+00:00, run_after=2025-04-28 02:10:00+00:00
[2025-04-28T02:11:33.715+0000] {processor.py:183} INFO - Processing /home/airflow/.local/lib/python3.12/site-packages/airflow/example_dags/example_sla_dag.py took 0.061 seconds
[2025-04-28T02:12:04.358+0000] {processor.py:161} INFO - Started process (PID=195) to work on /home/airflow/.local/lib/python3.12/site-packages/airflow/example_dags/example_sla_dag.py
[2025-04-28T02:12:04.358+0000] {processor.py:830} INFO - Processing file /home/airflow/.local/lib/python3.12/site-packages/airflow/example_dags/example_sla_dag.py for tasks to queue
[2025-04-28T02:12:04.359+0000] {logging_mixin.py:188} INFO - [2025-04-28T02:12:04.359+0000] {dagbag.py:540} INFO - Filling up the DagBag from /home/airflow/.local/lib/python3.12/site-packages/airflow/example_dags/example_sla_dag.py
[2025-04-28T02:12:04.362+0000] {processor.py:840} INFO - DAG(s) 'example_sla_dag' retrieved from /home/airflow/.local/lib/python3.12/site-packages/airflow/example_dags/example_sla_dag.py
[2025-04-28T02:12:04.372+0000] {logging_mixin.py:188} INFO - [2025-04-28T02:12:04.371+0000] {dag.py:3096} INFO - Sync 1 DAGs
[2025-04-28T02:12:04.380+0000] {logging_mixin.py:188} INFO - [2025-04-28T02:12:04.380+0000] {dag.py:3954} INFO - Setting next_dagrun for example_sla_dag to 2025-04-28 02:10:00+00:00, run_after=2025-04-28 02:12:00+00:00
[2025-04-28T02:12:04.388+0000] {processor.py:183} INFO - Processing /home/airflow/.local/lib/python3.12/site-packages/airflow/example_dags/example_sla_dag.py took 0.033 seconds
[2025-04-28T02:12:34.840+0000] {processor.py:161} INFO - Started process (PID=259) to work on /home/airflow/.local/lib/python3.12/site-packages/airflow/example_dags/example_sla_dag.py
[2025-04-28T02:12:34.841+0000] {processor.py:830} INFO - Processing file /home/airflow/.local/lib/python3.12/site-packages/airflow/example_dags/example_sla_dag.py for tasks to queue
[2025-04-28T02:12:34.842+0000] {logging_mixin.py:188} INFO - [2025-04-28T02:12:34.842+0000] {dagbag.py:540} INFO - Filling up the DagBag from /home/airflow/.local/lib/python3.12/site-packages/airflow/example_dags/example_sla_dag.py
[2025-04-28T02:12:34.846+0000] {processor.py:840} INFO - DAG(s) 'example_sla_dag' retrieved from /home/airflow/.local/lib/python3.12/site-packages/airflow/example_dags/example_sla_dag.py
[2025-04-28T02:12:34.854+0000] {logging_mixin.py:188} INFO - [2025-04-28T02:12:34.854+0000] {dag.py:3096} INFO - Sync 1 DAGs
[2025-04-28T02:12:34.864+0000] {logging_mixin.py:188} INFO - [2025-04-28T02:12:34.864+0000] {dag.py:3954} INFO - Setting next_dagrun for example_sla_dag to 2025-04-28 02:10:00+00:00, run_after=2025-04-28 02:12:00+00:00
[2025-04-28T02:12:34.871+0000] {processor.py:183} INFO - Processing /home/airflow/.local/lib/python3.12/site-packages/airflow/example_dags/example_sla_dag.py took 0.033 seconds
[2025-04-28T02:13:05.385+0000] {processor.py:161} INFO - Started process (PID=317) to work on /home/airflow/.local/lib/python3.12/site-packages/airflow/example_dags/example_sla_dag.py
[2025-04-28T02:13:05.386+0000] {processor.py:830} INFO - Processing file /home/airflow/.local/lib/python3.12/site-packages/airflow/example_dags/example_sla_dag.py for tasks to queue
[2025-04-28T02:13:05.386+0000] {logging_mixin.py:188} INFO - [2025-04-28T02:13:05.386+0000] {dagbag.py:540} INFO - Filling up the DagBag from /home/airflow/.local/lib/python3.12/site-packages/airflow/example_dags/example_sla_dag.py
[2025-04-28T02:13:05.389+0000] {processor.py:840} INFO - DAG(s) 'example_sla_dag' retrieved from /home/airflow/.local/lib/python3.12/site-packages/airflow/example_dags/example_sla_dag.py
[2025-04-28T02:13:05.399+0000] {logging_mixin.py:188} INFO - [2025-04-28T02:13:05.399+0000] {dag.py:3096} INFO - Sync 1 DAGs
[2025-04-28T02:13:05.408+0000] {logging_mixin.py:188} INFO - [2025-04-28T02:13:05.408+0000] {dag.py:3954} INFO - Setting next_dagrun for example_sla_dag to 2025-04-28 02:10:00+00:00, run_after=2025-04-28 02:12:00+00:00
[2025-04-28T02:13:05.417+0000] {processor.py:183} INFO - Processing /home/airflow/.local/lib/python3.12/site-packages/airflow/example_dags/example_sla_dag.py took 0.034 seconds
[2025-04-28T02:13:35.849+0000] {processor.py:161} INFO - Started process (PID=375) to work on /home/airflow/.local/lib/python3.12/site-packages/airflow/example_dags/example_sla_dag.py
[2025-04-28T02:13:35.849+0000] {processor.py:830} INFO - Processing file /home/airflow/.local/lib/python3.12/site-packages/airflow/example_dags/example_sla_dag.py for tasks to queue
[2025-04-28T02:13:35.850+0000] {logging_mixin.py:188} INFO - [2025-04-28T02:13:35.850+0000] {dagbag.py:540} INFO - Filling up the DagBag from /home/airflow/.local/lib/python3.12/site-packages/airflow/example_dags/example_sla_dag.py
[2025-04-28T02:13:35.855+0000] {processor.py:840} INFO - DAG(s) 'example_sla_dag' retrieved from /home/airflow/.local/lib/python3.12/site-packages/airflow/example_dags/example_sla_dag.py
[2025-04-28T02:13:35.863+0000] {logging_mixin.py:188} INFO - [2025-04-28T02:13:35.863+0000] {dag.py:3096} INFO - Sync 1 DAGs
[2025-04-28T02:13:35.873+0000] {logging_mixin.py:188} INFO - [2025-04-28T02:13:35.873+0000] {dag.py:3954} INFO - Setting next_dagrun for example_sla_dag to 2025-04-28 02:10:00+00:00, run_after=2025-04-28 02:12:00+00:00
[2025-04-28T02:13:35.881+0000] {processor.py:183} INFO - Processing /home/airflow/.local/lib/python3.12/site-packages/airflow/example_dags/example_sla_dag.py took 0.034 seconds
[2025-04-28T02:14:06.361+0000] {processor.py:161} INFO - Started process (PID=433) to work on /home/airflow/.local/lib/python3.12/site-packages/airflow/example_dags/example_sla_dag.py
[2025-04-28T02:14:06.362+0000] {processor.py:830} INFO - Processing file /home/airflow/.local/lib/python3.12/site-packages/airflow/example_dags/example_sla_dag.py for tasks to queue
[2025-04-28T02:14:06.363+0000] {logging_mixin.py:188} INFO - [2025-04-28T02:14:06.363+0000] {dagbag.py:540} INFO - Filling up the DagBag from /home/airflow/.local/lib/python3.12/site-packages/airflow/example_dags/example_sla_dag.py
[2025-04-28T02:14:06.367+0000] {processor.py:840} INFO - DAG(s) 'example_sla_dag' retrieved from /home/airflow/.local/lib/python3.12/site-packages/airflow/example_dags/example_sla_dag.py
[2025-04-28T02:14:06.373+0000] {logging_mixin.py:188} INFO - [2025-04-28T02:14:06.373+0000] {dag.py:3096} INFO - Sync 1 DAGs
[2025-04-28T02:14:06.384+0000] {logging_mixin.py:188} INFO - [2025-04-28T02:14:06.384+0000] {dag.py:3954} INFO - Setting next_dagrun for example_sla_dag to 2025-04-28 02:12:00+00:00, run_after=2025-04-28 02:14:00+00:00
[2025-04-28T02:14:06.396+0000] {processor.py:183} INFO - Processing /home/airflow/.local/lib/python3.12/site-packages/airflow/example_dags/example_sla_dag.py took 0.037 seconds
[2025-04-28T02:14:36.812+0000] {processor.py:161} INFO - Started process (PID=491) to work on /home/airflow/.local/lib/python3.12/site-packages/airflow/example_dags/example_sla_dag.py
[2025-04-28T02:14:36.812+0000] {processor.py:830} INFO - Processing file /home/airflow/.local/lib/python3.12/site-packages/airflow/example_dags/example_sla_dag.py for tasks to queue
[2025-04-28T02:14:36.813+0000] {logging_mixin.py:188} INFO - [2025-04-28T02:14:36.812+0000] {dagbag.py:540} INFO - Filling up the DagBag from /home/airflow/.local/lib/python3.12/site-packages/airflow/example_dags/example_sla_dag.py
[2025-04-28T02:14:36.816+0000] {processor.py:840} INFO - DAG(s) 'example_sla_dag' retrieved from /home/airflow/.local/lib/python3.12/site-packages/airflow/example_dags/example_sla_dag.py
[2025-04-28T02:14:36.822+0000] {logging_mixin.py:188} INFO - [2025-04-28T02:14:36.821+0000] {dag.py:3096} INFO - Sync 1 DAGs
[2025-04-28T02:14:36.830+0000] {logging_mixin.py:188} INFO - [2025-04-28T02:14:36.830+0000] {dag.py:3954} INFO - Setting next_dagrun for example_sla_dag to 2025-04-28 02:12:00+00:00, run_after=2025-04-28 02:14:00+00:00
[2025-04-28T02:14:36.837+0000] {processor.py:183} INFO - Processing /home/airflow/.local/lib/python3.12/site-packages/airflow/example_dags/example_sla_dag.py took 0.028 seconds
[2025-04-28T02:15:09.301+0000] {processor.py:161} INFO - Started process (PID=549) to work on /home/airflow/.local/lib/python3.12/site-packages/airflow/example_dags/example_sla_dag.py
[2025-04-28T02:15:09.302+0000] {processor.py:830} INFO - Processing file /home/airflow/.local/lib/python3.12/site-packages/airflow/example_dags/example_sla_dag.py for tasks to queue
[2025-04-28T02:15:09.303+0000] {logging_mixin.py:188} INFO - [2025-04-28T02:15:09.302+0000] {dagbag.py:540} INFO - Filling up the DagBag from /home/airflow/.local/lib/python3.12/site-packages/airflow/example_dags/example_sla_dag.py
[2025-04-28T02:15:09.306+0000] {processor.py:840} INFO - DAG(s) 'example_sla_dag' retrieved from /home/airflow/.local/lib/python3.12/site-packages/airflow/example_dags/example_sla_dag.py
[2025-04-28T02:15:09.418+0000] {logging_mixin.py:188} INFO - [2025-04-28T02:15:09.418+0000] {dag.py:3096} INFO - Sync 1 DAGs
[2025-04-28T02:15:09.425+0000] {logging_mixin.py:188} INFO - [2025-04-28T02:15:09.425+0000] {dag.py:3954} INFO - Setting next_dagrun for example_sla_dag to 2025-04-28 02:12:00+00:00, run_after=2025-04-28 02:14:00+00:00
[2025-04-28T02:15:09.432+0000] {processor.py:183} INFO - Processing /home/airflow/.local/lib/python3.12/site-packages/airflow/example_dags/example_sla_dag.py took 0.133 seconds
[2025-04-28T02:15:39.578+0000] {processor.py:161} INFO - Started process (PID=607) to work on /home/airflow/.local/lib/python3.12/site-packages/airflow/example_dags/example_sla_dag.py
[2025-04-28T02:15:39.581+0000] {processor.py:830} INFO - Processing file /home/airflow/.local/lib/python3.12/site-packages/airflow/example_dags/example_sla_dag.py for tasks to queue
[2025-04-28T02:15:39.582+0000] {logging_mixin.py:188} INFO - [2025-04-28T02:15:39.581+0000] {dagbag.py:540} INFO - Filling up the DagBag from /home/airflow/.local/lib/python3.12/site-packages/airflow/example_dags/example_sla_dag.py
[2025-04-28T02:15:39.585+0000] {processor.py:840} INFO - DAG(s) 'example_sla_dag' retrieved from /home/airflow/.local/lib/python3.12/site-packages/airflow/example_dags/example_sla_dag.py
[2025-04-28T02:15:39.592+0000] {logging_mixin.py:188} INFO - [2025-04-28T02:15:39.592+0000] {dag.py:3096} INFO - Sync 1 DAGs
[2025-04-28T02:15:39.600+0000] {logging_mixin.py:188} INFO - [2025-04-28T02:15:39.600+0000] {dag.py:3954} INFO - Setting next_dagrun for example_sla_dag to 2025-04-28 02:12:00+00:00, run_after=2025-04-28 02:14:00+00:00
[2025-04-28T02:15:39.607+0000] {processor.py:183} INFO - Processing /home/airflow/.local/lib/python3.12/site-packages/airflow/example_dags/example_sla_dag.py took 0.031 seconds
[2025-04-28T02:16:10.175+0000] {processor.py:161} INFO - Started process (PID=665) to work on /home/airflow/.local/lib/python3.12/site-packages/airflow/example_dags/example_sla_dag.py
[2025-04-28T02:16:10.177+0000] {processor.py:830} INFO - Processing file /home/airflow/.local/lib/python3.12/site-packages/airflow/example_dags/example_sla_dag.py for tasks to queue
[2025-04-28T02:16:10.178+0000] {logging_mixin.py:188} INFO - [2025-04-28T02:16:10.178+0000] {dagbag.py:540} INFO - Filling up the DagBag from /home/airflow/.local/lib/python3.12/site-packages/airflow/example_dags/example_sla_dag.py
[2025-04-28T02:16:10.183+0000] {processor.py:840} INFO - DAG(s) 'example_sla_dag' retrieved from /home/airflow/.local/lib/python3.12/site-packages/airflow/example_dags/example_sla_dag.py
[2025-04-28T02:16:10.194+0000] {logging_mixin.py:188} INFO - [2025-04-28T02:16:10.194+0000] {dag.py:3096} INFO - Sync 1 DAGs
[2025-04-28T02:16:10.205+0000] {logging_mixin.py:188} INFO - [2025-04-28T02:16:10.204+0000] {dag.py:3954} INFO - Setting next_dagrun for example_sla_dag to 2025-04-28 02:14:00+00:00, run_after=2025-04-28 02:16:00+00:00
[2025-04-28T02:16:10.215+0000] {processor.py:183} INFO - Processing /home/airflow/.local/lib/python3.12/site-packages/airflow/example_dags/example_sla_dag.py took 0.043 seconds
[2025-04-28T02:16:40.903+0000] {processor.py:161} INFO - Started process (PID=724) to work on /home/airflow/.local/lib/python3.12/site-packages/airflow/example_dags/example_sla_dag.py
[2025-04-28T02:16:40.905+0000] {processor.py:830} INFO - Processing file /home/airflow/.local/lib/python3.12/site-packages/airflow/example_dags/example_sla_dag.py for tasks to queue
[2025-04-28T02:16:40.906+0000] {logging_mixin.py:188} INFO - [2025-04-28T02:16:40.905+0000] {dagbag.py:540} INFO - Filling up the DagBag from /home/airflow/.local/lib/python3.12/site-packages/airflow/example_dags/example_sla_dag.py
[2025-04-28T02:16:40.909+0000] {processor.py:840} INFO - DAG(s) 'example_sla_dag' retrieved from /home/airflow/.local/lib/python3.12/site-packages/airflow/example_dags/example_sla_dag.py
[2025-04-28T02:16:40.917+0000] {logging_mixin.py:188} INFO - [2025-04-28T02:16:40.917+0000] {dag.py:3096} INFO - Sync 1 DAGs
[2025-04-28T02:16:40.926+0000] {logging_mixin.py:188} INFO - [2025-04-28T02:16:40.926+0000] {dag.py:3954} INFO - Setting next_dagrun for example_sla_dag to 2025-04-28 02:14:00+00:00, run_after=2025-04-28 02:16:00+00:00
[2025-04-28T02:16:40.933+0000] {processor.py:183} INFO - Processing /home/airflow/.local/lib/python3.12/site-packages/airflow/example_dags/example_sla_dag.py took 0.033 seconds
[2025-04-28T02:17:11.600+0000] {processor.py:161} INFO - Started process (PID=783) to work on /home/airflow/.local/lib/python3.12/site-packages/airflow/example_dags/example_sla_dag.py
[2025-04-28T02:17:11.601+0000] {processor.py:830} INFO - Processing file /home/airflow/.local/lib/python3.12/site-packages/airflow/example_dags/example_sla_dag.py for tasks to queue
[2025-04-28T02:17:11.602+0000] {logging_mixin.py:188} INFO - [2025-04-28T02:17:11.601+0000] {dagbag.py:540} INFO - Filling up the DagBag from /home/airflow/.local/lib/python3.12/site-packages/airflow/example_dags/example_sla_dag.py
[2025-04-28T02:17:11.605+0000] {processor.py:840} INFO - DAG(s) 'example_sla_dag' retrieved from /home/airflow/.local/lib/python3.12/site-packages/airflow/example_dags/example_sla_dag.py
[2025-04-28T02:17:11.614+0000] {logging_mixin.py:188} INFO - [2025-04-28T02:17:11.614+0000] {dag.py:3096} INFO - Sync 1 DAGs
[2025-04-28T02:17:11.623+0000] {logging_mixin.py:188} INFO - [2025-04-28T02:17:11.623+0000] {dag.py:3954} INFO - Setting next_dagrun for example_sla_dag to 2025-04-28 02:14:00+00:00, run_after=2025-04-28 02:16:00+00:00
[2025-04-28T02:17:11.630+0000] {processor.py:183} INFO - Processing /home/airflow/.local/lib/python3.12/site-packages/airflow/example_dags/example_sla_dag.py took 0.032 seconds
[2025-04-28T02:17:42.182+0000] {processor.py:161} INFO - Started process (PID=842) to work on /home/airflow/.local/lib/python3.12/site-packages/airflow/example_dags/example_sla_dag.py
[2025-04-28T02:17:42.183+0000] {processor.py:830} INFO - Processing file /home/airflow/.local/lib/python3.12/site-packages/airflow/example_dags/example_sla_dag.py for tasks to queue
[2025-04-28T02:17:42.184+0000] {logging_mixin.py:188} INFO - [2025-04-28T02:17:42.183+0000] {dagbag.py:540} INFO - Filling up the DagBag from /home/airflow/.local/lib/python3.12/site-packages/airflow/example_dags/example_sla_dag.py
[2025-04-28T02:17:42.188+0000] {processor.py:840} INFO - DAG(s) 'example_sla_dag' retrieved from /home/airflow/.local/lib/python3.12/site-packages/airflow/example_dags/example_sla_dag.py
[2025-04-28T02:17:42.196+0000] {logging_mixin.py:188} INFO - [2025-04-28T02:17:42.196+0000] {dag.py:3096} INFO - Sync 1 DAGs
[2025-04-28T02:17:42.207+0000] {logging_mixin.py:188} INFO - [2025-04-28T02:17:42.207+0000] {dag.py:3954} INFO - Setting next_dagrun for example_sla_dag to 2025-04-28 02:14:00+00:00, run_after=2025-04-28 02:16:00+00:00
[2025-04-28T02:17:42.216+0000] {processor.py:183} INFO - Processing /home/airflow/.local/lib/python3.12/site-packages/airflow/example_dags/example_sla_dag.py took 0.036 seconds
[2025-04-28T02:18:12.927+0000] {processor.py:161} INFO - Started process (PID=905) to work on /home/airflow/.local/lib/python3.12/site-packages/airflow/example_dags/example_sla_dag.py
[2025-04-28T02:18:12.928+0000] {processor.py:830} INFO - Processing file /home/airflow/.local/lib/python3.12/site-packages/airflow/example_dags/example_sla_dag.py for tasks to queue
[2025-04-28T02:18:12.929+0000] {logging_mixin.py:188} INFO - [2025-04-28T02:18:12.929+0000] {dagbag.py:540} INFO - Filling up the DagBag from /home/airflow/.local/lib/python3.12/site-packages/airflow/example_dags/example_sla_dag.py
[2025-04-28T02:18:12.932+0000] {processor.py:840} INFO - DAG(s) 'example_sla_dag' retrieved from /home/airflow/.local/lib/python3.12/site-packages/airflow/example_dags/example_sla_dag.py
[2025-04-28T02:18:12.940+0000] {logging_mixin.py:188} INFO - [2025-04-28T02:18:12.940+0000] {dag.py:3096} INFO - Sync 1 DAGs
[2025-04-28T02:18:12.949+0000] {logging_mixin.py:188} INFO - [2025-04-28T02:18:12.949+0000] {dag.py:3954} INFO - Setting next_dagrun for example_sla_dag to 2025-04-28 02:16:00+00:00, run_after=2025-04-28 02:18:00+00:00
[2025-04-28T02:18:12.957+0000] {processor.py:183} INFO - Processing /home/airflow/.local/lib/python3.12/site-packages/airflow/example_dags/example_sla_dag.py took 0.032 seconds
[2025-04-28T02:18:43.666+0000] {processor.py:161} INFO - Started process (PID=964) to work on /home/airflow/.local/lib/python3.12/site-packages/airflow/example_dags/example_sla_dag.py
[2025-04-28T02:18:43.669+0000] {processor.py:830} INFO - Processing file /home/airflow/.local/lib/python3.12/site-packages/airflow/example_dags/example_sla_dag.py for tasks to queue
[2025-04-28T02:18:43.671+0000] {logging_mixin.py:188} INFO - [2025-04-28T02:18:43.670+0000] {dagbag.py:540} INFO - Filling up the DagBag from /home/airflow/.local/lib/python3.12/site-packages/airflow/example_dags/example_sla_dag.py
[2025-04-28T02:18:43.675+0000] {processor.py:840} INFO - DAG(s) 'example_sla_dag' retrieved from /home/airflow/.local/lib/python3.12/site-packages/airflow/example_dags/example_sla_dag.py
[2025-04-28T02:18:43.686+0000] {logging_mixin.py:188} INFO - [2025-04-28T02:18:43.686+0000] {dag.py:3096} INFO - Sync 1 DAGs
[2025-04-28T02:18:43.694+0000] {logging_mixin.py:188} INFO - [2025-04-28T02:18:43.694+0000] {dag.py:3954} INFO - Setting next_dagrun for example_sla_dag to 2025-04-28 02:16:00+00:00, run_after=2025-04-28 02:18:00+00:00
[2025-04-28T02:18:43.701+0000] {processor.py:183} INFO - Processing /home/airflow/.local/lib/python3.12/site-packages/airflow/example_dags/example_sla_dag.py took 0.037 seconds
[2025-04-28T02:19:14.019+0000] {processor.py:161} INFO - Started process (PID=1023) to work on /home/airflow/.local/lib/python3.12/site-packages/airflow/example_dags/example_sla_dag.py
[2025-04-28T02:19:14.022+0000] {processor.py:830} INFO - Processing file /home/airflow/.local/lib/python3.12/site-packages/airflow/example_dags/example_sla_dag.py for tasks to queue
[2025-04-28T02:19:14.023+0000] {logging_mixin.py:188} INFO - [2025-04-28T02:19:14.023+0000] {dagbag.py:540} INFO - Filling up the DagBag from /home/airflow/.local/lib/python3.12/site-packages/airflow/example_dags/example_sla_dag.py
[2025-04-28T02:19:14.026+0000] {processor.py:840} INFO - DAG(s) 'example_sla_dag' retrieved from /home/airflow/.local/lib/python3.12/site-packages/airflow/example_dags/example_sla_dag.py
[2025-04-28T02:19:14.035+0000] {logging_mixin.py:188} INFO - [2025-04-28T02:19:14.035+0000] {dag.py:3096} INFO - Sync 1 DAGs
[2025-04-28T02:19:14.043+0000] {logging_mixin.py:188} INFO - [2025-04-28T02:19:14.043+0000] {dag.py:3954} INFO - Setting next_dagrun for example_sla_dag to 2025-04-28 02:16:00+00:00, run_after=2025-04-28 02:18:00+00:00
[2025-04-28T02:19:14.049+0000] {processor.py:183} INFO - Processing /home/airflow/.local/lib/python3.12/site-packages/airflow/example_dags/example_sla_dag.py took 0.033 seconds
[2025-04-28T02:19:44.629+0000] {processor.py:161} INFO - Started process (PID=1082) to work on /home/airflow/.local/lib/python3.12/site-packages/airflow/example_dags/example_sla_dag.py
[2025-04-28T02:19:44.630+0000] {processor.py:830} INFO - Processing file /home/airflow/.local/lib/python3.12/site-packages/airflow/example_dags/example_sla_dag.py for tasks to queue
[2025-04-28T02:19:44.631+0000] {logging_mixin.py:188} INFO - [2025-04-28T02:19:44.631+0000] {dagbag.py:540} INFO - Filling up the DagBag from /home/airflow/.local/lib/python3.12/site-packages/airflow/example_dags/example_sla_dag.py
[2025-04-28T02:19:44.635+0000] {processor.py:840} INFO - DAG(s) 'example_sla_dag' retrieved from /home/airflow/.local/lib/python3.12/site-packages/airflow/example_dags/example_sla_dag.py
[2025-04-28T02:19:44.714+0000] {logging_mixin.py:188} INFO - [2025-04-28T02:19:44.714+0000] {dag.py:3096} INFO - Sync 1 DAGs
[2025-04-28T02:19:44.729+0000] {logging_mixin.py:188} INFO - [2025-04-28T02:19:44.729+0000] {dag.py:3954} INFO - Setting next_dagrun for example_sla_dag to 2025-04-28 02:16:00+00:00, run_after=2025-04-28 02:18:00+00:00
[2025-04-28T02:19:44.736+0000] {processor.py:183} INFO - Processing /home/airflow/.local/lib/python3.12/site-packages/airflow/example_dags/example_sla_dag.py took 0.109 seconds
[2025-04-28T02:20:15.740+0000] {processor.py:161} INFO - Started process (PID=1141) to work on /home/airflow/.local/lib/python3.12/site-packages/airflow/example_dags/example_sla_dag.py
[2025-04-28T02:20:15.740+0000] {processor.py:830} INFO - Processing file /home/airflow/.local/lib/python3.12/site-packages/airflow/example_dags/example_sla_dag.py for tasks to queue
[2025-04-28T02:20:15.742+0000] {logging_mixin.py:188} INFO - [2025-04-28T02:20:15.741+0000] {dagbag.py:540} INFO - Filling up the DagBag from /home/airflow/.local/lib/python3.12/site-packages/airflow/example_dags/example_sla_dag.py
[2025-04-28T02:20:15.747+0000] {processor.py:840} INFO - DAG(s) 'example_sla_dag' retrieved from /home/airflow/.local/lib/python3.12/site-packages/airflow/example_dags/example_sla_dag.py
[2025-04-28T02:20:15.763+0000] {logging_mixin.py:188} INFO - [2025-04-28T02:20:15.763+0000] {dag.py:3096} INFO - Sync 1 DAGs
[2025-04-28T02:20:15.774+0000] {logging_mixin.py:188} INFO - [2025-04-28T02:20:15.774+0000] {dag.py:3954} INFO - Setting next_dagrun for example_sla_dag to 2025-04-28 02:18:00+00:00, run_after=2025-04-28 02:20:00+00:00
[2025-04-28T02:20:15.783+0000] {processor.py:183} INFO - Processing /home/airflow/.local/lib/python3.12/site-packages/airflow/example_dags/example_sla_dag.py took 0.049 seconds
[2025-04-28T02:20:46.361+0000] {processor.py:161} INFO - Started process (PID=1200) to work on /home/airflow/.local/lib/python3.12/site-packages/airflow/example_dags/example_sla_dag.py
[2025-04-28T02:20:46.362+0000] {processor.py:830} INFO - Processing file /home/airflow/.local/lib/python3.12/site-packages/airflow/example_dags/example_sla_dag.py for tasks to queue
[2025-04-28T02:20:46.363+0000] {logging_mixin.py:188} INFO - [2025-04-28T02:20:46.363+0000] {dagbag.py:540} INFO - Filling up the DagBag from /home/airflow/.local/lib/python3.12/site-packages/airflow/example_dags/example_sla_dag.py
[2025-04-28T02:20:46.373+0000] {processor.py:840} INFO - DAG(s) 'example_sla_dag' retrieved from /home/airflow/.local/lib/python3.12/site-packages/airflow/example_dags/example_sla_dag.py
[2025-04-28T02:20:46.385+0000] {logging_mixin.py:188} INFO - [2025-04-28T02:20:46.384+0000] {dag.py:3096} INFO - Sync 1 DAGs
[2025-04-28T02:20:46.395+0000] {logging_mixin.py:188} INFO - [2025-04-28T02:20:46.395+0000] {dag.py:3954} INFO - Setting next_dagrun for example_sla_dag to 2025-04-28 02:18:00+00:00, run_after=2025-04-28 02:20:00+00:00
[2025-04-28T02:20:46.404+0000] {processor.py:183} INFO - Processing /home/airflow/.local/lib/python3.12/site-packages/airflow/example_dags/example_sla_dag.py took 0.048 seconds
[2025-04-28T02:21:17.013+0000] {processor.py:161} INFO - Started process (PID=1259) to work on /home/airflow/.local/lib/python3.12/site-packages/airflow/example_dags/example_sla_dag.py
[2025-04-28T02:21:17.013+0000] {processor.py:830} INFO - Processing file /home/airflow/.local/lib/python3.12/site-packages/airflow/example_dags/example_sla_dag.py for tasks to queue
[2025-04-28T02:21:17.015+0000] {logging_mixin.py:188} INFO - [2025-04-28T02:21:17.014+0000] {dagbag.py:540} INFO - Filling up the DagBag from /home/airflow/.local/lib/python3.12/site-packages/airflow/example_dags/example_sla_dag.py
[2025-04-28T02:21:17.020+0000] {processor.py:840} INFO - DAG(s) 'example_sla_dag' retrieved from /home/airflow/.local/lib/python3.12/site-packages/airflow/example_dags/example_sla_dag.py
[2025-04-28T02:21:17.040+0000] {logging_mixin.py:188} INFO - [2025-04-28T02:21:17.040+0000] {dag.py:3096} INFO - Sync 1 DAGs
[2025-04-28T02:21:17.053+0000] {logging_mixin.py:188} INFO - [2025-04-28T02:21:17.053+0000] {dag.py:3954} INFO - Setting next_dagrun for example_sla_dag to 2025-04-28 02:18:00+00:00, run_after=2025-04-28 02:20:00+00:00
[2025-04-28T02:21:17.063+0000] {processor.py:183} INFO - Processing /home/airflow/.local/lib/python3.12/site-packages/airflow/example_dags/example_sla_dag.py took 0.054 seconds
[2025-04-28T02:21:47.550+0000] {processor.py:161} INFO - Started process (PID=1318) to work on /home/airflow/.local/lib/python3.12/site-packages/airflow/example_dags/example_sla_dag.py
[2025-04-28T02:21:47.551+0000] {processor.py:830} INFO - Processing file /home/airflow/.local/lib/python3.12/site-packages/airflow/example_dags/example_sla_dag.py for tasks to queue
[2025-04-28T02:21:47.553+0000] {logging_mixin.py:188} INFO - [2025-04-28T02:21:47.552+0000] {dagbag.py:540} INFO - Filling up the DagBag from /home/airflow/.local/lib/python3.12/site-packages/airflow/example_dags/example_sla_dag.py
[2025-04-28T02:21:47.559+0000] {processor.py:840} INFO - DAG(s) 'example_sla_dag' retrieved from /home/airflow/.local/lib/python3.12/site-packages/airflow/example_dags/example_sla_dag.py
[2025-04-28T02:21:47.573+0000] {logging_mixin.py:188} INFO - [2025-04-28T02:21:47.572+0000] {dag.py:3096} INFO - Sync 1 DAGs
[2025-04-28T02:21:47.585+0000] {logging_mixin.py:188} INFO - [2025-04-28T02:21:47.585+0000] {dag.py:3954} INFO - Setting next_dagrun for example_sla_dag to 2025-04-28 02:18:00+00:00, run_after=2025-04-28 02:20:00+00:00
[2025-04-28T02:21:47.595+0000] {processor.py:183} INFO - Processing /home/airflow/.local/lib/python3.12/site-packages/airflow/example_dags/example_sla_dag.py took 0.051 seconds
[2025-04-28T02:22:18.142+0000] {processor.py:161} INFO - Started process (PID=1377) to work on /home/airflow/.local/lib/python3.12/site-packages/airflow/example_dags/example_sla_dag.py
[2025-04-28T02:22:18.143+0000] {processor.py:830} INFO - Processing file /home/airflow/.local/lib/python3.12/site-packages/airflow/example_dags/example_sla_dag.py for tasks to queue
[2025-04-28T02:22:18.144+0000] {logging_mixin.py:188} INFO - [2025-04-28T02:22:18.144+0000] {dagbag.py:540} INFO - Filling up the DagBag from /home/airflow/.local/lib/python3.12/site-packages/airflow/example_dags/example_sla_dag.py
[2025-04-28T02:22:18.150+0000] {processor.py:840} INFO - DAG(s) 'example_sla_dag' retrieved from /home/airflow/.local/lib/python3.12/site-packages/airflow/example_dags/example_sla_dag.py
[2025-04-28T02:22:18.162+0000] {logging_mixin.py:188} INFO - [2025-04-28T02:22:18.162+0000] {dag.py:3096} INFO - Sync 1 DAGs
[2025-04-28T02:22:18.177+0000] {logging_mixin.py:188} INFO - [2025-04-28T02:22:18.177+0000] {dag.py:3954} INFO - Setting next_dagrun for example_sla_dag to 2025-04-28 02:20:00+00:00, run_after=2025-04-28 02:22:00+00:00
[2025-04-28T02:22:18.191+0000] {processor.py:183} INFO - Processing /home/airflow/.local/lib/python3.12/site-packages/airflow/example_dags/example_sla_dag.py took 0.057 seconds
[2025-04-28T02:22:48.601+0000] {processor.py:161} INFO - Started process (PID=1436) to work on /home/airflow/.local/lib/python3.12/site-packages/airflow/example_dags/example_sla_dag.py
[2025-04-28T02:22:48.602+0000] {processor.py:830} INFO - Processing file /home/airflow/.local/lib/python3.12/site-packages/airflow/example_dags/example_sla_dag.py for tasks to queue
[2025-04-28T02:22:48.604+0000] {logging_mixin.py:188} INFO - [2025-04-28T02:22:48.604+0000] {dagbag.py:540} INFO - Filling up the DagBag from /home/airflow/.local/lib/python3.12/site-packages/airflow/example_dags/example_sla_dag.py
[2025-04-28T02:22:48.611+0000] {processor.py:840} INFO - DAG(s) 'example_sla_dag' retrieved from /home/airflow/.local/lib/python3.12/site-packages/airflow/example_dags/example_sla_dag.py
[2025-04-28T02:22:48.626+0000] {logging_mixin.py:188} INFO - [2025-04-28T02:22:48.626+0000] {dag.py:3096} INFO - Sync 1 DAGs
[2025-04-28T02:22:48.637+0000] {logging_mixin.py:188} INFO - [2025-04-28T02:22:48.637+0000] {dag.py:3954} INFO - Setting next_dagrun for example_sla_dag to 2025-04-28 02:20:00+00:00, run_after=2025-04-28 02:22:00+00:00
[2025-04-28T02:22:48.645+0000] {processor.py:183} INFO - Processing /home/airflow/.local/lib/python3.12/site-packages/airflow/example_dags/example_sla_dag.py took 0.049 seconds
[2025-04-28T02:23:19.279+0000] {processor.py:161} INFO - Started process (PID=1495) to work on /home/airflow/.local/lib/python3.12/site-packages/airflow/example_dags/example_sla_dag.py
[2025-04-28T02:23:19.281+0000] {processor.py:830} INFO - Processing file /home/airflow/.local/lib/python3.12/site-packages/airflow/example_dags/example_sla_dag.py for tasks to queue
[2025-04-28T02:23:19.282+0000] {logging_mixin.py:188} INFO - [2025-04-28T02:23:19.282+0000] {dagbag.py:540} INFO - Filling up the DagBag from /home/airflow/.local/lib/python3.12/site-packages/airflow/example_dags/example_sla_dag.py
[2025-04-28T02:23:19.292+0000] {processor.py:840} INFO - DAG(s) 'example_sla_dag' retrieved from /home/airflow/.local/lib/python3.12/site-packages/airflow/example_dags/example_sla_dag.py
[2025-04-28T02:23:19.305+0000] {logging_mixin.py:188} INFO - [2025-04-28T02:23:19.305+0000] {dag.py:3096} INFO - Sync 1 DAGs
[2025-04-28T02:23:19.318+0000] {logging_mixin.py:188} INFO - [2025-04-28T02:23:19.318+0000] {dag.py:3954} INFO - Setting next_dagrun for example_sla_dag to 2025-04-28 02:20:00+00:00, run_after=2025-04-28 02:22:00+00:00
[2025-04-28T02:23:19.326+0000] {processor.py:183} INFO - Processing /home/airflow/.local/lib/python3.12/site-packages/airflow/example_dags/example_sla_dag.py took 0.052 seconds
