[2025-04-28T02:11:02.288+0000] {processor.py:161} INFO - Started process (PID=52) to work on /home/airflow/.local/lib/python3.12/site-packages/airflow/example_dags/example_time_delta_sensor_async.py
[2025-04-28T02:11:02.289+0000] {processor.py:830} INFO - Processing file /home/airflow/.local/lib/python3.12/site-packages/airflow/example_dags/example_time_delta_sensor_async.py for tasks to queue
[2025-04-28T02:11:02.290+0000] {logging_mixin.py:188} INFO - [2025-04-28T02:11:02.290+0000] {dagbag.py:540} INFO - Filling up the DagBag from /home/airflow/.local/lib/python3.12/site-packages/airflow/example_dags/example_time_delta_sensor_async.py
[2025-04-28T02:11:02.294+0000] {processor.py:840} INFO - DAG(s) 'example_time_delta_sensor_async' retrieved from /home/airflow/.local/lib/python3.12/site-packages/airflow/example_dags/example_time_delta_sensor_async.py
[2025-04-28T02:11:02.302+0000] {logging_mixin.py:188} INFO - [2025-04-28T02:11:02.302+0000] {dag.py:3096} INFO - Sync 1 DAGs
[2025-04-28T02:11:02.309+0000] {logging_mixin.py:188} INFO - [2025-04-28T02:11:02.309+0000] {dag.py:3954} INFO - Setting next_dagrun for example_time_delta_sensor_async to None, run_after=None
[2025-04-28T02:11:02.317+0000] {processor.py:183} INFO - Processing /home/airflow/.local/lib/python3.12/site-packages/airflow/example_dags/example_time_delta_sensor_async.py took 0.031 seconds
[2025-04-28T02:11:32.606+0000] {processor.py:161} INFO - Started process (PID=110) to work on /home/airflow/.local/lib/python3.12/site-packages/airflow/example_dags/example_time_delta_sensor_async.py
[2025-04-28T02:11:32.606+0000] {processor.py:830} INFO - Processing file /home/airflow/.local/lib/python3.12/site-packages/airflow/example_dags/example_time_delta_sensor_async.py for tasks to queue
[2025-04-28T02:11:32.607+0000] {logging_mixin.py:188} INFO - [2025-04-28T02:11:32.607+0000] {dagbag.py:540} INFO - Filling up the DagBag from /home/airflow/.local/lib/python3.12/site-packages/airflow/example_dags/example_time_delta_sensor_async.py
[2025-04-28T02:11:32.610+0000] {processor.py:840} INFO - DAG(s) 'example_time_delta_sensor_async' retrieved from /home/airflow/.local/lib/python3.12/site-packages/airflow/example_dags/example_time_delta_sensor_async.py
[2025-04-28T02:11:32.647+0000] {logging_mixin.py:188} INFO - [2025-04-28T02:11:32.647+0000] {dag.py:3096} INFO - Sync 1 DAGs
[2025-04-28T02:11:32.651+0000] {logging_mixin.py:188} INFO - [2025-04-28T02:11:32.651+0000] {dag.py:3954} INFO - Setting next_dagrun for example_time_delta_sensor_async to None, run_after=None
[2025-04-28T02:11:32.662+0000] {processor.py:183} INFO - Processing /home/airflow/.local/lib/python3.12/site-packages/airflow/example_dags/example_time_delta_sensor_async.py took 0.059 seconds
[2025-04-28T02:12:03.645+0000] {processor.py:161} INFO - Started process (PID=168) to work on /home/airflow/.local/lib/python3.12/site-packages/airflow/example_dags/example_time_delta_sensor_async.py
[2025-04-28T02:12:03.647+0000] {processor.py:830} INFO - Processing file /home/airflow/.local/lib/python3.12/site-packages/airflow/example_dags/example_time_delta_sensor_async.py for tasks to queue
[2025-04-28T02:12:03.648+0000] {logging_mixin.py:188} INFO - [2025-04-28T02:12:03.648+0000] {dagbag.py:540} INFO - Filling up the DagBag from /home/airflow/.local/lib/python3.12/site-packages/airflow/example_dags/example_time_delta_sensor_async.py
[2025-04-28T02:12:03.650+0000] {processor.py:840} INFO - DAG(s) 'example_time_delta_sensor_async' retrieved from /home/airflow/.local/lib/python3.12/site-packages/airflow/example_dags/example_time_delta_sensor_async.py
[2025-04-28T02:12:03.658+0000] {logging_mixin.py:188} INFO - [2025-04-28T02:12:03.658+0000] {dag.py:3096} INFO - Sync 1 DAGs
[2025-04-28T02:12:03.663+0000] {logging_mixin.py:188} INFO - [2025-04-28T02:12:03.663+0000] {dag.py:3954} INFO - Setting next_dagrun for example_time_delta_sensor_async to None, run_after=None
[2025-04-28T02:12:03.675+0000] {processor.py:183} INFO - Processing /home/airflow/.local/lib/python3.12/site-packages/airflow/example_dags/example_time_delta_sensor_async.py took 0.032 seconds
[2025-04-28T02:12:34.199+0000] {processor.py:161} INFO - Started process (PID=226) to work on /home/airflow/.local/lib/python3.12/site-packages/airflow/example_dags/example_time_delta_sensor_async.py
[2025-04-28T02:12:34.200+0000] {processor.py:830} INFO - Processing file /home/airflow/.local/lib/python3.12/site-packages/airflow/example_dags/example_time_delta_sensor_async.py for tasks to queue
[2025-04-28T02:12:34.200+0000] {logging_mixin.py:188} INFO - [2025-04-28T02:12:34.200+0000] {dagbag.py:540} INFO - Filling up the DagBag from /home/airflow/.local/lib/python3.12/site-packages/airflow/example_dags/example_time_delta_sensor_async.py
[2025-04-28T02:12:34.202+0000] {processor.py:840} INFO - DAG(s) 'example_time_delta_sensor_async' retrieved from /home/airflow/.local/lib/python3.12/site-packages/airflow/example_dags/example_time_delta_sensor_async.py
[2025-04-28T02:12:34.210+0000] {logging_mixin.py:188} INFO - [2025-04-28T02:12:34.210+0000] {dag.py:3096} INFO - Sync 1 DAGs
[2025-04-28T02:12:34.215+0000] {logging_mixin.py:188} INFO - [2025-04-28T02:12:34.215+0000] {dag.py:3954} INFO - Setting next_dagrun for example_time_delta_sensor_async to None, run_after=None
[2025-04-28T02:12:34.225+0000] {processor.py:183} INFO - Processing /home/airflow/.local/lib/python3.12/site-packages/airflow/example_dags/example_time_delta_sensor_async.py took 0.028 seconds
[2025-04-28T02:13:04.674+0000] {processor.py:161} INFO - Started process (PID=290) to work on /home/airflow/.local/lib/python3.12/site-packages/airflow/example_dags/example_time_delta_sensor_async.py
[2025-04-28T02:13:04.674+0000] {processor.py:830} INFO - Processing file /home/airflow/.local/lib/python3.12/site-packages/airflow/example_dags/example_time_delta_sensor_async.py for tasks to queue
[2025-04-28T02:13:04.675+0000] {logging_mixin.py:188} INFO - [2025-04-28T02:13:04.675+0000] {dagbag.py:540} INFO - Filling up the DagBag from /home/airflow/.local/lib/python3.12/site-packages/airflow/example_dags/example_time_delta_sensor_async.py
[2025-04-28T02:13:04.678+0000] {processor.py:840} INFO - DAG(s) 'example_time_delta_sensor_async' retrieved from /home/airflow/.local/lib/python3.12/site-packages/airflow/example_dags/example_time_delta_sensor_async.py
[2025-04-28T02:13:04.688+0000] {logging_mixin.py:188} INFO - [2025-04-28T02:13:04.688+0000] {dag.py:3096} INFO - Sync 1 DAGs
[2025-04-28T02:13:04.693+0000] {logging_mixin.py:188} INFO - [2025-04-28T02:13:04.692+0000] {dag.py:3954} INFO - Setting next_dagrun for example_time_delta_sensor_async to None, run_after=None
[2025-04-28T02:13:04.700+0000] {processor.py:183} INFO - Processing /home/airflow/.local/lib/python3.12/site-packages/airflow/example_dags/example_time_delta_sensor_async.py took 0.028 seconds
[2025-04-28T02:13:35.167+0000] {processor.py:161} INFO - Started process (PID=348) to work on /home/airflow/.local/lib/python3.12/site-packages/airflow/example_dags/example_time_delta_sensor_async.py
[2025-04-28T02:13:35.167+0000] {processor.py:830} INFO - Processing file /home/airflow/.local/lib/python3.12/site-packages/airflow/example_dags/example_time_delta_sensor_async.py for tasks to queue
[2025-04-28T02:13:35.168+0000] {logging_mixin.py:188} INFO - [2025-04-28T02:13:35.168+0000] {dagbag.py:540} INFO - Filling up the DagBag from /home/airflow/.local/lib/python3.12/site-packages/airflow/example_dags/example_time_delta_sensor_async.py
[2025-04-28T02:13:35.170+0000] {processor.py:840} INFO - DAG(s) 'example_time_delta_sensor_async' retrieved from /home/airflow/.local/lib/python3.12/site-packages/airflow/example_dags/example_time_delta_sensor_async.py
[2025-04-28T02:13:35.178+0000] {logging_mixin.py:188} INFO - [2025-04-28T02:13:35.177+0000] {dag.py:3096} INFO - Sync 1 DAGs
[2025-04-28T02:13:35.182+0000] {logging_mixin.py:188} INFO - [2025-04-28T02:13:35.182+0000] {dag.py:3954} INFO - Setting next_dagrun for example_time_delta_sensor_async to None, run_after=None
[2025-04-28T02:13:35.188+0000] {processor.py:183} INFO - Processing /home/airflow/.local/lib/python3.12/site-packages/airflow/example_dags/example_time_delta_sensor_async.py took 0.023 seconds
[2025-04-28T02:14:05.688+0000] {processor.py:161} INFO - Started process (PID=406) to work on /home/airflow/.local/lib/python3.12/site-packages/airflow/example_dags/example_time_delta_sensor_async.py
[2025-04-28T02:14:05.688+0000] {processor.py:830} INFO - Processing file /home/airflow/.local/lib/python3.12/site-packages/airflow/example_dags/example_time_delta_sensor_async.py for tasks to queue
[2025-04-28T02:14:05.689+0000] {logging_mixin.py:188} INFO - [2025-04-28T02:14:05.689+0000] {dagbag.py:540} INFO - Filling up the DagBag from /home/airflow/.local/lib/python3.12/site-packages/airflow/example_dags/example_time_delta_sensor_async.py
[2025-04-28T02:14:05.691+0000] {processor.py:840} INFO - DAG(s) 'example_time_delta_sensor_async' retrieved from /home/airflow/.local/lib/python3.12/site-packages/airflow/example_dags/example_time_delta_sensor_async.py
[2025-04-28T02:14:05.698+0000] {logging_mixin.py:188} INFO - [2025-04-28T02:14:05.698+0000] {dag.py:3096} INFO - Sync 1 DAGs
[2025-04-28T02:14:05.705+0000] {logging_mixin.py:188} INFO - [2025-04-28T02:14:05.705+0000] {dag.py:3954} INFO - Setting next_dagrun for example_time_delta_sensor_async to None, run_after=None
[2025-04-28T02:14:05.714+0000] {processor.py:183} INFO - Processing /home/airflow/.local/lib/python3.12/site-packages/airflow/example_dags/example_time_delta_sensor_async.py took 0.030 seconds
[2025-04-28T02:14:36.153+0000] {processor.py:161} INFO - Started process (PID=464) to work on /home/airflow/.local/lib/python3.12/site-packages/airflow/example_dags/example_time_delta_sensor_async.py
[2025-04-28T02:14:36.154+0000] {processor.py:830} INFO - Processing file /home/airflow/.local/lib/python3.12/site-packages/airflow/example_dags/example_time_delta_sensor_async.py for tasks to queue
[2025-04-28T02:14:36.155+0000] {logging_mixin.py:188} INFO - [2025-04-28T02:14:36.155+0000] {dagbag.py:540} INFO - Filling up the DagBag from /home/airflow/.local/lib/python3.12/site-packages/airflow/example_dags/example_time_delta_sensor_async.py
[2025-04-28T02:14:36.158+0000] {processor.py:840} INFO - DAG(s) 'example_time_delta_sensor_async' retrieved from /home/airflow/.local/lib/python3.12/site-packages/airflow/example_dags/example_time_delta_sensor_async.py
[2025-04-28T02:14:36.166+0000] {logging_mixin.py:188} INFO - [2025-04-28T02:14:36.166+0000] {dag.py:3096} INFO - Sync 1 DAGs
[2025-04-28T02:14:36.173+0000] {logging_mixin.py:188} INFO - [2025-04-28T02:14:36.172+0000] {dag.py:3954} INFO - Setting next_dagrun for example_time_delta_sensor_async to None, run_after=None
[2025-04-28T02:14:36.184+0000] {processor.py:183} INFO - Processing /home/airflow/.local/lib/python3.12/site-packages/airflow/example_dags/example_time_delta_sensor_async.py took 0.034 seconds
[2025-04-28T02:15:06.988+0000] {processor.py:161} INFO - Started process (PID=522) to work on /home/airflow/.local/lib/python3.12/site-packages/airflow/example_dags/example_time_delta_sensor_async.py
[2025-04-28T02:15:06.988+0000] {processor.py:830} INFO - Processing file /home/airflow/.local/lib/python3.12/site-packages/airflow/example_dags/example_time_delta_sensor_async.py for tasks to queue
[2025-04-28T02:15:06.989+0000] {logging_mixin.py:188} INFO - [2025-04-28T02:15:06.989+0000] {dagbag.py:540} INFO - Filling up the DagBag from /home/airflow/.local/lib/python3.12/site-packages/airflow/example_dags/example_time_delta_sensor_async.py
[2025-04-28T02:15:06.991+0000] {processor.py:840} INFO - DAG(s) 'example_time_delta_sensor_async' retrieved from /home/airflow/.local/lib/python3.12/site-packages/airflow/example_dags/example_time_delta_sensor_async.py
[2025-04-28T02:15:07.025+0000] {logging_mixin.py:188} INFO - [2025-04-28T02:15:07.025+0000] {dag.py:3096} INFO - Sync 1 DAGs
[2025-04-28T02:15:07.084+0000] {logging_mixin.py:188} INFO - [2025-04-28T02:15:07.084+0000] {dag.py:3954} INFO - Setting next_dagrun for example_time_delta_sensor_async to None, run_after=None
[2025-04-28T02:15:07.091+0000] {processor.py:183} INFO - Processing /home/airflow/.local/lib/python3.12/site-packages/airflow/example_dags/example_time_delta_sensor_async.py took 0.105 seconds
[2025-04-28T02:15:37.860+0000] {processor.py:161} INFO - Started process (PID=580) to work on /home/airflow/.local/lib/python3.12/site-packages/airflow/example_dags/example_time_delta_sensor_async.py
[2025-04-28T02:15:37.864+0000] {processor.py:830} INFO - Processing file /home/airflow/.local/lib/python3.12/site-packages/airflow/example_dags/example_time_delta_sensor_async.py for tasks to queue
[2025-04-28T02:15:37.865+0000] {logging_mixin.py:188} INFO - [2025-04-28T02:15:37.864+0000] {dagbag.py:540} INFO - Filling up the DagBag from /home/airflow/.local/lib/python3.12/site-packages/airflow/example_dags/example_time_delta_sensor_async.py
[2025-04-28T02:15:37.867+0000] {processor.py:840} INFO - DAG(s) 'example_time_delta_sensor_async' retrieved from /home/airflow/.local/lib/python3.12/site-packages/airflow/example_dags/example_time_delta_sensor_async.py
[2025-04-28T02:15:37.876+0000] {logging_mixin.py:188} INFO - [2025-04-28T02:15:37.876+0000] {dag.py:3096} INFO - Sync 1 DAGs
[2025-04-28T02:15:37.881+0000] {logging_mixin.py:188} INFO - [2025-04-28T02:15:37.881+0000] {dag.py:3954} INFO - Setting next_dagrun for example_time_delta_sensor_async to None, run_after=None
[2025-04-28T02:15:37.888+0000] {processor.py:183} INFO - Processing /home/airflow/.local/lib/python3.12/site-packages/airflow/example_dags/example_time_delta_sensor_async.py took 0.030 seconds
[2025-04-28T02:16:08.408+0000] {processor.py:161} INFO - Started process (PID=638) to work on /home/airflow/.local/lib/python3.12/site-packages/airflow/example_dags/example_time_delta_sensor_async.py
[2025-04-28T02:16:08.408+0000] {processor.py:830} INFO - Processing file /home/airflow/.local/lib/python3.12/site-packages/airflow/example_dags/example_time_delta_sensor_async.py for tasks to queue
[2025-04-28T02:16:08.409+0000] {logging_mixin.py:188} INFO - [2025-04-28T02:16:08.409+0000] {dagbag.py:540} INFO - Filling up the DagBag from /home/airflow/.local/lib/python3.12/site-packages/airflow/example_dags/example_time_delta_sensor_async.py
[2025-04-28T02:16:08.411+0000] {processor.py:840} INFO - DAG(s) 'example_time_delta_sensor_async' retrieved from /home/airflow/.local/lib/python3.12/site-packages/airflow/example_dags/example_time_delta_sensor_async.py
[2025-04-28T02:16:08.418+0000] {logging_mixin.py:188} INFO - [2025-04-28T02:16:08.418+0000] {dag.py:3096} INFO - Sync 1 DAGs
[2025-04-28T02:16:08.424+0000] {logging_mixin.py:188} INFO - [2025-04-28T02:16:08.424+0000] {dag.py:3954} INFO - Setting next_dagrun for example_time_delta_sensor_async to None, run_after=None
[2025-04-28T02:16:08.434+0000] {processor.py:183} INFO - Processing /home/airflow/.local/lib/python3.12/site-packages/airflow/example_dags/example_time_delta_sensor_async.py took 0.029 seconds
[2025-04-28T02:16:39.016+0000] {processor.py:161} INFO - Started process (PID=697) to work on /home/airflow/.local/lib/python3.12/site-packages/airflow/example_dags/example_time_delta_sensor_async.py
[2025-04-28T02:16:39.017+0000] {processor.py:830} INFO - Processing file /home/airflow/.local/lib/python3.12/site-packages/airflow/example_dags/example_time_delta_sensor_async.py for tasks to queue
[2025-04-28T02:16:39.017+0000] {logging_mixin.py:188} INFO - [2025-04-28T02:16:39.017+0000] {dagbag.py:540} INFO - Filling up the DagBag from /home/airflow/.local/lib/python3.12/site-packages/airflow/example_dags/example_time_delta_sensor_async.py
[2025-04-28T02:16:39.019+0000] {processor.py:840} INFO - DAG(s) 'example_time_delta_sensor_async' retrieved from /home/airflow/.local/lib/python3.12/site-packages/airflow/example_dags/example_time_delta_sensor_async.py
[2025-04-28T02:16:39.027+0000] {logging_mixin.py:188} INFO - [2025-04-28T02:16:39.027+0000] {dag.py:3096} INFO - Sync 1 DAGs
[2025-04-28T02:16:39.032+0000] {logging_mixin.py:188} INFO - [2025-04-28T02:16:39.032+0000] {dag.py:3954} INFO - Setting next_dagrun for example_time_delta_sensor_async to None, run_after=None
[2025-04-28T02:16:39.038+0000] {processor.py:183} INFO - Processing /home/airflow/.local/lib/python3.12/site-packages/airflow/example_dags/example_time_delta_sensor_async.py took 0.025 seconds
[2025-04-28T02:17:09.647+0000] {processor.py:161} INFO - Started process (PID=756) to work on /home/airflow/.local/lib/python3.12/site-packages/airflow/example_dags/example_time_delta_sensor_async.py
[2025-04-28T02:17:09.647+0000] {processor.py:830} INFO - Processing file /home/airflow/.local/lib/python3.12/site-packages/airflow/example_dags/example_time_delta_sensor_async.py for tasks to queue
[2025-04-28T02:17:09.649+0000] {logging_mixin.py:188} INFO - [2025-04-28T02:17:09.648+0000] {dagbag.py:540} INFO - Filling up the DagBag from /home/airflow/.local/lib/python3.12/site-packages/airflow/example_dags/example_time_delta_sensor_async.py
[2025-04-28T02:17:09.651+0000] {processor.py:840} INFO - DAG(s) 'example_time_delta_sensor_async' retrieved from /home/airflow/.local/lib/python3.12/site-packages/airflow/example_dags/example_time_delta_sensor_async.py
[2025-04-28T02:17:09.659+0000] {logging_mixin.py:188} INFO - [2025-04-28T02:17:09.659+0000] {dag.py:3096} INFO - Sync 1 DAGs
[2025-04-28T02:17:09.665+0000] {logging_mixin.py:188} INFO - [2025-04-28T02:17:09.665+0000] {dag.py:3954} INFO - Setting next_dagrun for example_time_delta_sensor_async to None, run_after=None
[2025-04-28T02:17:09.671+0000] {processor.py:183} INFO - Processing /home/airflow/.local/lib/python3.12/site-packages/airflow/example_dags/example_time_delta_sensor_async.py took 0.027 seconds
[2025-04-28T02:17:40.458+0000] {processor.py:161} INFO - Started process (PID=815) to work on /home/airflow/.local/lib/python3.12/site-packages/airflow/example_dags/example_time_delta_sensor_async.py
[2025-04-28T02:17:40.460+0000] {processor.py:830} INFO - Processing file /home/airflow/.local/lib/python3.12/site-packages/airflow/example_dags/example_time_delta_sensor_async.py for tasks to queue
[2025-04-28T02:17:40.461+0000] {logging_mixin.py:188} INFO - [2025-04-28T02:17:40.461+0000] {dagbag.py:540} INFO - Filling up the DagBag from /home/airflow/.local/lib/python3.12/site-packages/airflow/example_dags/example_time_delta_sensor_async.py
[2025-04-28T02:17:40.463+0000] {processor.py:840} INFO - DAG(s) 'example_time_delta_sensor_async' retrieved from /home/airflow/.local/lib/python3.12/site-packages/airflow/example_dags/example_time_delta_sensor_async.py
[2025-04-28T02:17:40.473+0000] {logging_mixin.py:188} INFO - [2025-04-28T02:17:40.473+0000] {dag.py:3096} INFO - Sync 1 DAGs
[2025-04-28T02:17:40.478+0000] {logging_mixin.py:188} INFO - [2025-04-28T02:17:40.478+0000] {dag.py:3954} INFO - Setting next_dagrun for example_time_delta_sensor_async to None, run_after=None
[2025-04-28T02:17:40.484+0000] {processor.py:183} INFO - Processing /home/airflow/.local/lib/python3.12/site-packages/airflow/example_dags/example_time_delta_sensor_async.py took 0.029 seconds
[2025-04-28T02:18:11.233+0000] {processor.py:161} INFO - Started process (PID=878) to work on /home/airflow/.local/lib/python3.12/site-packages/airflow/example_dags/example_time_delta_sensor_async.py
[2025-04-28T02:18:11.234+0000] {processor.py:830} INFO - Processing file /home/airflow/.local/lib/python3.12/site-packages/airflow/example_dags/example_time_delta_sensor_async.py for tasks to queue
[2025-04-28T02:18:11.235+0000] {logging_mixin.py:188} INFO - [2025-04-28T02:18:11.235+0000] {dagbag.py:540} INFO - Filling up the DagBag from /home/airflow/.local/lib/python3.12/site-packages/airflow/example_dags/example_time_delta_sensor_async.py
[2025-04-28T02:18:11.237+0000] {processor.py:840} INFO - DAG(s) 'example_time_delta_sensor_async' retrieved from /home/airflow/.local/lib/python3.12/site-packages/airflow/example_dags/example_time_delta_sensor_async.py
[2025-04-28T02:18:11.247+0000] {logging_mixin.py:188} INFO - [2025-04-28T02:18:11.247+0000] {dag.py:3096} INFO - Sync 1 DAGs
[2025-04-28T02:18:11.254+0000] {logging_mixin.py:188} INFO - [2025-04-28T02:18:11.254+0000] {dag.py:3954} INFO - Setting next_dagrun for example_time_delta_sensor_async to None, run_after=None
[2025-04-28T02:18:11.265+0000] {processor.py:183} INFO - Processing /home/airflow/.local/lib/python3.12/site-packages/airflow/example_dags/example_time_delta_sensor_async.py took 0.034 seconds
[2025-04-28T02:18:41.994+0000] {processor.py:161} INFO - Started process (PID=937) to work on /home/airflow/.local/lib/python3.12/site-packages/airflow/example_dags/example_time_delta_sensor_async.py
[2025-04-28T02:18:41.995+0000] {processor.py:830} INFO - Processing file /home/airflow/.local/lib/python3.12/site-packages/airflow/example_dags/example_time_delta_sensor_async.py for tasks to queue
[2025-04-28T02:18:41.996+0000] {logging_mixin.py:188} INFO - [2025-04-28T02:18:41.996+0000] {dagbag.py:540} INFO - Filling up the DagBag from /home/airflow/.local/lib/python3.12/site-packages/airflow/example_dags/example_time_delta_sensor_async.py
[2025-04-28T02:18:41.998+0000] {processor.py:840} INFO - DAG(s) 'example_time_delta_sensor_async' retrieved from /home/airflow/.local/lib/python3.12/site-packages/airflow/example_dags/example_time_delta_sensor_async.py
[2025-04-28T02:18:42.006+0000] {logging_mixin.py:188} INFO - [2025-04-28T02:18:42.006+0000] {dag.py:3096} INFO - Sync 1 DAGs
[2025-04-28T02:18:42.012+0000] {logging_mixin.py:188} INFO - [2025-04-28T02:18:42.012+0000] {dag.py:3954} INFO - Setting next_dagrun for example_time_delta_sensor_async to None, run_after=None
[2025-04-28T02:18:42.022+0000] {processor.py:183} INFO - Processing /home/airflow/.local/lib/python3.12/site-packages/airflow/example_dags/example_time_delta_sensor_async.py took 0.031 seconds
[2025-04-28T02:19:12.743+0000] {processor.py:161} INFO - Started process (PID=996) to work on /home/airflow/.local/lib/python3.12/site-packages/airflow/example_dags/example_time_delta_sensor_async.py
[2025-04-28T02:19:12.744+0000] {processor.py:830} INFO - Processing file /home/airflow/.local/lib/python3.12/site-packages/airflow/example_dags/example_time_delta_sensor_async.py for tasks to queue
[2025-04-28T02:19:12.745+0000] {logging_mixin.py:188} INFO - [2025-04-28T02:19:12.745+0000] {dagbag.py:540} INFO - Filling up the DagBag from /home/airflow/.local/lib/python3.12/site-packages/airflow/example_dags/example_time_delta_sensor_async.py
[2025-04-28T02:19:12.748+0000] {processor.py:840} INFO - DAG(s) 'example_time_delta_sensor_async' retrieved from /home/airflow/.local/lib/python3.12/site-packages/airflow/example_dags/example_time_delta_sensor_async.py
[2025-04-28T02:19:12.756+0000] {logging_mixin.py:188} INFO - [2025-04-28T02:19:12.756+0000] {dag.py:3096} INFO - Sync 1 DAGs
[2025-04-28T02:19:12.762+0000] {logging_mixin.py:188} INFO - [2025-04-28T02:19:12.762+0000] {dag.py:3954} INFO - Setting next_dagrun for example_time_delta_sensor_async to None, run_after=None
[2025-04-28T02:19:12.834+0000] {processor.py:183} INFO - Processing /home/airflow/.local/lib/python3.12/site-packages/airflow/example_dags/example_time_delta_sensor_async.py took 0.093 seconds
[2025-04-28T02:19:42.966+0000] {processor.py:161} INFO - Started process (PID=1055) to work on /home/airflow/.local/lib/python3.12/site-packages/airflow/example_dags/example_time_delta_sensor_async.py
[2025-04-28T02:19:42.967+0000] {processor.py:830} INFO - Processing file /home/airflow/.local/lib/python3.12/site-packages/airflow/example_dags/example_time_delta_sensor_async.py for tasks to queue
[2025-04-28T02:19:42.968+0000] {logging_mixin.py:188} INFO - [2025-04-28T02:19:42.967+0000] {dagbag.py:540} INFO - Filling up the DagBag from /home/airflow/.local/lib/python3.12/site-packages/airflow/example_dags/example_time_delta_sensor_async.py
[2025-04-28T02:19:42.970+0000] {processor.py:840} INFO - DAG(s) 'example_time_delta_sensor_async' retrieved from /home/airflow/.local/lib/python3.12/site-packages/airflow/example_dags/example_time_delta_sensor_async.py
[2025-04-28T02:19:42.980+0000] {logging_mixin.py:188} INFO - [2025-04-28T02:19:42.980+0000] {dag.py:3096} INFO - Sync 1 DAGs
[2025-04-28T02:19:42.985+0000] {logging_mixin.py:188} INFO - [2025-04-28T02:19:42.985+0000] {dag.py:3954} INFO - Setting next_dagrun for example_time_delta_sensor_async to None, run_after=None
[2025-04-28T02:19:42.993+0000] {processor.py:183} INFO - Processing /home/airflow/.local/lib/python3.12/site-packages/airflow/example_dags/example_time_delta_sensor_async.py took 0.029 seconds
[2025-04-28T02:20:13.056+0000] {processor.py:161} INFO - Started process (PID=1114) to work on /home/airflow/.local/lib/python3.12/site-packages/airflow/example_dags/example_time_delta_sensor_async.py
[2025-04-28T02:20:13.056+0000] {processor.py:830} INFO - Processing file /home/airflow/.local/lib/python3.12/site-packages/airflow/example_dags/example_time_delta_sensor_async.py for tasks to queue
[2025-04-28T02:20:13.057+0000] {logging_mixin.py:188} INFO - [2025-04-28T02:20:13.057+0000] {dagbag.py:540} INFO - Filling up the DagBag from /home/airflow/.local/lib/python3.12/site-packages/airflow/example_dags/example_time_delta_sensor_async.py
[2025-04-28T02:20:13.060+0000] {processor.py:840} INFO - DAG(s) 'example_time_delta_sensor_async' retrieved from /home/airflow/.local/lib/python3.12/site-packages/airflow/example_dags/example_time_delta_sensor_async.py
[2025-04-28T02:20:13.068+0000] {logging_mixin.py:188} INFO - [2025-04-28T02:20:13.068+0000] {dag.py:3096} INFO - Sync 1 DAGs
[2025-04-28T02:20:13.073+0000] {logging_mixin.py:188} INFO - [2025-04-28T02:20:13.073+0000] {dag.py:3954} INFO - Setting next_dagrun for example_time_delta_sensor_async to None, run_after=None
[2025-04-28T02:20:13.080+0000] {processor.py:183} INFO - Processing /home/airflow/.local/lib/python3.12/site-packages/airflow/example_dags/example_time_delta_sensor_async.py took 0.027 seconds
[2025-04-28T02:20:43.610+0000] {processor.py:161} INFO - Started process (PID=1173) to work on /home/airflow/.local/lib/python3.12/site-packages/airflow/example_dags/example_time_delta_sensor_async.py
[2025-04-28T02:20:43.614+0000] {processor.py:830} INFO - Processing file /home/airflow/.local/lib/python3.12/site-packages/airflow/example_dags/example_time_delta_sensor_async.py for tasks to queue
[2025-04-28T02:20:43.615+0000] {logging_mixin.py:188} INFO - [2025-04-28T02:20:43.615+0000] {dagbag.py:540} INFO - Filling up the DagBag from /home/airflow/.local/lib/python3.12/site-packages/airflow/example_dags/example_time_delta_sensor_async.py
[2025-04-28T02:20:43.617+0000] {processor.py:840} INFO - DAG(s) 'example_time_delta_sensor_async' retrieved from /home/airflow/.local/lib/python3.12/site-packages/airflow/example_dags/example_time_delta_sensor_async.py
[2025-04-28T02:20:43.628+0000] {logging_mixin.py:188} INFO - [2025-04-28T02:20:43.627+0000] {dag.py:3096} INFO - Sync 1 DAGs
[2025-04-28T02:20:43.632+0000] {logging_mixin.py:188} INFO - [2025-04-28T02:20:43.632+0000] {dag.py:3954} INFO - Setting next_dagrun for example_time_delta_sensor_async to None, run_after=None
[2025-04-28T02:20:43.641+0000] {processor.py:183} INFO - Processing /home/airflow/.local/lib/python3.12/site-packages/airflow/example_dags/example_time_delta_sensor_async.py took 0.034 seconds
[2025-04-28T02:21:14.260+0000] {processor.py:161} INFO - Started process (PID=1232) to work on /home/airflow/.local/lib/python3.12/site-packages/airflow/example_dags/example_time_delta_sensor_async.py
[2025-04-28T02:21:14.262+0000] {processor.py:830} INFO - Processing file /home/airflow/.local/lib/python3.12/site-packages/airflow/example_dags/example_time_delta_sensor_async.py for tasks to queue
[2025-04-28T02:21:14.264+0000] {logging_mixin.py:188} INFO - [2025-04-28T02:21:14.264+0000] {dagbag.py:540} INFO - Filling up the DagBag from /home/airflow/.local/lib/python3.12/site-packages/airflow/example_dags/example_time_delta_sensor_async.py
[2025-04-28T02:21:14.266+0000] {processor.py:840} INFO - DAG(s) 'example_time_delta_sensor_async' retrieved from /home/airflow/.local/lib/python3.12/site-packages/airflow/example_dags/example_time_delta_sensor_async.py
[2025-04-28T02:21:14.276+0000] {logging_mixin.py:188} INFO - [2025-04-28T02:21:14.276+0000] {dag.py:3096} INFO - Sync 1 DAGs
[2025-04-28T02:21:14.280+0000] {logging_mixin.py:188} INFO - [2025-04-28T02:21:14.280+0000] {dag.py:3954} INFO - Setting next_dagrun for example_time_delta_sensor_async to None, run_after=None
[2025-04-28T02:21:14.289+0000] {processor.py:183} INFO - Processing /home/airflow/.local/lib/python3.12/site-packages/airflow/example_dags/example_time_delta_sensor_async.py took 0.031 seconds
[2025-04-28T02:21:44.831+0000] {processor.py:161} INFO - Started process (PID=1291) to work on /home/airflow/.local/lib/python3.12/site-packages/airflow/example_dags/example_time_delta_sensor_async.py
[2025-04-28T02:21:44.834+0000] {processor.py:830} INFO - Processing file /home/airflow/.local/lib/python3.12/site-packages/airflow/example_dags/example_time_delta_sensor_async.py for tasks to queue
[2025-04-28T02:21:44.835+0000] {logging_mixin.py:188} INFO - [2025-04-28T02:21:44.835+0000] {dagbag.py:540} INFO - Filling up the DagBag from /home/airflow/.local/lib/python3.12/site-packages/airflow/example_dags/example_time_delta_sensor_async.py
[2025-04-28T02:21:44.837+0000] {processor.py:840} INFO - DAG(s) 'example_time_delta_sensor_async' retrieved from /home/airflow/.local/lib/python3.12/site-packages/airflow/example_dags/example_time_delta_sensor_async.py
[2025-04-28T02:21:44.845+0000] {logging_mixin.py:188} INFO - [2025-04-28T02:21:44.845+0000] {dag.py:3096} INFO - Sync 1 DAGs
[2025-04-28T02:21:44.852+0000] {logging_mixin.py:188} INFO - [2025-04-28T02:21:44.852+0000] {dag.py:3954} INFO - Setting next_dagrun for example_time_delta_sensor_async to None, run_after=None
[2025-04-28T02:21:44.859+0000] {processor.py:183} INFO - Processing /home/airflow/.local/lib/python3.12/site-packages/airflow/example_dags/example_time_delta_sensor_async.py took 0.031 seconds
[2025-04-28T02:22:15.378+0000] {processor.py:161} INFO - Started process (PID=1350) to work on /home/airflow/.local/lib/python3.12/site-packages/airflow/example_dags/example_time_delta_sensor_async.py
[2025-04-28T02:22:15.379+0000] {processor.py:830} INFO - Processing file /home/airflow/.local/lib/python3.12/site-packages/airflow/example_dags/example_time_delta_sensor_async.py for tasks to queue
[2025-04-28T02:22:15.380+0000] {logging_mixin.py:188} INFO - [2025-04-28T02:22:15.380+0000] {dagbag.py:540} INFO - Filling up the DagBag from /home/airflow/.local/lib/python3.12/site-packages/airflow/example_dags/example_time_delta_sensor_async.py
[2025-04-28T02:22:15.385+0000] {processor.py:840} INFO - DAG(s) 'example_time_delta_sensor_async' retrieved from /home/airflow/.local/lib/python3.12/site-packages/airflow/example_dags/example_time_delta_sensor_async.py
[2025-04-28T02:22:15.394+0000] {logging_mixin.py:188} INFO - [2025-04-28T02:22:15.394+0000] {dag.py:3096} INFO - Sync 1 DAGs
[2025-04-28T02:22:15.399+0000] {logging_mixin.py:188} INFO - [2025-04-28T02:22:15.399+0000] {dag.py:3954} INFO - Setting next_dagrun for example_time_delta_sensor_async to None, run_after=None
[2025-04-28T02:22:15.406+0000] {processor.py:183} INFO - Processing /home/airflow/.local/lib/python3.12/site-packages/airflow/example_dags/example_time_delta_sensor_async.py took 0.031 seconds
[2025-04-28T02:22:45.924+0000] {processor.py:161} INFO - Started process (PID=1409) to work on /home/airflow/.local/lib/python3.12/site-packages/airflow/example_dags/example_time_delta_sensor_async.py
[2025-04-28T02:22:45.924+0000] {processor.py:830} INFO - Processing file /home/airflow/.local/lib/python3.12/site-packages/airflow/example_dags/example_time_delta_sensor_async.py for tasks to queue
[2025-04-28T02:22:45.925+0000] {logging_mixin.py:188} INFO - [2025-04-28T02:22:45.925+0000] {dagbag.py:540} INFO - Filling up the DagBag from /home/airflow/.local/lib/python3.12/site-packages/airflow/example_dags/example_time_delta_sensor_async.py
[2025-04-28T02:22:45.927+0000] {processor.py:840} INFO - DAG(s) 'example_time_delta_sensor_async' retrieved from /home/airflow/.local/lib/python3.12/site-packages/airflow/example_dags/example_time_delta_sensor_async.py
[2025-04-28T02:22:45.935+0000] {logging_mixin.py:188} INFO - [2025-04-28T02:22:45.935+0000] {dag.py:3096} INFO - Sync 1 DAGs
[2025-04-28T02:22:45.939+0000] {logging_mixin.py:188} INFO - [2025-04-28T02:22:45.939+0000] {dag.py:3954} INFO - Setting next_dagrun for example_time_delta_sensor_async to None, run_after=None
[2025-04-28T02:22:45.945+0000] {processor.py:183} INFO - Processing /home/airflow/.local/lib/python3.12/site-packages/airflow/example_dags/example_time_delta_sensor_async.py took 0.023 seconds
[2025-04-28T02:23:16.566+0000] {processor.py:161} INFO - Started process (PID=1468) to work on /home/airflow/.local/lib/python3.12/site-packages/airflow/example_dags/example_time_delta_sensor_async.py
[2025-04-28T02:23:16.569+0000] {processor.py:830} INFO - Processing file /home/airflow/.local/lib/python3.12/site-packages/airflow/example_dags/example_time_delta_sensor_async.py for tasks to queue
[2025-04-28T02:23:16.570+0000] {logging_mixin.py:188} INFO - [2025-04-28T02:23:16.570+0000] {dagbag.py:540} INFO - Filling up the DagBag from /home/airflow/.local/lib/python3.12/site-packages/airflow/example_dags/example_time_delta_sensor_async.py
[2025-04-28T02:23:16.572+0000] {processor.py:840} INFO - DAG(s) 'example_time_delta_sensor_async' retrieved from /home/airflow/.local/lib/python3.12/site-packages/airflow/example_dags/example_time_delta_sensor_async.py
[2025-04-28T02:23:16.585+0000] {logging_mixin.py:188} INFO - [2025-04-28T02:23:16.585+0000] {dag.py:3096} INFO - Sync 1 DAGs
[2025-04-28T02:23:16.590+0000] {logging_mixin.py:188} INFO - [2025-04-28T02:23:16.590+0000] {dag.py:3954} INFO - Setting next_dagrun for example_time_delta_sensor_async to None, run_after=None
[2025-04-28T02:23:16.599+0000] {processor.py:183} INFO - Processing /home/airflow/.local/lib/python3.12/site-packages/airflow/example_dags/example_time_delta_sensor_async.py took 0.036 seconds
