[2025-04-28T02:11:02.408+0000] {processor.py:161} INFO - Started process (PID=57) to work on /home/airflow/.local/lib/python3.12/site-packages/airflow/example_dags/example_python_decorator.py
[2025-04-28T02:11:02.409+0000] {processor.py:830} INFO - Processing file /home/airflow/.local/lib/python3.12/site-packages/airflow/example_dags/example_python_decorator.py for tasks to queue
[2025-04-28T02:11:02.410+0000] {logging_mixin.py:188} INFO - [2025-04-28T02:11:02.410+0000] {dagbag.py:540} INFO - Filling up the DagBag from /home/airflow/.local/lib/python3.12/site-packages/airflow/example_dags/example_python_decorator.py
[2025-04-28T02:11:02.417+0000] {processor.py:840} INFO - DAG(s) 'example_python_decorator' retrieved from /home/airflow/.local/lib/python3.12/site-packages/airflow/example_dags/example_python_decorator.py
[2025-04-28T02:11:02.422+0000] {logging_mixin.py:188} INFO - [2025-04-28T02:11:02.422+0000] {dag.py:3096} INFO - Sync 1 DAGs
[2025-04-28T02:11:02.430+0000] {logging_mixin.py:188} INFO - [2025-04-28T02:11:02.430+0000] {dag.py:3954} INFO - Setting next_dagrun for example_python_decorator to None, run_after=None
[2025-04-28T02:11:02.440+0000] {processor.py:183} INFO - Processing /home/airflow/.local/lib/python3.12/site-packages/airflow/example_dags/example_python_decorator.py took 0.034 seconds
[2025-04-28T02:11:32.803+0000] {processor.py:161} INFO - Started process (PID=115) to work on /home/airflow/.local/lib/python3.12/site-packages/airflow/example_dags/example_python_decorator.py
[2025-04-28T02:11:32.803+0000] {processor.py:830} INFO - Processing file /home/airflow/.local/lib/python3.12/site-packages/airflow/example_dags/example_python_decorator.py for tasks to queue
[2025-04-28T02:11:32.804+0000] {logging_mixin.py:188} INFO - [2025-04-28T02:11:32.803+0000] {dagbag.py:540} INFO - Filling up the DagBag from /home/airflow/.local/lib/python3.12/site-packages/airflow/example_dags/example_python_decorator.py
[2025-04-28T02:11:32.808+0000] {processor.py:840} INFO - DAG(s) 'example_python_decorator' retrieved from /home/airflow/.local/lib/python3.12/site-packages/airflow/example_dags/example_python_decorator.py
[2025-04-28T02:11:32.841+0000] {logging_mixin.py:188} INFO - [2025-04-28T02:11:32.840+0000] {dag.py:3096} INFO - Sync 1 DAGs
[2025-04-28T02:11:32.844+0000] {logging_mixin.py:188} INFO - [2025-04-28T02:11:32.844+0000] {dag.py:3954} INFO - Setting next_dagrun for example_python_decorator to None, run_after=None
[2025-04-28T02:11:32.850+0000] {processor.py:183} INFO - Processing /home/airflow/.local/lib/python3.12/site-packages/airflow/example_dags/example_python_decorator.py took 0.050 seconds
[2025-04-28T02:12:03.760+0000] {processor.py:161} INFO - Started process (PID=173) to work on /home/airflow/.local/lib/python3.12/site-packages/airflow/example_dags/example_python_decorator.py
[2025-04-28T02:12:03.761+0000] {processor.py:830} INFO - Processing file /home/airflow/.local/lib/python3.12/site-packages/airflow/example_dags/example_python_decorator.py for tasks to queue
[2025-04-28T02:12:03.761+0000] {logging_mixin.py:188} INFO - [2025-04-28T02:12:03.761+0000] {dagbag.py:540} INFO - Filling up the DagBag from /home/airflow/.local/lib/python3.12/site-packages/airflow/example_dags/example_python_decorator.py
[2025-04-28T02:12:03.766+0000] {processor.py:840} INFO - DAG(s) 'example_python_decorator' retrieved from /home/airflow/.local/lib/python3.12/site-packages/airflow/example_dags/example_python_decorator.py
[2025-04-28T02:12:03.774+0000] {logging_mixin.py:188} INFO - [2025-04-28T02:12:03.774+0000] {dag.py:3096} INFO - Sync 1 DAGs
[2025-04-28T02:12:03.779+0000] {logging_mixin.py:188} INFO - [2025-04-28T02:12:03.779+0000] {dag.py:3954} INFO - Setting next_dagrun for example_python_decorator to None, run_after=None
[2025-04-28T02:12:03.787+0000] {processor.py:183} INFO - Processing /home/airflow/.local/lib/python3.12/site-packages/airflow/example_dags/example_python_decorator.py took 0.029 seconds
[2025-04-28T02:12:34.298+0000] {processor.py:161} INFO - Started process (PID=231) to work on /home/airflow/.local/lib/python3.12/site-packages/airflow/example_dags/example_python_decorator.py
[2025-04-28T02:12:34.299+0000] {processor.py:830} INFO - Processing file /home/airflow/.local/lib/python3.12/site-packages/airflow/example_dags/example_python_decorator.py for tasks to queue
[2025-04-28T02:12:34.302+0000] {logging_mixin.py:188} INFO - [2025-04-28T02:12:34.301+0000] {dagbag.py:540} INFO - Filling up the DagBag from /home/airflow/.local/lib/python3.12/site-packages/airflow/example_dags/example_python_decorator.py
[2025-04-28T02:12:34.307+0000] {processor.py:840} INFO - DAG(s) 'example_python_decorator' retrieved from /home/airflow/.local/lib/python3.12/site-packages/airflow/example_dags/example_python_decorator.py
[2025-04-28T02:12:34.318+0000] {logging_mixin.py:188} INFO - [2025-04-28T02:12:34.318+0000] {dag.py:3096} INFO - Sync 1 DAGs
[2025-04-28T02:12:34.322+0000] {logging_mixin.py:188} INFO - [2025-04-28T02:12:34.322+0000] {dag.py:3954} INFO - Setting next_dagrun for example_python_decorator to None, run_after=None
[2025-04-28T02:12:34.328+0000] {processor.py:183} INFO - Processing /home/airflow/.local/lib/python3.12/site-packages/airflow/example_dags/example_python_decorator.py took 0.032 seconds
[2025-04-28T02:13:04.802+0000] {processor.py:161} INFO - Started process (PID=295) to work on /home/airflow/.local/lib/python3.12/site-packages/airflow/example_dags/example_python_decorator.py
[2025-04-28T02:13:04.802+0000] {processor.py:830} INFO - Processing file /home/airflow/.local/lib/python3.12/site-packages/airflow/example_dags/example_python_decorator.py for tasks to queue
[2025-04-28T02:13:04.803+0000] {logging_mixin.py:188} INFO - [2025-04-28T02:13:04.803+0000] {dagbag.py:540} INFO - Filling up the DagBag from /home/airflow/.local/lib/python3.12/site-packages/airflow/example_dags/example_python_decorator.py
[2025-04-28T02:13:04.809+0000] {processor.py:840} INFO - DAG(s) 'example_python_decorator' retrieved from /home/airflow/.local/lib/python3.12/site-packages/airflow/example_dags/example_python_decorator.py
[2025-04-28T02:13:04.818+0000] {logging_mixin.py:188} INFO - [2025-04-28T02:13:04.818+0000] {dag.py:3096} INFO - Sync 1 DAGs
[2025-04-28T02:13:04.823+0000] {logging_mixin.py:188} INFO - [2025-04-28T02:13:04.822+0000] {dag.py:3954} INFO - Setting next_dagrun for example_python_decorator to None, run_after=None
[2025-04-28T02:13:04.829+0000] {processor.py:183} INFO - Processing /home/airflow/.local/lib/python3.12/site-packages/airflow/example_dags/example_python_decorator.py took 0.029 seconds
[2025-04-28T02:13:35.287+0000] {processor.py:161} INFO - Started process (PID=353) to work on /home/airflow/.local/lib/python3.12/site-packages/airflow/example_dags/example_python_decorator.py
[2025-04-28T02:13:35.288+0000] {processor.py:830} INFO - Processing file /home/airflow/.local/lib/python3.12/site-packages/airflow/example_dags/example_python_decorator.py for tasks to queue
[2025-04-28T02:13:35.288+0000] {logging_mixin.py:188} INFO - [2025-04-28T02:13:35.288+0000] {dagbag.py:540} INFO - Filling up the DagBag from /home/airflow/.local/lib/python3.12/site-packages/airflow/example_dags/example_python_decorator.py
[2025-04-28T02:13:35.293+0000] {processor.py:840} INFO - DAG(s) 'example_python_decorator' retrieved from /home/airflow/.local/lib/python3.12/site-packages/airflow/example_dags/example_python_decorator.py
[2025-04-28T02:13:35.302+0000] {logging_mixin.py:188} INFO - [2025-04-28T02:13:35.301+0000] {dag.py:3096} INFO - Sync 1 DAGs
[2025-04-28T02:13:35.306+0000] {logging_mixin.py:188} INFO - [2025-04-28T02:13:35.306+0000] {dag.py:3954} INFO - Setting next_dagrun for example_python_decorator to None, run_after=None
[2025-04-28T02:13:35.312+0000] {processor.py:183} INFO - Processing /home/airflow/.local/lib/python3.12/site-packages/airflow/example_dags/example_python_decorator.py took 0.027 seconds
[2025-04-28T02:14:05.820+0000] {processor.py:161} INFO - Started process (PID=411) to work on /home/airflow/.local/lib/python3.12/site-packages/airflow/example_dags/example_python_decorator.py
[2025-04-28T02:14:05.821+0000] {processor.py:830} INFO - Processing file /home/airflow/.local/lib/python3.12/site-packages/airflow/example_dags/example_python_decorator.py for tasks to queue
[2025-04-28T02:14:05.822+0000] {logging_mixin.py:188} INFO - [2025-04-28T02:14:05.822+0000] {dagbag.py:540} INFO - Filling up the DagBag from /home/airflow/.local/lib/python3.12/site-packages/airflow/example_dags/example_python_decorator.py
[2025-04-28T02:14:05.829+0000] {processor.py:840} INFO - DAG(s) 'example_python_decorator' retrieved from /home/airflow/.local/lib/python3.12/site-packages/airflow/example_dags/example_python_decorator.py
[2025-04-28T02:14:05.838+0000] {logging_mixin.py:188} INFO - [2025-04-28T02:14:05.838+0000] {dag.py:3096} INFO - Sync 1 DAGs
[2025-04-28T02:14:05.845+0000] {logging_mixin.py:188} INFO - [2025-04-28T02:14:05.845+0000] {dag.py:3954} INFO - Setting next_dagrun for example_python_decorator to None, run_after=None
[2025-04-28T02:14:05.857+0000] {processor.py:183} INFO - Processing /home/airflow/.local/lib/python3.12/site-packages/airflow/example_dags/example_python_decorator.py took 0.040 seconds
[2025-04-28T02:14:36.294+0000] {processor.py:161} INFO - Started process (PID=469) to work on /home/airflow/.local/lib/python3.12/site-packages/airflow/example_dags/example_python_decorator.py
[2025-04-28T02:14:36.295+0000] {processor.py:830} INFO - Processing file /home/airflow/.local/lib/python3.12/site-packages/airflow/example_dags/example_python_decorator.py for tasks to queue
[2025-04-28T02:14:36.296+0000] {logging_mixin.py:188} INFO - [2025-04-28T02:14:36.296+0000] {dagbag.py:540} INFO - Filling up the DagBag from /home/airflow/.local/lib/python3.12/site-packages/airflow/example_dags/example_python_decorator.py
[2025-04-28T02:14:36.304+0000] {processor.py:840} INFO - DAG(s) 'example_python_decorator' retrieved from /home/airflow/.local/lib/python3.12/site-packages/airflow/example_dags/example_python_decorator.py
[2025-04-28T02:14:36.312+0000] {logging_mixin.py:188} INFO - [2025-04-28T02:14:36.311+0000] {dag.py:3096} INFO - Sync 1 DAGs
[2025-04-28T02:14:36.318+0000] {logging_mixin.py:188} INFO - [2025-04-28T02:14:36.318+0000] {dag.py:3954} INFO - Setting next_dagrun for example_python_decorator to None, run_after=None
[2025-04-28T02:14:36.329+0000] {processor.py:183} INFO - Processing /home/airflow/.local/lib/python3.12/site-packages/airflow/example_dags/example_python_decorator.py took 0.037 seconds
[2025-04-28T02:15:07.383+0000] {processor.py:161} INFO - Started process (PID=527) to work on /home/airflow/.local/lib/python3.12/site-packages/airflow/example_dags/example_python_decorator.py
[2025-04-28T02:15:07.384+0000] {processor.py:830} INFO - Processing file /home/airflow/.local/lib/python3.12/site-packages/airflow/example_dags/example_python_decorator.py for tasks to queue
[2025-04-28T02:15:07.385+0000] {logging_mixin.py:188} INFO - [2025-04-28T02:15:07.385+0000] {dagbag.py:540} INFO - Filling up the DagBag from /home/airflow/.local/lib/python3.12/site-packages/airflow/example_dags/example_python_decorator.py
[2025-04-28T02:15:07.391+0000] {processor.py:840} INFO - DAG(s) 'example_python_decorator' retrieved from /home/airflow/.local/lib/python3.12/site-packages/airflow/example_dags/example_python_decorator.py
[2025-04-28T02:15:07.495+0000] {logging_mixin.py:188} INFO - [2025-04-28T02:15:07.495+0000] {dag.py:3096} INFO - Sync 1 DAGs
[2025-04-28T02:15:07.499+0000] {logging_mixin.py:188} INFO - [2025-04-28T02:15:07.498+0000] {dag.py:3954} INFO - Setting next_dagrun for example_python_decorator to None, run_after=None
[2025-04-28T02:15:07.509+0000] {processor.py:183} INFO - Processing /home/airflow/.local/lib/python3.12/site-packages/airflow/example_dags/example_python_decorator.py took 0.128 seconds
[2025-04-28T02:15:37.983+0000] {processor.py:161} INFO - Started process (PID=585) to work on /home/airflow/.local/lib/python3.12/site-packages/airflow/example_dags/example_python_decorator.py
[2025-04-28T02:15:37.984+0000] {processor.py:830} INFO - Processing file /home/airflow/.local/lib/python3.12/site-packages/airflow/example_dags/example_python_decorator.py for tasks to queue
[2025-04-28T02:15:37.985+0000] {logging_mixin.py:188} INFO - [2025-04-28T02:15:37.985+0000] {dagbag.py:540} INFO - Filling up the DagBag from /home/airflow/.local/lib/python3.12/site-packages/airflow/example_dags/example_python_decorator.py
[2025-04-28T02:15:37.992+0000] {processor.py:840} INFO - DAG(s) 'example_python_decorator' retrieved from /home/airflow/.local/lib/python3.12/site-packages/airflow/example_dags/example_python_decorator.py
[2025-04-28T02:15:38.003+0000] {logging_mixin.py:188} INFO - [2025-04-28T02:15:38.003+0000] {dag.py:3096} INFO - Sync 1 DAGs
[2025-04-28T02:15:38.007+0000] {logging_mixin.py:188} INFO - [2025-04-28T02:15:38.007+0000] {dag.py:3954} INFO - Setting next_dagrun for example_python_decorator to None, run_after=None
[2025-04-28T02:15:38.017+0000] {processor.py:183} INFO - Processing /home/airflow/.local/lib/python3.12/site-packages/airflow/example_dags/example_python_decorator.py took 0.037 seconds
[2025-04-28T02:16:08.555+0000] {processor.py:161} INFO - Started process (PID=643) to work on /home/airflow/.local/lib/python3.12/site-packages/airflow/example_dags/example_python_decorator.py
[2025-04-28T02:16:08.555+0000] {processor.py:830} INFO - Processing file /home/airflow/.local/lib/python3.12/site-packages/airflow/example_dags/example_python_decorator.py for tasks to queue
[2025-04-28T02:16:08.556+0000] {logging_mixin.py:188} INFO - [2025-04-28T02:16:08.556+0000] {dagbag.py:540} INFO - Filling up the DagBag from /home/airflow/.local/lib/python3.12/site-packages/airflow/example_dags/example_python_decorator.py
[2025-04-28T02:16:08.562+0000] {processor.py:840} INFO - DAG(s) 'example_python_decorator' retrieved from /home/airflow/.local/lib/python3.12/site-packages/airflow/example_dags/example_python_decorator.py
[2025-04-28T02:16:08.574+0000] {logging_mixin.py:188} INFO - [2025-04-28T02:16:08.574+0000] {dag.py:3096} INFO - Sync 1 DAGs
[2025-04-28T02:16:08.579+0000] {logging_mixin.py:188} INFO - [2025-04-28T02:16:08.579+0000] {dag.py:3954} INFO - Setting next_dagrun for example_python_decorator to None, run_after=None
[2025-04-28T02:16:08.589+0000] {processor.py:183} INFO - Processing /home/airflow/.local/lib/python3.12/site-packages/airflow/example_dags/example_python_decorator.py took 0.037 seconds
[2025-04-28T02:16:39.259+0000] {processor.py:161} INFO - Started process (PID=702) to work on /home/airflow/.local/lib/python3.12/site-packages/airflow/example_dags/example_python_decorator.py
[2025-04-28T02:16:39.262+0000] {processor.py:830} INFO - Processing file /home/airflow/.local/lib/python3.12/site-packages/airflow/example_dags/example_python_decorator.py for tasks to queue
[2025-04-28T02:16:39.263+0000] {logging_mixin.py:188} INFO - [2025-04-28T02:16:39.263+0000] {dagbag.py:540} INFO - Filling up the DagBag from /home/airflow/.local/lib/python3.12/site-packages/airflow/example_dags/example_python_decorator.py
[2025-04-28T02:16:39.269+0000] {processor.py:840} INFO - DAG(s) 'example_python_decorator' retrieved from /home/airflow/.local/lib/python3.12/site-packages/airflow/example_dags/example_python_decorator.py
[2025-04-28T02:16:39.278+0000] {logging_mixin.py:188} INFO - [2025-04-28T02:16:39.278+0000] {dag.py:3096} INFO - Sync 1 DAGs
[2025-04-28T02:16:39.285+0000] {logging_mixin.py:188} INFO - [2025-04-28T02:16:39.285+0000] {dag.py:3954} INFO - Setting next_dagrun for example_python_decorator to None, run_after=None
[2025-04-28T02:16:39.291+0000] {processor.py:183} INFO - Processing /home/airflow/.local/lib/python3.12/site-packages/airflow/example_dags/example_python_decorator.py took 0.034 seconds
