[2025-04-28T02:11:02.456+0000] {processor.py:161} INFO - Started process (PID=60) to work on /home/airflow/.local/lib/python3.12/site-packages/airflow/example_dags/example_dag_decorator.py
[2025-04-28T02:11:02.457+0000] {processor.py:830} INFO - Processing file /home/airflow/.local/lib/python3.12/site-packages/airflow/example_dags/example_dag_decorator.py for tasks to queue
[2025-04-28T02:11:02.458+0000] {logging_mixin.py:188} INFO - [2025-04-28T02:11:02.458+0000] {dagbag.py:540} INFO - Filling up the DagBag from /home/airflow/.local/lib/python3.12/site-packages/airflow/example_dags/example_dag_decorator.py
[2025-04-28T02:11:02.564+0000] {processor.py:840} INFO - DAG(s) 'example_dag_decorator' retrieved from /home/airflow/.local/lib/python3.12/site-packages/airflow/example_dags/example_dag_decorator.py
[2025-04-28T02:11:02.573+0000] {logging_mixin.py:188} INFO - [2025-04-28T02:11:02.573+0000] {dag.py:3096} INFO - Sync 1 DAGs
[2025-04-28T02:11:02.579+0000] {logging_mixin.py:188} INFO - [2025-04-28T02:11:02.579+0000] {dag.py:3954} INFO - Setting next_dagrun for example_dag_decorator to None, run_after=None
[2025-04-28T02:11:02.586+0000] {processor.py:183} INFO - Processing /home/airflow/.local/lib/python3.12/site-packages/airflow/example_dags/example_dag_decorator.py took 0.133 seconds
[2025-04-28T02:11:32.920+0000] {processor.py:161} INFO - Started process (PID=118) to work on /home/airflow/.local/lib/python3.12/site-packages/airflow/example_dags/example_dag_decorator.py
[2025-04-28T02:11:32.921+0000] {processor.py:830} INFO - Processing file /home/airflow/.local/lib/python3.12/site-packages/airflow/example_dags/example_dag_decorator.py for tasks to queue
[2025-04-28T02:11:32.922+0000] {logging_mixin.py:188} INFO - [2025-04-28T02:11:32.921+0000] {dagbag.py:540} INFO - Filling up the DagBag from /home/airflow/.local/lib/python3.12/site-packages/airflow/example_dags/example_dag_decorator.py
[2025-04-28T02:11:32.954+0000] {processor.py:840} INFO - DAG(s) 'example_dag_decorator' retrieved from /home/airflow/.local/lib/python3.12/site-packages/airflow/example_dags/example_dag_decorator.py
[2025-04-28T02:11:32.993+0000] {logging_mixin.py:188} INFO - [2025-04-28T02:11:32.993+0000] {dag.py:3096} INFO - Sync 1 DAGs
[2025-04-28T02:11:32.997+0000] {logging_mixin.py:188} INFO - [2025-04-28T02:11:32.997+0000] {dag.py:3954} INFO - Setting next_dagrun for example_dag_decorator to None, run_after=None
[2025-04-28T02:11:33.005+0000] {processor.py:183} INFO - Processing /home/airflow/.local/lib/python3.12/site-packages/airflow/example_dags/example_dag_decorator.py took 0.086 seconds
[2025-04-28T02:12:03.824+0000] {processor.py:161} INFO - Started process (PID=176) to work on /home/airflow/.local/lib/python3.12/site-packages/airflow/example_dags/example_dag_decorator.py
[2025-04-28T02:12:03.824+0000] {processor.py:830} INFO - Processing file /home/airflow/.local/lib/python3.12/site-packages/airflow/example_dags/example_dag_decorator.py for tasks to queue
[2025-04-28T02:12:03.825+0000] {logging_mixin.py:188} INFO - [2025-04-28T02:12:03.825+0000] {dagbag.py:540} INFO - Filling up the DagBag from /home/airflow/.local/lib/python3.12/site-packages/airflow/example_dags/example_dag_decorator.py
[2025-04-28T02:12:03.859+0000] {processor.py:840} INFO - DAG(s) 'example_dag_decorator' retrieved from /home/airflow/.local/lib/python3.12/site-packages/airflow/example_dags/example_dag_decorator.py
[2025-04-28T02:12:03.898+0000] {logging_mixin.py:188} INFO - [2025-04-28T02:12:03.898+0000] {dag.py:3096} INFO - Sync 1 DAGs
[2025-04-28T02:12:03.904+0000] {logging_mixin.py:188} INFO - [2025-04-28T02:12:03.904+0000] {dag.py:3954} INFO - Setting next_dagrun for example_dag_decorator to None, run_after=None
[2025-04-28T02:12:03.996+0000] {processor.py:183} INFO - Processing /home/airflow/.local/lib/python3.12/site-packages/airflow/example_dags/example_dag_decorator.py took 0.175 seconds
[2025-04-28T02:12:34.364+0000] {processor.py:161} INFO - Started process (PID=234) to work on /home/airflow/.local/lib/python3.12/site-packages/airflow/example_dags/example_dag_decorator.py
[2025-04-28T02:12:34.364+0000] {processor.py:830} INFO - Processing file /home/airflow/.local/lib/python3.12/site-packages/airflow/example_dags/example_dag_decorator.py for tasks to queue
[2025-04-28T02:12:34.365+0000] {logging_mixin.py:188} INFO - [2025-04-28T02:12:34.365+0000] {dagbag.py:540} INFO - Filling up the DagBag from /home/airflow/.local/lib/python3.12/site-packages/airflow/example_dags/example_dag_decorator.py
[2025-04-28T02:12:34.399+0000] {processor.py:840} INFO - DAG(s) 'example_dag_decorator' retrieved from /home/airflow/.local/lib/python3.12/site-packages/airflow/example_dags/example_dag_decorator.py
[2025-04-28T02:12:34.509+0000] {logging_mixin.py:188} INFO - [2025-04-28T02:12:34.509+0000] {dag.py:3096} INFO - Sync 1 DAGs
[2025-04-28T02:12:34.514+0000] {logging_mixin.py:188} INFO - [2025-04-28T02:12:34.513+0000] {dag.py:3954} INFO - Setting next_dagrun for example_dag_decorator to None, run_after=None
[2025-04-28T02:12:34.521+0000] {processor.py:183} INFO - Processing /home/airflow/.local/lib/python3.12/site-packages/airflow/example_dags/example_dag_decorator.py took 0.159 seconds
[2025-04-28T02:13:04.877+0000] {processor.py:161} INFO - Started process (PID=298) to work on /home/airflow/.local/lib/python3.12/site-packages/airflow/example_dags/example_dag_decorator.py
[2025-04-28T02:13:04.878+0000] {processor.py:830} INFO - Processing file /home/airflow/.local/lib/python3.12/site-packages/airflow/example_dags/example_dag_decorator.py for tasks to queue
[2025-04-28T02:13:04.878+0000] {logging_mixin.py:188} INFO - [2025-04-28T02:13:04.878+0000] {dagbag.py:540} INFO - Filling up the DagBag from /home/airflow/.local/lib/python3.12/site-packages/airflow/example_dags/example_dag_decorator.py
[2025-04-28T02:13:04.910+0000] {processor.py:840} INFO - DAG(s) 'example_dag_decorator' retrieved from /home/airflow/.local/lib/python3.12/site-packages/airflow/example_dags/example_dag_decorator.py
[2025-04-28T02:13:05.018+0000] {logging_mixin.py:188} INFO - [2025-04-28T02:13:05.017+0000] {dag.py:3096} INFO - Sync 1 DAGs
[2025-04-28T02:13:05.024+0000] {logging_mixin.py:188} INFO - [2025-04-28T02:13:05.024+0000] {dag.py:3954} INFO - Setting next_dagrun for example_dag_decorator to None, run_after=None
[2025-04-28T02:13:05.033+0000] {processor.py:183} INFO - Processing /home/airflow/.local/lib/python3.12/site-packages/airflow/example_dags/example_dag_decorator.py took 0.158 seconds
[2025-04-28T02:13:35.441+0000] {processor.py:161} INFO - Started process (PID=359) to work on /home/airflow/.local/lib/python3.12/site-packages/airflow/example_dags/example_dag_decorator.py
[2025-04-28T02:13:35.443+0000] {processor.py:830} INFO - Processing file /home/airflow/.local/lib/python3.12/site-packages/airflow/example_dags/example_dag_decorator.py for tasks to queue
[2025-04-28T02:13:35.443+0000] {logging_mixin.py:188} INFO - [2025-04-28T02:13:35.443+0000] {dagbag.py:540} INFO - Filling up the DagBag from /home/airflow/.local/lib/python3.12/site-packages/airflow/example_dags/example_dag_decorator.py
[2025-04-28T02:13:35.483+0000] {processor.py:840} INFO - DAG(s) 'example_dag_decorator' retrieved from /home/airflow/.local/lib/python3.12/site-packages/airflow/example_dags/example_dag_decorator.py
[2025-04-28T02:13:35.591+0000] {logging_mixin.py:188} INFO - [2025-04-28T02:13:35.591+0000] {dag.py:3096} INFO - Sync 1 DAGs
[2025-04-28T02:13:35.595+0000] {logging_mixin.py:188} INFO - [2025-04-28T02:13:35.595+0000] {dag.py:3954} INFO - Setting next_dagrun for example_dag_decorator to None, run_after=None
[2025-04-28T02:13:35.602+0000] {processor.py:183} INFO - Processing /home/airflow/.local/lib/python3.12/site-packages/airflow/example_dags/example_dag_decorator.py took 0.163 seconds
[2025-04-28T02:14:06.017+0000] {processor.py:161} INFO - Started process (PID=418) to work on /home/airflow/.local/lib/python3.12/site-packages/airflow/example_dags/example_dag_decorator.py
[2025-04-28T02:14:06.019+0000] {processor.py:830} INFO - Processing file /home/airflow/.local/lib/python3.12/site-packages/airflow/example_dags/example_dag_decorator.py for tasks to queue
[2025-04-28T02:14:06.020+0000] {logging_mixin.py:188} INFO - [2025-04-28T02:14:06.020+0000] {dagbag.py:540} INFO - Filling up the DagBag from /home/airflow/.local/lib/python3.12/site-packages/airflow/example_dags/example_dag_decorator.py
[2025-04-28T02:14:06.059+0000] {processor.py:840} INFO - DAG(s) 'example_dag_decorator' retrieved from /home/airflow/.local/lib/python3.12/site-packages/airflow/example_dags/example_dag_decorator.py
[2025-04-28T02:14:06.066+0000] {logging_mixin.py:188} INFO - [2025-04-28T02:14:06.066+0000] {dag.py:3096} INFO - Sync 1 DAGs
[2025-04-28T02:14:06.071+0000] {logging_mixin.py:188} INFO - [2025-04-28T02:14:06.071+0000] {dag.py:3954} INFO - Setting next_dagrun for example_dag_decorator to None, run_after=None
[2025-04-28T02:14:06.079+0000] {processor.py:183} INFO - Processing /home/airflow/.local/lib/python3.12/site-packages/airflow/example_dags/example_dag_decorator.py took 0.065 seconds
[2025-04-28T02:14:36.477+0000] {processor.py:161} INFO - Started process (PID=476) to work on /home/airflow/.local/lib/python3.12/site-packages/airflow/example_dags/example_dag_decorator.py
[2025-04-28T02:14:36.477+0000] {processor.py:830} INFO - Processing file /home/airflow/.local/lib/python3.12/site-packages/airflow/example_dags/example_dag_decorator.py for tasks to queue
[2025-04-28T02:14:36.478+0000] {logging_mixin.py:188} INFO - [2025-04-28T02:14:36.478+0000] {dagbag.py:540} INFO - Filling up the DagBag from /home/airflow/.local/lib/python3.12/site-packages/airflow/example_dags/example_dag_decorator.py
[2025-04-28T02:14:36.511+0000] {processor.py:840} INFO - DAG(s) 'example_dag_decorator' retrieved from /home/airflow/.local/lib/python3.12/site-packages/airflow/example_dags/example_dag_decorator.py
[2025-04-28T02:14:36.518+0000] {logging_mixin.py:188} INFO - [2025-04-28T02:14:36.518+0000] {dag.py:3096} INFO - Sync 1 DAGs
[2025-04-28T02:14:36.599+0000] {logging_mixin.py:188} INFO - [2025-04-28T02:14:36.599+0000] {dag.py:3954} INFO - Setting next_dagrun for example_dag_decorator to None, run_after=None
[2025-04-28T02:14:36.606+0000] {processor.py:183} INFO - Processing /home/airflow/.local/lib/python3.12/site-packages/airflow/example_dags/example_dag_decorator.py took 0.132 seconds
[2025-04-28T02:15:08.081+0000] {processor.py:161} INFO - Started process (PID=535) to work on /home/airflow/.local/lib/python3.12/site-packages/airflow/example_dags/example_dag_decorator.py
[2025-04-28T02:15:08.081+0000] {processor.py:830} INFO - Processing file /home/airflow/.local/lib/python3.12/site-packages/airflow/example_dags/example_dag_decorator.py for tasks to queue
[2025-04-28T02:15:08.083+0000] {logging_mixin.py:188} INFO - [2025-04-28T02:15:08.082+0000] {dagbag.py:540} INFO - Filling up the DagBag from /home/airflow/.local/lib/python3.12/site-packages/airflow/example_dags/example_dag_decorator.py
[2025-04-28T02:15:08.119+0000] {processor.py:840} INFO - DAG(s) 'example_dag_decorator' retrieved from /home/airflow/.local/lib/python3.12/site-packages/airflow/example_dags/example_dag_decorator.py
[2025-04-28T02:15:08.226+0000] {logging_mixin.py:188} INFO - [2025-04-28T02:15:08.225+0000] {dag.py:3096} INFO - Sync 1 DAGs
[2025-04-28T02:15:08.229+0000] {logging_mixin.py:188} INFO - [2025-04-28T02:15:08.229+0000] {dag.py:3954} INFO - Setting next_dagrun for example_dag_decorator to None, run_after=None
[2025-04-28T02:15:08.236+0000] {processor.py:183} INFO - Processing /home/airflow/.local/lib/python3.12/site-packages/airflow/example_dags/example_dag_decorator.py took 0.157 seconds
[2025-04-28T02:15:39.178+0000] {processor.py:161} INFO - Started process (PID=592) to work on /home/airflow/.local/lib/python3.12/site-packages/airflow/example_dags/example_dag_decorator.py
[2025-04-28T02:15:39.179+0000] {processor.py:830} INFO - Processing file /home/airflow/.local/lib/python3.12/site-packages/airflow/example_dags/example_dag_decorator.py for tasks to queue
[2025-04-28T02:15:39.180+0000] {logging_mixin.py:188} INFO - [2025-04-28T02:15:39.180+0000] {dagbag.py:540} INFO - Filling up the DagBag from /home/airflow/.local/lib/python3.12/site-packages/airflow/example_dags/example_dag_decorator.py
[2025-04-28T02:15:39.225+0000] {processor.py:840} INFO - DAG(s) 'example_dag_decorator' retrieved from /home/airflow/.local/lib/python3.12/site-packages/airflow/example_dags/example_dag_decorator.py
[2025-04-28T02:15:39.339+0000] {logging_mixin.py:188} INFO - [2025-04-28T02:15:39.339+0000] {dag.py:3096} INFO - Sync 1 DAGs
[2025-04-28T02:15:39.343+0000] {logging_mixin.py:188} INFO - [2025-04-28T02:15:39.343+0000] {dag.py:3954} INFO - Setting next_dagrun for example_dag_decorator to None, run_after=None
[2025-04-28T02:15:39.351+0000] {processor.py:183} INFO - Processing /home/airflow/.local/lib/python3.12/site-packages/airflow/example_dags/example_dag_decorator.py took 0.178 seconds
[2025-04-28T02:16:09.696+0000] {processor.py:161} INFO - Started process (PID=650) to work on /home/airflow/.local/lib/python3.12/site-packages/airflow/example_dags/example_dag_decorator.py
[2025-04-28T02:16:09.700+0000] {processor.py:830} INFO - Processing file /home/airflow/.local/lib/python3.12/site-packages/airflow/example_dags/example_dag_decorator.py for tasks to queue
[2025-04-28T02:16:09.701+0000] {logging_mixin.py:188} INFO - [2025-04-28T02:16:09.701+0000] {dagbag.py:540} INFO - Filling up the DagBag from /home/airflow/.local/lib/python3.12/site-packages/airflow/example_dags/example_dag_decorator.py
[2025-04-28T02:16:09.744+0000] {processor.py:840} INFO - DAG(s) 'example_dag_decorator' retrieved from /home/airflow/.local/lib/python3.12/site-packages/airflow/example_dags/example_dag_decorator.py
[2025-04-28T02:16:09.872+0000] {logging_mixin.py:188} INFO - [2025-04-28T02:16:09.872+0000] {dag.py:3096} INFO - Sync 1 DAGs
[2025-04-28T02:16:09.877+0000] {logging_mixin.py:188} INFO - [2025-04-28T02:16:09.877+0000] {dag.py:3954} INFO - Setting next_dagrun for example_dag_decorator to None, run_after=None
[2025-04-28T02:16:09.888+0000] {processor.py:183} INFO - Processing /home/airflow/.local/lib/python3.12/site-packages/airflow/example_dags/example_dag_decorator.py took 0.194 seconds
[2025-04-28T02:16:40.514+0000] {processor.py:161} INFO - Started process (PID=709) to work on /home/airflow/.local/lib/python3.12/site-packages/airflow/example_dags/example_dag_decorator.py
[2025-04-28T02:16:40.515+0000] {processor.py:830} INFO - Processing file /home/airflow/.local/lib/python3.12/site-packages/airflow/example_dags/example_dag_decorator.py for tasks to queue
[2025-04-28T02:16:40.516+0000] {logging_mixin.py:188} INFO - [2025-04-28T02:16:40.516+0000] {dagbag.py:540} INFO - Filling up the DagBag from /home/airflow/.local/lib/python3.12/site-packages/airflow/example_dags/example_dag_decorator.py
[2025-04-28T02:16:40.563+0000] {processor.py:840} INFO - DAG(s) 'example_dag_decorator' retrieved from /home/airflow/.local/lib/python3.12/site-packages/airflow/example_dags/example_dag_decorator.py
[2025-04-28T02:16:40.674+0000] {logging_mixin.py:188} INFO - [2025-04-28T02:16:40.674+0000] {dag.py:3096} INFO - Sync 1 DAGs
[2025-04-28T02:16:40.677+0000] {logging_mixin.py:188} INFO - [2025-04-28T02:16:40.677+0000] {dag.py:3954} INFO - Setting next_dagrun for example_dag_decorator to None, run_after=None
[2025-04-28T02:16:40.686+0000] {processor.py:183} INFO - Processing /home/airflow/.local/lib/python3.12/site-packages/airflow/example_dags/example_dag_decorator.py took 0.177 seconds
[2025-04-28T02:17:10.946+0000] {processor.py:161} INFO - Started process (PID=768) to work on /home/airflow/.local/lib/python3.12/site-packages/airflow/example_dags/example_dag_decorator.py
[2025-04-28T02:17:10.946+0000] {processor.py:830} INFO - Processing file /home/airflow/.local/lib/python3.12/site-packages/airflow/example_dags/example_dag_decorator.py for tasks to queue
[2025-04-28T02:17:10.948+0000] {logging_mixin.py:188} INFO - [2025-04-28T02:17:10.947+0000] {dagbag.py:540} INFO - Filling up the DagBag from /home/airflow/.local/lib/python3.12/site-packages/airflow/example_dags/example_dag_decorator.py
[2025-04-28T02:17:11.073+0000] {processor.py:840} INFO - DAG(s) 'example_dag_decorator' retrieved from /home/airflow/.local/lib/python3.12/site-packages/airflow/example_dags/example_dag_decorator.py
[2025-04-28T02:17:11.084+0000] {logging_mixin.py:188} INFO - [2025-04-28T02:17:11.084+0000] {dag.py:3096} INFO - Sync 1 DAGs
[2025-04-28T02:17:11.088+0000] {logging_mixin.py:188} INFO - [2025-04-28T02:17:11.088+0000] {dag.py:3954} INFO - Setting next_dagrun for example_dag_decorator to None, run_after=None
[2025-04-28T02:17:11.097+0000] {processor.py:183} INFO - Processing /home/airflow/.local/lib/python3.12/site-packages/airflow/example_dags/example_dag_decorator.py took 0.156 seconds
[2025-04-28T02:17:41.794+0000] {processor.py:161} INFO - Started process (PID=827) to work on /home/airflow/.local/lib/python3.12/site-packages/airflow/example_dags/example_dag_decorator.py
[2025-04-28T02:17:41.795+0000] {processor.py:830} INFO - Processing file /home/airflow/.local/lib/python3.12/site-packages/airflow/example_dags/example_dag_decorator.py for tasks to queue
[2025-04-28T02:17:41.796+0000] {logging_mixin.py:188} INFO - [2025-04-28T02:17:41.796+0000] {dagbag.py:540} INFO - Filling up the DagBag from /home/airflow/.local/lib/python3.12/site-packages/airflow/example_dags/example_dag_decorator.py
[2025-04-28T02:17:41.916+0000] {processor.py:840} INFO - DAG(s) 'example_dag_decorator' retrieved from /home/airflow/.local/lib/python3.12/site-packages/airflow/example_dags/example_dag_decorator.py
[2025-04-28T02:17:41.923+0000] {logging_mixin.py:188} INFO - [2025-04-28T02:17:41.923+0000] {dag.py:3096} INFO - Sync 1 DAGs
[2025-04-28T02:17:41.930+0000] {logging_mixin.py:188} INFO - [2025-04-28T02:17:41.930+0000] {dag.py:3954} INFO - Setting next_dagrun for example_dag_decorator to None, run_after=None
[2025-04-28T02:17:41.939+0000] {processor.py:183} INFO - Processing /home/airflow/.local/lib/python3.12/site-packages/airflow/example_dags/example_dag_decorator.py took 0.150 seconds
[2025-04-28T02:18:12.528+0000] {processor.py:161} INFO - Started process (PID=890) to work on /home/airflow/.local/lib/python3.12/site-packages/airflow/example_dags/example_dag_decorator.py
[2025-04-28T02:18:12.529+0000] {processor.py:830} INFO - Processing file /home/airflow/.local/lib/python3.12/site-packages/airflow/example_dags/example_dag_decorator.py for tasks to queue
[2025-04-28T02:18:12.530+0000] {logging_mixin.py:188} INFO - [2025-04-28T02:18:12.530+0000] {dagbag.py:540} INFO - Filling up the DagBag from /home/airflow/.local/lib/python3.12/site-packages/airflow/example_dags/example_dag_decorator.py
[2025-04-28T02:18:12.650+0000] {processor.py:840} INFO - DAG(s) 'example_dag_decorator' retrieved from /home/airflow/.local/lib/python3.12/site-packages/airflow/example_dags/example_dag_decorator.py
[2025-04-28T02:18:12.660+0000] {logging_mixin.py:188} INFO - [2025-04-28T02:18:12.660+0000] {dag.py:3096} INFO - Sync 1 DAGs
[2025-04-28T02:18:12.664+0000] {logging_mixin.py:188} INFO - [2025-04-28T02:18:12.664+0000] {dag.py:3954} INFO - Setting next_dagrun for example_dag_decorator to None, run_after=None
[2025-04-28T02:18:12.671+0000] {processor.py:183} INFO - Processing /home/airflow/.local/lib/python3.12/site-packages/airflow/example_dags/example_dag_decorator.py took 0.146 seconds
[2025-04-28T02:18:43.286+0000] {processor.py:161} INFO - Started process (PID=949) to work on /home/airflow/.local/lib/python3.12/site-packages/airflow/example_dags/example_dag_decorator.py
[2025-04-28T02:18:43.286+0000] {processor.py:830} INFO - Processing file /home/airflow/.local/lib/python3.12/site-packages/airflow/example_dags/example_dag_decorator.py for tasks to queue
[2025-04-28T02:18:43.288+0000] {logging_mixin.py:188} INFO - [2025-04-28T02:18:43.287+0000] {dagbag.py:540} INFO - Filling up the DagBag from /home/airflow/.local/lib/python3.12/site-packages/airflow/example_dags/example_dag_decorator.py
[2025-04-28T02:18:43.336+0000] {processor.py:840} INFO - DAG(s) 'example_dag_decorator' retrieved from /home/airflow/.local/lib/python3.12/site-packages/airflow/example_dags/example_dag_decorator.py
[2025-04-28T02:18:43.446+0000] {logging_mixin.py:188} INFO - [2025-04-28T02:18:43.446+0000] {dag.py:3096} INFO - Sync 1 DAGs
[2025-04-28T02:18:43.449+0000] {logging_mixin.py:188} INFO - [2025-04-28T02:18:43.449+0000] {dag.py:3954} INFO - Setting next_dagrun for example_dag_decorator to None, run_after=None
[2025-04-28T02:18:43.455+0000] {processor.py:183} INFO - Processing /home/airflow/.local/lib/python3.12/site-packages/airflow/example_dags/example_dag_decorator.py took 0.175 seconds
[2025-04-28T02:19:13.657+0000] {processor.py:161} INFO - Started process (PID=1008) to work on /home/airflow/.local/lib/python3.12/site-packages/airflow/example_dags/example_dag_decorator.py
[2025-04-28T02:19:13.657+0000] {processor.py:830} INFO - Processing file /home/airflow/.local/lib/python3.12/site-packages/airflow/example_dags/example_dag_decorator.py for tasks to queue
[2025-04-28T02:19:13.658+0000] {logging_mixin.py:188} INFO - [2025-04-28T02:19:13.658+0000] {dagbag.py:540} INFO - Filling up the DagBag from /home/airflow/.local/lib/python3.12/site-packages/airflow/example_dags/example_dag_decorator.py
[2025-04-28T02:19:13.757+0000] {processor.py:840} INFO - DAG(s) 'example_dag_decorator' retrieved from /home/airflow/.local/lib/python3.12/site-packages/airflow/example_dags/example_dag_decorator.py
[2025-04-28T02:19:13.792+0000] {logging_mixin.py:188} INFO - [2025-04-28T02:19:13.792+0000] {dag.py:3096} INFO - Sync 1 DAGs
[2025-04-28T02:19:13.795+0000] {logging_mixin.py:188} INFO - [2025-04-28T02:19:13.795+0000] {dag.py:3954} INFO - Setting next_dagrun for example_dag_decorator to None, run_after=None
[2025-04-28T02:19:13.800+0000] {processor.py:183} INFO - Processing /home/airflow/.local/lib/python3.12/site-packages/airflow/example_dags/example_dag_decorator.py took 0.146 seconds
[2025-04-28T02:19:43.822+0000] {processor.py:161} INFO - Started process (PID=1068) to work on /home/airflow/.local/lib/python3.12/site-packages/airflow/example_dags/example_dag_decorator.py
[2025-04-28T02:19:43.823+0000] {processor.py:830} INFO - Processing file /home/airflow/.local/lib/python3.12/site-packages/airflow/example_dags/example_dag_decorator.py for tasks to queue
[2025-04-28T02:19:43.824+0000] {logging_mixin.py:188} INFO - [2025-04-28T02:19:43.824+0000] {dagbag.py:540} INFO - Filling up the DagBag from /home/airflow/.local/lib/python3.12/site-packages/airflow/example_dags/example_dag_decorator.py
[2025-04-28T02:19:43.923+0000] {processor.py:840} INFO - DAG(s) 'example_dag_decorator' retrieved from /home/airflow/.local/lib/python3.12/site-packages/airflow/example_dags/example_dag_decorator.py
[2025-04-28T02:19:43.959+0000] {logging_mixin.py:188} INFO - [2025-04-28T02:19:43.959+0000] {dag.py:3096} INFO - Sync 1 DAGs
[2025-04-28T02:19:43.963+0000] {logging_mixin.py:188} INFO - [2025-04-28T02:19:43.962+0000] {dag.py:3954} INFO - Setting next_dagrun for example_dag_decorator to None, run_after=None
[2025-04-28T02:19:43.976+0000] {processor.py:183} INFO - Processing /home/airflow/.local/lib/python3.12/site-packages/airflow/example_dags/example_dag_decorator.py took 0.156 seconds
[2025-04-28T02:20:14.261+0000] {processor.py:161} INFO - Started process (PID=1122) to work on /home/airflow/.local/lib/python3.12/site-packages/airflow/example_dags/example_dag_decorator.py
[2025-04-28T02:20:14.263+0000] {processor.py:830} INFO - Processing file /home/airflow/.local/lib/python3.12/site-packages/airflow/example_dags/example_dag_decorator.py for tasks to queue
[2025-04-28T02:20:14.264+0000] {logging_mixin.py:188} INFO - [2025-04-28T02:20:14.264+0000] {dagbag.py:540} INFO - Filling up the DagBag from /home/airflow/.local/lib/python3.12/site-packages/airflow/example_dags/example_dag_decorator.py
[2025-04-28T02:20:14.299+0000] {processor.py:840} INFO - DAG(s) 'example_dag_decorator' retrieved from /home/airflow/.local/lib/python3.12/site-packages/airflow/example_dags/example_dag_decorator.py
[2025-04-28T02:20:14.341+0000] {logging_mixin.py:188} INFO - [2025-04-28T02:20:14.341+0000] {dag.py:3096} INFO - Sync 1 DAGs
[2025-04-28T02:20:14.347+0000] {logging_mixin.py:188} INFO - [2025-04-28T02:20:14.347+0000] {dag.py:3954} INFO - Setting next_dagrun for example_dag_decorator to None, run_after=None
[2025-04-28T02:20:14.356+0000] {processor.py:183} INFO - Processing /home/airflow/.local/lib/python3.12/site-packages/airflow/example_dags/example_dag_decorator.py took 0.098 seconds
[2025-04-28T02:20:44.873+0000] {processor.py:161} INFO - Started process (PID=1181) to work on /home/airflow/.local/lib/python3.12/site-packages/airflow/example_dags/example_dag_decorator.py
[2025-04-28T02:20:44.874+0000] {processor.py:830} INFO - Processing file /home/airflow/.local/lib/python3.12/site-packages/airflow/example_dags/example_dag_decorator.py for tasks to queue
[2025-04-28T02:20:44.874+0000] {logging_mixin.py:188} INFO - [2025-04-28T02:20:44.874+0000] {dagbag.py:540} INFO - Filling up the DagBag from /home/airflow/.local/lib/python3.12/site-packages/airflow/example_dags/example_dag_decorator.py
[2025-04-28T02:20:44.909+0000] {processor.py:840} INFO - DAG(s) 'example_dag_decorator' retrieved from /home/airflow/.local/lib/python3.12/site-packages/airflow/example_dags/example_dag_decorator.py
[2025-04-28T02:20:44.949+0000] {logging_mixin.py:188} INFO - [2025-04-28T02:20:44.949+0000] {dag.py:3096} INFO - Sync 1 DAGs
[2025-04-28T02:20:44.953+0000] {logging_mixin.py:188} INFO - [2025-04-28T02:20:44.953+0000] {dag.py:3954} INFO - Setting next_dagrun for example_dag_decorator to None, run_after=None
[2025-04-28T02:20:44.960+0000] {processor.py:183} INFO - Processing /home/airflow/.local/lib/python3.12/site-packages/airflow/example_dags/example_dag_decorator.py took 0.089 seconds
[2025-04-28T02:21:15.474+0000] {processor.py:161} INFO - Started process (PID=1240) to work on /home/airflow/.local/lib/python3.12/site-packages/airflow/example_dags/example_dag_decorator.py
[2025-04-28T02:21:15.477+0000] {processor.py:830} INFO - Processing file /home/airflow/.local/lib/python3.12/site-packages/airflow/example_dags/example_dag_decorator.py for tasks to queue
[2025-04-28T02:21:15.479+0000] {logging_mixin.py:188} INFO - [2025-04-28T02:21:15.478+0000] {dagbag.py:540} INFO - Filling up the DagBag from /home/airflow/.local/lib/python3.12/site-packages/airflow/example_dags/example_dag_decorator.py
[2025-04-28T02:21:15.513+0000] {processor.py:840} INFO - DAG(s) 'example_dag_decorator' retrieved from /home/airflow/.local/lib/python3.12/site-packages/airflow/example_dags/example_dag_decorator.py
[2025-04-28T02:21:15.551+0000] {logging_mixin.py:188} INFO - [2025-04-28T02:21:15.551+0000] {dag.py:3096} INFO - Sync 1 DAGs
[2025-04-28T02:21:15.555+0000] {logging_mixin.py:188} INFO - [2025-04-28T02:21:15.555+0000] {dag.py:3954} INFO - Setting next_dagrun for example_dag_decorator to None, run_after=None
[2025-04-28T02:21:15.563+0000] {processor.py:183} INFO - Processing /home/airflow/.local/lib/python3.12/site-packages/airflow/example_dags/example_dag_decorator.py took 0.091 seconds
[2025-04-28T02:21:46.063+0000] {processor.py:161} INFO - Started process (PID=1299) to work on /home/airflow/.local/lib/python3.12/site-packages/airflow/example_dags/example_dag_decorator.py
[2025-04-28T02:21:46.065+0000] {processor.py:830} INFO - Processing file /home/airflow/.local/lib/python3.12/site-packages/airflow/example_dags/example_dag_decorator.py for tasks to queue
[2025-04-28T02:21:46.066+0000] {logging_mixin.py:188} INFO - [2025-04-28T02:21:46.066+0000] {dagbag.py:540} INFO - Filling up the DagBag from /home/airflow/.local/lib/python3.12/site-packages/airflow/example_dags/example_dag_decorator.py
[2025-04-28T02:21:46.099+0000] {processor.py:840} INFO - DAG(s) 'example_dag_decorator' retrieved from /home/airflow/.local/lib/python3.12/site-packages/airflow/example_dags/example_dag_decorator.py
[2025-04-28T02:21:46.141+0000] {logging_mixin.py:188} INFO - [2025-04-28T02:21:46.141+0000] {dag.py:3096} INFO - Sync 1 DAGs
[2025-04-28T02:21:46.148+0000] {logging_mixin.py:188} INFO - [2025-04-28T02:21:46.147+0000] {dag.py:3954} INFO - Setting next_dagrun for example_dag_decorator to None, run_after=None
[2025-04-28T02:21:46.155+0000] {processor.py:183} INFO - Processing /home/airflow/.local/lib/python3.12/site-packages/airflow/example_dags/example_dag_decorator.py took 0.094 seconds
[2025-04-28T02:22:16.605+0000] {processor.py:161} INFO - Started process (PID=1358) to work on /home/airflow/.local/lib/python3.12/site-packages/airflow/example_dags/example_dag_decorator.py
[2025-04-28T02:22:16.607+0000] {processor.py:830} INFO - Processing file /home/airflow/.local/lib/python3.12/site-packages/airflow/example_dags/example_dag_decorator.py for tasks to queue
[2025-04-28T02:22:16.608+0000] {logging_mixin.py:188} INFO - [2025-04-28T02:22:16.608+0000] {dagbag.py:540} INFO - Filling up the DagBag from /home/airflow/.local/lib/python3.12/site-packages/airflow/example_dags/example_dag_decorator.py
[2025-04-28T02:22:16.640+0000] {processor.py:840} INFO - DAG(s) 'example_dag_decorator' retrieved from /home/airflow/.local/lib/python3.12/site-packages/airflow/example_dags/example_dag_decorator.py
[2025-04-28T02:22:16.676+0000] {logging_mixin.py:188} INFO - [2025-04-28T02:22:16.676+0000] {dag.py:3096} INFO - Sync 1 DAGs
[2025-04-28T02:22:16.680+0000] {logging_mixin.py:188} INFO - [2025-04-28T02:22:16.680+0000] {dag.py:3954} INFO - Setting next_dagrun for example_dag_decorator to None, run_after=None
[2025-04-28T02:22:16.686+0000] {processor.py:183} INFO - Processing /home/airflow/.local/lib/python3.12/site-packages/airflow/example_dags/example_dag_decorator.py took 0.083 seconds
[2025-04-28T02:22:47.133+0000] {processor.py:161} INFO - Started process (PID=1417) to work on /home/airflow/.local/lib/python3.12/site-packages/airflow/example_dags/example_dag_decorator.py
[2025-04-28T02:22:47.133+0000] {processor.py:830} INFO - Processing file /home/airflow/.local/lib/python3.12/site-packages/airflow/example_dags/example_dag_decorator.py for tasks to queue
[2025-04-28T02:22:47.134+0000] {logging_mixin.py:188} INFO - [2025-04-28T02:22:47.134+0000] {dagbag.py:540} INFO - Filling up the DagBag from /home/airflow/.local/lib/python3.12/site-packages/airflow/example_dags/example_dag_decorator.py
[2025-04-28T02:22:47.167+0000] {processor.py:840} INFO - DAG(s) 'example_dag_decorator' retrieved from /home/airflow/.local/lib/python3.12/site-packages/airflow/example_dags/example_dag_decorator.py
[2025-04-28T02:22:47.209+0000] {logging_mixin.py:188} INFO - [2025-04-28T02:22:47.208+0000] {dag.py:3096} INFO - Sync 1 DAGs
[2025-04-28T02:22:47.212+0000] {logging_mixin.py:188} INFO - [2025-04-28T02:22:47.212+0000] {dag.py:3954} INFO - Setting next_dagrun for example_dag_decorator to None, run_after=None
[2025-04-28T02:22:47.218+0000] {processor.py:183} INFO - Processing /home/airflow/.local/lib/python3.12/site-packages/airflow/example_dags/example_dag_decorator.py took 0.088 seconds
[2025-04-28T02:23:17.793+0000] {processor.py:161} INFO - Started process (PID=1476) to work on /home/airflow/.local/lib/python3.12/site-packages/airflow/example_dags/example_dag_decorator.py
[2025-04-28T02:23:17.795+0000] {processor.py:830} INFO - Processing file /home/airflow/.local/lib/python3.12/site-packages/airflow/example_dags/example_dag_decorator.py for tasks to queue
[2025-04-28T02:23:17.796+0000] {logging_mixin.py:188} INFO - [2025-04-28T02:23:17.796+0000] {dagbag.py:540} INFO - Filling up the DagBag from /home/airflow/.local/lib/python3.12/site-packages/airflow/example_dags/example_dag_decorator.py
[2025-04-28T02:23:17.830+0000] {processor.py:840} INFO - DAG(s) 'example_dag_decorator' retrieved from /home/airflow/.local/lib/python3.12/site-packages/airflow/example_dags/example_dag_decorator.py
[2025-04-28T02:23:17.867+0000] {logging_mixin.py:188} INFO - [2025-04-28T02:23:17.867+0000] {dag.py:3096} INFO - Sync 1 DAGs
[2025-04-28T02:23:17.871+0000] {logging_mixin.py:188} INFO - [2025-04-28T02:23:17.870+0000] {dag.py:3954} INFO - Setting next_dagrun for example_dag_decorator to None, run_after=None
[2025-04-28T02:23:17.876+0000] {processor.py:183} INFO - Processing /home/airflow/.local/lib/python3.12/site-packages/airflow/example_dags/example_dag_decorator.py took 0.085 seconds
