[2025-04-28T02:11:03.158+0000] {processor.py:161} INFO - Started process (PID=83) to work on /home/airflow/.local/lib/python3.12/site-packages/airflow/example_dags/tutorial_objectstorage.py
[2025-04-28T02:11:03.159+0000] {processor.py:830} INFO - Processing file /home/airflow/.local/lib/python3.12/site-packages/airflow/example_dags/tutorial_objectstorage.py for tasks to queue
[2025-04-28T02:11:03.161+0000] {logging_mixin.py:188} INFO - [2025-04-28T02:11:03.161+0000] {dagbag.py:540} INFO - Filling up the DagBag from /home/airflow/.local/lib/python3.12/site-packages/airflow/example_dags/tutorial_objectstorage.py
[2025-04-28T02:11:03.167+0000] {processor.py:840} INFO - DAG(s) 'tutorial_objectstorage' retrieved from /home/airflow/.local/lib/python3.12/site-packages/airflow/example_dags/tutorial_objectstorage.py
[2025-04-28T02:11:03.173+0000] {logging_mixin.py:188} INFO - [2025-04-28T02:11:03.173+0000] {dag.py:3096} INFO - Sync 1 DAGs
[2025-04-28T02:11:03.177+0000] {logging_mixin.py:188} INFO - [2025-04-28T02:11:03.177+0000] {dag.py:3954} INFO - Setting next_dagrun for tutorial_objectstorage to None, run_after=None
[2025-04-28T02:11:03.187+0000] {processor.py:183} INFO - Processing /home/airflow/.local/lib/python3.12/site-packages/airflow/example_dags/tutorial_objectstorage.py took 0.032 seconds
[2025-04-28T02:11:33.786+0000] {processor.py:161} INFO - Started process (PID=141) to work on /home/airflow/.local/lib/python3.12/site-packages/airflow/example_dags/tutorial_objectstorage.py
[2025-04-28T02:11:33.786+0000] {processor.py:830} INFO - Processing file /home/airflow/.local/lib/python3.12/site-packages/airflow/example_dags/tutorial_objectstorage.py for tasks to queue
[2025-04-28T02:11:33.787+0000] {logging_mixin.py:188} INFO - [2025-04-28T02:11:33.787+0000] {dagbag.py:540} INFO - Filling up the DagBag from /home/airflow/.local/lib/python3.12/site-packages/airflow/example_dags/tutorial_objectstorage.py
[2025-04-28T02:11:33.790+0000] {processor.py:840} INFO - DAG(s) 'tutorial_objectstorage' retrieved from /home/airflow/.local/lib/python3.12/site-packages/airflow/example_dags/tutorial_objectstorage.py
[2025-04-28T02:11:33.833+0000] {logging_mixin.py:188} INFO - [2025-04-28T02:11:33.833+0000] {dag.py:3096} INFO - Sync 1 DAGs
[2025-04-28T02:11:33.838+0000] {logging_mixin.py:188} INFO - [2025-04-28T02:11:33.837+0000] {dag.py:3954} INFO - Setting next_dagrun for tutorial_objectstorage to None, run_after=None
[2025-04-28T02:11:33.846+0000] {processor.py:183} INFO - Processing /home/airflow/.local/lib/python3.12/site-packages/airflow/example_dags/tutorial_objectstorage.py took 0.063 seconds
[2025-04-28T02:12:04.427+0000] {processor.py:161} INFO - Started process (PID=199) to work on /home/airflow/.local/lib/python3.12/site-packages/airflow/example_dags/tutorial_objectstorage.py
[2025-04-28T02:12:04.427+0000] {processor.py:830} INFO - Processing file /home/airflow/.local/lib/python3.12/site-packages/airflow/example_dags/tutorial_objectstorage.py for tasks to queue
[2025-04-28T02:12:04.428+0000] {logging_mixin.py:188} INFO - [2025-04-28T02:12:04.428+0000] {dagbag.py:540} INFO - Filling up the DagBag from /home/airflow/.local/lib/python3.12/site-packages/airflow/example_dags/tutorial_objectstorage.py
[2025-04-28T02:12:04.431+0000] {processor.py:840} INFO - DAG(s) 'tutorial_objectstorage' retrieved from /home/airflow/.local/lib/python3.12/site-packages/airflow/example_dags/tutorial_objectstorage.py
[2025-04-28T02:12:04.440+0000] {logging_mixin.py:188} INFO - [2025-04-28T02:12:04.439+0000] {dag.py:3096} INFO - Sync 1 DAGs
[2025-04-28T02:12:04.444+0000] {logging_mixin.py:188} INFO - [2025-04-28T02:12:04.444+0000] {dag.py:3954} INFO - Setting next_dagrun for tutorial_objectstorage to None, run_after=None
[2025-04-28T02:12:04.457+0000] {processor.py:183} INFO - Processing /home/airflow/.local/lib/python3.12/site-packages/airflow/example_dags/tutorial_objectstorage.py took 0.032 seconds
[2025-04-28T02:12:34.948+0000] {processor.py:161} INFO - Started process (PID=263) to work on /home/airflow/.local/lib/python3.12/site-packages/airflow/example_dags/tutorial_objectstorage.py
[2025-04-28T02:12:34.948+0000] {processor.py:830} INFO - Processing file /home/airflow/.local/lib/python3.12/site-packages/airflow/example_dags/tutorial_objectstorage.py for tasks to queue
[2025-04-28T02:12:34.949+0000] {logging_mixin.py:188} INFO - [2025-04-28T02:12:34.949+0000] {dagbag.py:540} INFO - Filling up the DagBag from /home/airflow/.local/lib/python3.12/site-packages/airflow/example_dags/tutorial_objectstorage.py
[2025-04-28T02:12:34.952+0000] {processor.py:840} INFO - DAG(s) 'tutorial_objectstorage' retrieved from /home/airflow/.local/lib/python3.12/site-packages/airflow/example_dags/tutorial_objectstorage.py
[2025-04-28T02:12:34.963+0000] {logging_mixin.py:188} INFO - [2025-04-28T02:12:34.963+0000] {dag.py:3096} INFO - Sync 1 DAGs
[2025-04-28T02:12:34.970+0000] {logging_mixin.py:188} INFO - [2025-04-28T02:12:34.970+0000] {dag.py:3954} INFO - Setting next_dagrun for tutorial_objectstorage to None, run_after=None
[2025-04-28T02:12:34.979+0000] {processor.py:183} INFO - Processing /home/airflow/.local/lib/python3.12/site-packages/airflow/example_dags/tutorial_objectstorage.py took 0.034 seconds
[2025-04-28T02:13:05.453+0000] {processor.py:161} INFO - Started process (PID=321) to work on /home/airflow/.local/lib/python3.12/site-packages/airflow/example_dags/tutorial_objectstorage.py
[2025-04-28T02:13:05.455+0000] {processor.py:830} INFO - Processing file /home/airflow/.local/lib/python3.12/site-packages/airflow/example_dags/tutorial_objectstorage.py for tasks to queue
[2025-04-28T02:13:05.457+0000] {logging_mixin.py:188} INFO - [2025-04-28T02:13:05.456+0000] {dagbag.py:540} INFO - Filling up the DagBag from /home/airflow/.local/lib/python3.12/site-packages/airflow/example_dags/tutorial_objectstorage.py
[2025-04-28T02:13:05.460+0000] {processor.py:840} INFO - DAG(s) 'tutorial_objectstorage' retrieved from /home/airflow/.local/lib/python3.12/site-packages/airflow/example_dags/tutorial_objectstorage.py
[2025-04-28T02:13:05.467+0000] {logging_mixin.py:188} INFO - [2025-04-28T02:13:05.467+0000] {dag.py:3096} INFO - Sync 1 DAGs
[2025-04-28T02:13:05.473+0000] {logging_mixin.py:188} INFO - [2025-04-28T02:13:05.473+0000] {dag.py:3954} INFO - Setting next_dagrun for tutorial_objectstorage to None, run_after=None
[2025-04-28T02:13:05.483+0000] {processor.py:183} INFO - Processing /home/airflow/.local/lib/python3.12/site-packages/airflow/example_dags/tutorial_objectstorage.py took 0.032 seconds
[2025-04-28T02:13:35.934+0000] {processor.py:161} INFO - Started process (PID=379) to work on /home/airflow/.local/lib/python3.12/site-packages/airflow/example_dags/tutorial_objectstorage.py
[2025-04-28T02:13:35.934+0000] {processor.py:830} INFO - Processing file /home/airflow/.local/lib/python3.12/site-packages/airflow/example_dags/tutorial_objectstorage.py for tasks to queue
[2025-04-28T02:13:35.935+0000] {logging_mixin.py:188} INFO - [2025-04-28T02:13:35.935+0000] {dagbag.py:540} INFO - Filling up the DagBag from /home/airflow/.local/lib/python3.12/site-packages/airflow/example_dags/tutorial_objectstorage.py
[2025-04-28T02:13:35.939+0000] {processor.py:840} INFO - DAG(s) 'tutorial_objectstorage' retrieved from /home/airflow/.local/lib/python3.12/site-packages/airflow/example_dags/tutorial_objectstorage.py
[2025-04-28T02:13:35.947+0000] {logging_mixin.py:188} INFO - [2025-04-28T02:13:35.947+0000] {dag.py:3096} INFO - Sync 1 DAGs
[2025-04-28T02:13:35.951+0000] {logging_mixin.py:188} INFO - [2025-04-28T02:13:35.951+0000] {dag.py:3954} INFO - Setting next_dagrun for tutorial_objectstorage to None, run_after=None
[2025-04-28T02:13:35.959+0000] {processor.py:183} INFO - Processing /home/airflow/.local/lib/python3.12/site-packages/airflow/example_dags/tutorial_objectstorage.py took 0.028 seconds
[2025-04-28T02:14:06.453+0000] {processor.py:161} INFO - Started process (PID=437) to work on /home/airflow/.local/lib/python3.12/site-packages/airflow/example_dags/tutorial_objectstorage.py
[2025-04-28T02:14:06.454+0000] {processor.py:830} INFO - Processing file /home/airflow/.local/lib/python3.12/site-packages/airflow/example_dags/tutorial_objectstorage.py for tasks to queue
[2025-04-28T02:14:06.455+0000] {logging_mixin.py:188} INFO - [2025-04-28T02:14:06.455+0000] {dagbag.py:540} INFO - Filling up the DagBag from /home/airflow/.local/lib/python3.12/site-packages/airflow/example_dags/tutorial_objectstorage.py
[2025-04-28T02:14:06.458+0000] {processor.py:840} INFO - DAG(s) 'tutorial_objectstorage' retrieved from /home/airflow/.local/lib/python3.12/site-packages/airflow/example_dags/tutorial_objectstorage.py
[2025-04-28T02:14:06.464+0000] {logging_mixin.py:188} INFO - [2025-04-28T02:14:06.464+0000] {dag.py:3096} INFO - Sync 1 DAGs
[2025-04-28T02:14:06.469+0000] {logging_mixin.py:188} INFO - [2025-04-28T02:14:06.469+0000] {dag.py:3954} INFO - Setting next_dagrun for tutorial_objectstorage to None, run_after=None
[2025-04-28T02:14:06.481+0000] {processor.py:183} INFO - Processing /home/airflow/.local/lib/python3.12/site-packages/airflow/example_dags/tutorial_objectstorage.py took 0.031 seconds
[2025-04-28T02:14:36.880+0000] {processor.py:161} INFO - Started process (PID=495) to work on /home/airflow/.local/lib/python3.12/site-packages/airflow/example_dags/tutorial_objectstorage.py
[2025-04-28T02:14:36.881+0000] {processor.py:830} INFO - Processing file /home/airflow/.local/lib/python3.12/site-packages/airflow/example_dags/tutorial_objectstorage.py for tasks to queue
[2025-04-28T02:14:36.882+0000] {logging_mixin.py:188} INFO - [2025-04-28T02:14:36.882+0000] {dagbag.py:540} INFO - Filling up the DagBag from /home/airflow/.local/lib/python3.12/site-packages/airflow/example_dags/tutorial_objectstorage.py
[2025-04-28T02:14:36.885+0000] {processor.py:840} INFO - DAG(s) 'tutorial_objectstorage' retrieved from /home/airflow/.local/lib/python3.12/site-packages/airflow/example_dags/tutorial_objectstorage.py
[2025-04-28T02:14:36.891+0000] {logging_mixin.py:188} INFO - [2025-04-28T02:14:36.891+0000] {dag.py:3096} INFO - Sync 1 DAGs
[2025-04-28T02:14:36.895+0000] {logging_mixin.py:188} INFO - [2025-04-28T02:14:36.895+0000] {dag.py:3954} INFO - Setting next_dagrun for tutorial_objectstorage to None, run_after=None
[2025-04-28T02:14:36.902+0000] {processor.py:183} INFO - Processing /home/airflow/.local/lib/python3.12/site-packages/airflow/example_dags/tutorial_objectstorage.py took 0.024 seconds
[2025-04-28T02:15:09.718+0000] {processor.py:161} INFO - Started process (PID=553) to work on /home/airflow/.local/lib/python3.12/site-packages/airflow/example_dags/tutorial_objectstorage.py
[2025-04-28T02:15:09.718+0000] {processor.py:830} INFO - Processing file /home/airflow/.local/lib/python3.12/site-packages/airflow/example_dags/tutorial_objectstorage.py for tasks to queue
[2025-04-28T02:15:09.719+0000] {logging_mixin.py:188} INFO - [2025-04-28T02:15:09.719+0000] {dagbag.py:540} INFO - Filling up the DagBag from /home/airflow/.local/lib/python3.12/site-packages/airflow/example_dags/tutorial_objectstorage.py
[2025-04-28T02:15:09.722+0000] {processor.py:840} INFO - DAG(s) 'tutorial_objectstorage' retrieved from /home/airflow/.local/lib/python3.12/site-packages/airflow/example_dags/tutorial_objectstorage.py
[2025-04-28T02:15:09.824+0000] {logging_mixin.py:188} INFO - [2025-04-28T02:15:09.824+0000] {dag.py:3096} INFO - Sync 1 DAGs
[2025-04-28T02:15:09.829+0000] {logging_mixin.py:188} INFO - [2025-04-28T02:15:09.829+0000] {dag.py:3954} INFO - Setting next_dagrun for tutorial_objectstorage to None, run_after=None
[2025-04-28T02:15:09.837+0000] {processor.py:183} INFO - Processing /home/airflow/.local/lib/python3.12/site-packages/airflow/example_dags/tutorial_objectstorage.py took 0.122 seconds
[2025-04-28T02:15:40.633+0000] {processor.py:161} INFO - Started process (PID=611) to work on /home/airflow/.local/lib/python3.12/site-packages/airflow/example_dags/tutorial_objectstorage.py
[2025-04-28T02:15:40.637+0000] {processor.py:830} INFO - Processing file /home/airflow/.local/lib/python3.12/site-packages/airflow/example_dags/tutorial_objectstorage.py for tasks to queue
[2025-04-28T02:15:40.639+0000] {logging_mixin.py:188} INFO - [2025-04-28T02:15:40.639+0000] {dagbag.py:540} INFO - Filling up the DagBag from /home/airflow/.local/lib/python3.12/site-packages/airflow/example_dags/tutorial_objectstorage.py
[2025-04-28T02:15:40.642+0000] {processor.py:840} INFO - DAG(s) 'tutorial_objectstorage' retrieved from /home/airflow/.local/lib/python3.12/site-packages/airflow/example_dags/tutorial_objectstorage.py
[2025-04-28T02:15:40.650+0000] {logging_mixin.py:188} INFO - [2025-04-28T02:15:40.650+0000] {dag.py:3096} INFO - Sync 1 DAGs
[2025-04-28T02:15:40.656+0000] {logging_mixin.py:188} INFO - [2025-04-28T02:15:40.655+0000] {dag.py:3954} INFO - Setting next_dagrun for tutorial_objectstorage to None, run_after=None
[2025-04-28T02:15:40.664+0000] {processor.py:183} INFO - Processing /home/airflow/.local/lib/python3.12/site-packages/airflow/example_dags/tutorial_objectstorage.py took 0.033 seconds
[2025-04-28T02:16:11.263+0000] {processor.py:161} INFO - Started process (PID=669) to work on /home/airflow/.local/lib/python3.12/site-packages/airflow/example_dags/tutorial_objectstorage.py
[2025-04-28T02:16:11.264+0000] {processor.py:830} INFO - Processing file /home/airflow/.local/lib/python3.12/site-packages/airflow/example_dags/tutorial_objectstorage.py for tasks to queue
[2025-04-28T02:16:11.265+0000] {logging_mixin.py:188} INFO - [2025-04-28T02:16:11.264+0000] {dagbag.py:540} INFO - Filling up the DagBag from /home/airflow/.local/lib/python3.12/site-packages/airflow/example_dags/tutorial_objectstorage.py
[2025-04-28T02:16:11.268+0000] {processor.py:840} INFO - DAG(s) 'tutorial_objectstorage' retrieved from /home/airflow/.local/lib/python3.12/site-packages/airflow/example_dags/tutorial_objectstorage.py
[2025-04-28T02:16:11.278+0000] {logging_mixin.py:188} INFO - [2025-04-28T02:16:11.278+0000] {dag.py:3096} INFO - Sync 1 DAGs
[2025-04-28T02:16:11.283+0000] {logging_mixin.py:188} INFO - [2025-04-28T02:16:11.282+0000] {dag.py:3954} INFO - Setting next_dagrun for tutorial_objectstorage to None, run_after=None
[2025-04-28T02:16:11.293+0000] {processor.py:183} INFO - Processing /home/airflow/.local/lib/python3.12/site-packages/airflow/example_dags/tutorial_objectstorage.py took 0.032 seconds
[2025-04-28T02:16:41.960+0000] {processor.py:161} INFO - Started process (PID=728) to work on /home/airflow/.local/lib/python3.12/site-packages/airflow/example_dags/tutorial_objectstorage.py
[2025-04-28T02:16:41.962+0000] {processor.py:830} INFO - Processing file /home/airflow/.local/lib/python3.12/site-packages/airflow/example_dags/tutorial_objectstorage.py for tasks to queue
[2025-04-28T02:16:41.963+0000] {logging_mixin.py:188} INFO - [2025-04-28T02:16:41.963+0000] {dagbag.py:540} INFO - Filling up the DagBag from /home/airflow/.local/lib/python3.12/site-packages/airflow/example_dags/tutorial_objectstorage.py
[2025-04-28T02:16:41.967+0000] {processor.py:840} INFO - DAG(s) 'tutorial_objectstorage' retrieved from /home/airflow/.local/lib/python3.12/site-packages/airflow/example_dags/tutorial_objectstorage.py
[2025-04-28T02:16:41.974+0000] {logging_mixin.py:188} INFO - [2025-04-28T02:16:41.974+0000] {dag.py:3096} INFO - Sync 1 DAGs
[2025-04-28T02:16:41.981+0000] {logging_mixin.py:188} INFO - [2025-04-28T02:16:41.981+0000] {dag.py:3954} INFO - Setting next_dagrun for tutorial_objectstorage to None, run_after=None
[2025-04-28T02:16:41.990+0000] {processor.py:183} INFO - Processing /home/airflow/.local/lib/python3.12/site-packages/airflow/example_dags/tutorial_objectstorage.py took 0.033 seconds
