[2025-04-28T02:11:02.777+0000] {processor.py:161} INFO - Started process (PID=71) to work on /home/airflow/.local/lib/python3.12/site-packages/airflow/example_dags/tutorial_dag.py
[2025-04-28T02:11:02.778+0000] {processor.py:830} INFO - Processing file /home/airflow/.local/lib/python3.12/site-packages/airflow/example_dags/tutorial_dag.py for tasks to queue
[2025-04-28T02:11:02.779+0000] {logging_mixin.py:188} INFO - [2025-04-28T02:11:02.779+0000] {dagbag.py:540} INFO - Filling up the DagBag from /home/airflow/.local/lib/python3.12/site-packages/airflow/example_dags/tutorial_dag.py
[2025-04-28T02:11:02.784+0000] {processor.py:840} INFO - DAG(s) 'tutorial_dag' retrieved from /home/airflow/.local/lib/python3.12/site-packages/airflow/example_dags/tutorial_dag.py
[2025-04-28T02:11:02.791+0000] {logging_mixin.py:188} INFO - [2025-04-28T02:11:02.790+0000] {dag.py:3096} INFO - Sync 1 DAGs
[2025-04-28T02:11:02.799+0000] {logging_mixin.py:188} INFO - [2025-04-28T02:11:02.799+0000] {dag.py:3954} INFO - Setting next_dagrun for tutorial_dag to None, run_after=None
[2025-04-28T02:11:02.810+0000] {processor.py:183} INFO - Processing /home/airflow/.local/lib/python3.12/site-packages/airflow/example_dags/tutorial_dag.py took 0.035 seconds
[2025-04-28T02:11:33.343+0000] {processor.py:161} INFO - Started process (PID=129) to work on /home/airflow/.local/lib/python3.12/site-packages/airflow/example_dags/tutorial_dag.py
[2025-04-28T02:11:33.344+0000] {processor.py:830} INFO - Processing file /home/airflow/.local/lib/python3.12/site-packages/airflow/example_dags/tutorial_dag.py for tasks to queue
[2025-04-28T02:11:33.345+0000] {logging_mixin.py:188} INFO - [2025-04-28T02:11:33.345+0000] {dagbag.py:540} INFO - Filling up the DagBag from /home/airflow/.local/lib/python3.12/site-packages/airflow/example_dags/tutorial_dag.py
[2025-04-28T02:11:33.347+0000] {processor.py:840} INFO - DAG(s) 'tutorial_dag' retrieved from /home/airflow/.local/lib/python3.12/site-packages/airflow/example_dags/tutorial_dag.py
[2025-04-28T02:11:33.381+0000] {logging_mixin.py:188} INFO - [2025-04-28T02:11:33.381+0000] {dag.py:3096} INFO - Sync 1 DAGs
[2025-04-28T02:11:33.388+0000] {logging_mixin.py:188} INFO - [2025-04-28T02:11:33.388+0000] {dag.py:3954} INFO - Setting next_dagrun for tutorial_dag to None, run_after=None
[2025-04-28T02:11:33.396+0000] {processor.py:183} INFO - Processing /home/airflow/.local/lib/python3.12/site-packages/airflow/example_dags/tutorial_dag.py took 0.055 seconds
[2025-04-28T02:12:04.142+0000] {processor.py:161} INFO - Started process (PID=187) to work on /home/airflow/.local/lib/python3.12/site-packages/airflow/example_dags/tutorial_dag.py
[2025-04-28T02:12:04.142+0000] {processor.py:830} INFO - Processing file /home/airflow/.local/lib/python3.12/site-packages/airflow/example_dags/tutorial_dag.py for tasks to queue
[2025-04-28T02:12:04.143+0000] {logging_mixin.py:188} INFO - [2025-04-28T02:12:04.143+0000] {dagbag.py:540} INFO - Filling up the DagBag from /home/airflow/.local/lib/python3.12/site-packages/airflow/example_dags/tutorial_dag.py
[2025-04-28T02:12:04.145+0000] {processor.py:840} INFO - DAG(s) 'tutorial_dag' retrieved from /home/airflow/.local/lib/python3.12/site-packages/airflow/example_dags/tutorial_dag.py
[2025-04-28T02:12:04.153+0000] {logging_mixin.py:188} INFO - [2025-04-28T02:12:04.153+0000] {dag.py:3096} INFO - Sync 1 DAGs
[2025-04-28T02:12:04.159+0000] {logging_mixin.py:188} INFO - [2025-04-28T02:12:04.159+0000] {dag.py:3954} INFO - Setting next_dagrun for tutorial_dag to None, run_after=None
[2025-04-28T02:12:04.167+0000] {processor.py:183} INFO - Processing /home/airflow/.local/lib/python3.12/site-packages/airflow/example_dags/tutorial_dag.py took 0.028 seconds
[2025-04-28T02:12:34.670+0000] {processor.py:161} INFO - Started process (PID=251) to work on /home/airflow/.local/lib/python3.12/site-packages/airflow/example_dags/tutorial_dag.py
[2025-04-28T02:12:34.671+0000] {processor.py:830} INFO - Processing file /home/airflow/.local/lib/python3.12/site-packages/airflow/example_dags/tutorial_dag.py for tasks to queue
[2025-04-28T02:12:34.672+0000] {logging_mixin.py:188} INFO - [2025-04-28T02:12:34.672+0000] {dagbag.py:540} INFO - Filling up the DagBag from /home/airflow/.local/lib/python3.12/site-packages/airflow/example_dags/tutorial_dag.py
[2025-04-28T02:12:34.676+0000] {processor.py:840} INFO - DAG(s) 'tutorial_dag' retrieved from /home/airflow/.local/lib/python3.12/site-packages/airflow/example_dags/tutorial_dag.py
[2025-04-28T02:12:34.686+0000] {logging_mixin.py:188} INFO - [2025-04-28T02:12:34.686+0000] {dag.py:3096} INFO - Sync 1 DAGs
[2025-04-28T02:12:34.690+0000] {logging_mixin.py:188} INFO - [2025-04-28T02:12:34.690+0000] {dag.py:3954} INFO - Setting next_dagrun for tutorial_dag to None, run_after=None
[2025-04-28T02:12:34.697+0000] {processor.py:183} INFO - Processing /home/airflow/.local/lib/python3.12/site-packages/airflow/example_dags/tutorial_dag.py took 0.029 seconds
[2025-04-28T02:13:05.172+0000] {processor.py:161} INFO - Started process (PID=309) to work on /home/airflow/.local/lib/python3.12/site-packages/airflow/example_dags/tutorial_dag.py
[2025-04-28T02:13:05.173+0000] {processor.py:830} INFO - Processing file /home/airflow/.local/lib/python3.12/site-packages/airflow/example_dags/tutorial_dag.py for tasks to queue
[2025-04-28T02:13:05.174+0000] {logging_mixin.py:188} INFO - [2025-04-28T02:13:05.174+0000] {dagbag.py:540} INFO - Filling up the DagBag from /home/airflow/.local/lib/python3.12/site-packages/airflow/example_dags/tutorial_dag.py
[2025-04-28T02:13:05.176+0000] {processor.py:840} INFO - DAG(s) 'tutorial_dag' retrieved from /home/airflow/.local/lib/python3.12/site-packages/airflow/example_dags/tutorial_dag.py
[2025-04-28T02:13:05.184+0000] {logging_mixin.py:188} INFO - [2025-04-28T02:13:05.184+0000] {dag.py:3096} INFO - Sync 1 DAGs
[2025-04-28T02:13:05.189+0000] {logging_mixin.py:188} INFO - [2025-04-28T02:13:05.189+0000] {dag.py:3954} INFO - Setting next_dagrun for tutorial_dag to None, run_after=None
[2025-04-28T02:13:05.199+0000] {processor.py:183} INFO - Processing /home/airflow/.local/lib/python3.12/site-packages/airflow/example_dags/tutorial_dag.py took 0.030 seconds
[2025-04-28T02:13:35.672+0000] {processor.py:161} INFO - Started process (PID=367) to work on /home/airflow/.local/lib/python3.12/site-packages/airflow/example_dags/tutorial_dag.py
[2025-04-28T02:13:35.673+0000] {processor.py:830} INFO - Processing file /home/airflow/.local/lib/python3.12/site-packages/airflow/example_dags/tutorial_dag.py for tasks to queue
[2025-04-28T02:13:35.674+0000] {logging_mixin.py:188} INFO - [2025-04-28T02:13:35.674+0000] {dagbag.py:540} INFO - Filling up the DagBag from /home/airflow/.local/lib/python3.12/site-packages/airflow/example_dags/tutorial_dag.py
[2025-04-28T02:13:35.677+0000] {processor.py:840} INFO - DAG(s) 'tutorial_dag' retrieved from /home/airflow/.local/lib/python3.12/site-packages/airflow/example_dags/tutorial_dag.py
[2025-04-28T02:13:35.688+0000] {logging_mixin.py:188} INFO - [2025-04-28T02:13:35.688+0000] {dag.py:3096} INFO - Sync 1 DAGs
[2025-04-28T02:13:35.692+0000] {logging_mixin.py:188} INFO - [2025-04-28T02:13:35.692+0000] {dag.py:3954} INFO - Setting next_dagrun for tutorial_dag to None, run_after=None
[2025-04-28T02:13:35.699+0000] {processor.py:183} INFO - Processing /home/airflow/.local/lib/python3.12/site-packages/airflow/example_dags/tutorial_dag.py took 0.029 seconds
[2025-04-28T02:14:06.186+0000] {processor.py:161} INFO - Started process (PID=425) to work on /home/airflow/.local/lib/python3.12/site-packages/airflow/example_dags/tutorial_dag.py
[2025-04-28T02:14:06.187+0000] {processor.py:830} INFO - Processing file /home/airflow/.local/lib/python3.12/site-packages/airflow/example_dags/tutorial_dag.py for tasks to queue
[2025-04-28T02:14:06.189+0000] {logging_mixin.py:188} INFO - [2025-04-28T02:14:06.188+0000] {dagbag.py:540} INFO - Filling up the DagBag from /home/airflow/.local/lib/python3.12/site-packages/airflow/example_dags/tutorial_dag.py
[2025-04-28T02:14:06.192+0000] {processor.py:840} INFO - DAG(s) 'tutorial_dag' retrieved from /home/airflow/.local/lib/python3.12/site-packages/airflow/example_dags/tutorial_dag.py
[2025-04-28T02:14:06.199+0000] {logging_mixin.py:188} INFO - [2025-04-28T02:14:06.199+0000] {dag.py:3096} INFO - Sync 1 DAGs
[2025-04-28T02:14:06.204+0000] {logging_mixin.py:188} INFO - [2025-04-28T02:14:06.204+0000] {dag.py:3954} INFO - Setting next_dagrun for tutorial_dag to None, run_after=None
[2025-04-28T02:14:06.213+0000] {processor.py:183} INFO - Processing /home/airflow/.local/lib/python3.12/site-packages/airflow/example_dags/tutorial_dag.py took 0.030 seconds
[2025-04-28T02:14:36.663+0000] {processor.py:161} INFO - Started process (PID=483) to work on /home/airflow/.local/lib/python3.12/site-packages/airflow/example_dags/tutorial_dag.py
[2025-04-28T02:14:36.663+0000] {processor.py:830} INFO - Processing file /home/airflow/.local/lib/python3.12/site-packages/airflow/example_dags/tutorial_dag.py for tasks to queue
[2025-04-28T02:14:36.664+0000] {logging_mixin.py:188} INFO - [2025-04-28T02:14:36.664+0000] {dagbag.py:540} INFO - Filling up the DagBag from /home/airflow/.local/lib/python3.12/site-packages/airflow/example_dags/tutorial_dag.py
[2025-04-28T02:14:36.666+0000] {processor.py:840} INFO - DAG(s) 'tutorial_dag' retrieved from /home/airflow/.local/lib/python3.12/site-packages/airflow/example_dags/tutorial_dag.py
[2025-04-28T02:14:36.672+0000] {logging_mixin.py:188} INFO - [2025-04-28T02:14:36.672+0000] {dag.py:3096} INFO - Sync 1 DAGs
[2025-04-28T02:14:36.678+0000] {logging_mixin.py:188} INFO - [2025-04-28T02:14:36.678+0000] {dag.py:3954} INFO - Setting next_dagrun for tutorial_dag to None, run_after=None
[2025-04-28T02:14:36.687+0000] {processor.py:183} INFO - Processing /home/airflow/.local/lib/python3.12/site-packages/airflow/example_dags/tutorial_dag.py took 0.027 seconds
[2025-04-28T02:15:08.557+0000] {processor.py:161} INFO - Started process (PID=541) to work on /home/airflow/.local/lib/python3.12/site-packages/airflow/example_dags/tutorial_dag.py
[2025-04-28T02:15:08.560+0000] {processor.py:830} INFO - Processing file /home/airflow/.local/lib/python3.12/site-packages/airflow/example_dags/tutorial_dag.py for tasks to queue
[2025-04-28T02:15:08.564+0000] {logging_mixin.py:188} INFO - [2025-04-28T02:15:08.564+0000] {dagbag.py:540} INFO - Filling up the DagBag from /home/airflow/.local/lib/python3.12/site-packages/airflow/example_dags/tutorial_dag.py
[2025-04-28T02:15:08.567+0000] {processor.py:840} INFO - DAG(s) 'tutorial_dag' retrieved from /home/airflow/.local/lib/python3.12/site-packages/airflow/example_dags/tutorial_dag.py
[2025-04-28T02:15:08.686+0000] {logging_mixin.py:188} INFO - [2025-04-28T02:15:08.686+0000] {dag.py:3096} INFO - Sync 1 DAGs
[2025-04-28T02:15:08.690+0000] {logging_mixin.py:188} INFO - [2025-04-28T02:15:08.690+0000] {dag.py:3954} INFO - Setting next_dagrun for tutorial_dag to None, run_after=None
[2025-04-28T02:15:08.697+0000] {processor.py:183} INFO - Processing /home/airflow/.local/lib/python3.12/site-packages/airflow/example_dags/tutorial_dag.py took 0.144 seconds
[2025-04-28T02:15:39.407+0000] {processor.py:161} INFO - Started process (PID=599) to work on /home/airflow/.local/lib/python3.12/site-packages/airflow/example_dags/tutorial_dag.py
[2025-04-28T02:15:39.408+0000] {processor.py:830} INFO - Processing file /home/airflow/.local/lib/python3.12/site-packages/airflow/example_dags/tutorial_dag.py for tasks to queue
[2025-04-28T02:15:39.408+0000] {logging_mixin.py:188} INFO - [2025-04-28T02:15:39.408+0000] {dagbag.py:540} INFO - Filling up the DagBag from /home/airflow/.local/lib/python3.12/site-packages/airflow/example_dags/tutorial_dag.py
[2025-04-28T02:15:39.411+0000] {processor.py:840} INFO - DAG(s) 'tutorial_dag' retrieved from /home/airflow/.local/lib/python3.12/site-packages/airflow/example_dags/tutorial_dag.py
[2025-04-28T02:15:39.419+0000] {logging_mixin.py:188} INFO - [2025-04-28T02:15:39.418+0000] {dag.py:3096} INFO - Sync 1 DAGs
[2025-04-28T02:15:39.423+0000] {logging_mixin.py:188} INFO - [2025-04-28T02:15:39.423+0000] {dag.py:3954} INFO - Setting next_dagrun for tutorial_dag to None, run_after=None
[2025-04-28T02:15:39.433+0000] {processor.py:183} INFO - Processing /home/airflow/.local/lib/python3.12/site-packages/airflow/example_dags/tutorial_dag.py took 0.028 seconds
[2025-04-28T02:16:09.968+0000] {processor.py:161} INFO - Started process (PID=657) to work on /home/airflow/.local/lib/python3.12/site-packages/airflow/example_dags/tutorial_dag.py
[2025-04-28T02:16:09.969+0000] {processor.py:830} INFO - Processing file /home/airflow/.local/lib/python3.12/site-packages/airflow/example_dags/tutorial_dag.py for tasks to queue
[2025-04-28T02:16:09.970+0000] {logging_mixin.py:188} INFO - [2025-04-28T02:16:09.970+0000] {dagbag.py:540} INFO - Filling up the DagBag from /home/airflow/.local/lib/python3.12/site-packages/airflow/example_dags/tutorial_dag.py
[2025-04-28T02:16:09.973+0000] {processor.py:840} INFO - DAG(s) 'tutorial_dag' retrieved from /home/airflow/.local/lib/python3.12/site-packages/airflow/example_dags/tutorial_dag.py
[2025-04-28T02:16:09.984+0000] {logging_mixin.py:188} INFO - [2025-04-28T02:16:09.984+0000] {dag.py:3096} INFO - Sync 1 DAGs
[2025-04-28T02:16:09.991+0000] {logging_mixin.py:188} INFO - [2025-04-28T02:16:09.991+0000] {dag.py:3954} INFO - Setting next_dagrun for tutorial_dag to None, run_after=None
[2025-04-28T02:16:10.001+0000] {processor.py:183} INFO - Processing /home/airflow/.local/lib/python3.12/site-packages/airflow/example_dags/tutorial_dag.py took 0.037 seconds
[2025-04-28T02:16:40.740+0000] {processor.py:161} INFO - Started process (PID=716) to work on /home/airflow/.local/lib/python3.12/site-packages/airflow/example_dags/tutorial_dag.py
[2025-04-28T02:16:40.741+0000] {processor.py:830} INFO - Processing file /home/airflow/.local/lib/python3.12/site-packages/airflow/example_dags/tutorial_dag.py for tasks to queue
[2025-04-28T02:16:40.741+0000] {logging_mixin.py:188} INFO - [2025-04-28T02:16:40.741+0000] {dagbag.py:540} INFO - Filling up the DagBag from /home/airflow/.local/lib/python3.12/site-packages/airflow/example_dags/tutorial_dag.py
[2025-04-28T02:16:40.744+0000] {processor.py:840} INFO - DAG(s) 'tutorial_dag' retrieved from /home/airflow/.local/lib/python3.12/site-packages/airflow/example_dags/tutorial_dag.py
[2025-04-28T02:16:40.753+0000] {logging_mixin.py:188} INFO - [2025-04-28T02:16:40.753+0000] {dag.py:3096} INFO - Sync 1 DAGs
[2025-04-28T02:16:40.758+0000] {logging_mixin.py:188} INFO - [2025-04-28T02:16:40.758+0000] {dag.py:3954} INFO - Setting next_dagrun for tutorial_dag to None, run_after=None
[2025-04-28T02:16:40.768+0000] {processor.py:183} INFO - Processing /home/airflow/.local/lib/python3.12/site-packages/airflow/example_dags/tutorial_dag.py took 0.030 seconds
