[2025-04-28T02:11:02.823+0000] {processor.py:161} INFO - Started process (PID=72) to work on /home/airflow/.local/lib/python3.12/site-packages/airflow/example_dags/tutorial.py
[2025-04-28T02:11:02.823+0000] {processor.py:830} INFO - Processing file /home/airflow/.local/lib/python3.12/site-packages/airflow/example_dags/tutorial.py for tasks to queue
[2025-04-28T02:11:02.824+0000] {logging_mixin.py:188} INFO - [2025-04-28T02:11:02.824+0000] {dagbag.py:540} INFO - Filling up the DagBag from /home/airflow/.local/lib/python3.12/site-packages/airflow/example_dags/tutorial.py
[2025-04-28T02:11:02.829+0000] {processor.py:840} INFO - DAG(s) 'tutorial' retrieved from /home/airflow/.local/lib/python3.12/site-packages/airflow/example_dags/tutorial.py
[2025-04-28T02:11:02.836+0000] {logging_mixin.py:188} INFO - [2025-04-28T02:11:02.836+0000] {dag.py:3096} INFO - Sync 1 DAGs
[2025-04-28T02:11:02.846+0000] {logging_mixin.py:188} INFO - [2025-04-28T02:11:02.846+0000] {dag.py:3954} INFO - Setting next_dagrun for tutorial to 2025-04-27 00:00:00+00:00, run_after=2025-04-28 00:00:00+00:00
[2025-04-28T02:11:02.853+0000] {processor.py:183} INFO - Processing /home/airflow/.local/lib/python3.12/site-packages/airflow/example_dags/tutorial.py took 0.034 seconds
[2025-04-28T02:11:33.401+0000] {processor.py:161} INFO - Started process (PID=130) to work on /home/airflow/.local/lib/python3.12/site-packages/airflow/example_dags/tutorial.py
[2025-04-28T02:11:33.401+0000] {processor.py:830} INFO - Processing file /home/airflow/.local/lib/python3.12/site-packages/airflow/example_dags/tutorial.py for tasks to queue
[2025-04-28T02:11:33.402+0000] {logging_mixin.py:188} INFO - [2025-04-28T02:11:33.402+0000] {dagbag.py:540} INFO - Filling up the DagBag from /home/airflow/.local/lib/python3.12/site-packages/airflow/example_dags/tutorial.py
[2025-04-28T02:11:33.404+0000] {processor.py:840} INFO - DAG(s) 'tutorial' retrieved from /home/airflow/.local/lib/python3.12/site-packages/airflow/example_dags/tutorial.py
[2025-04-28T02:11:33.439+0000] {logging_mixin.py:188} INFO - [2025-04-28T02:11:33.439+0000] {dag.py:3096} INFO - Sync 1 DAGs
[2025-04-28T02:11:33.449+0000] {logging_mixin.py:188} INFO - [2025-04-28T02:11:33.448+0000] {dag.py:3954} INFO - Setting next_dagrun for tutorial to 2025-04-27 00:00:00+00:00, run_after=2025-04-28 00:00:00+00:00
[2025-04-28T02:11:33.456+0000] {processor.py:183} INFO - Processing /home/airflow/.local/lib/python3.12/site-packages/airflow/example_dags/tutorial.py took 0.057 seconds
[2025-04-28T02:12:04.175+0000] {processor.py:161} INFO - Started process (PID=188) to work on /home/airflow/.local/lib/python3.12/site-packages/airflow/example_dags/tutorial.py
[2025-04-28T02:12:04.175+0000] {processor.py:830} INFO - Processing file /home/airflow/.local/lib/python3.12/site-packages/airflow/example_dags/tutorial.py for tasks to queue
[2025-04-28T02:12:04.176+0000] {logging_mixin.py:188} INFO - [2025-04-28T02:12:04.176+0000] {dagbag.py:540} INFO - Filling up the DagBag from /home/airflow/.local/lib/python3.12/site-packages/airflow/example_dags/tutorial.py
[2025-04-28T02:12:04.178+0000] {processor.py:840} INFO - DAG(s) 'tutorial' retrieved from /home/airflow/.local/lib/python3.12/site-packages/airflow/example_dags/tutorial.py
[2025-04-28T02:12:04.185+0000] {logging_mixin.py:188} INFO - [2025-04-28T02:12:04.185+0000] {dag.py:3096} INFO - Sync 1 DAGs
[2025-04-28T02:12:04.192+0000] {logging_mixin.py:188} INFO - [2025-04-28T02:12:04.192+0000] {dag.py:3954} INFO - Setting next_dagrun for tutorial to 2025-04-27 00:00:00+00:00, run_after=2025-04-28 00:00:00+00:00
[2025-04-28T02:12:04.198+0000] {processor.py:183} INFO - Processing /home/airflow/.local/lib/python3.12/site-packages/airflow/example_dags/tutorial.py took 0.025 seconds
[2025-04-28T02:12:34.703+0000] {processor.py:161} INFO - Started process (PID=252) to work on /home/airflow/.local/lib/python3.12/site-packages/airflow/example_dags/tutorial.py
[2025-04-28T02:12:34.703+0000] {processor.py:830} INFO - Processing file /home/airflow/.local/lib/python3.12/site-packages/airflow/example_dags/tutorial.py for tasks to queue
[2025-04-28T02:12:34.704+0000] {logging_mixin.py:188} INFO - [2025-04-28T02:12:34.704+0000] {dagbag.py:540} INFO - Filling up the DagBag from /home/airflow/.local/lib/python3.12/site-packages/airflow/example_dags/tutorial.py
[2025-04-28T02:12:34.706+0000] {processor.py:840} INFO - DAG(s) 'tutorial' retrieved from /home/airflow/.local/lib/python3.12/site-packages/airflow/example_dags/tutorial.py
[2025-04-28T02:12:34.715+0000] {logging_mixin.py:188} INFO - [2025-04-28T02:12:34.715+0000] {dag.py:3096} INFO - Sync 1 DAGs
[2025-04-28T02:12:34.724+0000] {logging_mixin.py:188} INFO - [2025-04-28T02:12:34.724+0000] {dag.py:3954} INFO - Setting next_dagrun for tutorial to 2025-04-27 00:00:00+00:00, run_after=2025-04-28 00:00:00+00:00
[2025-04-28T02:12:34.731+0000] {processor.py:183} INFO - Processing /home/airflow/.local/lib/python3.12/site-packages/airflow/example_dags/tutorial.py took 0.031 seconds
[2025-04-28T02:13:05.207+0000] {processor.py:161} INFO - Started process (PID=310) to work on /home/airflow/.local/lib/python3.12/site-packages/airflow/example_dags/tutorial.py
[2025-04-28T02:13:05.207+0000] {processor.py:830} INFO - Processing file /home/airflow/.local/lib/python3.12/site-packages/airflow/example_dags/tutorial.py for tasks to queue
[2025-04-28T02:13:05.208+0000] {logging_mixin.py:188} INFO - [2025-04-28T02:13:05.208+0000] {dagbag.py:540} INFO - Filling up the DagBag from /home/airflow/.local/lib/python3.12/site-packages/airflow/example_dags/tutorial.py
[2025-04-28T02:13:05.210+0000] {processor.py:840} INFO - DAG(s) 'tutorial' retrieved from /home/airflow/.local/lib/python3.12/site-packages/airflow/example_dags/tutorial.py
[2025-04-28T02:13:05.217+0000] {logging_mixin.py:188} INFO - [2025-04-28T02:13:05.217+0000] {dag.py:3096} INFO - Sync 1 DAGs
[2025-04-28T02:13:05.224+0000] {logging_mixin.py:188} INFO - [2025-04-28T02:13:05.224+0000] {dag.py:3954} INFO - Setting next_dagrun for tutorial to 2025-04-27 00:00:00+00:00, run_after=2025-04-28 00:00:00+00:00
[2025-04-28T02:13:05.230+0000] {processor.py:183} INFO - Processing /home/airflow/.local/lib/python3.12/site-packages/airflow/example_dags/tutorial.py took 0.025 seconds
[2025-04-28T02:13:35.697+0000] {processor.py:161} INFO - Started process (PID=368) to work on /home/airflow/.local/lib/python3.12/site-packages/airflow/example_dags/tutorial.py
[2025-04-28T02:13:35.697+0000] {processor.py:830} INFO - Processing file /home/airflow/.local/lib/python3.12/site-packages/airflow/example_dags/tutorial.py for tasks to queue
[2025-04-28T02:13:35.698+0000] {logging_mixin.py:188} INFO - [2025-04-28T02:13:35.698+0000] {dagbag.py:540} INFO - Filling up the DagBag from /home/airflow/.local/lib/python3.12/site-packages/airflow/example_dags/tutorial.py
[2025-04-28T02:13:35.700+0000] {processor.py:840} INFO - DAG(s) 'tutorial' retrieved from /home/airflow/.local/lib/python3.12/site-packages/airflow/example_dags/tutorial.py
[2025-04-28T02:13:35.709+0000] {logging_mixin.py:188} INFO - [2025-04-28T02:13:35.709+0000] {dag.py:3096} INFO - Sync 1 DAGs
[2025-04-28T02:13:35.718+0000] {logging_mixin.py:188} INFO - [2025-04-28T02:13:35.718+0000] {dag.py:3954} INFO - Setting next_dagrun for tutorial to 2025-04-27 00:00:00+00:00, run_after=2025-04-28 00:00:00+00:00
[2025-04-28T02:13:35.729+0000] {processor.py:183} INFO - Processing /home/airflow/.local/lib/python3.12/site-packages/airflow/example_dags/tutorial.py took 0.034 seconds
[2025-04-28T02:14:06.208+0000] {processor.py:161} INFO - Started process (PID=426) to work on /home/airflow/.local/lib/python3.12/site-packages/airflow/example_dags/tutorial.py
[2025-04-28T02:14:06.208+0000] {processor.py:830} INFO - Processing file /home/airflow/.local/lib/python3.12/site-packages/airflow/example_dags/tutorial.py for tasks to queue
[2025-04-28T02:14:06.209+0000] {logging_mixin.py:188} INFO - [2025-04-28T02:14:06.209+0000] {dagbag.py:540} INFO - Filling up the DagBag from /home/airflow/.local/lib/python3.12/site-packages/airflow/example_dags/tutorial.py
[2025-04-28T02:14:06.212+0000] {processor.py:840} INFO - DAG(s) 'tutorial' retrieved from /home/airflow/.local/lib/python3.12/site-packages/airflow/example_dags/tutorial.py
[2025-04-28T02:14:06.218+0000] {logging_mixin.py:188} INFO - [2025-04-28T02:14:06.218+0000] {dag.py:3096} INFO - Sync 1 DAGs
[2025-04-28T02:14:06.227+0000] {logging_mixin.py:188} INFO - [2025-04-28T02:14:06.227+0000] {dag.py:3954} INFO - Setting next_dagrun for tutorial to 2025-04-27 00:00:00+00:00, run_after=2025-04-28 00:00:00+00:00
[2025-04-28T02:14:06.235+0000] {processor.py:183} INFO - Processing /home/airflow/.local/lib/python3.12/site-packages/airflow/example_dags/tutorial.py took 0.030 seconds
[2025-04-28T02:14:36.692+0000] {processor.py:161} INFO - Started process (PID=484) to work on /home/airflow/.local/lib/python3.12/site-packages/airflow/example_dags/tutorial.py
[2025-04-28T02:14:36.692+0000] {processor.py:830} INFO - Processing file /home/airflow/.local/lib/python3.12/site-packages/airflow/example_dags/tutorial.py for tasks to queue
[2025-04-28T02:14:36.693+0000] {logging_mixin.py:188} INFO - [2025-04-28T02:14:36.693+0000] {dagbag.py:540} INFO - Filling up the DagBag from /home/airflow/.local/lib/python3.12/site-packages/airflow/example_dags/tutorial.py
[2025-04-28T02:14:36.695+0000] {processor.py:840} INFO - DAG(s) 'tutorial' retrieved from /home/airflow/.local/lib/python3.12/site-packages/airflow/example_dags/tutorial.py
[2025-04-28T02:14:36.700+0000] {logging_mixin.py:188} INFO - [2025-04-28T02:14:36.700+0000] {dag.py:3096} INFO - Sync 1 DAGs
[2025-04-28T02:14:36.711+0000] {logging_mixin.py:188} INFO - [2025-04-28T02:14:36.711+0000] {dag.py:3954} INFO - Setting next_dagrun for tutorial to 2025-04-27 00:00:00+00:00, run_after=2025-04-28 00:00:00+00:00
[2025-04-28T02:14:36.721+0000] {processor.py:183} INFO - Processing /home/airflow/.local/lib/python3.12/site-packages/airflow/example_dags/tutorial.py took 0.031 seconds
[2025-04-28T02:15:08.698+0000] {processor.py:161} INFO - Started process (PID=542) to work on /home/airflow/.local/lib/python3.12/site-packages/airflow/example_dags/tutorial.py
[2025-04-28T02:15:08.701+0000] {processor.py:830} INFO - Processing file /home/airflow/.local/lib/python3.12/site-packages/airflow/example_dags/tutorial.py for tasks to queue
[2025-04-28T02:15:08.702+0000] {logging_mixin.py:188} INFO - [2025-04-28T02:15:08.702+0000] {dagbag.py:540} INFO - Filling up the DagBag from /home/airflow/.local/lib/python3.12/site-packages/airflow/example_dags/tutorial.py
[2025-04-28T02:15:08.705+0000] {processor.py:840} INFO - DAG(s) 'tutorial' retrieved from /home/airflow/.local/lib/python3.12/site-packages/airflow/example_dags/tutorial.py
[2025-04-28T02:15:08.834+0000] {logging_mixin.py:188} INFO - [2025-04-28T02:15:08.833+0000] {dag.py:3096} INFO - Sync 1 DAGs
[2025-04-28T02:15:08.841+0000] {logging_mixin.py:188} INFO - [2025-04-28T02:15:08.841+0000] {dag.py:3954} INFO - Setting next_dagrun for tutorial to 2025-04-27 00:00:00+00:00, run_after=2025-04-28 00:00:00+00:00
[2025-04-28T02:15:08.850+0000] {processor.py:183} INFO - Processing /home/airflow/.local/lib/python3.12/site-packages/airflow/example_dags/tutorial.py took 0.155 seconds
[2025-04-28T02:15:39.421+0000] {processor.py:161} INFO - Started process (PID=600) to work on /home/airflow/.local/lib/python3.12/site-packages/airflow/example_dags/tutorial.py
[2025-04-28T02:15:39.422+0000] {processor.py:830} INFO - Processing file /home/airflow/.local/lib/python3.12/site-packages/airflow/example_dags/tutorial.py for tasks to queue
[2025-04-28T02:15:39.423+0000] {logging_mixin.py:188} INFO - [2025-04-28T02:15:39.422+0000] {dagbag.py:540} INFO - Filling up the DagBag from /home/airflow/.local/lib/python3.12/site-packages/airflow/example_dags/tutorial.py
[2025-04-28T02:15:39.426+0000] {processor.py:840} INFO - DAG(s) 'tutorial' retrieved from /home/airflow/.local/lib/python3.12/site-packages/airflow/example_dags/tutorial.py
[2025-04-28T02:15:39.435+0000] {logging_mixin.py:188} INFO - [2025-04-28T02:15:39.435+0000] {dag.py:3096} INFO - Sync 1 DAGs
[2025-04-28T02:15:39.443+0000] {logging_mixin.py:188} INFO - [2025-04-28T02:15:39.443+0000] {dag.py:3954} INFO - Setting next_dagrun for tutorial to 2025-04-27 00:00:00+00:00, run_after=2025-04-28 00:00:00+00:00
[2025-04-28T02:15:39.449+0000] {processor.py:183} INFO - Processing /home/airflow/.local/lib/python3.12/site-packages/airflow/example_dags/tutorial.py took 0.030 seconds
[2025-04-28T02:16:09.987+0000] {processor.py:161} INFO - Started process (PID=658) to work on /home/airflow/.local/lib/python3.12/site-packages/airflow/example_dags/tutorial.py
[2025-04-28T02:16:09.988+0000] {processor.py:830} INFO - Processing file /home/airflow/.local/lib/python3.12/site-packages/airflow/example_dags/tutorial.py for tasks to queue
[2025-04-28T02:16:09.990+0000] {logging_mixin.py:188} INFO - [2025-04-28T02:16:09.989+0000] {dagbag.py:540} INFO - Filling up the DagBag from /home/airflow/.local/lib/python3.12/site-packages/airflow/example_dags/tutorial.py
[2025-04-28T02:16:09.993+0000] {processor.py:840} INFO - DAG(s) 'tutorial' retrieved from /home/airflow/.local/lib/python3.12/site-packages/airflow/example_dags/tutorial.py
[2025-04-28T02:16:10.005+0000] {logging_mixin.py:188} INFO - [2025-04-28T02:16:10.005+0000] {dag.py:3096} INFO - Sync 1 DAGs
[2025-04-28T02:16:10.015+0000] {logging_mixin.py:188} INFO - [2025-04-28T02:16:10.014+0000] {dag.py:3954} INFO - Setting next_dagrun for tutorial to 2025-04-27 00:00:00+00:00, run_after=2025-04-28 00:00:00+00:00
[2025-04-28T02:16:10.025+0000] {processor.py:183} INFO - Processing /home/airflow/.local/lib/python3.12/site-packages/airflow/example_dags/tutorial.py took 0.041 seconds
[2025-04-28T02:16:40.756+0000] {processor.py:161} INFO - Started process (PID=717) to work on /home/airflow/.local/lib/python3.12/site-packages/airflow/example_dags/tutorial.py
[2025-04-28T02:16:40.756+0000] {processor.py:830} INFO - Processing file /home/airflow/.local/lib/python3.12/site-packages/airflow/example_dags/tutorial.py for tasks to queue
[2025-04-28T02:16:40.757+0000] {logging_mixin.py:188} INFO - [2025-04-28T02:16:40.757+0000] {dagbag.py:540} INFO - Filling up the DagBag from /home/airflow/.local/lib/python3.12/site-packages/airflow/example_dags/tutorial.py
[2025-04-28T02:16:40.760+0000] {processor.py:840} INFO - DAG(s) 'tutorial' retrieved from /home/airflow/.local/lib/python3.12/site-packages/airflow/example_dags/tutorial.py
[2025-04-28T02:16:40.769+0000] {logging_mixin.py:188} INFO - [2025-04-28T02:16:40.769+0000] {dag.py:3096} INFO - Sync 1 DAGs
[2025-04-28T02:16:40.777+0000] {logging_mixin.py:188} INFO - [2025-04-28T02:16:40.777+0000] {dag.py:3954} INFO - Setting next_dagrun for tutorial to 2025-04-27 00:00:00+00:00, run_after=2025-04-28 00:00:00+00:00
[2025-04-28T02:16:40.783+0000] {processor.py:183} INFO - Processing /home/airflow/.local/lib/python3.12/site-packages/airflow/example_dags/tutorial.py took 0.029 seconds
[2025-04-28T02:17:11.299+0000] {processor.py:161} INFO - Started process (PID=776) to work on /home/airflow/.local/lib/python3.12/site-packages/airflow/example_dags/tutorial.py
[2025-04-28T02:17:11.301+0000] {processor.py:830} INFO - Processing file /home/airflow/.local/lib/python3.12/site-packages/airflow/example_dags/tutorial.py for tasks to queue
[2025-04-28T02:17:11.302+0000] {logging_mixin.py:188} INFO - [2025-04-28T02:17:11.302+0000] {dagbag.py:540} INFO - Filling up the DagBag from /home/airflow/.local/lib/python3.12/site-packages/airflow/example_dags/tutorial.py
[2025-04-28T02:17:11.304+0000] {processor.py:840} INFO - DAG(s) 'tutorial' retrieved from /home/airflow/.local/lib/python3.12/site-packages/airflow/example_dags/tutorial.py
[2025-04-28T02:17:11.313+0000] {logging_mixin.py:188} INFO - [2025-04-28T02:17:11.312+0000] {dag.py:3096} INFO - Sync 1 DAGs
[2025-04-28T02:17:11.321+0000] {logging_mixin.py:188} INFO - [2025-04-28T02:17:11.321+0000] {dag.py:3954} INFO - Setting next_dagrun for tutorial to 2025-04-27 00:00:00+00:00, run_after=2025-04-28 00:00:00+00:00
[2025-04-28T02:17:11.395+0000] {processor.py:183} INFO - Processing /home/airflow/.local/lib/python3.12/site-packages/airflow/example_dags/tutorial.py took 0.097 seconds
[2025-04-28T02:17:42.049+0000] {processor.py:161} INFO - Started process (PID=835) to work on /home/airflow/.local/lib/python3.12/site-packages/airflow/example_dags/tutorial.py
[2025-04-28T02:17:42.049+0000] {processor.py:830} INFO - Processing file /home/airflow/.local/lib/python3.12/site-packages/airflow/example_dags/tutorial.py for tasks to queue
[2025-04-28T02:17:42.050+0000] {logging_mixin.py:188} INFO - [2025-04-28T02:17:42.050+0000] {dagbag.py:540} INFO - Filling up the DagBag from /home/airflow/.local/lib/python3.12/site-packages/airflow/example_dags/tutorial.py
[2025-04-28T02:17:42.052+0000] {processor.py:840} INFO - DAG(s) 'tutorial' retrieved from /home/airflow/.local/lib/python3.12/site-packages/airflow/example_dags/tutorial.py
[2025-04-28T02:17:42.061+0000] {logging_mixin.py:188} INFO - [2025-04-28T02:17:42.061+0000] {dag.py:3096} INFO - Sync 1 DAGs
[2025-04-28T02:17:42.068+0000] {logging_mixin.py:188} INFO - [2025-04-28T02:17:42.068+0000] {dag.py:3954} INFO - Setting next_dagrun for tutorial to 2025-04-27 00:00:00+00:00, run_after=2025-04-28 00:00:00+00:00
[2025-04-28T02:17:42.078+0000] {processor.py:183} INFO - Processing /home/airflow/.local/lib/python3.12/site-packages/airflow/example_dags/tutorial.py took 0.031 seconds
[2025-04-28T02:18:12.766+0000] {processor.py:161} INFO - Started process (PID=898) to work on /home/airflow/.local/lib/python3.12/site-packages/airflow/example_dags/tutorial.py
[2025-04-28T02:18:12.767+0000] {processor.py:830} INFO - Processing file /home/airflow/.local/lib/python3.12/site-packages/airflow/example_dags/tutorial.py for tasks to queue
[2025-04-28T02:18:12.769+0000] {logging_mixin.py:188} INFO - [2025-04-28T02:18:12.769+0000] {dagbag.py:540} INFO - Filling up the DagBag from /home/airflow/.local/lib/python3.12/site-packages/airflow/example_dags/tutorial.py
[2025-04-28T02:18:12.772+0000] {processor.py:840} INFO - DAG(s) 'tutorial' retrieved from /home/airflow/.local/lib/python3.12/site-packages/airflow/example_dags/tutorial.py
[2025-04-28T02:18:12.781+0000] {logging_mixin.py:188} INFO - [2025-04-28T02:18:12.781+0000] {dag.py:3096} INFO - Sync 1 DAGs
[2025-04-28T02:18:12.791+0000] {logging_mixin.py:188} INFO - [2025-04-28T02:18:12.791+0000] {dag.py:3954} INFO - Setting next_dagrun for tutorial to 2025-04-27 00:00:00+00:00, run_after=2025-04-28 00:00:00+00:00
[2025-04-28T02:18:12.798+0000] {processor.py:183} INFO - Processing /home/airflow/.local/lib/python3.12/site-packages/airflow/example_dags/tutorial.py took 0.034 seconds
[2025-04-28T02:18:43.535+0000] {processor.py:161} INFO - Started process (PID=957) to work on /home/airflow/.local/lib/python3.12/site-packages/airflow/example_dags/tutorial.py
[2025-04-28T02:18:43.536+0000] {processor.py:830} INFO - Processing file /home/airflow/.local/lib/python3.12/site-packages/airflow/example_dags/tutorial.py for tasks to queue
[2025-04-28T02:18:43.537+0000] {logging_mixin.py:188} INFO - [2025-04-28T02:18:43.536+0000] {dagbag.py:540} INFO - Filling up the DagBag from /home/airflow/.local/lib/python3.12/site-packages/airflow/example_dags/tutorial.py
[2025-04-28T02:18:43.539+0000] {processor.py:840} INFO - DAG(s) 'tutorial' retrieved from /home/airflow/.local/lib/python3.12/site-packages/airflow/example_dags/tutorial.py
[2025-04-28T02:18:43.547+0000] {logging_mixin.py:188} INFO - [2025-04-28T02:18:43.547+0000] {dag.py:3096} INFO - Sync 1 DAGs
[2025-04-28T02:18:43.558+0000] {logging_mixin.py:188} INFO - [2025-04-28T02:18:43.558+0000] {dag.py:3954} INFO - Setting next_dagrun for tutorial to 2025-04-27 00:00:00+00:00, run_after=2025-04-28 00:00:00+00:00
[2025-04-28T02:18:43.568+0000] {processor.py:183} INFO - Processing /home/airflow/.local/lib/python3.12/site-packages/airflow/example_dags/tutorial.py took 0.035 seconds
[2025-04-28T02:19:13.875+0000] {processor.py:161} INFO - Started process (PID=1016) to work on /home/airflow/.local/lib/python3.12/site-packages/airflow/example_dags/tutorial.py
[2025-04-28T02:19:13.875+0000] {processor.py:830} INFO - Processing file /home/airflow/.local/lib/python3.12/site-packages/airflow/example_dags/tutorial.py for tasks to queue
[2025-04-28T02:19:13.876+0000] {logging_mixin.py:188} INFO - [2025-04-28T02:19:13.876+0000] {dagbag.py:540} INFO - Filling up the DagBag from /home/airflow/.local/lib/python3.12/site-packages/airflow/example_dags/tutorial.py
[2025-04-28T02:19:13.878+0000] {processor.py:840} INFO - DAG(s) 'tutorial' retrieved from /home/airflow/.local/lib/python3.12/site-packages/airflow/example_dags/tutorial.py
[2025-04-28T02:19:13.886+0000] {logging_mixin.py:188} INFO - [2025-04-28T02:19:13.886+0000] {dag.py:3096} INFO - Sync 1 DAGs
[2025-04-28T02:19:13.894+0000] {logging_mixin.py:188} INFO - [2025-04-28T02:19:13.894+0000] {dag.py:3954} INFO - Setting next_dagrun for tutorial to 2025-04-27 00:00:00+00:00, run_after=2025-04-28 00:00:00+00:00
[2025-04-28T02:19:13.903+0000] {processor.py:183} INFO - Processing /home/airflow/.local/lib/python3.12/site-packages/airflow/example_dags/tutorial.py took 0.030 seconds
[2025-04-28T02:19:44.216+0000] {processor.py:161} INFO - Started process (PID=1075) to work on /home/airflow/.local/lib/python3.12/site-packages/airflow/example_dags/tutorial.py
[2025-04-28T02:19:44.218+0000] {processor.py:830} INFO - Processing file /home/airflow/.local/lib/python3.12/site-packages/airflow/example_dags/tutorial.py for tasks to queue
[2025-04-28T02:19:44.220+0000] {logging_mixin.py:188} INFO - [2025-04-28T02:19:44.220+0000] {dagbag.py:540} INFO - Filling up the DagBag from /home/airflow/.local/lib/python3.12/site-packages/airflow/example_dags/tutorial.py
[2025-04-28T02:19:44.223+0000] {processor.py:840} INFO - DAG(s) 'tutorial' retrieved from /home/airflow/.local/lib/python3.12/site-packages/airflow/example_dags/tutorial.py
[2025-04-28T02:19:44.231+0000] {logging_mixin.py:188} INFO - [2025-04-28T02:19:44.231+0000] {dag.py:3096} INFO - Sync 1 DAGs
[2025-04-28T02:19:44.307+0000] {logging_mixin.py:188} INFO - [2025-04-28T02:19:44.307+0000] {dag.py:3954} INFO - Setting next_dagrun for tutorial to 2025-04-27 00:00:00+00:00, run_after=2025-04-28 00:00:00+00:00
[2025-04-28T02:19:44.317+0000] {processor.py:183} INFO - Processing /home/airflow/.local/lib/python3.12/site-packages/airflow/example_dags/tutorial.py took 0.103 seconds
[2025-04-28T02:20:14.570+0000] {processor.py:161} INFO - Started process (PID=1134) to work on /home/airflow/.local/lib/python3.12/site-packages/airflow/example_dags/tutorial.py
[2025-04-28T02:20:14.571+0000] {processor.py:830} INFO - Processing file /home/airflow/.local/lib/python3.12/site-packages/airflow/example_dags/tutorial.py for tasks to queue
[2025-04-28T02:20:14.572+0000] {logging_mixin.py:188} INFO - [2025-04-28T02:20:14.572+0000] {dagbag.py:540} INFO - Filling up the DagBag from /home/airflow/.local/lib/python3.12/site-packages/airflow/example_dags/tutorial.py
[2025-04-28T02:20:14.575+0000] {processor.py:840} INFO - DAG(s) 'tutorial' retrieved from /home/airflow/.local/lib/python3.12/site-packages/airflow/example_dags/tutorial.py
[2025-04-28T02:20:14.582+0000] {logging_mixin.py:188} INFO - [2025-04-28T02:20:14.582+0000] {dag.py:3096} INFO - Sync 1 DAGs
[2025-04-28T02:20:14.590+0000] {logging_mixin.py:188} INFO - [2025-04-28T02:20:14.590+0000] {dag.py:3954} INFO - Setting next_dagrun for tutorial to 2025-04-27 00:00:00+00:00, run_after=2025-04-28 00:00:00+00:00
[2025-04-28T02:20:14.598+0000] {processor.py:183} INFO - Processing /home/airflow/.local/lib/python3.12/site-packages/airflow/example_dags/tutorial.py took 0.030 seconds
[2025-04-28T02:20:45.171+0000] {processor.py:161} INFO - Started process (PID=1193) to work on /home/airflow/.local/lib/python3.12/site-packages/airflow/example_dags/tutorial.py
[2025-04-28T02:20:45.171+0000] {processor.py:830} INFO - Processing file /home/airflow/.local/lib/python3.12/site-packages/airflow/example_dags/tutorial.py for tasks to queue
[2025-04-28T02:20:45.172+0000] {logging_mixin.py:188} INFO - [2025-04-28T02:20:45.172+0000] {dagbag.py:540} INFO - Filling up the DagBag from /home/airflow/.local/lib/python3.12/site-packages/airflow/example_dags/tutorial.py
[2025-04-28T02:20:45.174+0000] {processor.py:840} INFO - DAG(s) 'tutorial' retrieved from /home/airflow/.local/lib/python3.12/site-packages/airflow/example_dags/tutorial.py
[2025-04-28T02:20:45.182+0000] {logging_mixin.py:188} INFO - [2025-04-28T02:20:45.182+0000] {dag.py:3096} INFO - Sync 1 DAGs
[2025-04-28T02:20:45.189+0000] {logging_mixin.py:188} INFO - [2025-04-28T02:20:45.189+0000] {dag.py:3954} INFO - Setting next_dagrun for tutorial to 2025-04-27 00:00:00+00:00, run_after=2025-04-28 00:00:00+00:00
[2025-04-28T02:20:45.196+0000] {processor.py:183} INFO - Processing /home/airflow/.local/lib/python3.12/site-packages/airflow/example_dags/tutorial.py took 0.027 seconds
[2025-04-28T02:21:15.833+0000] {processor.py:161} INFO - Started process (PID=1252) to work on /home/airflow/.local/lib/python3.12/site-packages/airflow/example_dags/tutorial.py
[2025-04-28T02:21:15.834+0000] {processor.py:830} INFO - Processing file /home/airflow/.local/lib/python3.12/site-packages/airflow/example_dags/tutorial.py for tasks to queue
[2025-04-28T02:21:15.835+0000] {logging_mixin.py:188} INFO - [2025-04-28T02:21:15.835+0000] {dagbag.py:540} INFO - Filling up the DagBag from /home/airflow/.local/lib/python3.12/site-packages/airflow/example_dags/tutorial.py
[2025-04-28T02:21:15.838+0000] {processor.py:840} INFO - DAG(s) 'tutorial' retrieved from /home/airflow/.local/lib/python3.12/site-packages/airflow/example_dags/tutorial.py
[2025-04-28T02:21:15.845+0000] {logging_mixin.py:188} INFO - [2025-04-28T02:21:15.845+0000] {dag.py:3096} INFO - Sync 1 DAGs
[2025-04-28T02:21:15.853+0000] {logging_mixin.py:188} INFO - [2025-04-28T02:21:15.853+0000] {dag.py:3954} INFO - Setting next_dagrun for tutorial to 2025-04-27 00:00:00+00:00, run_after=2025-04-28 00:00:00+00:00
[2025-04-28T02:21:15.861+0000] {processor.py:183} INFO - Processing /home/airflow/.local/lib/python3.12/site-packages/airflow/example_dags/tutorial.py took 0.031 seconds
[2025-04-28T02:21:46.375+0000] {processor.py:161} INFO - Started process (PID=1311) to work on /home/airflow/.local/lib/python3.12/site-packages/airflow/example_dags/tutorial.py
[2025-04-28T02:21:46.375+0000] {processor.py:830} INFO - Processing file /home/airflow/.local/lib/python3.12/site-packages/airflow/example_dags/tutorial.py for tasks to queue
[2025-04-28T02:21:46.376+0000] {logging_mixin.py:188} INFO - [2025-04-28T02:21:46.376+0000] {dagbag.py:540} INFO - Filling up the DagBag from /home/airflow/.local/lib/python3.12/site-packages/airflow/example_dags/tutorial.py
[2025-04-28T02:21:46.378+0000] {processor.py:840} INFO - DAG(s) 'tutorial' retrieved from /home/airflow/.local/lib/python3.12/site-packages/airflow/example_dags/tutorial.py
[2025-04-28T02:21:46.386+0000] {logging_mixin.py:188} INFO - [2025-04-28T02:21:46.386+0000] {dag.py:3096} INFO - Sync 1 DAGs
[2025-04-28T02:21:46.393+0000] {logging_mixin.py:188} INFO - [2025-04-28T02:21:46.393+0000] {dag.py:3954} INFO - Setting next_dagrun for tutorial to 2025-04-27 00:00:00+00:00, run_after=2025-04-28 00:00:00+00:00
[2025-04-28T02:21:46.400+0000] {processor.py:183} INFO - Processing /home/airflow/.local/lib/python3.12/site-packages/airflow/example_dags/tutorial.py took 0.027 seconds
[2025-04-28T02:22:16.961+0000] {processor.py:161} INFO - Started process (PID=1370) to work on /home/airflow/.local/lib/python3.12/site-packages/airflow/example_dags/tutorial.py
[2025-04-28T02:22:16.962+0000] {processor.py:830} INFO - Processing file /home/airflow/.local/lib/python3.12/site-packages/airflow/example_dags/tutorial.py for tasks to queue
[2025-04-28T02:22:16.962+0000] {logging_mixin.py:188} INFO - [2025-04-28T02:22:16.962+0000] {dagbag.py:540} INFO - Filling up the DagBag from /home/airflow/.local/lib/python3.12/site-packages/airflow/example_dags/tutorial.py
[2025-04-28T02:22:16.964+0000] {processor.py:840} INFO - DAG(s) 'tutorial' retrieved from /home/airflow/.local/lib/python3.12/site-packages/airflow/example_dags/tutorial.py
[2025-04-28T02:22:16.971+0000] {logging_mixin.py:188} INFO - [2025-04-28T02:22:16.971+0000] {dag.py:3096} INFO - Sync 1 DAGs
[2025-04-28T02:22:16.978+0000] {logging_mixin.py:188} INFO - [2025-04-28T02:22:16.978+0000] {dag.py:3954} INFO - Setting next_dagrun for tutorial to 2025-04-27 00:00:00+00:00, run_after=2025-04-28 00:00:00+00:00
[2025-04-28T02:22:16.984+0000] {processor.py:183} INFO - Processing /home/airflow/.local/lib/python3.12/site-packages/airflow/example_dags/tutorial.py took 0.025 seconds
[2025-04-28T02:22:47.429+0000] {processor.py:161} INFO - Started process (PID=1429) to work on /home/airflow/.local/lib/python3.12/site-packages/airflow/example_dags/tutorial.py
[2025-04-28T02:22:47.429+0000] {processor.py:830} INFO - Processing file /home/airflow/.local/lib/python3.12/site-packages/airflow/example_dags/tutorial.py for tasks to queue
[2025-04-28T02:22:47.430+0000] {logging_mixin.py:188} INFO - [2025-04-28T02:22:47.430+0000] {dagbag.py:540} INFO - Filling up the DagBag from /home/airflow/.local/lib/python3.12/site-packages/airflow/example_dags/tutorial.py
[2025-04-28T02:22:47.432+0000] {processor.py:840} INFO - DAG(s) 'tutorial' retrieved from /home/airflow/.local/lib/python3.12/site-packages/airflow/example_dags/tutorial.py
[2025-04-28T02:22:47.439+0000] {logging_mixin.py:188} INFO - [2025-04-28T02:22:47.439+0000] {dag.py:3096} INFO - Sync 1 DAGs
[2025-04-28T02:22:47.446+0000] {logging_mixin.py:188} INFO - [2025-04-28T02:22:47.446+0000] {dag.py:3954} INFO - Setting next_dagrun for tutorial to 2025-04-27 00:00:00+00:00, run_after=2025-04-28 00:00:00+00:00
[2025-04-28T02:22:47.452+0000] {processor.py:183} INFO - Processing /home/airflow/.local/lib/python3.12/site-packages/airflow/example_dags/tutorial.py took 0.025 seconds
[2025-04-28T02:23:18.112+0000] {processor.py:161} INFO - Started process (PID=1488) to work on /home/airflow/.local/lib/python3.12/site-packages/airflow/example_dags/tutorial.py
[2025-04-28T02:23:18.112+0000] {processor.py:830} INFO - Processing file /home/airflow/.local/lib/python3.12/site-packages/airflow/example_dags/tutorial.py for tasks to queue
[2025-04-28T02:23:18.113+0000] {logging_mixin.py:188} INFO - [2025-04-28T02:23:18.112+0000] {dagbag.py:540} INFO - Filling up the DagBag from /home/airflow/.local/lib/python3.12/site-packages/airflow/example_dags/tutorial.py
[2025-04-28T02:23:18.115+0000] {processor.py:840} INFO - DAG(s) 'tutorial' retrieved from /home/airflow/.local/lib/python3.12/site-packages/airflow/example_dags/tutorial.py
[2025-04-28T02:23:18.122+0000] {logging_mixin.py:188} INFO - [2025-04-28T02:23:18.122+0000] {dag.py:3096} INFO - Sync 1 DAGs
[2025-04-28T02:23:18.129+0000] {logging_mixin.py:188} INFO - [2025-04-28T02:23:18.129+0000] {dag.py:3954} INFO - Setting next_dagrun for tutorial to 2025-04-27 00:00:00+00:00, run_after=2025-04-28 00:00:00+00:00
[2025-04-28T02:23:18.134+0000] {processor.py:183} INFO - Processing /home/airflow/.local/lib/python3.12/site-packages/airflow/example_dags/tutorial.py took 0.025 seconds
